2024-08-05 21:29:45 - INFO - *******start1***********
2024-08-05 21:29:45 - INFO - start time: 2024-08-05 21:29:45
2024-08-05 21:29:45 - INFO - 文本内容 + 文本处理方式:title_vecs.npy
2024-08-05 21:29:45 - INFO - >>SEED:2024
2024-08-05 21:29:45 - INFO - ===========config================
2024-08-05 21:29:45 - INFO - model:Intent_UniGCNII
2024-08-05 21:29:45 - INFO - if_gcn:True
2024-08-05 21:29:45 - INFO - dataset:acm
2024-08-05 21:29:45 - INFO - gpu:0
2024-08-05 21:29:45 - INFO - Disentangle:True
2024-08-05 21:29:45 - INFO - Intent factors:7
2024-08-05 21:29:45 - INFO - journal vec:True
2024-08-05 21:29:45 - INFO - title vec:True
2024-08-05 21:29:45 - INFO - Test Topks[5, 10, 15, 20]:
2024-08-05 21:29:45 - INFO - hiddenSize:448
2024-08-05 21:29:45 - INFO - n_factor:7
2024-08-05 21:29:45 - INFO - lr:0.005
2024-08-05 21:29:45 - INFO - batch_size:512
2024-08-05 21:29:45 - INFO - lamda_1:0.85
2024-08-05 21:29:45 - INFO - if co_show:False
2024-08-05 21:29:45 - INFO - if citation:True
2024-08-05 21:29:45 - INFO - integrate_model:mean
2024-08-05 21:29:45 - INFO - select relative paper for intent:0.4
2024-08-05 21:29:45 - INFO - Hidden number for GNN:256
2024-08-05 21:29:45 - INFO - aux loss weight:1e-05
2024-08-05 21:29:45 - INFO - ===========end===================
2024-08-05 21:29:50 - INFO - EPOCH:0
2024-08-05 21:29:50 - INFO - Time:2024/08/05 21:29:50
2024-08-05 21:30:42 - INFO - loss: 37503.359375; rec_loss: 37503.359375; intent_loss: 0.0005614411784335971 
2024-08-05 21:30:42 - INFO - Current Result:
2024-08-05 21:30:42 - INFO - \Hit5: 0.9896	MRR5: 0.4569	Recall5: 0.9896	Precision5: 0.1979
2024-08-05 21:30:42 - INFO - Best Result:
2024-08-05 21:30:42 - INFO - 	Hit5: 0.9896	MRR5: 0.4569	Recall5: 0.9896	Precision5: 0.1979	Epoch: 0, 0, 0, 0
2024-08-05 21:30:42 - INFO - Current Result:
2024-08-05 21:30:42 - INFO - \Hit10: 1.4442	MRR10: 0.5173	Recall10: 1.4442	Precision10: 0.1444
2024-08-05 21:30:42 - INFO - Best Result:
2024-08-05 21:30:42 - INFO - 	Hit10: 1.4442	MRR10: 0.5173	Recall10: 1.4442	Precision10: 0.1444	Epoch: 0, 0, 0, 0
2024-08-05 21:30:42 - INFO - Current Result:
2024-08-05 21:30:42 - INFO - \Hit15: 2.0861	MRR15: 0.5684	Recall15: 2.0861	Precision15: 0.1391
2024-08-05 21:30:42 - INFO - Best Result:
2024-08-05 21:30:42 - INFO - 	Hit15: 2.0861	MRR15: 0.5684	Recall15: 2.0861	Precision15: 0.1391	Epoch: 0, 0, 0, 0
2024-08-05 21:30:42 - INFO - Current Result:
2024-08-05 21:30:42 - INFO - \Hit20: 3.1559	MRR20: 0.6273	Recall20: 3.1559	Precision20: 0.1578
2024-08-05 21:30:42 - INFO - Best Result:
2024-08-05 21:30:42 - INFO - 	Hit20: 3.1559	MRR20: 0.6273	Recall20: 3.1559	Precision20: 0.1578	Epoch: 0, 0, 0, 0
2024-08-05 21:30:42 - INFO - EPOCH:1
2024-08-05 21:30:42 - INFO - Time:2024/08/05 21:30:42
2024-08-05 21:31:35 - INFO - loss: 23019.732421875; rec_loss: 23019.732421875; intent_loss: 0.0005148423952050507 
2024-08-05 21:31:35 - INFO - Current Result:
2024-08-05 21:31:35 - INFO - \Hit5: 0.2675	MRR5: 0.1275	Recall5: 0.2675	Precision5: 0.0535
2024-08-05 21:31:35 - INFO - Best Result:
2024-08-05 21:31:35 - INFO - 	Hit5: 0.9896	MRR5: 0.4569	Recall5: 0.9896	Precision5: 0.1979	Epoch: 0, 0, 0, 0
2024-08-05 21:31:35 - INFO - Current Result:
2024-08-05 21:31:35 - INFO - \Hit10: 0.8558	MRR10: 0.2084	Recall10: 0.8558	Precision10: 0.0856
2024-08-05 21:31:35 - INFO - Best Result:
2024-08-05 21:31:35 - INFO - 	Hit10: 1.4442	MRR10: 0.5173	Recall10: 1.4442	Precision10: 0.1444	Epoch: 0, 0, 0, 0
2024-08-05 21:31:35 - INFO - Current Result:
2024-08-05 21:31:35 - INFO - \Hit15: 1.1500	MRR15: 0.2317	Recall15: 1.1500	Precision15: 0.0767
2024-08-05 21:31:35 - INFO - Best Result:
2024-08-05 21:31:35 - INFO - 	Hit15: 2.0861	MRR15: 0.5684	Recall15: 2.0861	Precision15: 0.1391	Epoch: 0, 0, 0, 0
2024-08-05 21:31:35 - INFO - Current Result:
2024-08-05 21:31:35 - INFO - \Hit20: 1.5512	MRR20: 0.2538	Recall20: 1.5512	Precision20: 0.0776
2024-08-05 21:31:35 - INFO - Best Result:
2024-08-05 21:31:35 - INFO - 	Hit20: 3.1559	MRR20: 0.6273	Recall20: 3.1559	Precision20: 0.1578	Epoch: 0, 0, 0, 0
2024-08-05 21:31:35 - INFO - EPOCH:2
2024-08-05 21:31:35 - INFO - Time:2024/08/05 21:31:35
2024-08-05 21:32:22 - INFO - loss: 13034.8779296875; rec_loss: 13034.8779296875; intent_loss: 0.0005395630141720176 
2024-08-05 21:32:22 - INFO - Current Result:
2024-08-05 21:32:22 - INFO - \Hit5: 2.1931	MRR5: 0.9700	Recall5: 2.1931	Precision5: 0.4386
2024-08-05 21:32:22 - INFO - Best Result:
2024-08-05 21:32:22 - INFO - 	Hit5: 2.1931	MRR5: 0.9700	Recall5: 2.1931	Precision5: 0.4386	Epoch: 2, 2, 2, 2
2024-08-05 21:32:22 - INFO - Current Result:
2024-08-05 21:32:22 - INFO - \Hit10: 3.4769	MRR10: 1.1421	Recall10: 3.4769	Precision10: 0.3477
2024-08-05 21:32:22 - INFO - Best Result:
2024-08-05 21:32:22 - INFO - 	Hit10: 3.4769	MRR10: 1.1421	Recall10: 3.4769	Precision10: 0.3477	Epoch: 2, 2, 2, 2
2024-08-05 21:32:22 - INFO - Current Result:
2024-08-05 21:32:22 - INFO - \Hit15: 4.5199	MRR15: 1.2232	Recall15: 4.5199	Precision15: 0.3013
2024-08-05 21:32:22 - INFO - Best Result:
2024-08-05 21:32:22 - INFO - 	Hit15: 4.5199	MRR15: 1.2232	Recall15: 4.5199	Precision15: 0.3013	Epoch: 2, 2, 2, 2
2024-08-05 21:32:22 - INFO - Current Result:
2024-08-05 21:32:22 - INFO - \Hit20: 5.6700	MRR20: 1.2876	Recall20: 5.6700	Precision20: 0.2835
2024-08-05 21:32:22 - INFO - Best Result:
2024-08-05 21:32:22 - INFO - 	Hit20: 5.6700	MRR20: 1.2876	Recall20: 5.6700	Precision20: 0.2835	Epoch: 2, 2, 2, 2
2024-08-05 21:32:22 - INFO - EPOCH:3
2024-08-05 21:32:22 - INFO - Time:2024/08/05 21:32:22
2024-08-05 21:33:13 - INFO - loss: 12739.248046875; rec_loss: 12739.248046875; intent_loss: 0.0005609460058622062 
2024-08-05 21:33:13 - INFO - Current Result:
2024-08-05 21:33:13 - INFO - \Hit5: 3.2362	MRR5: 1.8673	Recall5: 3.2362	Precision5: 0.6472
2024-08-05 21:33:13 - INFO - Best Result:
2024-08-05 21:33:13 - INFO - 	Hit5: 3.2362	MRR5: 1.8673	Recall5: 3.2362	Precision5: 0.6472	Epoch: 3, 3, 3, 3
2024-08-05 21:33:13 - INFO - Current Result:
2024-08-05 21:33:13 - INFO - \Hit10: 4.7071	MRR10: 2.0575	Recall10: 4.7071	Precision10: 0.4707
2024-08-05 21:33:13 - INFO - Best Result:
2024-08-05 21:33:13 - INFO - 	Hit10: 4.7071	MRR10: 2.0575	Recall10: 4.7071	Precision10: 0.4707	Epoch: 3, 3, 3, 3
2024-08-05 21:33:13 - INFO - Current Result:
2024-08-05 21:33:13 - INFO - \Hit15: 6.3118	MRR15: 2.1811	Recall15: 6.3118	Precision15: 0.4208
2024-08-05 21:33:13 - INFO - Best Result:
2024-08-05 21:33:13 - INFO - 	Hit15: 6.3118	MRR15: 2.1811	Recall15: 6.3118	Precision15: 0.4208	Epoch: 3, 3, 3, 3
2024-08-05 21:33:13 - INFO - Current Result:
2024-08-05 21:33:13 - INFO - \Hit20: 7.3549	MRR20: 2.2385	Recall20: 7.3549	Precision20: 0.3677
2024-08-05 21:33:13 - INFO - Best Result:
2024-08-05 21:33:13 - INFO - 	Hit20: 7.3549	MRR20: 2.2385	Recall20: 7.3549	Precision20: 0.3677	Epoch: 3, 3, 3, 3
2024-08-05 21:33:13 - INFO - EPOCH:4
2024-08-05 21:33:13 - INFO - Time:2024/08/05 21:33:13
2024-08-05 21:34:01 - INFO - loss: 10652.1826171875; rec_loss: 10652.1826171875; intent_loss: 0.000569896015804261 
2024-08-05 21:34:01 - INFO - Current Result:
2024-08-05 21:34:01 - INFO - \Hit5: 3.6908	MRR5: 2.1989	Recall5: 3.6908	Precision5: 0.7382
2024-08-05 21:34:01 - INFO - Best Result:
2024-08-05 21:34:01 - INFO - 	Hit5: 3.6908	MRR5: 2.1989	Recall5: 3.6908	Precision5: 0.7382	Epoch: 4, 4, 4, 4
2024-08-05 21:34:01 - INFO - Current Result:
2024-08-05 21:34:01 - INFO - \Hit10: 5.8572	MRR10: 2.4812	Recall10: 5.8572	Precision10: 0.5857
2024-08-05 21:34:01 - INFO - Best Result:
2024-08-05 21:34:01 - INFO - 	Hit10: 5.8572	MRR10: 2.4812	Recall10: 5.8572	Precision10: 0.5857	Epoch: 4, 4, 4, 4
2024-08-05 21:34:01 - INFO - Current Result:
2024-08-05 21:34:01 - INFO - \Hit15: 7.0875	MRR15: 2.5758	Recall15: 7.0875	Precision15: 0.4725
2024-08-05 21:34:01 - INFO - Best Result:
2024-08-05 21:34:01 - INFO - 	Hit15: 7.0875	MRR15: 2.5758	Recall15: 7.0875	Precision15: 0.4725	Epoch: 4, 4, 4, 4
2024-08-05 21:34:01 - INFO - Current Result:
2024-08-05 21:34:01 - INFO - \Hit20: 8.5049	MRR20: 2.6559	Recall20: 8.5049	Precision20: 0.4252
2024-08-05 21:34:01 - INFO - Best Result:
2024-08-05 21:34:01 - INFO - 	Hit20: 8.5049	MRR20: 2.6559	Recall20: 8.5049	Precision20: 0.4252	Epoch: 4, 4, 4, 4
2024-08-05 21:34:01 - INFO - EPOCH:5
2024-08-05 21:34:01 - INFO - Time:2024/08/05 21:34:01
2024-08-05 21:34:52 - INFO - loss: 3651.138427734375; rec_loss: 3651.138427734375; intent_loss: 0.0005732305580750108 
2024-08-05 21:34:52 - INFO - Current Result:
2024-08-05 21:34:52 - INFO - \Hit5: 10.1364	MRR5: 6.0729	Recall5: 10.1364	Precision5: 2.0273
2024-08-05 21:34:52 - INFO - Best Result:
2024-08-05 21:34:52 - INFO - 	Hit5: 10.1364	MRR5: 6.0729	Recall5: 10.1364	Precision5: 2.0273	Epoch: 5, 5, 5, 5
2024-08-05 21:34:52 - INFO - Current Result:
2024-08-05 21:34:52 - INFO - \Hit10: 14.4424	MRR10: 6.6395	Recall10: 14.4424	Precision10: 1.4442
2024-08-05 21:34:52 - INFO - Best Result:
2024-08-05 21:34:52 - INFO - 	Hit10: 14.4424	MRR10: 6.6395	Recall10: 14.4424	Precision10: 1.4442	Epoch: 5, 5, 5, 5
2024-08-05 21:34:52 - INFO - Current Result:
2024-08-05 21:34:52 - INFO - \Hit15: 17.3308	MRR15: 6.8727	Recall15: 17.3308	Precision15: 1.1554
2024-08-05 21:34:52 - INFO - Best Result:
2024-08-05 21:34:52 - INFO - 	Hit15: 17.3308	MRR15: 6.8727	Recall15: 17.3308	Precision15: 1.1554	Epoch: 5, 5, 5, 5
2024-08-05 21:34:52 - INFO - Current Result:
2024-08-05 21:34:52 - INFO - \Hit20: 19.9786	MRR20: 7.0190	Recall20: 19.9786	Precision20: 0.9989
2024-08-05 21:34:52 - INFO - Best Result:
2024-08-05 21:34:52 - INFO - 	Hit20: 19.9786	MRR20: 7.0190	Recall20: 19.9786	Precision20: 0.9989	Epoch: 5, 5, 5, 5
2024-08-05 21:34:52 - INFO - EPOCH:6
2024-08-05 21:34:52 - INFO - Time:2024/08/05 21:34:52
2024-08-05 21:35:42 - INFO - loss: 1377.980712890625; rec_loss: 1377.980712890625; intent_loss: 0.000573649478610605 
2024-08-05 21:35:42 - INFO - Current Result:
2024-08-05 21:35:42 - INFO - \Hit5: 13.3458	MRR5: 7.7177	Recall5: 13.3458	Precision5: 2.6692
2024-08-05 21:35:42 - INFO - Best Result:
2024-08-05 21:35:42 - INFO - 	Hit5: 13.3458	MRR5: 7.7177	Recall5: 13.3458	Precision5: 2.6692	Epoch: 6, 6, 6, 6
2024-08-05 21:35:42 - INFO - Current Result:
2024-08-05 21:35:42 - INFO - \Hit10: 18.8286	MRR10: 8.4599	Recall10: 18.8286	Precision10: 1.8829
2024-08-05 21:35:42 - INFO - Best Result:
2024-08-05 21:35:42 - INFO - 	Hit10: 18.8286	MRR10: 8.4599	Recall10: 18.8286	Precision10: 1.8829	Epoch: 6, 6, 6, 6
2024-08-05 21:35:42 - INFO - Current Result:
2024-08-05 21:35:42 - INFO - \Hit15: 23.2148	MRR15: 8.7994	Recall15: 23.2148	Precision15: 1.5477
2024-08-05 21:35:42 - INFO - Best Result:
2024-08-05 21:35:42 - INFO - 	Hit15: 23.2148	MRR15: 8.7994	Recall15: 23.2148	Precision15: 1.5477	Epoch: 6, 6, 6, 6
2024-08-05 21:35:42 - INFO - Current Result:
2024-08-05 21:35:42 - INFO - \Hit20: 26.1567	MRR20: 8.9661	Recall20: 26.1567	Precision20: 1.3078
2024-08-05 21:35:42 - INFO - Best Result:
2024-08-05 21:35:42 - INFO - 	Hit20: 26.1567	MRR20: 8.9661	Recall20: 26.1567	Precision20: 1.3078	Epoch: 6, 6, 6, 6
2024-08-05 21:35:42 - INFO - EPOCH:7
2024-08-05 21:35:42 - INFO - Time:2024/08/05 21:35:42
2024-08-05 21:36:27 - INFO - loss: 974.6852416992188; rec_loss: 974.6852416992188; intent_loss: 0.0005738766049034894 
2024-08-05 21:36:27 - INFO - Current Result:
2024-08-05 21:36:27 - INFO - \Hit5: 9.3875	MRR5: 5.2670	Recall5: 9.3875	Precision5: 1.8775
2024-08-05 21:36:27 - INFO - Best Result:
2024-08-05 21:36:27 - INFO - 	Hit5: 13.3458	MRR5: 7.7177	Recall5: 13.3458	Precision5: 2.6692	Epoch: 6, 6, 6, 6
2024-08-05 21:36:27 - INFO - Current Result:
2024-08-05 21:36:27 - INFO - \Hit10: 13.5865	MRR10: 5.8145	Recall10: 13.5865	Precision10: 1.3587
2024-08-05 21:36:27 - INFO - Best Result:
2024-08-05 21:36:27 - INFO - 	Hit10: 18.8286	MRR10: 8.4599	Recall10: 18.8286	Precision10: 1.8829	Epoch: 6, 6, 6, 6
2024-08-05 21:36:27 - INFO - Current Result:
2024-08-05 21:36:27 - INFO - \Hit15: 17.5448	MRR15: 6.1229	Recall15: 17.5448	Precision15: 1.1697
2024-08-05 21:36:27 - INFO - Best Result:
2024-08-05 21:36:27 - INFO - 	Hit15: 23.2148	MRR15: 8.7994	Recall15: 23.2148	Precision15: 1.5477	Epoch: 6, 6, 6, 6
2024-08-05 21:36:27 - INFO - Current Result:
2024-08-05 21:36:27 - INFO - \Hit20: 20.1926	MRR20: 6.2704	Recall20: 20.1926	Precision20: 1.0096
2024-08-05 21:36:27 - INFO - Best Result:
2024-08-05 21:36:27 - INFO - 	Hit20: 26.1567	MRR20: 8.9661	Recall20: 26.1567	Precision20: 1.3078	Epoch: 6, 6, 6, 6
2024-08-05 21:36:27 - INFO - EPOCH:8
2024-08-05 21:36:27 - INFO - Time:2024/08/05 21:36:27
2024-08-05 21:37:19 - INFO - loss: 891.3115844726562; rec_loss: 891.3115844726562; intent_loss: 0.0005740016931667924 
2024-08-05 21:37:19 - INFO - Current Result:
2024-08-05 21:37:19 - INFO - \Hit5: 9.1468	MRR5: 5.0143	Recall5: 9.1468	Precision5: 1.8294
2024-08-05 21:37:19 - INFO - Best Result:
2024-08-05 21:37:19 - INFO - 	Hit5: 13.3458	MRR5: 7.7177	Recall5: 13.3458	Precision5: 2.6692	Epoch: 6, 6, 6, 6
2024-08-05 21:37:19 - INFO - Current Result:
2024-08-05 21:37:19 - INFO - \Hit10: 13.7737	MRR10: 5.6227	Recall10: 13.7737	Precision10: 1.3774
2024-08-05 21:37:19 - INFO - Best Result:
2024-08-05 21:37:19 - INFO - 	Hit10: 18.8286	MRR10: 8.4599	Recall10: 18.8286	Precision10: 1.8829	Epoch: 6, 6, 6, 6
2024-08-05 21:37:19 - INFO - Current Result:
2024-08-05 21:37:19 - INFO - \Hit15: 16.7157	MRR15: 5.8541	Recall15: 16.7157	Precision15: 1.1144
2024-08-05 21:37:19 - INFO - Best Result:
2024-08-05 21:37:19 - INFO - 	Hit15: 23.2148	MRR15: 8.7994	Recall15: 23.2148	Precision15: 1.5477	Epoch: 6, 6, 6, 6
2024-08-05 21:37:19 - INFO - Current Result:
2024-08-05 21:37:19 - INFO - \Hit20: 19.1495	MRR20: 5.9907	Recall20: 19.1495	Precision20: 0.9575
2024-08-05 21:37:19 - INFO - Best Result:
2024-08-05 21:37:19 - INFO - 	Hit20: 26.1567	MRR20: 8.9661	Recall20: 26.1567	Precision20: 1.3078	Epoch: 6, 6, 6, 6
2024-08-05 21:37:19 - INFO - EPOCH:9
2024-08-05 21:37:19 - INFO - Time:2024/08/05 21:37:19
2024-08-05 21:38:04 - INFO - loss: 863.9083251953125; rec_loss: 863.9083251953125; intent_loss: 0.0005740766646340489 
2024-08-05 21:38:04 - INFO - Current Result:
2024-08-05 21:38:04 - INFO - \Hit5: 6.2851	MRR5: 3.3784	Recall5: 6.2851	Precision5: 1.2570
2024-08-05 21:38:04 - INFO - Best Result:
2024-08-05 21:38:04 - INFO - 	Hit5: 13.3458	MRR5: 7.7177	Recall5: 13.3458	Precision5: 2.6692	Epoch: 6, 6, 6, 6
2024-08-05 21:38:04 - INFO - Current Result:
2024-08-05 21:38:04 - INFO - \Hit10: 9.6550	MRR10: 3.8153	Recall10: 9.6550	Precision10: 0.9655
2024-08-05 21:38:04 - INFO - Best Result:
2024-08-05 21:38:04 - INFO - 	Hit10: 18.8286	MRR10: 8.4599	Recall10: 18.8286	Precision10: 1.8829	Epoch: 6, 6, 6, 6
2024-08-05 21:38:04 - INFO - Current Result:
2024-08-05 21:38:04 - INFO - \Hit15: 12.4900	MRR15: 4.0364	Recall15: 12.4900	Precision15: 0.8327
2024-08-05 21:38:04 - INFO - Best Result:
2024-08-05 21:38:04 - INFO - 	Hit15: 23.2148	MRR15: 8.7994	Recall15: 23.2148	Precision15: 1.5477	Epoch: 6, 6, 6, 6
2024-08-05 21:38:04 - INFO - Current Result:
2024-08-05 21:38:04 - INFO - \Hit20: 14.8435	MRR20: 4.1684	Recall20: 14.8435	Precision20: 0.7422
2024-08-05 21:38:04 - INFO - Best Result:
2024-08-05 21:38:04 - INFO - 	Hit20: 26.1567	MRR20: 8.9661	Recall20: 26.1567	Precision20: 1.3078	Epoch: 6, 6, 6, 6
2024-08-05 21:38:04 - INFO - EPOCH:10
2024-08-05 21:38:04 - INFO - Time:2024/08/05 21:38:04
2024-08-05 21:38:52 - INFO - loss: 626.482421875; rec_loss: 626.482421875; intent_loss: 0.0005741084460169077 
2024-08-05 21:38:52 - INFO - Current Result:
2024-08-05 21:38:52 - INFO - \Hit5: 15.8866	MRR5: 8.8945	Recall5: 15.8866	Precision5: 3.1773
2024-08-05 21:38:52 - INFO - Best Result:
2024-08-05 21:38:52 - INFO - 	Hit5: 15.8866	MRR5: 8.8945	Recall5: 15.8866	Precision5: 3.1773	Epoch: 10, 10, 10, 10
2024-08-05 21:38:52 - INFO - Current Result:
2024-08-05 21:38:52 - INFO - \Hit10: 22.5194	MRR10: 9.7517	Recall10: 22.5194	Precision10: 2.2519
2024-08-05 21:38:52 - INFO - Best Result:
2024-08-05 21:38:52 - INFO - 	Hit10: 22.5194	MRR10: 9.7517	Recall10: 22.5194	Precision10: 2.2519	Epoch: 10, 10, 10, 10
2024-08-05 21:38:52 - INFO - Current Result:
2024-08-05 21:38:52 - INFO - \Hit15: 26.7184	MRR15: 10.0845	Recall15: 26.7184	Precision15: 1.7812
2024-08-05 21:38:52 - INFO - Best Result:
2024-08-05 21:38:52 - INFO - 	Hit15: 26.7184	MRR15: 10.0845	Recall15: 26.7184	Precision15: 1.7812	Epoch: 10, 10, 10, 10
2024-08-05 21:38:52 - INFO - Current Result:
2024-08-05 21:38:52 - INFO - \Hit20: 29.6336	MRR20: 10.2496	Recall20: 29.6336	Precision20: 1.4817
2024-08-05 21:38:52 - INFO - Best Result:
2024-08-05 21:38:52 - INFO - 	Hit20: 29.6336	MRR20: 10.2496	Recall20: 29.6336	Precision20: 1.4817	Epoch: 10, 10, 10, 10
2024-08-05 21:38:52 - INFO - EPOCH:11
2024-08-05 21:38:52 - INFO - Time:2024/08/05 21:38:52
2024-08-05 21:39:40 - INFO - loss: 537.6356201171875; rec_loss: 537.6356201171875; intent_loss: 0.0005741217755712569 
2024-08-05 21:39:40 - INFO - Current Result:
2024-08-05 21:39:40 - INFO - \Hit5: 18.1332	MRR5: 10.5995	Recall5: 18.1332	Precision5: 3.6266
2024-08-05 21:39:40 - INFO - Best Result:
2024-08-05 21:39:40 - INFO - 	Hit5: 18.1332	MRR5: 10.5995	Recall5: 18.1332	Precision5: 3.6266	Epoch: 11, 11, 11, 11
2024-08-05 21:39:40 - INFO - Current Result:
2024-08-05 21:39:40 - INFO - \Hit10: 24.1776	MRR10: 11.3855	Recall10: 24.1776	Precision10: 2.4178
2024-08-05 21:39:40 - INFO - Best Result:
2024-08-05 21:39:40 - INFO - 	Hit10: 24.1776	MRR10: 11.3855	Recall10: 24.1776	Precision10: 2.4178	Epoch: 11, 11, 11, 11
2024-08-05 21:39:40 - INFO - Current Result:
2024-08-05 21:39:40 - INFO - \Hit15: 28.1091	MRR15: 11.6957	Recall15: 28.1091	Precision15: 1.8739
2024-08-05 21:39:40 - INFO - Best Result:
2024-08-05 21:39:40 - INFO - 	Hit15: 28.1091	MRR15: 11.6957	Recall15: 28.1091	Precision15: 1.8739	Epoch: 11, 11, 11, 11
2024-08-05 21:39:40 - INFO - Current Result:
2024-08-05 21:39:40 - INFO - \Hit20: 31.2383	MRR20: 11.8732	Recall20: 31.2383	Precision20: 1.5619
2024-08-05 21:39:40 - INFO - Best Result:
2024-08-05 21:39:40 - INFO - 	Hit20: 31.2383	MRR20: 11.8732	Recall20: 31.2383	Precision20: 1.5619	Epoch: 11, 11, 11, 11
2024-08-05 21:39:40 - INFO - EPOCH:12
2024-08-05 21:39:40 - INFO - Time:2024/08/05 21:39:40
2024-08-05 21:40:28 - INFO - loss: 507.0245056152344; rec_loss: 507.0245056152344; intent_loss: 0.000574128411244601 
2024-08-05 21:40:28 - INFO - Current Result:
2024-08-05 21:40:28 - INFO - \Hit5: 17.4111	MRR5: 10.2857	Recall5: 17.4111	Precision5: 3.4822
2024-08-05 21:40:28 - INFO - Best Result:
2024-08-05 21:40:28 - INFO - 	Hit5: 18.1332	MRR5: 10.5995	Recall5: 18.1332	Precision5: 3.6266	Epoch: 11, 11, 11, 11
2024-08-05 21:40:28 - INFO - Current Result:
2024-08-05 21:40:28 - INFO - \Hit10: 23.8566	MRR10: 11.1462	Recall10: 23.8566	Precision10: 2.3857
2024-08-05 21:40:28 - INFO - Best Result:
2024-08-05 21:40:28 - INFO - 	Hit10: 24.1776	MRR10: 11.3855	Recall10: 24.1776	Precision10: 2.4178	Epoch: 11, 11, 11, 11
2024-08-05 21:40:28 - INFO - Current Result:
2024-08-05 21:40:28 - INFO - \Hit15: 28.5370	MRR15: 11.5181	Recall15: 28.5370	Precision15: 1.9025
2024-08-05 21:40:28 - INFO - Best Result:
2024-08-05 21:40:28 - INFO - 	Hit15: 28.5370	MRR15: 11.6957	Recall15: 28.5370	Precision15: 1.9025	Epoch: 12, 11, 12, 12
2024-08-05 21:40:28 - INFO - Current Result:
2024-08-05 21:40:28 - INFO - \Hit20: 31.2383	MRR20: 11.6700	Recall20: 31.2383	Precision20: 1.5619
2024-08-05 21:40:28 - INFO - Best Result:
2024-08-05 21:40:28 - INFO - 	Hit20: 31.2383	MRR20: 11.8732	Recall20: 31.2383	Precision20: 1.5619	Epoch: 11, 11, 11, 11
2024-08-05 21:40:28 - INFO - EPOCH:13
2024-08-05 21:40:28 - INFO - Time:2024/08/05 21:40:28
2024-08-05 21:41:20 - INFO - loss: 485.8320617675781; rec_loss: 485.8320617675781; intent_loss: 0.0005741335917264223 
2024-08-05 21:41:20 - INFO - Current Result:
2024-08-05 21:41:20 - INFO - \Hit5: 16.5820	MRR5: 9.6309	Recall5: 16.5820	Precision5: 3.3164
2024-08-05 21:41:20 - INFO - Best Result:
2024-08-05 21:41:20 - INFO - 	Hit5: 18.1332	MRR5: 10.5995	Recall5: 18.1332	Precision5: 3.6266	Epoch: 11, 11, 11, 11
2024-08-05 21:41:20 - INFO - Current Result:
2024-08-05 21:41:20 - INFO - \Hit10: 23.2148	MRR10: 10.4973	Recall10: 23.2148	Precision10: 2.3215
2024-08-05 21:41:20 - INFO - Best Result:
2024-08-05 21:41:20 - INFO - 	Hit10: 24.1776	MRR10: 11.3855	Recall10: 24.1776	Precision10: 2.4178	Epoch: 11, 11, 11, 11
2024-08-05 21:41:20 - INFO - Current Result:
2024-08-05 21:41:20 - INFO - \Hit15: 27.1196	MRR15: 10.8035	Recall15: 27.1196	Precision15: 1.8080
2024-08-05 21:41:20 - INFO - Best Result:
2024-08-05 21:41:20 - INFO - 	Hit15: 28.5370	MRR15: 11.6957	Recall15: 28.5370	Precision15: 1.9025	Epoch: 12, 11, 12, 12
2024-08-05 21:41:20 - INFO - Current Result:
2024-08-05 21:41:20 - INFO - \Hit20: 30.2220	MRR20: 10.9767	Recall20: 30.2220	Precision20: 1.5111
2024-08-05 21:41:20 - INFO - Best Result:
2024-08-05 21:41:20 - INFO - 	Hit20: 31.2383	MRR20: 11.8732	Recall20: 31.2383	Precision20: 1.5619	Epoch: 11, 11, 11, 11
2024-08-05 21:41:20 - INFO - EPOCH:14
2024-08-05 21:41:20 - INFO - Time:2024/08/05 21:41:20
2024-08-05 21:42:03 - INFO - loss: 469.21588134765625; rec_loss: 469.21588134765625; intent_loss: 0.0005741369677707553 
2024-08-05 21:42:03 - INFO - Current Result:
2024-08-05 21:42:03 - INFO - \Hit5: 18.6146	MRR5: 10.9223	Recall5: 18.6146	Precision5: 3.7229
2024-08-05 21:42:03 - INFO - Best Result:
2024-08-05 21:42:03 - INFO - 	Hit5: 18.6146	MRR5: 10.9223	Recall5: 18.6146	Precision5: 3.7229	Epoch: 14, 14, 14, 14
2024-08-05 21:42:03 - INFO - Current Result:
2024-08-05 21:42:03 - INFO - \Hit10: 25.2206	MRR10: 11.7869	Recall10: 25.2206	Precision10: 2.5221
2024-08-05 21:42:03 - INFO - Best Result:
2024-08-05 21:42:03 - INFO - 	Hit10: 25.2206	MRR10: 11.7869	Recall10: 25.2206	Precision10: 2.5221	Epoch: 14, 14, 14, 14
2024-08-05 21:42:03 - INFO - Current Result:
2024-08-05 21:42:03 - INFO - \Hit15: 29.0987	MRR15: 12.0932	Recall15: 29.0987	Precision15: 1.9399
2024-08-05 21:42:03 - INFO - Best Result:
2024-08-05 21:42:03 - INFO - 	Hit15: 29.0987	MRR15: 12.0932	Recall15: 29.0987	Precision15: 1.9399	Epoch: 14, 14, 14, 14
2024-08-05 21:42:03 - INFO - Current Result:
2024-08-05 21:42:03 - INFO - \Hit20: 32.0407	MRR20: 12.2595	Recall20: 32.0407	Precision20: 1.6020
2024-08-05 21:42:03 - INFO - Best Result:
2024-08-05 21:42:03 - INFO - 	Hit20: 32.0407	MRR20: 12.2595	Recall20: 32.0407	Precision20: 1.6020	Epoch: 14, 14, 14, 14
2024-08-05 21:42:03 - INFO - EPOCH:15
2024-08-05 21:42:03 - INFO - Time:2024/08/05 21:42:03
2024-08-05 21:42:44 - INFO - loss: 448.5222473144531; rec_loss: 448.5222473144531; intent_loss: 0.00057413917966187 
2024-08-05 21:42:44 - INFO - Current Result:
2024-08-05 21:42:44 - INFO - \Hit5: 18.3204	MRR5: 10.7248	Recall5: 18.3204	Precision5: 3.6641
2024-08-05 21:42:44 - INFO - Best Result:
2024-08-05 21:42:44 - INFO - 	Hit5: 18.6146	MRR5: 10.9223	Recall5: 18.6146	Precision5: 3.7229	Epoch: 14, 14, 14, 14
2024-08-05 21:42:44 - INFO - Current Result:
2024-08-05 21:42:44 - INFO - \Hit10: 25.0602	MRR10: 11.6245	Recall10: 25.0602	Precision10: 2.5060
2024-08-05 21:42:44 - INFO - Best Result:
2024-08-05 21:42:44 - INFO - 	Hit10: 25.2206	MRR10: 11.7869	Recall10: 25.2206	Precision10: 2.5221	Epoch: 14, 14, 14, 14
2024-08-05 21:42:44 - INFO - Current Result:
2024-08-05 21:42:44 - INFO - \Hit15: 28.5905	MRR15: 11.9057	Recall15: 28.5905	Precision15: 1.9060
2024-08-05 21:42:44 - INFO - Best Result:
2024-08-05 21:42:44 - INFO - 	Hit15: 29.0987	MRR15: 12.0932	Recall15: 29.0987	Precision15: 1.9399	Epoch: 14, 14, 14, 14
2024-08-05 21:42:44 - INFO - Current Result:
2024-08-05 21:42:44 - INFO - \Hit20: 32.2011	MRR20: 12.1085	Recall20: 32.2011	Precision20: 1.6101
2024-08-05 21:42:44 - INFO - Best Result:
2024-08-05 21:42:44 - INFO - 	Hit20: 32.2011	MRR20: 12.2595	Recall20: 32.2011	Precision20: 1.6101	Epoch: 15, 14, 15, 15
2024-08-05 21:42:44 - INFO - EPOCH:16
2024-08-05 21:42:44 - INFO - Time:2024/08/05 21:42:44
2024-08-05 21:43:26 - INFO - loss: 441.7717590332031; rec_loss: 441.7717590332031; intent_loss: 0.0005741408094763756 
2024-08-05 21:43:26 - INFO - Current Result:
2024-08-05 21:43:26 - INFO - \Hit5: 17.5448	MRR5: 10.2724	Recall5: 17.5448	Precision5: 3.5090
2024-08-05 21:43:26 - INFO - Best Result:
2024-08-05 21:43:26 - INFO - 	Hit5: 18.6146	MRR5: 10.9223	Recall5: 18.6146	Precision5: 3.7229	Epoch: 14, 14, 14, 14
2024-08-05 21:43:26 - INFO - Current Result:
2024-08-05 21:43:26 - INFO - \Hit10: 24.3381	MRR10: 11.1807	Recall10: 24.3381	Precision10: 2.4338
2024-08-05 21:43:26 - INFO - Best Result:
2024-08-05 21:43:26 - INFO - 	Hit10: 25.2206	MRR10: 11.7869	Recall10: 25.2206	Precision10: 2.5221	Epoch: 14, 14, 14, 14
2024-08-05 21:43:26 - INFO - Current Result:
2024-08-05 21:43:26 - INFO - \Hit15: 28.4836	MRR15: 11.5087	Recall15: 28.4836	Precision15: 1.8989
2024-08-05 21:43:26 - INFO - Best Result:
2024-08-05 21:43:26 - INFO - 	Hit15: 29.0987	MRR15: 12.0932	Recall15: 29.0987	Precision15: 1.9399	Epoch: 14, 14, 14, 14
2024-08-05 21:43:26 - INFO - Current Result:
2024-08-05 21:43:26 - INFO - \Hit20: 31.3988	MRR20: 11.6738	Recall20: 31.3988	Precision20: 1.5699
2024-08-05 21:43:26 - INFO - Best Result:
2024-08-05 21:43:26 - INFO - 	Hit20: 32.2011	MRR20: 12.2595	Recall20: 32.2011	Precision20: 1.6101	Epoch: 15, 14, 15, 15
2024-08-05 21:43:26 - INFO - EPOCH:17
2024-08-05 21:43:26 - INFO - Time:2024/08/05 21:43:26
2024-08-05 21:44:06 - INFO - loss: 436.89593505859375; rec_loss: 436.89593505859375; intent_loss: 0.0005741411587223411 
2024-08-05 21:44:06 - INFO - Current Result:
2024-08-05 21:44:06 - INFO - \Hit5: 17.6518	MRR5: 10.4101	Recall5: 17.6518	Precision5: 3.5304
2024-08-05 21:44:06 - INFO - Best Result:
2024-08-05 21:44:06 - INFO - 	Hit5: 18.6146	MRR5: 10.9223	Recall5: 18.6146	Precision5: 3.7229	Epoch: 14, 14, 14, 14
2024-08-05 21:44:06 - INFO - Current Result:
2024-08-05 21:44:06 - INFO - \Hit10: 24.3381	MRR10: 11.3013	Recall10: 24.3381	Precision10: 2.4338
2024-08-05 21:44:06 - INFO - Best Result:
2024-08-05 21:44:06 - INFO - 	Hit10: 25.2206	MRR10: 11.7869	Recall10: 25.2206	Precision10: 2.5221	Epoch: 14, 14, 14, 14
2024-08-05 21:44:06 - INFO - Current Result:
2024-08-05 21:44:06 - INFO - \Hit15: 28.6440	MRR15: 11.6404	Recall15: 28.6440	Precision15: 1.9096
2024-08-05 21:44:06 - INFO - Best Result:
2024-08-05 21:44:06 - INFO - 	Hit15: 29.0987	MRR15: 12.0932	Recall15: 29.0987	Precision15: 1.9399	Epoch: 14, 14, 14, 14
2024-08-05 21:44:06 - INFO - Current Result:
2024-08-05 21:44:06 - INFO - \Hit20: 31.6662	MRR20: 11.8089	Recall20: 31.6662	Precision20: 1.5833
2024-08-05 21:44:06 - INFO - Best Result:
2024-08-05 21:44:06 - INFO - 	Hit20: 32.2011	MRR20: 12.2595	Recall20: 32.2011	Precision20: 1.6101	Epoch: 15, 14, 15, 15
2024-08-05 21:44:06 - INFO - EPOCH:18
2024-08-05 21:44:06 - INFO - Time:2024/08/05 21:44:06
2024-08-05 21:44:46 - INFO - loss: 433.9866943359375; rec_loss: 433.9866943359375; intent_loss: 0.0005741415079683065 
2024-08-05 21:44:46 - INFO - Current Result:
2024-08-05 21:44:46 - INFO - \Hit5: 17.9727	MRR5: 10.6098	Recall5: 17.9727	Precision5: 3.5945
2024-08-05 21:44:46 - INFO - Best Result:
2024-08-05 21:44:46 - INFO - 	Hit5: 18.6146	MRR5: 10.9223	Recall5: 18.6146	Precision5: 3.7229	Epoch: 14, 14, 14, 14
2024-08-05 21:44:46 - INFO - Current Result:
2024-08-05 21:44:46 - INFO - \Hit10: 24.6055	MRR10: 11.5013	Recall10: 24.6055	Precision10: 2.4606
2024-08-05 21:44:46 - INFO - Best Result:
2024-08-05 21:44:46 - INFO - 	Hit10: 25.2206	MRR10: 11.7869	Recall10: 25.2206	Precision10: 2.5221	Epoch: 14, 14, 14, 14
2024-08-05 21:44:46 - INFO - Current Result:
2024-08-05 21:44:46 - INFO - \Hit15: 28.5905	MRR15: 11.8179	Recall15: 28.5905	Precision15: 1.9060
2024-08-05 21:44:46 - INFO - Best Result:
2024-08-05 21:44:46 - INFO - 	Hit15: 29.0987	MRR15: 12.0932	Recall15: 29.0987	Precision15: 1.9399	Epoch: 14, 14, 14, 14
2024-08-05 21:44:46 - INFO - Current Result:
2024-08-05 21:44:46 - INFO - \Hit20: 32.0139	MRR20: 12.0097	Recall20: 32.0139	Precision20: 1.6007
2024-08-05 21:44:46 - INFO - Best Result:
2024-08-05 21:44:46 - INFO - 	Hit20: 32.2011	MRR20: 12.2595	Recall20: 32.2011	Precision20: 1.6101	Epoch: 15, 14, 15, 15
2024-08-05 21:44:46 - INFO - EPOCH:19
2024-08-05 21:44:46 - INFO - Time:2024/08/05 21:44:46
2024-08-05 21:45:27 - INFO - loss: 431.02337646484375; rec_loss: 431.02337646484375; intent_loss: 0.0005741433706134558 
2024-08-05 21:45:27 - INFO - Current Result:
2024-08-05 21:45:27 - INFO - \Hit5: 17.9727	MRR5: 10.5082	Recall5: 17.9727	Precision5: 3.5945
2024-08-05 21:45:27 - INFO - Best Result:
2024-08-05 21:45:27 - INFO - 	Hit5: 18.6146	MRR5: 10.9223	Recall5: 18.6146	Precision5: 3.7229	Epoch: 14, 14, 14, 14
2024-08-05 21:45:27 - INFO - Current Result:
2024-08-05 21:45:27 - INFO - \Hit10: 24.4183	MRR10: 11.3660	Recall10: 24.4183	Precision10: 2.4418
2024-08-05 21:45:27 - INFO - Best Result:
2024-08-05 21:45:27 - INFO - 	Hit10: 25.2206	MRR10: 11.7869	Recall10: 25.2206	Precision10: 2.5221	Epoch: 14, 14, 14, 14
2024-08-05 21:45:27 - INFO - Current Result:
2024-08-05 21:45:27 - INFO - \Hit15: 28.7777	MRR15: 11.7073	Recall15: 28.7777	Precision15: 1.9185
2024-08-05 21:45:27 - INFO - Best Result:
2024-08-05 21:45:27 - INFO - 	Hit15: 29.0987	MRR15: 12.0932	Recall15: 29.0987	Precision15: 1.9399	Epoch: 14, 14, 14, 14
2024-08-05 21:45:27 - INFO - Current Result:
2024-08-05 21:45:27 - INFO - \Hit20: 31.7197	MRR20: 11.8717	Recall20: 31.7197	Precision20: 1.5860
2024-08-05 21:45:27 - INFO - Best Result:
2024-08-05 21:45:27 - INFO - 	Hit20: 32.2011	MRR20: 12.2595	Recall20: 32.2011	Precision20: 1.6101	Epoch: 15, 14, 15, 15
2024-08-05 21:45:27 - INFO - EPOCH:20
2024-08-05 21:45:27 - INFO - Time:2024/08/05 21:45:27
2024-08-05 21:46:08 - INFO - loss: 424.6916198730469; rec_loss: 424.6916198730469; intent_loss: 0.0005741429631598294 
2024-08-05 21:46:08 - INFO - Current Result:
2024-08-05 21:46:08 - INFO - \Hit5: 18.2134	MRR5: 10.6102	Recall5: 18.2134	Precision5: 3.6427
2024-08-05 21:46:08 - INFO - Best Result:
2024-08-05 21:46:08 - INFO - 	Hit5: 18.6146	MRR5: 10.9223	Recall5: 18.6146	Precision5: 3.7229	Epoch: 14, 14, 14, 14
2024-08-05 21:46:08 - INFO - Current Result:
2024-08-05 21:46:08 - INFO - \Hit10: 24.2311	MRR10: 11.4169	Recall10: 24.2311	Precision10: 2.4231
2024-08-05 21:46:08 - INFO - Best Result:
2024-08-05 21:46:08 - INFO - 	Hit10: 25.2206	MRR10: 11.7869	Recall10: 25.2206	Precision10: 2.5221	Epoch: 14, 14, 14, 14
2024-08-05 21:46:08 - INFO - Current Result:
2024-08-05 21:46:08 - INFO - \Hit15: 28.8580	MRR15: 11.7860	Recall15: 28.8580	Precision15: 1.9239
2024-08-05 21:46:08 - INFO - Best Result:
2024-08-05 21:46:08 - INFO - 	Hit15: 29.0987	MRR15: 12.0932	Recall15: 29.0987	Precision15: 1.9399	Epoch: 14, 14, 14, 14
2024-08-05 21:46:08 - INFO - Current Result:
2024-08-05 21:46:08 - INFO - \Hit20: 31.8534	MRR20: 11.9536	Recall20: 31.8534	Precision20: 1.5927
2024-08-05 21:46:08 - INFO - Best Result:
2024-08-05 21:46:08 - INFO - 	Hit20: 32.2011	MRR20: 12.2595	Recall20: 32.2011	Precision20: 1.6101	Epoch: 15, 14, 15, 15
2024-08-05 21:46:08 - INFO - EPOCH:21
2024-08-05 21:46:08 - INFO - Time:2024/08/05 21:46:08
2024-08-05 21:46:49 - INFO - loss: 424.3197021484375; rec_loss: 424.3197021484375; intent_loss: 0.000574143195990473 
2024-08-05 21:46:49 - INFO - Current Result:
2024-08-05 21:46:49 - INFO - \Hit5: 18.0530	MRR5: 10.5674	Recall5: 18.0530	Precision5: 3.6106
2024-08-05 21:46:49 - INFO - Best Result:
2024-08-05 21:46:49 - INFO - 	Hit5: 18.6146	MRR5: 10.9223	Recall5: 18.6146	Precision5: 3.7229	Epoch: 14, 14, 14, 14
2024-08-05 21:46:49 - INFO - Current Result:
2024-08-05 21:46:49 - INFO - \Hit10: 24.4183	MRR10: 11.4304	Recall10: 24.4183	Precision10: 2.4418
2024-08-05 21:46:49 - INFO - Best Result:
2024-08-05 21:46:49 - INFO - 	Hit10: 25.2206	MRR10: 11.7869	Recall10: 25.2206	Precision10: 2.5221	Epoch: 14, 14, 14, 14
2024-08-05 21:46:49 - INFO - Current Result:
2024-08-05 21:46:49 - INFO - \Hit15: 28.8045	MRR15: 11.7801	Recall15: 28.8045	Precision15: 1.9203
2024-08-05 21:46:49 - INFO - Best Result:
2024-08-05 21:46:49 - INFO - 	Hit15: 29.0987	MRR15: 12.0932	Recall15: 29.0987	Precision15: 1.9399	Epoch: 14, 14, 14, 14
2024-08-05 21:46:49 - INFO - Current Result:
2024-08-05 21:46:49 - INFO - \Hit20: 31.8802	MRR20: 11.9520	Recall20: 31.8802	Precision20: 1.5940
2024-08-05 21:46:49 - INFO - Best Result:
2024-08-05 21:46:49 - INFO - 	Hit20: 32.2011	MRR20: 12.2595	Recall20: 32.2011	Precision20: 1.6101	Epoch: 15, 14, 15, 15
2024-08-05 21:46:49 - INFO - EPOCH:22
2024-08-05 21:46:49 - INFO - Time:2024/08/05 21:46:49
2024-08-05 21:47:32 - INFO - loss: 422.8750915527344; rec_loss: 422.8750915527344; intent_loss: 0.0005741437198594213 
2024-08-05 21:47:32 - INFO - Current Result:
2024-08-05 21:47:32 - INFO - \Hit5: 18.3204	MRR5: 10.9347	Recall5: 18.3204	Precision5: 3.6641
2024-08-05 21:47:32 - INFO - Best Result:
2024-08-05 21:47:32 - INFO - 	Hit5: 18.6146	MRR5: 10.9347	Recall5: 18.6146	Precision5: 3.7229	Epoch: 14, 22, 14, 14
2024-08-05 21:47:32 - INFO - Current Result:
2024-08-05 21:47:32 - INFO - \Hit10: 24.8195	MRR10: 11.7956	Recall10: 24.8195	Precision10: 2.4819
2024-08-05 21:47:32 - INFO - Best Result:
2024-08-05 21:47:32 - INFO - 	Hit10: 25.2206	MRR10: 11.7956	Recall10: 25.2206	Precision10: 2.5221	Epoch: 14, 22, 14, 14
2024-08-05 21:47:32 - INFO - Current Result:
2024-08-05 21:47:32 - INFO - \Hit15: 28.8580	MRR15: 12.1199	Recall15: 28.8580	Precision15: 1.9239
2024-08-05 21:47:32 - INFO - Best Result:
2024-08-05 21:47:32 - INFO - 	Hit15: 29.0987	MRR15: 12.1199	Recall15: 29.0987	Precision15: 1.9399	Epoch: 14, 22, 14, 14
2024-08-05 21:47:32 - INFO - Current Result:
2024-08-05 21:47:32 - INFO - \Hit20: 32.1476	MRR20: 12.3022	Recall20: 32.1476	Precision20: 1.6074
2024-08-05 21:47:32 - INFO - Best Result:
2024-08-05 21:47:32 - INFO - 	Hit20: 32.2011	MRR20: 12.3022	Recall20: 32.2011	Precision20: 1.6101	Epoch: 15, 22, 15, 15
2024-08-05 21:47:32 - INFO - EPOCH:23
2024-08-05 21:47:32 - INFO - Time:2024/08/05 21:47:32
2024-08-05 21:48:10 - INFO - loss: 423.5530090332031; rec_loss: 423.5530090332031; intent_loss: 0.0005741434288211167 
2024-08-05 21:48:10 - INFO - Current Result:
2024-08-05 21:48:10 - INFO - \Hit5: 18.1064	MRR5: 10.6379	Recall5: 18.1064	Precision5: 3.6213
2024-08-05 21:48:10 - INFO - Best Result:
2024-08-05 21:48:10 - INFO - 	Hit5: 18.6146	MRR5: 10.9347	Recall5: 18.6146	Precision5: 3.7229	Epoch: 14, 22, 14, 14
2024-08-05 21:48:10 - INFO - Current Result:
2024-08-05 21:48:10 - INFO - \Hit10: 24.5520	MRR10: 11.4931	Recall10: 24.5520	Precision10: 2.4552
2024-08-05 21:48:10 - INFO - Best Result:
2024-08-05 21:48:10 - INFO - 	Hit10: 25.2206	MRR10: 11.7956	Recall10: 25.2206	Precision10: 2.5221	Epoch: 14, 22, 14, 14
2024-08-05 21:48:10 - INFO - Current Result:
2024-08-05 21:48:10 - INFO - \Hit15: 29.0185	MRR15: 11.8457	Recall15: 29.0185	Precision15: 1.9346
2024-08-05 21:48:10 - INFO - Best Result:
2024-08-05 21:48:10 - INFO - 	Hit15: 29.0987	MRR15: 12.1199	Recall15: 29.0987	Precision15: 1.9399	Epoch: 14, 22, 14, 14
2024-08-05 21:48:10 - INFO - Current Result:
2024-08-05 21:48:10 - INFO - \Hit20: 32.0407	MRR20: 12.0148	Recall20: 32.0407	Precision20: 1.6020
2024-08-05 21:48:10 - INFO - Best Result:
2024-08-05 21:48:10 - INFO - 	Hit20: 32.2011	MRR20: 12.3022	Recall20: 32.2011	Precision20: 1.6101	Epoch: 15, 22, 15, 15
2024-08-05 21:48:10 - INFO - EPOCH:24
2024-08-05 21:48:10 - INFO - Time:2024/08/05 21:48:10
2024-08-05 21:48:50 - INFO - loss: 422.6635437011719; rec_loss: 422.6635437011719; intent_loss: 0.0005741433124057949 
2024-08-05 21:48:50 - INFO - Current Result:
2024-08-05 21:48:50 - INFO - \Hit5: 18.3204	MRR5: 10.7440	Recall5: 18.3204	Precision5: 3.6641
2024-08-05 21:48:50 - INFO - Best Result:
2024-08-05 21:48:50 - INFO - 	Hit5: 18.6146	MRR5: 10.9347	Recall5: 18.6146	Precision5: 3.7229	Epoch: 14, 22, 14, 14
2024-08-05 21:48:50 - INFO - Current Result:
2024-08-05 21:48:50 - INFO - \Hit10: 24.7660	MRR10: 11.5976	Recall10: 24.7660	Precision10: 2.4766
2024-08-05 21:48:50 - INFO - Best Result:
2024-08-05 21:48:50 - INFO - 	Hit10: 25.2206	MRR10: 11.7956	Recall10: 25.2206	Precision10: 2.5221	Epoch: 14, 22, 14, 14
2024-08-05 21:48:50 - INFO - Current Result:
2024-08-05 21:48:50 - INFO - \Hit15: 28.9115	MRR15: 11.9261	Recall15: 28.9115	Precision15: 1.9274
2024-08-05 21:48:50 - INFO - Best Result:
2024-08-05 21:48:50 - INFO - 	Hit15: 29.0987	MRR15: 12.1199	Recall15: 29.0987	Precision15: 1.9399	Epoch: 14, 22, 14, 14
2024-08-05 21:48:50 - INFO - Current Result:
2024-08-05 21:48:50 - INFO - \Hit20: 31.9337	MRR20: 12.0957	Recall20: 31.9337	Precision20: 1.5967
2024-08-05 21:48:50 - INFO - Best Result:
2024-08-05 21:48:50 - INFO - 	Hit20: 32.2011	MRR20: 12.3022	Recall20: 32.2011	Precision20: 1.6101	Epoch: 15, 22, 15, 15
2024-08-05 21:48:50 - INFO - EPOCH:25
2024-08-05 21:48:50 - INFO - Time:2024/08/05 21:48:50
2024-08-05 21:49:30 - INFO - loss: 422.016357421875; rec_loss: 422.016357421875; intent_loss: 0.0005741434870287776 
2024-08-05 21:49:30 - INFO - Current Result:
2024-08-05 21:49:30 - INFO - \Hit5: 18.1867	MRR5: 10.7101	Recall5: 18.1867	Precision5: 3.6373
2024-08-05 21:49:30 - INFO - Best Result:
2024-08-05 21:49:30 - INFO - 	Hit5: 18.6146	MRR5: 10.9347	Recall5: 18.6146	Precision5: 3.7229	Epoch: 14, 22, 14, 14
2024-08-05 21:49:30 - INFO - Current Result:
2024-08-05 21:49:30 - INFO - \Hit10: 24.4183	MRR10: 11.5398	Recall10: 24.4183	Precision10: 2.4418
2024-08-05 21:49:30 - INFO - Best Result:
2024-08-05 21:49:30 - INFO - 	Hit10: 25.2206	MRR10: 11.7956	Recall10: 25.2206	Precision10: 2.5221	Epoch: 14, 22, 14, 14
2024-08-05 21:49:30 - INFO - Current Result:
2024-08-05 21:49:30 - INFO - \Hit15: 28.7777	MRR15: 11.8883	Recall15: 28.7777	Precision15: 1.9185
2024-08-05 21:49:30 - INFO - Best Result:
2024-08-05 21:49:30 - INFO - 	Hit15: 29.0987	MRR15: 12.1199	Recall15: 29.0987	Precision15: 1.9399	Epoch: 14, 22, 14, 14
2024-08-05 21:49:30 - INFO - Current Result:
2024-08-05 21:49:30 - INFO - \Hit20: 31.9604	MRR20: 12.0669	Recall20: 31.9604	Precision20: 1.5980
2024-08-05 21:49:30 - INFO - Best Result:
2024-08-05 21:49:30 - INFO - 	Hit20: 32.2011	MRR20: 12.3022	Recall20: 32.2011	Precision20: 1.6101	Epoch: 15, 22, 15, 15
2024-08-05 21:49:30 - INFO - EPOCH:26
2024-08-05 21:49:30 - INFO - Time:2024/08/05 21:49:30
2024-08-05 21:50:13 - INFO - loss: 422.5556335449219; rec_loss: 422.5556335449219; intent_loss: 0.0005741438362747431 
2024-08-05 21:50:13 - INFO - Current Result:
2024-08-05 21:50:13 - INFO - \Hit5: 18.2937	MRR5: 10.8126	Recall5: 18.2937	Precision5: 3.6587
2024-08-05 21:50:13 - INFO - Best Result:
2024-08-05 21:50:13 - INFO - 	Hit5: 18.6146	MRR5: 10.9347	Recall5: 18.6146	Precision5: 3.7229	Epoch: 14, 22, 14, 14
2024-08-05 21:50:13 - INFO - Current Result:
2024-08-05 21:50:13 - INFO - \Hit10: 24.4985	MRR10: 11.6370	Recall10: 24.4985	Precision10: 2.4499
2024-08-05 21:50:13 - INFO - Best Result:
2024-08-05 21:50:13 - INFO - 	Hit10: 25.2206	MRR10: 11.7956	Recall10: 25.2206	Precision10: 2.5221	Epoch: 14, 22, 14, 14
2024-08-05 21:50:13 - INFO - Current Result:
2024-08-05 21:50:13 - INFO - \Hit15: 28.7243	MRR15: 11.9747	Recall15: 28.7243	Precision15: 1.9150
2024-08-05 21:50:13 - INFO - Best Result:
2024-08-05 21:50:13 - INFO - 	Hit15: 29.0987	MRR15: 12.1199	Recall15: 29.0987	Precision15: 1.9399	Epoch: 14, 22, 14, 14
2024-08-05 21:50:13 - INFO - Current Result:
2024-08-05 21:50:13 - INFO - \Hit20: 32.1744	MRR20: 12.1672	Recall20: 32.1744	Precision20: 1.6087
2024-08-05 21:50:13 - INFO - Best Result:
2024-08-05 21:50:13 - INFO - 	Hit20: 32.2011	MRR20: 12.3022	Recall20: 32.2011	Precision20: 1.6101	Epoch: 15, 22, 15, 15
2024-08-05 21:50:13 - INFO - EPOCH:27
2024-08-05 21:50:13 - INFO - Time:2024/08/05 21:50:13
2024-08-05 21:50:57 - INFO - loss: 419.78411865234375; rec_loss: 419.78411865234375; intent_loss: 0.0005741437198594213 
2024-08-05 21:50:57 - INFO - Current Result:
2024-08-05 21:50:57 - INFO - \Hit5: 18.2669	MRR5: 10.7471	Recall5: 18.2669	Precision5: 3.6534
2024-08-05 21:50:57 - INFO - Best Result:
2024-08-05 21:50:57 - INFO - 	Hit5: 18.6146	MRR5: 10.9347	Recall5: 18.6146	Precision5: 3.7229	Epoch: 14, 22, 14, 14
2024-08-05 21:50:57 - INFO - Current Result:
2024-08-05 21:50:57 - INFO - \Hit10: 24.4985	MRR10: 11.5755	Recall10: 24.4985	Precision10: 2.4499
2024-08-05 21:50:57 - INFO - Best Result:
2024-08-05 21:50:57 - INFO - 	Hit10: 25.2206	MRR10: 11.7956	Recall10: 25.2206	Precision10: 2.5221	Epoch: 14, 22, 14, 14
2024-08-05 21:50:57 - INFO - Current Result:
2024-08-05 21:50:57 - INFO - \Hit15: 28.7777	MRR15: 11.9184	Recall15: 28.7777	Precision15: 1.9185
2024-08-05 21:50:57 - INFO - Best Result:
2024-08-05 21:50:57 - INFO - 	Hit15: 29.0987	MRR15: 12.1199	Recall15: 29.0987	Precision15: 1.9399	Epoch: 14, 22, 14, 14
2024-08-05 21:50:57 - INFO - Current Result:
2024-08-05 21:50:57 - INFO - \Hit20: 32.1744	MRR20: 12.1079	Recall20: 32.1744	Precision20: 1.6087
2024-08-05 21:50:57 - INFO - Best Result:
2024-08-05 21:50:57 - INFO - 	Hit20: 32.2011	MRR20: 12.3022	Recall20: 32.2011	Precision20: 1.6101	Epoch: 15, 22, 15, 15
2024-08-05 21:50:57 - INFO - EPOCH:28
2024-08-05 21:50:57 - INFO - Time:2024/08/05 21:50:57
2024-08-05 21:51:42 - INFO - loss: 421.54632568359375; rec_loss: 421.54632568359375; intent_loss: 0.0005741437198594213 
2024-08-05 21:51:42 - INFO - Current Result:
2024-08-05 21:51:42 - INFO - \Hit5: 18.2402	MRR5: 10.7284	Recall5: 18.2402	Precision5: 3.6480
2024-08-05 21:51:42 - INFO - Best Result:
2024-08-05 21:51:42 - INFO - 	Hit5: 18.6146	MRR5: 10.9347	Recall5: 18.6146	Precision5: 3.7229	Epoch: 14, 22, 14, 14
2024-08-05 21:51:42 - INFO - Current Result:
2024-08-05 21:51:42 - INFO - \Hit10: 24.4718	MRR10: 11.5582	Recall10: 24.4718	Precision10: 2.4472
2024-08-05 21:51:42 - INFO - Best Result:
2024-08-05 21:51:42 - INFO - 	Hit10: 25.2206	MRR10: 11.7956	Recall10: 25.2206	Precision10: 2.5221	Epoch: 14, 22, 14, 14
2024-08-05 21:51:42 - INFO - Current Result:
2024-08-05 21:51:42 - INFO - \Hit15: 28.7243	MRR15: 11.8999	Recall15: 28.7243	Precision15: 1.9150
2024-08-05 21:51:42 - INFO - Best Result:
2024-08-05 21:51:42 - INFO - 	Hit15: 29.0987	MRR15: 12.1199	Recall15: 29.0987	Precision15: 1.9399	Epoch: 14, 22, 14, 14
2024-08-05 21:51:42 - INFO - Current Result:
2024-08-05 21:51:42 - INFO - \Hit20: 32.0674	MRR20: 12.0881	Recall20: 32.0674	Precision20: 1.6034
2024-08-05 21:51:42 - INFO - Best Result:
2024-08-05 21:51:42 - INFO - 	Hit20: 32.2011	MRR20: 12.3022	Recall20: 32.2011	Precision20: 1.6101	Epoch: 15, 22, 15, 15
2024-08-05 21:51:42 - INFO - EPOCH:29
2024-08-05 21:51:42 - INFO - Time:2024/08/05 21:51:42
2024-08-05 21:52:26 - INFO - loss: 420.6669616699219; rec_loss: 420.6669616699219; intent_loss: 0.0005741440691053867 
2024-08-05 21:52:26 - INFO - Current Result:
2024-08-05 21:52:26 - INFO - \Hit5: 18.2134	MRR5: 10.7007	Recall5: 18.2134	Precision5: 3.6427
2024-08-05 21:52:26 - INFO - Best Result:
2024-08-05 21:52:26 - INFO - 	Hit5: 18.6146	MRR5: 10.9347	Recall5: 18.6146	Precision5: 3.7229	Epoch: 14, 22, 14, 14
2024-08-05 21:52:26 - INFO - Current Result:
2024-08-05 21:52:26 - INFO - \Hit10: 24.4183	MRR10: 11.5313	Recall10: 24.4183	Precision10: 2.4418
2024-08-05 21:52:26 - INFO - Best Result:
2024-08-05 21:52:26 - INFO - 	Hit10: 25.2206	MRR10: 11.7956	Recall10: 25.2206	Precision10: 2.5221	Epoch: 14, 22, 14, 14
2024-08-05 21:52:26 - INFO - Current Result:
2024-08-05 21:52:26 - INFO - \Hit15: 28.8045	MRR15: 11.8826	Recall15: 28.8045	Precision15: 1.9203
2024-08-05 21:52:26 - INFO - Best Result:
2024-08-05 21:52:26 - INFO - 	Hit15: 29.0987	MRR15: 12.1199	Recall15: 29.0987	Precision15: 1.9399	Epoch: 14, 22, 14, 14
2024-08-05 21:52:26 - INFO - Current Result:
2024-08-05 21:52:26 - INFO - \Hit20: 32.0407	MRR20: 12.0637	Recall20: 32.0407	Precision20: 1.6020
2024-08-05 21:52:26 - INFO - Best Result:
2024-08-05 21:52:26 - INFO - 	Hit20: 32.2011	MRR20: 12.3022	Recall20: 32.2011	Precision20: 1.6101	Epoch: 15, 22, 15, 15
2024-08-05 21:52:26 - INFO - EPOCH:30
2024-08-05 21:52:26 - INFO - Time:2024/08/05 21:52:26
2024-08-05 21:53:10 - INFO - loss: 421.5958557128906; rec_loss: 421.5958557128906; intent_loss: 0.0005741440108977258 
2024-08-05 21:53:10 - INFO - Current Result:
2024-08-05 21:53:10 - INFO - \Hit5: 18.1599	MRR5: 10.6758	Recall5: 18.1599	Precision5: 3.6320
2024-08-05 21:53:10 - INFO - Best Result:
2024-08-05 21:53:10 - INFO - 	Hit5: 18.6146	MRR5: 10.9347	Recall5: 18.6146	Precision5: 3.7229	Epoch: 14, 22, 14, 14
2024-08-05 21:53:10 - INFO - Current Result:
2024-08-05 21:53:10 - INFO - \Hit10: 24.4183	MRR10: 11.5141	Recall10: 24.4183	Precision10: 2.4418
2024-08-05 21:53:10 - INFO - Best Result:
2024-08-05 21:53:10 - INFO - 	Hit10: 25.2206	MRR10: 11.7956	Recall10: 25.2206	Precision10: 2.5221	Epoch: 14, 22, 14, 14
2024-08-05 21:53:10 - INFO - Current Result:
2024-08-05 21:53:10 - INFO - \Hit15: 28.7243	MRR15: 11.8600	Recall15: 28.7243	Precision15: 1.9150
2024-08-05 21:53:10 - INFO - Best Result:
2024-08-05 21:53:10 - INFO - 	Hit15: 29.0987	MRR15: 12.1199	Recall15: 29.0987	Precision15: 1.9399	Epoch: 14, 22, 14, 14
2024-08-05 21:53:10 - INFO - Current Result:
2024-08-05 21:53:10 - INFO - \Hit20: 32.1209	MRR20: 12.0500	Recall20: 32.1209	Precision20: 1.6060
2024-08-05 21:53:10 - INFO - Best Result:
2024-08-05 21:53:10 - INFO - 	Hit20: 32.2011	MRR20: 12.3022	Recall20: 32.2011	Precision20: 1.6101	Epoch: 15, 22, 15, 15
2024-08-05 21:53:10 - INFO - EPOCH:31
2024-08-05 21:53:10 - INFO - Time:2024/08/05 21:53:10
2024-08-05 21:53:54 - INFO - loss: 419.4668884277344; rec_loss: 419.4668884277344; intent_loss: 0.0005741439526900649 
2024-08-05 21:53:54 - INFO - Current Result:
2024-08-05 21:53:54 - INFO - \Hit5: 18.1867	MRR5: 10.6673	Recall5: 18.1867	Precision5: 3.6373
2024-08-05 21:53:54 - INFO - Best Result:
2024-08-05 21:53:54 - INFO - 	Hit5: 18.6146	MRR5: 10.9347	Recall5: 18.6146	Precision5: 3.7229	Epoch: 14, 22, 14, 14
2024-08-05 21:53:54 - INFO - Current Result:
2024-08-05 21:53:54 - INFO - \Hit10: 24.4450	MRR10: 11.5009	Recall10: 24.4450	Precision10: 2.4445
2024-08-05 21:53:54 - INFO - Best Result:
2024-08-05 21:53:54 - INFO - 	Hit10: 25.2206	MRR10: 11.7956	Recall10: 25.2206	Precision10: 2.5221	Epoch: 14, 22, 14, 14
2024-08-05 21:53:54 - INFO - Current Result:
2024-08-05 21:53:54 - INFO - \Hit15: 28.6975	MRR15: 11.8432	Recall15: 28.6975	Precision15: 1.9132
2024-08-05 21:53:54 - INFO - Best Result:
2024-08-05 21:53:54 - INFO - 	Hit15: 29.0987	MRR15: 12.1199	Recall15: 29.0987	Precision15: 1.9399	Epoch: 14, 22, 14, 14
2024-08-05 21:53:54 - INFO - Current Result:
2024-08-05 21:53:54 - INFO - \Hit20: 32.0941	MRR20: 12.0343	Recall20: 32.0941	Precision20: 1.6047
2024-08-05 21:53:54 - INFO - Best Result:
2024-08-05 21:53:54 - INFO - 	Hit20: 32.2011	MRR20: 12.3022	Recall20: 32.2011	Precision20: 1.6101	Epoch: 15, 22, 15, 15
2024-08-05 21:53:54 - INFO - EPOCH:32
2024-08-05 21:53:54 - INFO - Time:2024/08/05 21:53:54
2024-08-05 21:54:36 - INFO - loss: 419.799560546875; rec_loss: 419.799560546875; intent_loss: 0.0005741439526900649 
2024-08-05 21:54:36 - INFO - Current Result:
2024-08-05 21:54:36 - INFO - \Hit5: 18.1599	MRR5: 10.6642	Recall5: 18.1599	Precision5: 3.6320
2024-08-05 21:54:36 - INFO - Best Result:
2024-08-05 21:54:36 - INFO - 	Hit5: 18.6146	MRR5: 10.9347	Recall5: 18.6146	Precision5: 3.7229	Epoch: 14, 22, 14, 14
2024-08-05 21:54:36 - INFO - Current Result:
2024-08-05 21:54:36 - INFO - \Hit10: 24.4985	MRR10: 11.5048	Recall10: 24.4985	Precision10: 2.4499
2024-08-05 21:54:36 - INFO - Best Result:
2024-08-05 21:54:36 - INFO - 	Hit10: 25.2206	MRR10: 11.7956	Recall10: 25.2206	Precision10: 2.5221	Epoch: 14, 22, 14, 14
2024-08-05 21:54:36 - INFO - Current Result:
2024-08-05 21:54:36 - INFO - \Hit15: 28.6975	MRR15: 11.8418	Recall15: 28.6975	Precision15: 1.9132
2024-08-05 21:54:36 - INFO - Best Result:
2024-08-05 21:54:36 - INFO - 	Hit15: 29.0987	MRR15: 12.1199	Recall15: 29.0987	Precision15: 1.9399	Epoch: 14, 22, 14, 14
2024-08-05 21:54:36 - INFO - Current Result:
2024-08-05 21:54:36 - INFO - \Hit20: 32.0674	MRR20: 12.0311	Recall20: 32.0674	Precision20: 1.6034
2024-08-05 21:54:36 - INFO - Best Result:
2024-08-05 21:54:36 - INFO - 	Hit20: 32.2011	MRR20: 12.3022	Recall20: 32.2011	Precision20: 1.6101	Epoch: 15, 22, 15, 15
2024-08-05 21:54:36 - INFO - EPOCH:33
2024-08-05 21:54:36 - INFO - Time:2024/08/05 21:54:36
2024-08-05 21:55:21 - INFO - loss: 419.73797607421875; rec_loss: 419.73797607421875; intent_loss: 0.0005741439526900649 
2024-08-05 21:55:21 - INFO - Current Result:
2024-08-05 21:55:21 - INFO - \Hit5: 18.2402	MRR5: 10.7114	Recall5: 18.2402	Precision5: 3.6480
2024-08-05 21:55:21 - INFO - Best Result:
2024-08-05 21:55:21 - INFO - 	Hit5: 18.6146	MRR5: 10.9347	Recall5: 18.6146	Precision5: 3.7229	Epoch: 14, 22, 14, 14
2024-08-05 21:55:21 - INFO - Current Result:
2024-08-05 21:55:21 - INFO - \Hit10: 24.4183	MRR10: 11.5330	Recall10: 24.4183	Precision10: 2.4418
2024-08-05 21:55:21 - INFO - Best Result:
2024-08-05 21:55:21 - INFO - 	Hit10: 25.2206	MRR10: 11.7956	Recall10: 25.2206	Precision10: 2.5221	Epoch: 14, 22, 14, 14
2024-08-05 21:55:21 - INFO - Current Result:
2024-08-05 21:55:21 - INFO - \Hit15: 28.7510	MRR15: 11.8807	Recall15: 28.7510	Precision15: 1.9167
2024-08-05 21:55:21 - INFO - Best Result:
2024-08-05 21:55:21 - INFO - 	Hit15: 29.0987	MRR15: 12.1199	Recall15: 29.0987	Precision15: 1.9399	Epoch: 14, 22, 14, 14
2024-08-05 21:55:21 - INFO - Current Result:
2024-08-05 21:55:21 - INFO - \Hit20: 32.1209	MRR20: 12.0691	Recall20: 32.1209	Precision20: 1.6060
2024-08-05 21:55:21 - INFO - Best Result:
2024-08-05 21:55:21 - INFO - 	Hit20: 32.2011	MRR20: 12.3022	Recall20: 32.2011	Precision20: 1.6101	Epoch: 15, 22, 15, 15
2024-08-05 21:55:21 - INFO - EPOCH:34
2024-08-05 21:55:21 - INFO - Time:2024/08/05 21:55:21
2024-08-05 21:56:02 - INFO - loss: 419.3236999511719; rec_loss: 419.3236999511719; intent_loss: 0.0005741439526900649 
2024-08-05 21:56:02 - INFO - Current Result:
2024-08-05 21:56:02 - INFO - \Hit5: 18.1867	MRR5: 10.6789	Recall5: 18.1867	Precision5: 3.6373
2024-08-05 21:56:02 - INFO - Best Result:
2024-08-05 21:56:02 - INFO - 	Hit5: 18.6146	MRR5: 10.9347	Recall5: 18.6146	Precision5: 3.7229	Epoch: 14, 22, 14, 14
2024-08-05 21:56:02 - INFO - Current Result:
2024-08-05 21:56:02 - INFO - \Hit10: 24.4450	MRR10: 11.5094	Recall10: 24.4450	Precision10: 2.4445
2024-08-05 21:56:02 - INFO - Best Result:
2024-08-05 21:56:02 - INFO - 	Hit10: 25.2206	MRR10: 11.7956	Recall10: 25.2206	Precision10: 2.5221	Epoch: 14, 22, 14, 14
2024-08-05 21:56:02 - INFO - Current Result:
2024-08-05 21:56:02 - INFO - \Hit15: 28.7777	MRR15: 11.8562	Recall15: 28.7777	Precision15: 1.9185
2024-08-05 21:56:02 - INFO - Best Result:
2024-08-05 21:56:02 - INFO - 	Hit15: 29.0987	MRR15: 12.1199	Recall15: 29.0987	Precision15: 1.9399	Epoch: 14, 22, 14, 14
2024-08-05 21:56:02 - INFO - Current Result:
2024-08-05 21:56:02 - INFO - \Hit20: 32.0407	MRR20: 12.0391	Recall20: 32.0407	Precision20: 1.6020
2024-08-05 21:56:02 - INFO - Best Result:
2024-08-05 21:56:02 - INFO - 	Hit20: 32.2011	MRR20: 12.3022	Recall20: 32.2011	Precision20: 1.6101	Epoch: 15, 22, 15, 15
2024-08-05 21:56:02 - INFO - EPOCH:35
2024-08-05 21:56:02 - INFO - Time:2024/08/05 21:56:02
2024-08-05 21:56:43 - INFO - loss: 419.6654968261719; rec_loss: 419.6654968261719; intent_loss: 0.0005741439526900649 
2024-08-05 21:56:43 - INFO - Current Result:
2024-08-05 21:56:43 - INFO - \Hit5: 18.1599	MRR5: 10.6882	Recall5: 18.1599	Precision5: 3.6320
2024-08-05 21:56:43 - INFO - Best Result:
2024-08-05 21:56:43 - INFO - 	Hit5: 18.6146	MRR5: 10.9347	Recall5: 18.6146	Precision5: 3.7229	Epoch: 14, 22, 14, 14
2024-08-05 21:56:43 - INFO - Current Result:
2024-08-05 21:56:43 - INFO - \Hit10: 24.4183	MRR10: 11.5209	Recall10: 24.4183	Precision10: 2.4418
2024-08-05 21:56:43 - INFO - Best Result:
2024-08-05 21:56:43 - INFO - 	Hit10: 25.2206	MRR10: 11.7956	Recall10: 25.2206	Precision10: 2.5221	Epoch: 14, 22, 14, 14
2024-08-05 21:56:43 - INFO - Current Result:
2024-08-05 21:56:43 - INFO - \Hit15: 28.7243	MRR15: 11.8664	Recall15: 28.7243	Precision15: 1.9150
2024-08-05 21:56:43 - INFO - Best Result:
2024-08-05 21:56:43 - INFO - 	Hit15: 29.0987	MRR15: 12.1199	Recall15: 29.0987	Precision15: 1.9399	Epoch: 14, 22, 14, 14
2024-08-05 21:56:43 - INFO - Current Result:
2024-08-05 21:56:43 - INFO - \Hit20: 32.0407	MRR20: 12.0525	Recall20: 32.0407	Precision20: 1.6020
2024-08-05 21:56:43 - INFO - Best Result:
2024-08-05 21:56:43 - INFO - 	Hit20: 32.2011	MRR20: 12.3022	Recall20: 32.2011	Precision20: 1.6101	Epoch: 15, 22, 15, 15
2024-08-05 21:56:43 - INFO - EPOCH:36
2024-08-05 21:56:43 - INFO - Time:2024/08/05 21:56:43
2024-08-05 21:57:29 - INFO - loss: 420.2537536621094; rec_loss: 420.2537536621094; intent_loss: 0.0005741439526900649 
2024-08-05 21:57:29 - INFO - Current Result:
2024-08-05 21:57:29 - INFO - \Hit5: 18.1332	MRR5: 10.6807	Recall5: 18.1332	Precision5: 3.6266
2024-08-05 21:57:29 - INFO - Best Result:
2024-08-05 21:57:29 - INFO - 	Hit5: 18.6146	MRR5: 10.9347	Recall5: 18.6146	Precision5: 3.7229	Epoch: 14, 22, 14, 14
2024-08-05 21:57:29 - INFO - Current Result:
2024-08-05 21:57:29 - INFO - \Hit10: 24.4985	MRR10: 11.5258	Recall10: 24.4985	Precision10: 2.4499
2024-08-05 21:57:29 - INFO - Best Result:
2024-08-05 21:57:29 - INFO - 	Hit10: 25.2206	MRR10: 11.7956	Recall10: 25.2206	Precision10: 2.5221	Epoch: 14, 22, 14, 14
2024-08-05 21:57:29 - INFO - Current Result:
2024-08-05 21:57:29 - INFO - \Hit15: 28.7243	MRR15: 11.8637	Recall15: 28.7243	Precision15: 1.9150
2024-08-05 21:57:29 - INFO - Best Result:
2024-08-05 21:57:29 - INFO - 	Hit15: 29.0987	MRR15: 12.1199	Recall15: 29.0987	Precision15: 1.9399	Epoch: 14, 22, 14, 14
2024-08-05 21:57:29 - INFO - Current Result:
2024-08-05 21:57:29 - INFO - \Hit20: 32.0407	MRR20: 12.0499	Recall20: 32.0407	Precision20: 1.6020
2024-08-05 21:57:29 - INFO - Best Result:
2024-08-05 21:57:29 - INFO - 	Hit20: 32.2011	MRR20: 12.3022	Recall20: 32.2011	Precision20: 1.6101	Epoch: 15, 22, 15, 15
2024-08-05 21:57:29 - INFO - EPOCH:37
2024-08-05 21:57:29 - INFO - Time:2024/08/05 21:57:29
2024-08-05 21:58:14 - INFO - loss: 420.07421875; rec_loss: 420.07421875; intent_loss: 0.0005741439526900649 
2024-08-05 21:58:14 - INFO - Current Result:
2024-08-05 21:58:14 - INFO - \Hit5: 18.1332	MRR5: 10.6807	Recall5: 18.1332	Precision5: 3.6266
2024-08-05 21:58:14 - INFO - Best Result:
2024-08-05 21:58:14 - INFO - 	Hit5: 18.6146	MRR5: 10.9347	Recall5: 18.6146	Precision5: 3.7229	Epoch: 14, 22, 14, 14
2024-08-05 21:58:14 - INFO - Current Result:
2024-08-05 21:58:14 - INFO - \Hit10: 24.4183	MRR10: 11.5178	Recall10: 24.4183	Precision10: 2.4418
2024-08-05 21:58:14 - INFO - Best Result:
2024-08-05 21:58:14 - INFO - 	Hit10: 25.2206	MRR10: 11.7956	Recall10: 25.2206	Precision10: 2.5221	Epoch: 14, 22, 14, 14
2024-08-05 21:58:14 - INFO - Current Result:
2024-08-05 21:58:14 - INFO - \Hit15: 28.7777	MRR15: 11.8670	Recall15: 28.7777	Precision15: 1.9185
2024-08-05 21:58:14 - INFO - Best Result:
2024-08-05 21:58:14 - INFO - 	Hit15: 29.0987	MRR15: 12.1199	Recall15: 29.0987	Precision15: 1.9399	Epoch: 14, 22, 14, 14
2024-08-05 21:58:14 - INFO - Current Result:
2024-08-05 21:58:14 - INFO - \Hit20: 32.0407	MRR20: 12.0501	Recall20: 32.0407	Precision20: 1.6020
2024-08-05 21:58:14 - INFO - Best Result:
2024-08-05 21:58:14 - INFO - 	Hit20: 32.2011	MRR20: 12.3022	Recall20: 32.2011	Precision20: 1.6101	Epoch: 15, 22, 15, 15
2024-08-05 21:58:14 - INFO - EPOCH:38
2024-08-05 21:58:14 - INFO - Time:2024/08/05 21:58:14
2024-08-05 21:58:59 - INFO - loss: 421.96435546875; rec_loss: 421.96435546875; intent_loss: 0.0005741439526900649 
2024-08-05 21:58:59 - INFO - Current Result:
2024-08-05 21:58:59 - INFO - \Hit5: 18.1332	MRR5: 10.6829	Recall5: 18.1332	Precision5: 3.6266
2024-08-05 21:58:59 - INFO - Best Result:
2024-08-05 21:58:59 - INFO - 	Hit5: 18.6146	MRR5: 10.9347	Recall5: 18.6146	Precision5: 3.7229	Epoch: 14, 22, 14, 14
2024-08-05 21:58:59 - INFO - Current Result:
2024-08-05 21:58:59 - INFO - \Hit10: 24.4183	MRR10: 11.5203	Recall10: 24.4183	Precision10: 2.4418
2024-08-05 21:58:59 - INFO - Best Result:
2024-08-05 21:58:59 - INFO - 	Hit10: 25.2206	MRR10: 11.7956	Recall10: 25.2206	Precision10: 2.5221	Epoch: 14, 22, 14, 14
2024-08-05 21:58:59 - INFO - Current Result:
2024-08-05 21:58:59 - INFO - \Hit15: 28.7243	MRR15: 11.8659	Recall15: 28.7243	Precision15: 1.9150
2024-08-05 21:58:59 - INFO - Best Result:
2024-08-05 21:58:59 - INFO - 	Hit15: 29.0987	MRR15: 12.1199	Recall15: 29.0987	Precision15: 1.9399	Epoch: 14, 22, 14, 14
2024-08-05 21:58:59 - INFO - Current Result:
2024-08-05 21:58:59 - INFO - \Hit20: 32.0407	MRR20: 12.0522	Recall20: 32.0407	Precision20: 1.6020
2024-08-05 21:58:59 - INFO - Best Result:
2024-08-05 21:58:59 - INFO - 	Hit20: 32.2011	MRR20: 12.3022	Recall20: 32.2011	Precision20: 1.6101	Epoch: 15, 22, 15, 15
2024-08-05 21:58:59 - INFO - EPOCH:39
2024-08-05 21:58:59 - INFO - Time:2024/08/05 21:58:59
2024-08-05 21:59:45 - INFO - loss: 419.9171142578125; rec_loss: 419.9171142578125; intent_loss: 0.0005741439526900649 
2024-08-05 21:59:45 - INFO - Current Result:
2024-08-05 21:59:45 - INFO - \Hit5: 18.1332	MRR5: 10.6780	Recall5: 18.1332	Precision5: 3.6266
2024-08-05 21:59:45 - INFO - Best Result:
2024-08-05 21:59:45 - INFO - 	Hit5: 18.6146	MRR5: 10.9347	Recall5: 18.6146	Precision5: 3.7229	Epoch: 14, 22, 14, 14
2024-08-05 21:59:45 - INFO - Current Result:
2024-08-05 21:59:45 - INFO - \Hit10: 24.4450	MRR10: 11.5171	Recall10: 24.4450	Precision10: 2.4445
2024-08-05 21:59:45 - INFO - Best Result:
2024-08-05 21:59:45 - INFO - 	Hit10: 25.2206	MRR10: 11.7956	Recall10: 25.2206	Precision10: 2.5221	Epoch: 14, 22, 14, 14
2024-08-05 21:59:45 - INFO - Current Result:
2024-08-05 21:59:45 - INFO - \Hit15: 28.7243	MRR15: 11.8606	Recall15: 28.7243	Precision15: 1.9150
2024-08-05 21:59:45 - INFO - Best Result:
2024-08-05 21:59:45 - INFO - 	Hit15: 29.0987	MRR15: 12.1199	Recall15: 29.0987	Precision15: 1.9399	Epoch: 14, 22, 14, 14
2024-08-05 21:59:45 - INFO - Current Result:
2024-08-05 21:59:45 - INFO - \Hit20: 32.0674	MRR20: 12.0484	Recall20: 32.0674	Precision20: 1.6034
2024-08-05 21:59:45 - INFO - Best Result:
2024-08-05 21:59:45 - INFO - 	Hit20: 32.2011	MRR20: 12.3022	Recall20: 32.2011	Precision20: 1.6101	Epoch: 15, 22, 15, 15
2024-08-05 21:59:45 - INFO - EPOCH:40
2024-08-05 21:59:45 - INFO - Time:2024/08/05 21:59:45
2024-08-05 22:00:31 - INFO - loss: 420.4536437988281; rec_loss: 420.4536437988281; intent_loss: 0.0005741439526900649 
2024-08-05 22:00:31 - INFO - Current Result:
2024-08-05 22:00:31 - INFO - \Hit5: 18.1332	MRR5: 10.6802	Recall5: 18.1332	Precision5: 3.6266
2024-08-05 22:00:31 - INFO - Best Result:
2024-08-05 22:00:31 - INFO - 	Hit5: 18.6146	MRR5: 10.9347	Recall5: 18.6146	Precision5: 3.7229	Epoch: 14, 22, 14, 14
2024-08-05 22:00:31 - INFO - Current Result:
2024-08-05 22:00:31 - INFO - \Hit10: 24.4450	MRR10: 11.5194	Recall10: 24.4450	Precision10: 2.4445
2024-08-05 22:00:31 - INFO - Best Result:
2024-08-05 22:00:31 - INFO - 	Hit10: 25.2206	MRR10: 11.7956	Recall10: 25.2206	Precision10: 2.5221	Epoch: 14, 22, 14, 14
2024-08-05 22:00:31 - INFO - Current Result:
2024-08-05 22:00:31 - INFO - \Hit15: 28.7243	MRR15: 11.8629	Recall15: 28.7243	Precision15: 1.9150
2024-08-05 22:00:31 - INFO - Best Result:
2024-08-05 22:00:31 - INFO - 	Hit15: 29.0987	MRR15: 12.1199	Recall15: 29.0987	Precision15: 1.9399	Epoch: 14, 22, 14, 14
2024-08-05 22:00:31 - INFO - Current Result:
2024-08-05 22:00:31 - INFO - \Hit20: 32.0407	MRR20: 12.0492	Recall20: 32.0407	Precision20: 1.6020
2024-08-05 22:00:31 - INFO - Best Result:
2024-08-05 22:00:31 - INFO - 	Hit20: 32.2011	MRR20: 12.3022	Recall20: 32.2011	Precision20: 1.6101	Epoch: 15, 22, 15, 15
2024-08-05 22:00:31 - INFO - EPOCH:41
2024-08-05 22:00:31 - INFO - Time:2024/08/05 22:00:31
2024-08-05 22:01:16 - INFO - loss: 420.21685791015625; rec_loss: 420.21685791015625; intent_loss: 0.0005741439526900649 
2024-08-05 22:01:16 - INFO - Current Result:
2024-08-05 22:01:16 - INFO - \Hit5: 18.1332	MRR5: 10.6802	Recall5: 18.1332	Precision5: 3.6266
2024-08-05 22:01:16 - INFO - Best Result:
2024-08-05 22:01:16 - INFO - 	Hit5: 18.6146	MRR5: 10.9347	Recall5: 18.6146	Precision5: 3.7229	Epoch: 14, 22, 14, 14
2024-08-05 22:01:16 - INFO - Current Result:
2024-08-05 22:01:16 - INFO - \Hit10: 24.4450	MRR10: 11.5194	Recall10: 24.4450	Precision10: 2.4445
2024-08-05 22:01:16 - INFO - Best Result:
2024-08-05 22:01:16 - INFO - 	Hit10: 25.2206	MRR10: 11.7956	Recall10: 25.2206	Precision10: 2.5221	Epoch: 14, 22, 14, 14
2024-08-05 22:01:16 - INFO - Current Result:
2024-08-05 22:01:16 - INFO - \Hit15: 28.7243	MRR15: 11.8629	Recall15: 28.7243	Precision15: 1.9150
2024-08-05 22:01:16 - INFO - Best Result:
2024-08-05 22:01:16 - INFO - 	Hit15: 29.0987	MRR15: 12.1199	Recall15: 29.0987	Precision15: 1.9399	Epoch: 14, 22, 14, 14
2024-08-05 22:01:16 - INFO - Current Result:
2024-08-05 22:01:16 - INFO - \Hit20: 32.0407	MRR20: 12.0492	Recall20: 32.0407	Precision20: 1.6020
2024-08-05 22:01:16 - INFO - Best Result:
2024-08-05 22:01:16 - INFO - 	Hit20: 32.2011	MRR20: 12.3022	Recall20: 32.2011	Precision20: 1.6101	Epoch: 15, 22, 15, 15
2024-08-05 22:01:16 - INFO - EPOCH:42
2024-08-05 22:01:16 - INFO - Time:2024/08/05 22:01:16
2024-08-05 22:02:01 - INFO - loss: 419.8883056640625; rec_loss: 419.8883056640625; intent_loss: 0.0005741439526900649 
2024-08-05 22:02:01 - INFO - Current Result:
2024-08-05 22:02:01 - INFO - \Hit5: 18.1332	MRR5: 10.6780	Recall5: 18.1332	Precision5: 3.6266
2024-08-05 22:02:01 - INFO - Best Result:
2024-08-05 22:02:01 - INFO - 	Hit5: 18.6146	MRR5: 10.9347	Recall5: 18.6146	Precision5: 3.7229	Epoch: 14, 22, 14, 14
2024-08-05 22:02:01 - INFO - Current Result:
2024-08-05 22:02:01 - INFO - \Hit10: 24.4450	MRR10: 11.5176	Recall10: 24.4450	Precision10: 2.4445
2024-08-05 22:02:01 - INFO - Best Result:
2024-08-05 22:02:01 - INFO - 	Hit10: 25.2206	MRR10: 11.7956	Recall10: 25.2206	Precision10: 2.5221	Epoch: 14, 22, 14, 14
2024-08-05 22:02:01 - INFO - Current Result:
2024-08-05 22:02:01 - INFO - \Hit15: 28.7243	MRR15: 11.8611	Recall15: 28.7243	Precision15: 1.9150
2024-08-05 22:02:01 - INFO - Best Result:
2024-08-05 22:02:01 - INFO - 	Hit15: 29.0987	MRR15: 12.1199	Recall15: 29.0987	Precision15: 1.9399	Epoch: 14, 22, 14, 14
2024-08-05 22:02:01 - INFO - Current Result:
2024-08-05 22:02:01 - INFO - \Hit20: 32.0674	MRR20: 12.0489	Recall20: 32.0674	Precision20: 1.6034
2024-08-05 22:02:01 - INFO - Best Result:
2024-08-05 22:02:01 - INFO - 	Hit20: 32.2011	MRR20: 12.3022	Recall20: 32.2011	Precision20: 1.6101	Epoch: 15, 22, 15, 15
2024-08-05 22:02:01 - INFO - EPOCH:43
2024-08-05 22:02:01 - INFO - Time:2024/08/05 22:02:01
2024-08-05 22:02:43 - INFO - loss: 420.7191467285156; rec_loss: 420.7191467285156; intent_loss: 0.0005741439526900649 
2024-08-05 22:02:43 - INFO - Current Result:
2024-08-05 22:02:43 - INFO - \Hit5: 18.1332	MRR5: 10.6780	Recall5: 18.1332	Precision5: 3.6266
2024-08-05 22:02:43 - INFO - Best Result:
2024-08-05 22:02:43 - INFO - 	Hit5: 18.6146	MRR5: 10.9347	Recall5: 18.6146	Precision5: 3.7229	Epoch: 14, 22, 14, 14
2024-08-05 22:02:43 - INFO - Current Result:
2024-08-05 22:02:43 - INFO - \Hit10: 24.4450	MRR10: 11.5171	Recall10: 24.4450	Precision10: 2.4445
2024-08-05 22:02:43 - INFO - Best Result:
2024-08-05 22:02:43 - INFO - 	Hit10: 25.2206	MRR10: 11.7956	Recall10: 25.2206	Precision10: 2.5221	Epoch: 14, 22, 14, 14
2024-08-05 22:02:43 - INFO - Current Result:
2024-08-05 22:02:43 - INFO - \Hit15: 28.7243	MRR15: 11.8604	Recall15: 28.7243	Precision15: 1.9150
2024-08-05 22:02:43 - INFO - Best Result:
2024-08-05 22:02:43 - INFO - 	Hit15: 29.0987	MRR15: 12.1199	Recall15: 29.0987	Precision15: 1.9399	Epoch: 14, 22, 14, 14
2024-08-05 22:02:43 - INFO - Current Result:
2024-08-05 22:02:43 - INFO - \Hit20: 32.0407	MRR20: 12.0468	Recall20: 32.0407	Precision20: 1.6020
2024-08-05 22:02:43 - INFO - Best Result:
2024-08-05 22:02:43 - INFO - 	Hit20: 32.2011	MRR20: 12.3022	Recall20: 32.2011	Precision20: 1.6101	Epoch: 15, 22, 15, 15
2024-08-05 22:02:43 - INFO - EPOCH:44
2024-08-05 22:02:43 - INFO - Time:2024/08/05 22:02:43
2024-08-05 22:03:22 - INFO - loss: 422.0038146972656; rec_loss: 422.0038146972656; intent_loss: 0.0005741439526900649 
2024-08-05 22:03:22 - INFO - Current Result:
2024-08-05 22:03:22 - INFO - \Hit5: 18.1332	MRR5: 10.6780	Recall5: 18.1332	Precision5: 3.6266
2024-08-05 22:03:22 - INFO - Best Result:
2024-08-05 22:03:22 - INFO - 	Hit5: 18.6146	MRR5: 10.9347	Recall5: 18.6146	Precision5: 3.7229	Epoch: 14, 22, 14, 14
2024-08-05 22:03:22 - INFO - Current Result:
2024-08-05 22:03:22 - INFO - \Hit10: 24.4450	MRR10: 11.5176	Recall10: 24.4450	Precision10: 2.4445
2024-08-05 22:03:22 - INFO - Best Result:
2024-08-05 22:03:22 - INFO - 	Hit10: 25.2206	MRR10: 11.7956	Recall10: 25.2206	Precision10: 2.5221	Epoch: 14, 22, 14, 14
2024-08-05 22:03:22 - INFO - Current Result:
2024-08-05 22:03:22 - INFO - \Hit15: 28.7243	MRR15: 11.8609	Recall15: 28.7243	Precision15: 1.9150
2024-08-05 22:03:22 - INFO - Best Result:
2024-08-05 22:03:22 - INFO - 	Hit15: 29.0987	MRR15: 12.1199	Recall15: 29.0987	Precision15: 1.9399	Epoch: 14, 22, 14, 14
2024-08-05 22:03:22 - INFO - Current Result:
2024-08-05 22:03:22 - INFO - \Hit20: 32.0407	MRR20: 12.0473	Recall20: 32.0407	Precision20: 1.6020
2024-08-05 22:03:22 - INFO - Best Result:
2024-08-05 22:03:22 - INFO - 	Hit20: 32.2011	MRR20: 12.3022	Recall20: 32.2011	Precision20: 1.6101	Epoch: 15, 22, 15, 15
2024-08-05 22:03:22 - INFO - EPOCH:45
2024-08-05 22:03:22 - INFO - Time:2024/08/05 22:03:22
2024-08-05 22:04:00 - INFO - loss: 419.66619873046875; rec_loss: 419.66619873046875; intent_loss: 0.0005741439526900649 
2024-08-05 22:04:00 - INFO - Current Result:
2024-08-05 22:04:00 - INFO - \Hit5: 18.1332	MRR5: 10.6780	Recall5: 18.1332	Precision5: 3.6266
2024-08-05 22:04:00 - INFO - Best Result:
2024-08-05 22:04:00 - INFO - 	Hit5: 18.6146	MRR5: 10.9347	Recall5: 18.6146	Precision5: 3.7229	Epoch: 14, 22, 14, 14
2024-08-05 22:04:00 - INFO - Current Result:
2024-08-05 22:04:00 - INFO - \Hit10: 24.4450	MRR10: 11.5176	Recall10: 24.4450	Precision10: 2.4445
2024-08-05 22:04:00 - INFO - Best Result:
2024-08-05 22:04:00 - INFO - 	Hit10: 25.2206	MRR10: 11.7956	Recall10: 25.2206	Precision10: 2.5221	Epoch: 14, 22, 14, 14
2024-08-05 22:04:00 - INFO - Current Result:
2024-08-05 22:04:00 - INFO - \Hit15: 28.7243	MRR15: 11.8609	Recall15: 28.7243	Precision15: 1.9150
2024-08-05 22:04:00 - INFO - Best Result:
2024-08-05 22:04:00 - INFO - 	Hit15: 29.0987	MRR15: 12.1199	Recall15: 29.0987	Precision15: 1.9399	Epoch: 14, 22, 14, 14
2024-08-05 22:04:00 - INFO - Current Result:
2024-08-05 22:04:00 - INFO - \Hit20: 32.0407	MRR20: 12.0473	Recall20: 32.0407	Precision20: 1.6020
2024-08-05 22:04:00 - INFO - Best Result:
2024-08-05 22:04:00 - INFO - 	Hit20: 32.2011	MRR20: 12.3022	Recall20: 32.2011	Precision20: 1.6101	Epoch: 15, 22, 15, 15
2024-08-05 22:04:00 - INFO - EPOCH:46
2024-08-05 22:04:00 - INFO - Time:2024/08/05 22:04:00
2024-08-05 22:04:39 - INFO - loss: 422.7488098144531; rec_loss: 422.7488098144531; intent_loss: 0.0005741439526900649 
2024-08-05 22:04:39 - INFO - Current Result:
2024-08-05 22:04:39 - INFO - \Hit5: 18.1332	MRR5: 10.6780	Recall5: 18.1332	Precision5: 3.6266
2024-08-05 22:04:39 - INFO - Best Result:
2024-08-05 22:04:39 - INFO - 	Hit5: 18.6146	MRR5: 10.9347	Recall5: 18.6146	Precision5: 3.7229	Epoch: 14, 22, 14, 14
2024-08-05 22:04:39 - INFO - Current Result:
2024-08-05 22:04:39 - INFO - \Hit10: 24.4450	MRR10: 11.5176	Recall10: 24.4450	Precision10: 2.4445
2024-08-05 22:04:39 - INFO - Best Result:
2024-08-05 22:04:39 - INFO - 	Hit10: 25.2206	MRR10: 11.7956	Recall10: 25.2206	Precision10: 2.5221	Epoch: 14, 22, 14, 14
2024-08-05 22:04:39 - INFO - Current Result:
2024-08-05 22:04:39 - INFO - \Hit15: 28.7243	MRR15: 11.8609	Recall15: 28.7243	Precision15: 1.9150
2024-08-05 22:04:39 - INFO - Best Result:
2024-08-05 22:04:39 - INFO - 	Hit15: 29.0987	MRR15: 12.1199	Recall15: 29.0987	Precision15: 1.9399	Epoch: 14, 22, 14, 14
2024-08-05 22:04:39 - INFO - Current Result:
2024-08-05 22:04:39 - INFO - \Hit20: 32.0407	MRR20: 12.0473	Recall20: 32.0407	Precision20: 1.6020
2024-08-05 22:04:39 - INFO - Best Result:
2024-08-05 22:04:39 - INFO - 	Hit20: 32.2011	MRR20: 12.3022	Recall20: 32.2011	Precision20: 1.6101	Epoch: 15, 22, 15, 15
2024-08-05 22:04:39 - INFO - EPOCH:47
2024-08-05 22:04:39 - INFO - Time:2024/08/05 22:04:39
2024-08-05 22:05:00 - INFO - loss: 419.96099853515625; rec_loss: 419.96099853515625; intent_loss: 0.0005741439526900649 
2024-08-05 22:05:00 - INFO - Current Result:
2024-08-05 22:05:00 - INFO - \Hit5: 18.1332	MRR5: 10.6780	Recall5: 18.1332	Precision5: 3.6266
2024-08-05 22:05:00 - INFO - Best Result:
2024-08-05 22:05:00 - INFO - 	Hit5: 18.6146	MRR5: 10.9347	Recall5: 18.6146	Precision5: 3.7229	Epoch: 14, 22, 14, 14
2024-08-05 22:05:00 - INFO - Current Result:
2024-08-05 22:05:00 - INFO - \Hit10: 24.4450	MRR10: 11.5176	Recall10: 24.4450	Precision10: 2.4445
2024-08-05 22:05:00 - INFO - Best Result:
2024-08-05 22:05:00 - INFO - 	Hit10: 25.2206	MRR10: 11.7956	Recall10: 25.2206	Precision10: 2.5221	Epoch: 14, 22, 14, 14
2024-08-05 22:05:00 - INFO - Current Result:
2024-08-05 22:05:00 - INFO - \Hit15: 28.7243	MRR15: 11.8609	Recall15: 28.7243	Precision15: 1.9150
2024-08-05 22:05:00 - INFO - Best Result:
2024-08-05 22:05:00 - INFO - 	Hit15: 29.0987	MRR15: 12.1199	Recall15: 29.0987	Precision15: 1.9399	Epoch: 14, 22, 14, 14
2024-08-05 22:05:00 - INFO - Current Result:
2024-08-05 22:05:00 - INFO - \Hit20: 32.0407	MRR20: 12.0473	Recall20: 32.0407	Precision20: 1.6020
2024-08-05 22:05:00 - INFO - Best Result:
2024-08-05 22:05:00 - INFO - 	Hit20: 32.2011	MRR20: 12.3022	Recall20: 32.2011	Precision20: 1.6101	Epoch: 15, 22, 15, 15
2024-08-05 22:05:00 - INFO - EPOCH:48
2024-08-05 22:05:00 - INFO - Time:2024/08/05 22:05:00
2024-08-05 22:05:21 - INFO - loss: 418.5602722167969; rec_loss: 418.5602722167969; intent_loss: 0.0005741439526900649 
2024-08-05 22:05:21 - INFO - Current Result:
2024-08-05 22:05:21 - INFO - \Hit5: 18.1332	MRR5: 10.6780	Recall5: 18.1332	Precision5: 3.6266
2024-08-05 22:05:21 - INFO - Best Result:
2024-08-05 22:05:21 - INFO - 	Hit5: 18.6146	MRR5: 10.9347	Recall5: 18.6146	Precision5: 3.7229	Epoch: 14, 22, 14, 14
2024-08-05 22:05:21 - INFO - Current Result:
2024-08-05 22:05:21 - INFO - \Hit10: 24.4450	MRR10: 11.5176	Recall10: 24.4450	Precision10: 2.4445
2024-08-05 22:05:21 - INFO - Best Result:
2024-08-05 22:05:21 - INFO - 	Hit10: 25.2206	MRR10: 11.7956	Recall10: 25.2206	Precision10: 2.5221	Epoch: 14, 22, 14, 14
2024-08-05 22:05:21 - INFO - Current Result:
2024-08-05 22:05:21 - INFO - \Hit15: 28.7243	MRR15: 11.8609	Recall15: 28.7243	Precision15: 1.9150
2024-08-05 22:05:21 - INFO - Best Result:
2024-08-05 22:05:21 - INFO - 	Hit15: 29.0987	MRR15: 12.1199	Recall15: 29.0987	Precision15: 1.9399	Epoch: 14, 22, 14, 14
2024-08-05 22:05:21 - INFO - Current Result:
2024-08-05 22:05:21 - INFO - \Hit20: 32.0407	MRR20: 12.0473	Recall20: 32.0407	Precision20: 1.6020
2024-08-05 22:05:21 - INFO - Best Result:
2024-08-05 22:05:21 - INFO - 	Hit20: 32.2011	MRR20: 12.3022	Recall20: 32.2011	Precision20: 1.6101	Epoch: 15, 22, 15, 15
2024-08-05 22:05:21 - INFO - EPOCH:49
2024-08-05 22:05:21 - INFO - Time:2024/08/05 22:05:21
2024-08-05 22:05:48 - INFO - loss: 420.1007995605469; rec_loss: 420.1007995605469; intent_loss: 0.0005741439526900649 
2024-08-05 22:05:48 - INFO - Current Result:
2024-08-05 22:05:48 - INFO - \Hit5: 18.1332	MRR5: 10.6780	Recall5: 18.1332	Precision5: 3.6266
2024-08-05 22:05:48 - INFO - Best Result:
2024-08-05 22:05:48 - INFO - 	Hit5: 18.6146	MRR5: 10.9347	Recall5: 18.6146	Precision5: 3.7229	Epoch: 14, 22, 14, 14
2024-08-05 22:05:48 - INFO - Current Result:
2024-08-05 22:05:48 - INFO - \Hit10: 24.4450	MRR10: 11.5176	Recall10: 24.4450	Precision10: 2.4445
2024-08-05 22:05:48 - INFO - Best Result:
2024-08-05 22:05:48 - INFO - 	Hit10: 25.2206	MRR10: 11.7956	Recall10: 25.2206	Precision10: 2.5221	Epoch: 14, 22, 14, 14
2024-08-05 22:05:48 - INFO - Current Result:
2024-08-05 22:05:48 - INFO - \Hit15: 28.7243	MRR15: 11.8609	Recall15: 28.7243	Precision15: 1.9150
2024-08-05 22:05:48 - INFO - Best Result:
2024-08-05 22:05:48 - INFO - 	Hit15: 29.0987	MRR15: 12.1199	Recall15: 29.0987	Precision15: 1.9399	Epoch: 14, 22, 14, 14
2024-08-05 22:05:48 - INFO - Current Result:
2024-08-05 22:05:48 - INFO - \Hit20: 32.0407	MRR20: 12.0473	Recall20: 32.0407	Precision20: 1.6020
2024-08-05 22:05:48 - INFO - Best Result:
2024-08-05 22:05:48 - INFO - 	Hit20: 32.2011	MRR20: 12.3022	Recall20: 32.2011	Precision20: 1.6101	Epoch: 15, 22, 15, 15
2024-08-05 22:05:48 - INFO - -------------------------------------------------------
2024-08-05 22:05:48 - INFO - Run time: 2158.515682 s
