2024-08-05 21:28:24 - INFO - *******start1***********
2024-08-05 21:28:24 - INFO - start time: 2024-08-05 21:28:24
2024-08-05 21:28:24 - INFO - 文本内容 + 文本处理方式:title_vecs.npy
2024-08-05 21:28:24 - INFO - >>SEED:2024
2024-08-05 21:28:24 - INFO - ===========config================
2024-08-05 21:28:24 - INFO - model:Intent_UniGCNII
2024-08-05 21:28:24 - INFO - if_gcn:False
2024-08-05 21:28:24 - INFO - dataset:acm
2024-08-05 21:28:24 - INFO - gpu:0
2024-08-05 21:28:24 - INFO - Disentangle:True
2024-08-05 21:28:24 - INFO - Intent factors:7
2024-08-05 21:28:24 - INFO - journal vec:True
2024-08-05 21:28:24 - INFO - title vec:True
2024-08-05 21:28:24 - INFO - Test Topks[5, 10, 15, 20]:
2024-08-05 21:28:24 - INFO - hiddenSize:448
2024-08-05 21:28:24 - INFO - n_factor:7
2024-08-05 21:28:24 - INFO - lr:0.005
2024-08-05 21:28:24 - INFO - batch_size:512
2024-08-05 21:28:24 - INFO - lamda_1:0.85
2024-08-05 21:28:24 - INFO - if co_show:False
2024-08-05 21:28:24 - INFO - if citation:True
2024-08-05 21:28:24 - INFO - integrate_model:transformer
2024-08-05 21:28:24 - INFO - select relative paper for intent:0.4
2024-08-05 21:28:24 - INFO - Hidden number for GNN:256
2024-08-05 21:28:24 - INFO - aux loss weight:1e-05
2024-08-05 21:28:24 - INFO - ===========end===================
2024-08-05 21:28:28 - INFO - EPOCH:0
2024-08-05 21:28:28 - INFO - Time:2024/08/05 21:28:28
2024-08-05 21:28:54 - INFO - loss: 269.9985656738281; rec_loss: 269.9985656738281; intent_loss: 0.000539288972504437 
2024-08-05 21:28:54 - INFO - Current Result:
2024-08-05 21:28:54 - INFO - \Hit5: 7.8363	MRR5: 4.6969	Recall5: 7.8363	Precision5: 1.5673
2024-08-05 21:28:54 - INFO - Best Result:
2024-08-05 21:28:54 - INFO - 	Hit5: 7.8363	MRR5: 4.6969	Recall5: 7.8363	Precision5: 1.5673	Epoch: 0, 0, 0, 0
2024-08-05 21:28:54 - INFO - Current Result:
2024-08-05 21:28:54 - INFO - \Hit10: 10.8318	MRR10: 5.0835	Recall10: 10.8318	Precision10: 1.0832
2024-08-05 21:28:54 - INFO - Best Result:
2024-08-05 21:28:54 - INFO - 	Hit10: 10.8318	MRR10: 5.0835	Recall10: 10.8318	Precision10: 1.0832	Epoch: 0, 0, 0, 0
2024-08-05 21:28:54 - INFO - Current Result:
2024-08-05 21:28:54 - INFO - \Hit15: 12.6237	MRR15: 5.2278	Recall15: 12.6237	Precision15: 0.8416
2024-08-05 21:28:54 - INFO - Best Result:
2024-08-05 21:28:54 - INFO - 	Hit15: 12.6237	MRR15: 5.2278	Recall15: 12.6237	Precision15: 0.8416	Epoch: 0, 0, 0, 0
2024-08-05 21:28:54 - INFO - Current Result:
2024-08-05 21:28:54 - INFO - \Hit20: 14.3889	MRR20: 5.3278	Recall20: 14.3889	Precision20: 0.7194
2024-08-05 21:28:54 - INFO - Best Result:
2024-08-05 21:28:54 - INFO - 	Hit20: 14.3889	MRR20: 5.3278	Recall20: 14.3889	Precision20: 0.7194	Epoch: 0, 0, 0, 0
2024-08-05 21:28:54 - INFO - EPOCH:1
2024-08-05 21:28:54 - INFO - Time:2024/08/05 21:28:54
2024-08-05 21:29:19 - INFO - loss: 211.81494140625; rec_loss: 211.81494140625; intent_loss: 0.0004594895872287452 
2024-08-05 21:29:19 - INFO - Current Result:
2024-08-05 21:29:19 - INFO - \Hit5: 14.1749	MRR5: 9.0287	Recall5: 14.1749	Precision5: 2.8350
2024-08-05 21:29:19 - INFO - Best Result:
2024-08-05 21:29:19 - INFO - 	Hit5: 14.1749	MRR5: 9.0287	Recall5: 14.1749	Precision5: 2.8350	Epoch: 1, 1, 1, 1
2024-08-05 21:29:19 - INFO - Current Result:
2024-08-05 21:29:19 - INFO - \Hit10: 18.1867	MRR10: 9.5584	Recall10: 18.1867	Precision10: 1.8187
2024-08-05 21:29:19 - INFO - Best Result:
2024-08-05 21:29:19 - INFO - 	Hit10: 18.1867	MRR10: 9.5584	Recall10: 18.1867	Precision10: 1.8187	Epoch: 1, 1, 1, 1
2024-08-05 21:29:19 - INFO - Current Result:
2024-08-05 21:29:19 - INFO - \Hit15: 21.7438	MRR15: 9.8406	Recall15: 21.7438	Precision15: 1.4496
2024-08-05 21:29:19 - INFO - Best Result:
2024-08-05 21:29:19 - INFO - 	Hit15: 21.7438	MRR15: 9.8406	Recall15: 21.7438	Precision15: 1.4496	Epoch: 1, 1, 1, 1
2024-08-05 21:29:19 - INFO - Current Result:
2024-08-05 21:29:19 - INFO - \Hit20: 23.9369	MRR20: 9.9635	Recall20: 23.9369	Precision20: 1.1968
2024-08-05 21:29:19 - INFO - Best Result:
2024-08-05 21:29:19 - INFO - 	Hit20: 23.9369	MRR20: 9.9635	Recall20: 23.9369	Precision20: 1.1968	Epoch: 1, 1, 1, 1
2024-08-05 21:29:19 - INFO - EPOCH:2
2024-08-05 21:29:19 - INFO - Time:2024/08/05 21:29:19
2024-08-05 21:29:45 - INFO - loss: 166.8536834716797; rec_loss: 166.8536834716797; intent_loss: 0.00044665837776847184 
2024-08-05 21:29:45 - INFO - Current Result:
2024-08-05 21:29:45 - INFO - \Hit5: 19.5507	MRR5: 12.6932	Recall5: 19.5507	Precision5: 3.9101
2024-08-05 21:29:45 - INFO - Best Result:
2024-08-05 21:29:45 - INFO - 	Hit5: 19.5507	MRR5: 12.6932	Recall5: 19.5507	Precision5: 3.9101	Epoch: 2, 2, 2, 2
2024-08-05 21:29:45 - INFO - Current Result:
2024-08-05 21:29:45 - INFO - \Hit10: 24.8730	MRR10: 13.4056	Recall10: 24.8730	Precision10: 2.4873
2024-08-05 21:29:45 - INFO - Best Result:
2024-08-05 21:29:45 - INFO - 	Hit10: 24.8730	MRR10: 13.4056	Recall10: 24.8730	Precision10: 2.4873	Epoch: 2, 2, 2, 2
2024-08-05 21:29:45 - INFO - Current Result:
2024-08-05 21:29:45 - INFO - \Hit15: 28.4033	MRR15: 13.6827	Recall15: 28.4033	Precision15: 1.8936
2024-08-05 21:29:45 - INFO - Best Result:
2024-08-05 21:29:45 - INFO - 	Hit15: 28.4033	MRR15: 13.6827	Recall15: 28.4033	Precision15: 1.8936	Epoch: 2, 2, 2, 2
2024-08-05 21:29:45 - INFO - Current Result:
2024-08-05 21:29:45 - INFO - \Hit20: 31.6930	MRR20: 13.8667	Recall20: 31.6930	Precision20: 1.5846
2024-08-05 21:29:45 - INFO - Best Result:
2024-08-05 21:29:45 - INFO - 	Hit20: 31.6930	MRR20: 13.8667	Recall20: 31.6930	Precision20: 1.5846	Epoch: 2, 2, 2, 2
2024-08-05 21:29:45 - INFO - EPOCH:3
2024-08-05 21:29:45 - INFO - Time:2024/08/05 21:29:45
2024-08-05 21:30:27 - INFO - loss: 121.02024841308594; rec_loss: 121.02024841308594; intent_loss: 0.0004484189848881215 
2024-08-05 21:30:27 - INFO - Current Result:
2024-08-05 21:30:27 - INFO - \Hit5: 21.1554	MRR5: 13.4666	Recall5: 21.1554	Precision5: 4.2311
2024-08-05 21:30:27 - INFO - Best Result:
2024-08-05 21:30:27 - INFO - 	Hit5: 21.1554	MRR5: 13.4666	Recall5: 21.1554	Precision5: 4.2311	Epoch: 3, 3, 3, 3
2024-08-05 21:30:27 - INFO - Current Result:
2024-08-05 21:30:27 - INFO - \Hit10: 27.7614	MRR10: 14.3538	Recall10: 27.7614	Precision10: 2.7761
2024-08-05 21:30:27 - INFO - Best Result:
2024-08-05 21:30:27 - INFO - 	Hit10: 27.7614	MRR10: 14.3538	Recall10: 27.7614	Precision10: 2.7761	Epoch: 3, 3, 3, 3
2024-08-05 21:30:27 - INFO - Current Result:
2024-08-05 21:30:27 - INFO - \Hit15: 31.2918	MRR15: 14.6311	Recall15: 31.2918	Precision15: 2.0861
2024-08-05 21:30:27 - INFO - Best Result:
2024-08-05 21:30:27 - INFO - 	Hit15: 31.2918	MRR15: 14.6311	Recall15: 31.2918	Precision15: 2.0861	Epoch: 3, 3, 3, 3
2024-08-05 21:30:27 - INFO - Current Result:
2024-08-05 21:30:27 - INFO - \Hit20: 33.7523	MRR20: 14.7682	Recall20: 33.7523	Precision20: 1.6876
2024-08-05 21:30:27 - INFO - Best Result:
2024-08-05 21:30:27 - INFO - 	Hit20: 33.7523	MRR20: 14.7682	Recall20: 33.7523	Precision20: 1.6876	Epoch: 3, 3, 3, 3
2024-08-05 21:30:27 - INFO - EPOCH:4
2024-08-05 21:30:27 - INFO - Time:2024/08/05 21:30:27
2024-08-05 21:31:22 - INFO - loss: 79.55947875976562; rec_loss: 79.55947875976562; intent_loss: 0.00038283003959804773 
2024-08-05 21:31:22 - INFO - Current Result:
2024-08-05 21:31:22 - INFO - \Hit5: 21.5566	MRR5: 13.5023	Recall5: 21.5566	Precision5: 4.3113
2024-08-05 21:31:22 - INFO - Best Result:
2024-08-05 21:31:22 - INFO - 	Hit5: 21.5566	MRR5: 13.5023	Recall5: 21.5566	Precision5: 4.3113	Epoch: 4, 4, 4, 4
2024-08-05 21:31:22 - INFO - Current Result:
2024-08-05 21:31:22 - INFO - \Hit10: 27.7079	MRR10: 14.3305	Recall10: 27.7079	Precision10: 2.7708
2024-08-05 21:31:22 - INFO - Best Result:
2024-08-05 21:31:22 - INFO - 	Hit10: 27.7614	MRR10: 14.3538	Recall10: 27.7614	Precision10: 2.7761	Epoch: 3, 3, 3, 3
2024-08-05 21:31:22 - INFO - Current Result:
2024-08-05 21:31:22 - INFO - \Hit15: 31.7999	MRR15: 14.6470	Recall15: 31.7999	Precision15: 2.1200
2024-08-05 21:31:22 - INFO - Best Result:
2024-08-05 21:31:22 - INFO - 	Hit15: 31.7999	MRR15: 14.6470	Recall15: 31.7999	Precision15: 2.1200	Epoch: 4, 4, 4, 4
2024-08-05 21:31:22 - INFO - Current Result:
2024-08-05 21:31:22 - INFO - \Hit20: 34.5012	MRR20: 14.7998	Recall20: 34.5012	Precision20: 1.7251
2024-08-05 21:31:22 - INFO - Best Result:
2024-08-05 21:31:22 - INFO - 	Hit20: 34.5012	MRR20: 14.7998	Recall20: 34.5012	Precision20: 1.7251	Epoch: 4, 4, 4, 4
2024-08-05 21:31:22 - INFO - EPOCH:5
2024-08-05 21:31:22 - INFO - Time:2024/08/05 21:31:22
2024-08-05 21:32:11 - INFO - loss: 40.3099365234375; rec_loss: 40.3099365234375; intent_loss: 0.00035915864282287657 
2024-08-05 21:32:11 - INFO - Current Result:
2024-08-05 21:32:11 - INFO - \Hit5: 23.6694	MRR5: 15.5371	Recall5: 23.6694	Precision5: 4.7339
2024-08-05 21:32:11 - INFO - Best Result:
2024-08-05 21:32:11 - INFO - 	Hit5: 23.6694	MRR5: 15.5371	Recall5: 23.6694	Precision5: 4.7339	Epoch: 5, 5, 5, 5
2024-08-05 21:32:11 - INFO - Current Result:
2024-08-05 21:32:11 - INFO - \Hit10: 30.7034	MRR10: 16.4760	Recall10: 30.7034	Precision10: 3.0703
2024-08-05 21:32:11 - INFO - Best Result:
2024-08-05 21:32:11 - INFO - 	Hit10: 30.7034	MRR10: 16.4760	Recall10: 30.7034	Precision10: 3.0703	Epoch: 5, 5, 5, 5
2024-08-05 21:32:11 - INFO - Current Result:
2024-08-05 21:32:11 - INFO - \Hit15: 34.5814	MRR15: 16.7891	Recall15: 34.5814	Precision15: 2.3054
2024-08-05 21:32:11 - INFO - Best Result:
2024-08-05 21:32:11 - INFO - 	Hit15: 34.5814	MRR15: 16.7891	Recall15: 34.5814	Precision15: 2.3054	Epoch: 5, 5, 5, 5
2024-08-05 21:32:11 - INFO - Current Result:
2024-08-05 21:32:11 - INFO - \Hit20: 36.9350	MRR20: 16.9202	Recall20: 36.9350	Precision20: 1.8468
2024-08-05 21:32:11 - INFO - Best Result:
2024-08-05 21:32:11 - INFO - 	Hit20: 36.9350	MRR20: 16.9202	Recall20: 36.9350	Precision20: 1.8468	Epoch: 5, 5, 5, 5
2024-08-05 21:32:11 - INFO - EPOCH:6
2024-08-05 21:32:11 - INFO - Time:2024/08/05 21:32:11
2024-08-05 21:33:04 - INFO - loss: 29.435035705566406; rec_loss: 29.435035705566406; intent_loss: 0.0003682884853333235 
2024-08-05 21:33:04 - INFO - Current Result:
2024-08-05 21:33:04 - INFO - \Hit5: 24.2578	MRR5: 15.8567	Recall5: 24.2578	Precision5: 4.8516
2024-08-05 21:33:04 - INFO - Best Result:
2024-08-05 21:33:04 - INFO - 	Hit5: 24.2578	MRR5: 15.8567	Recall5: 24.2578	Precision5: 4.8516	Epoch: 6, 6, 6, 6
2024-08-05 21:33:04 - INFO - Current Result:
2024-08-05 21:33:04 - INFO - \Hit10: 31.3453	MRR10: 16.7918	Recall10: 31.3453	Precision10: 3.1345
2024-08-05 21:33:04 - INFO - Best Result:
2024-08-05 21:33:04 - INFO - 	Hit10: 31.3453	MRR10: 16.7918	Recall10: 31.3453	Precision10: 3.1345	Epoch: 6, 6, 6, 6
2024-08-05 21:33:04 - INFO - Current Result:
2024-08-05 21:33:04 - INFO - \Hit15: 35.4908	MRR15: 17.1213	Recall15: 35.4908	Precision15: 2.3661
2024-08-05 21:33:04 - INFO - Best Result:
2024-08-05 21:33:04 - INFO - 	Hit15: 35.4908	MRR15: 17.1213	Recall15: 35.4908	Precision15: 2.3661	Epoch: 6, 6, 6, 6
2024-08-05 21:33:04 - INFO - Current Result:
2024-08-05 21:33:04 - INFO - \Hit20: 37.8443	MRR20: 17.2526	Recall20: 37.8443	Precision20: 1.8922
2024-08-05 21:33:04 - INFO - Best Result:
2024-08-05 21:33:04 - INFO - 	Hit20: 37.8443	MRR20: 17.2526	Recall20: 37.8443	Precision20: 1.8922	Epoch: 6, 6, 6, 6
2024-08-05 21:33:04 - INFO - EPOCH:7
2024-08-05 21:33:04 - INFO - Time:2024/08/05 21:33:04
2024-08-05 21:33:52 - INFO - loss: 24.37259292602539; rec_loss: 24.37259292602539; intent_loss: 0.0003690386947710067 
2024-08-05 21:33:52 - INFO - Current Result:
2024-08-05 21:33:52 - INFO - \Hit5: 23.7497	MRR5: 15.6290	Recall5: 23.7497	Precision5: 4.7499
2024-08-05 21:33:52 - INFO - Best Result:
2024-08-05 21:33:52 - INFO - 	Hit5: 24.2578	MRR5: 15.8567	Recall5: 24.2578	Precision5: 4.8516	Epoch: 6, 6, 6, 6
2024-08-05 21:33:52 - INFO - Current Result:
2024-08-05 21:33:52 - INFO - \Hit10: 31.0511	MRR10: 16.5886	Recall10: 31.0511	Precision10: 3.1051
2024-08-05 21:33:52 - INFO - Best Result:
2024-08-05 21:33:52 - INFO - 	Hit10: 31.3453	MRR10: 16.7918	Recall10: 31.3453	Precision10: 3.1345	Epoch: 6, 6, 6, 6
2024-08-05 21:33:52 - INFO - Current Result:
2024-08-05 21:33:52 - INFO - \Hit15: 35.1698	MRR15: 16.9088	Recall15: 35.1698	Precision15: 2.3447
2024-08-05 21:33:52 - INFO - Best Result:
2024-08-05 21:33:52 - INFO - 	Hit15: 35.4908	MRR15: 17.1213	Recall15: 35.4908	Precision15: 2.3661	Epoch: 6, 6, 6, 6
2024-08-05 21:33:52 - INFO - Current Result:
2024-08-05 21:33:52 - INFO - \Hit20: 37.7641	MRR20: 17.0557	Recall20: 37.7641	Precision20: 1.8882
2024-08-05 21:33:52 - INFO - Best Result:
2024-08-05 21:33:52 - INFO - 	Hit20: 37.8443	MRR20: 17.2526	Recall20: 37.8443	Precision20: 1.8922	Epoch: 6, 6, 6, 6
2024-08-05 21:33:52 - INFO - EPOCH:8
2024-08-05 21:33:52 - INFO - Time:2024/08/05 21:33:52
2024-08-05 21:34:46 - INFO - loss: 21.018070220947266; rec_loss: 21.018070220947266; intent_loss: 0.0003601613570936024 
2024-08-05 21:34:46 - INFO - Current Result:
2024-08-05 21:34:46 - INFO - \Hit5: 23.5357	MRR5: 15.2679	Recall5: 23.5357	Precision5: 4.7071
2024-08-05 21:34:46 - INFO - Best Result:
2024-08-05 21:34:46 - INFO - 	Hit5: 24.2578	MRR5: 15.8567	Recall5: 24.2578	Precision5: 4.8516	Epoch: 6, 6, 6, 6
2024-08-05 21:34:46 - INFO - Current Result:
2024-08-05 21:34:46 - INFO - \Hit10: 31.0243	MRR10: 16.2677	Recall10: 31.0243	Precision10: 3.1024
2024-08-05 21:34:46 - INFO - Best Result:
2024-08-05 21:34:46 - INFO - 	Hit10: 31.3453	MRR10: 16.7918	Recall10: 31.3453	Precision10: 3.1345	Epoch: 6, 6, 6, 6
2024-08-05 21:34:46 - INFO - Current Result:
2024-08-05 21:34:46 - INFO - \Hit15: 34.9291	MRR15: 16.5743	Recall15: 34.9291	Precision15: 2.3286
2024-08-05 21:34:46 - INFO - Best Result:
2024-08-05 21:34:46 - INFO - 	Hit15: 35.4908	MRR15: 17.1213	Recall15: 35.4908	Precision15: 2.3661	Epoch: 6, 6, 6, 6
2024-08-05 21:34:46 - INFO - Current Result:
2024-08-05 21:34:46 - INFO - \Hit20: 37.7106	MRR20: 16.7315	Recall20: 37.7106	Precision20: 1.8855
2024-08-05 21:34:46 - INFO - Best Result:
2024-08-05 21:34:46 - INFO - 	Hit20: 37.8443	MRR20: 17.2526	Recall20: 37.8443	Precision20: 1.8922	Epoch: 6, 6, 6, 6
2024-08-05 21:34:46 - INFO - EPOCH:9
2024-08-05 21:34:46 - INFO - Time:2024/08/05 21:34:46
2024-08-05 21:35:35 - INFO - loss: 18.13912582397461; rec_loss: 18.13912582397461; intent_loss: 0.0003569279215298593 
2024-08-05 21:35:35 - INFO - Current Result:
2024-08-05 21:35:35 - INFO - \Hit5: 23.7229	MRR5: 15.3477	Recall5: 23.7229	Precision5: 4.7446
2024-08-05 21:35:35 - INFO - Best Result:
2024-08-05 21:35:35 - INFO - 	Hit5: 24.2578	MRR5: 15.8567	Recall5: 24.2578	Precision5: 4.8516	Epoch: 6, 6, 6, 6
2024-08-05 21:35:35 - INFO - Current Result:
2024-08-05 21:35:35 - INFO - \Hit10: 30.3557	MRR10: 16.2320	Recall10: 30.3557	Precision10: 3.0356
2024-08-05 21:35:35 - INFO - Best Result:
2024-08-05 21:35:35 - INFO - 	Hit10: 31.3453	MRR10: 16.7918	Recall10: 31.3453	Precision10: 3.1345	Epoch: 6, 6, 6, 6
2024-08-05 21:35:35 - INFO - Current Result:
2024-08-05 21:35:35 - INFO - \Hit15: 34.8489	MRR15: 16.5887	Recall15: 34.8489	Precision15: 2.3233
2024-08-05 21:35:35 - INFO - Best Result:
2024-08-05 21:35:35 - INFO - 	Hit15: 35.4908	MRR15: 17.1213	Recall15: 35.4908	Precision15: 2.3661	Epoch: 6, 6, 6, 6
2024-08-05 21:35:35 - INFO - Current Result:
2024-08-05 21:35:35 - INFO - \Hit20: 37.7374	MRR20: 16.7525	Recall20: 37.7374	Precision20: 1.8869
2024-08-05 21:35:35 - INFO - Best Result:
2024-08-05 21:35:35 - INFO - 	Hit20: 37.8443	MRR20: 17.2526	Recall20: 37.8443	Precision20: 1.8922	Epoch: 6, 6, 6, 6
2024-08-05 21:35:35 - INFO - EPOCH:10
2024-08-05 21:35:35 - INFO - Time:2024/08/05 21:35:35
2024-08-05 21:36:22 - INFO - loss: 14.374104499816895; rec_loss: 14.374104499816895; intent_loss: 0.00035527770523913205 
2024-08-05 21:36:22 - INFO - Current Result:
2024-08-05 21:36:22 - INFO - \Hit5: 23.8299	MRR5: 15.6784	Recall5: 23.8299	Precision5: 4.7660
2024-08-05 21:36:22 - INFO - Best Result:
2024-08-05 21:36:22 - INFO - 	Hit5: 24.2578	MRR5: 15.8567	Recall5: 24.2578	Precision5: 4.8516	Epoch: 6, 6, 6, 6
2024-08-05 21:36:22 - INFO - Current Result:
2024-08-05 21:36:22 - INFO - \Hit10: 30.8104	MRR10: 16.6036	Recall10: 30.8104	Precision10: 3.0810
2024-08-05 21:36:22 - INFO - Best Result:
2024-08-05 21:36:22 - INFO - 	Hit10: 31.3453	MRR10: 16.7918	Recall10: 31.3453	Precision10: 3.1345	Epoch: 6, 6, 6, 6
2024-08-05 21:36:22 - INFO - Current Result:
2024-08-05 21:36:22 - INFO - \Hit15: 35.0361	MRR15: 16.9372	Recall15: 35.0361	Precision15: 2.3357
2024-08-05 21:36:22 - INFO - Best Result:
2024-08-05 21:36:22 - INFO - 	Hit15: 35.4908	MRR15: 17.1213	Recall15: 35.4908	Precision15: 2.3661	Epoch: 6, 6, 6, 6
2024-08-05 21:36:22 - INFO - Current Result:
2024-08-05 21:36:22 - INFO - \Hit20: 37.9513	MRR20: 17.1012	Recall20: 37.9513	Precision20: 1.8976
2024-08-05 21:36:22 - INFO - Best Result:
2024-08-05 21:36:22 - INFO - 	Hit20: 37.9513	MRR20: 17.2526	Recall20: 37.9513	Precision20: 1.8976	Epoch: 10, 6, 10, 10
2024-08-05 21:36:22 - INFO - EPOCH:11
2024-08-05 21:36:22 - INFO - Time:2024/08/05 21:36:22
2024-08-05 21:37:10 - INFO - loss: 13.622841835021973; rec_loss: 13.622841835021973; intent_loss: 0.0003547116357367486 
2024-08-05 21:37:10 - INFO - Current Result:
2024-08-05 21:37:10 - INFO - \Hit5: 23.8566	MRR5: 15.6624	Recall5: 23.8566	Precision5: 4.7713
2024-08-05 21:37:10 - INFO - Best Result:
2024-08-05 21:37:10 - INFO - 	Hit5: 24.2578	MRR5: 15.8567	Recall5: 24.2578	Precision5: 4.8516	Epoch: 6, 6, 6, 6
2024-08-05 21:37:10 - INFO - Current Result:
2024-08-05 21:37:10 - INFO - \Hit10: 30.5697	MRR10: 16.5563	Recall10: 30.5697	Precision10: 3.0570
2024-08-05 21:37:10 - INFO - Best Result:
2024-08-05 21:37:10 - INFO - 	Hit10: 31.3453	MRR10: 16.7918	Recall10: 31.3453	Precision10: 3.1345	Epoch: 6, 6, 6, 6
2024-08-05 21:37:10 - INFO - Current Result:
2024-08-05 21:37:10 - INFO - \Hit15: 35.0361	MRR15: 16.9116	Recall15: 35.0361	Precision15: 2.3357
2024-08-05 21:37:10 - INFO - Best Result:
2024-08-05 21:37:10 - INFO - 	Hit15: 35.4908	MRR15: 17.1213	Recall15: 35.4908	Precision15: 2.3661	Epoch: 6, 6, 6, 6
2024-08-05 21:37:10 - INFO - Current Result:
2024-08-05 21:37:10 - INFO - \Hit20: 37.7374	MRR20: 17.0626	Recall20: 37.7374	Precision20: 1.8869
2024-08-05 21:37:10 - INFO - Best Result:
2024-08-05 21:37:10 - INFO - 	Hit20: 37.9513	MRR20: 17.2526	Recall20: 37.9513	Precision20: 1.8976	Epoch: 10, 6, 10, 10
2024-08-05 21:37:10 - INFO - EPOCH:12
2024-08-05 21:37:10 - INFO - Time:2024/08/05 21:37:10
2024-08-05 21:37:54 - INFO - loss: 13.153779029846191; rec_loss: 13.153779029846191; intent_loss: 0.0003544311039149761 
2024-08-05 21:37:54 - INFO - Current Result:
2024-08-05 21:37:54 - INFO - \Hit5: 23.8032	MRR5: 15.6909	Recall5: 23.8032	Precision5: 4.7606
2024-08-05 21:37:54 - INFO - Best Result:
2024-08-05 21:37:54 - INFO - 	Hit5: 24.2578	MRR5: 15.8567	Recall5: 24.2578	Precision5: 4.8516	Epoch: 6, 6, 6, 6
2024-08-05 21:37:54 - INFO - Current Result:
2024-08-05 21:37:54 - INFO - \Hit10: 30.7034	MRR10: 16.6132	Recall10: 30.7034	Precision10: 3.0703
2024-08-05 21:37:54 - INFO - Best Result:
2024-08-05 21:37:54 - INFO - 	Hit10: 31.3453	MRR10: 16.7918	Recall10: 31.3453	Precision10: 3.1345	Epoch: 6, 6, 6, 6
2024-08-05 21:37:54 - INFO - Current Result:
2024-08-05 21:37:54 - INFO - \Hit15: 34.9559	MRR15: 16.9518	Recall15: 34.9559	Precision15: 2.3304
2024-08-05 21:37:54 - INFO - Best Result:
2024-08-05 21:37:54 - INFO - 	Hit15: 35.4908	MRR15: 17.1213	Recall15: 35.4908	Precision15: 2.3661	Epoch: 6, 6, 6, 6
2024-08-05 21:37:54 - INFO - Current Result:
2024-08-05 21:37:54 - INFO - \Hit20: 37.8711	MRR20: 17.1146	Recall20: 37.8711	Precision20: 1.8936
2024-08-05 21:37:54 - INFO - Best Result:
2024-08-05 21:37:54 - INFO - 	Hit20: 37.9513	MRR20: 17.2526	Recall20: 37.9513	Precision20: 1.8976	Epoch: 10, 6, 10, 10
2024-08-05 21:37:54 - INFO - EPOCH:13
2024-08-05 21:37:54 - INFO - Time:2024/08/05 21:37:54
2024-08-05 21:38:44 - INFO - loss: 12.774867057800293; rec_loss: 12.774867057800293; intent_loss: 0.0003548380918800831 
2024-08-05 21:38:44 - INFO - Current Result:
2024-08-05 21:38:44 - INFO - \Hit5: 23.7497	MRR5: 15.6356	Recall5: 23.7497	Precision5: 4.7499
2024-08-05 21:38:44 - INFO - Best Result:
2024-08-05 21:38:44 - INFO - 	Hit5: 24.2578	MRR5: 15.8567	Recall5: 24.2578	Precision5: 4.8516	Epoch: 6, 6, 6, 6
2024-08-05 21:38:44 - INFO - Current Result:
2024-08-05 21:38:44 - INFO - \Hit10: 30.8371	MRR10: 16.5809	Recall10: 30.8371	Precision10: 3.0837
2024-08-05 21:38:44 - INFO - Best Result:
2024-08-05 21:38:44 - INFO - 	Hit10: 31.3453	MRR10: 16.7918	Recall10: 31.3453	Precision10: 3.1345	Epoch: 6, 6, 6, 6
2024-08-05 21:38:44 - INFO - Current Result:
2024-08-05 21:38:44 - INFO - \Hit15: 34.8756	MRR15: 16.9013	Recall15: 34.8756	Precision15: 2.3250
2024-08-05 21:38:44 - INFO - Best Result:
2024-08-05 21:38:44 - INFO - 	Hit15: 35.4908	MRR15: 17.1213	Recall15: 35.4908	Precision15: 2.3661	Epoch: 6, 6, 6, 6
2024-08-05 21:38:44 - INFO - Current Result:
2024-08-05 21:38:44 - INFO - \Hit20: 37.7374	MRR20: 17.0626	Recall20: 37.7374	Precision20: 1.8869
2024-08-05 21:38:44 - INFO - Best Result:
2024-08-05 21:38:44 - INFO - 	Hit20: 37.9513	MRR20: 17.2526	Recall20: 37.9513	Precision20: 1.8976	Epoch: 10, 6, 10, 10
2024-08-05 21:38:44 - INFO - EPOCH:14
2024-08-05 21:38:44 - INFO - Time:2024/08/05 21:38:44
2024-08-05 21:39:37 - INFO - loss: 12.346701622009277; rec_loss: 12.346701622009277; intent_loss: 0.000354360236087814 
2024-08-05 21:39:37 - INFO - Current Result:
2024-08-05 21:39:37 - INFO - \Hit5: 23.9904	MRR5: 15.6098	Recall5: 23.9904	Precision5: 4.7981
2024-08-05 21:39:37 - INFO - Best Result:
2024-08-05 21:39:37 - INFO - 	Hit5: 24.2578	MRR5: 15.8567	Recall5: 24.2578	Precision5: 4.8516	Epoch: 6, 6, 6, 6
2024-08-05 21:39:37 - INFO - Current Result:
2024-08-05 21:39:37 - INFO - \Hit10: 30.6499	MRR10: 16.4919	Recall10: 30.6499	Precision10: 3.0650
2024-08-05 21:39:37 - INFO - Best Result:
2024-08-05 21:39:37 - INFO - 	Hit10: 31.3453	MRR10: 16.7918	Recall10: 31.3453	Precision10: 3.1345	Epoch: 6, 6, 6, 6
2024-08-05 21:39:37 - INFO - Current Result:
2024-08-05 21:39:37 - INFO - \Hit15: 34.8489	MRR15: 16.8243	Recall15: 34.8489	Precision15: 2.3233
2024-08-05 21:39:37 - INFO - Best Result:
2024-08-05 21:39:37 - INFO - 	Hit15: 35.4908	MRR15: 17.1213	Recall15: 35.4908	Precision15: 2.3661	Epoch: 6, 6, 6, 6
2024-08-05 21:39:37 - INFO - Current Result:
2024-08-05 21:39:37 - INFO - \Hit20: 37.6839	MRR20: 16.9833	Recall20: 37.6839	Precision20: 1.8842
2024-08-05 21:39:37 - INFO - Best Result:
2024-08-05 21:39:37 - INFO - 	Hit20: 37.9513	MRR20: 17.2526	Recall20: 37.9513	Precision20: 1.8976	Epoch: 10, 6, 10, 10
2024-08-05 21:39:37 - INFO - EPOCH:15
2024-08-05 21:39:37 - INFO - Time:2024/08/05 21:39:37
2024-08-05 21:40:29 - INFO - loss: 11.772937774658203; rec_loss: 11.772937774658203; intent_loss: 0.00035413948353379965 
2024-08-05 21:40:29 - INFO - Current Result:
2024-08-05 21:40:29 - INFO - \Hit5: 23.9636	MRR5: 15.5777	Recall5: 23.9636	Precision5: 4.7927
2024-08-05 21:40:29 - INFO - Best Result:
2024-08-05 21:40:29 - INFO - 	Hit5: 24.2578	MRR5: 15.8567	Recall5: 24.2578	Precision5: 4.8516	Epoch: 6, 6, 6, 6
2024-08-05 21:40:29 - INFO - Current Result:
2024-08-05 21:40:29 - INFO - \Hit10: 30.6499	MRR10: 16.4658	Recall10: 30.6499	Precision10: 3.0650
2024-08-05 21:40:29 - INFO - Best Result:
2024-08-05 21:40:29 - INFO - 	Hit10: 31.3453	MRR10: 16.7918	Recall10: 31.3453	Precision10: 3.1345	Epoch: 6, 6, 6, 6
2024-08-05 21:40:29 - INFO - Current Result:
2024-08-05 21:40:29 - INFO - \Hit15: 34.9559	MRR15: 16.8064	Recall15: 34.9559	Precision15: 2.3304
2024-08-05 21:40:29 - INFO - Best Result:
2024-08-05 21:40:29 - INFO - 	Hit15: 35.4908	MRR15: 17.1213	Recall15: 35.4908	Precision15: 2.3661	Epoch: 6, 6, 6, 6
2024-08-05 21:40:29 - INFO - Current Result:
2024-08-05 21:40:29 - INFO - \Hit20: 37.7106	MRR20: 16.9601	Recall20: 37.7106	Precision20: 1.8855
2024-08-05 21:40:29 - INFO - Best Result:
2024-08-05 21:40:29 - INFO - 	Hit20: 37.9513	MRR20: 17.2526	Recall20: 37.9513	Precision20: 1.8976	Epoch: 10, 6, 10, 10
2024-08-05 21:40:29 - INFO - EPOCH:16
2024-08-05 21:40:29 - INFO - Time:2024/08/05 21:40:29
2024-08-05 21:41:20 - INFO - loss: 11.7142915725708; rec_loss: 11.7142915725708; intent_loss: 0.00035419483901932836 
2024-08-05 21:41:21 - INFO - Current Result:
2024-08-05 21:41:21 - INFO - \Hit5: 24.1241	MRR5: 15.6642	Recall5: 24.1241	Precision5: 4.8248
2024-08-05 21:41:21 - INFO - Best Result:
2024-08-05 21:41:21 - INFO - 	Hit5: 24.2578	MRR5: 15.8567	Recall5: 24.2578	Precision5: 4.8516	Epoch: 6, 6, 6, 6
2024-08-05 21:41:21 - INFO - Current Result:
2024-08-05 21:41:21 - INFO - \Hit10: 30.6767	MRR10: 16.5273	Recall10: 30.6767	Precision10: 3.0677
2024-08-05 21:41:21 - INFO - Best Result:
2024-08-05 21:41:21 - INFO - 	Hit10: 31.3453	MRR10: 16.7918	Recall10: 31.3453	Precision10: 3.1345	Epoch: 6, 6, 6, 6
2024-08-05 21:41:21 - INFO - Current Result:
2024-08-05 21:41:21 - INFO - \Hit15: 34.9024	MRR15: 16.8638	Recall15: 34.9024	Precision15: 2.3268
2024-08-05 21:41:21 - INFO - Best Result:
2024-08-05 21:41:21 - INFO - 	Hit15: 35.4908	MRR15: 17.1213	Recall15: 35.4908	Precision15: 2.3661	Epoch: 6, 6, 6, 6
2024-08-05 21:41:21 - INFO - Current Result:
2024-08-05 21:41:21 - INFO - \Hit20: 37.7106	MRR20: 17.0218	Recall20: 37.7106	Precision20: 1.8855
2024-08-05 21:41:21 - INFO - Best Result:
2024-08-05 21:41:21 - INFO - 	Hit20: 37.9513	MRR20: 17.2526	Recall20: 37.9513	Precision20: 1.8976	Epoch: 10, 6, 10, 10
2024-08-05 21:41:21 - INFO - EPOCH:17
2024-08-05 21:41:21 - INFO - Time:2024/08/05 21:41:21
2024-08-05 21:42:03 - INFO - loss: 11.694796562194824; rec_loss: 11.694796562194824; intent_loss: 0.00035433657467365265 
2024-08-05 21:42:03 - INFO - Current Result:
2024-08-05 21:42:03 - INFO - \Hit5: 24.0439	MRR5: 15.6281	Recall5: 24.0439	Precision5: 4.8088
2024-08-05 21:42:03 - INFO - Best Result:
2024-08-05 21:42:03 - INFO - 	Hit5: 24.2578	MRR5: 15.8567	Recall5: 24.2578	Precision5: 4.8516	Epoch: 6, 6, 6, 6
2024-08-05 21:42:03 - INFO - Current Result:
2024-08-05 21:42:03 - INFO - \Hit10: 30.7034	MRR10: 16.5090	Recall10: 30.7034	Precision10: 3.0703
2024-08-05 21:42:03 - INFO - Best Result:
2024-08-05 21:42:03 - INFO - 	Hit10: 31.3453	MRR10: 16.7918	Recall10: 31.3453	Precision10: 3.1345	Epoch: 6, 6, 6, 6
2024-08-05 21:42:03 - INFO - Current Result:
2024-08-05 21:42:03 - INFO - \Hit15: 34.8221	MRR15: 16.8363	Recall15: 34.8221	Precision15: 2.3215
2024-08-05 21:42:03 - INFO - Best Result:
2024-08-05 21:42:03 - INFO - 	Hit15: 35.4908	MRR15: 17.1213	Recall15: 35.4908	Precision15: 2.3661	Epoch: 6, 6, 6, 6
2024-08-05 21:42:03 - INFO - Current Result:
2024-08-05 21:42:03 - INFO - \Hit20: 37.7374	MRR20: 17.0001	Recall20: 37.7374	Precision20: 1.8869
2024-08-05 21:42:03 - INFO - Best Result:
2024-08-05 21:42:03 - INFO - 	Hit20: 37.9513	MRR20: 17.2526	Recall20: 37.9513	Precision20: 1.8976	Epoch: 10, 6, 10, 10
2024-08-05 21:42:03 - INFO - EPOCH:18
2024-08-05 21:42:03 - INFO - Time:2024/08/05 21:42:03
2024-08-05 21:42:47 - INFO - loss: 11.531350135803223; rec_loss: 11.531350135803223; intent_loss: 0.00035433421726338565 
2024-08-05 21:42:47 - INFO - Current Result:
2024-08-05 21:42:47 - INFO - \Hit5: 24.0706	MRR5: 15.6490	Recall5: 24.0706	Precision5: 4.8141
2024-08-05 21:42:47 - INFO - Best Result:
2024-08-05 21:42:47 - INFO - 	Hit5: 24.2578	MRR5: 15.8567	Recall5: 24.2578	Precision5: 4.8516	Epoch: 6, 6, 6, 6
2024-08-05 21:42:47 - INFO - Current Result:
2024-08-05 21:42:47 - INFO - \Hit10: 30.5964	MRR10: 16.5136	Recall10: 30.5964	Precision10: 3.0596
2024-08-05 21:42:47 - INFO - Best Result:
2024-08-05 21:42:47 - INFO - 	Hit10: 31.3453	MRR10: 16.7918	Recall10: 31.3453	Precision10: 3.1345	Epoch: 6, 6, 6, 6
2024-08-05 21:42:47 - INFO - Current Result:
2024-08-05 21:42:47 - INFO - \Hit15: 34.9024	MRR15: 16.8571	Recall15: 34.9024	Precision15: 2.3268
2024-08-05 21:42:47 - INFO - Best Result:
2024-08-05 21:42:47 - INFO - 	Hit15: 35.4908	MRR15: 17.1213	Recall15: 35.4908	Precision15: 2.3661	Epoch: 6, 6, 6, 6
2024-08-05 21:42:47 - INFO - Current Result:
2024-08-05 21:42:47 - INFO - \Hit20: 37.7106	MRR20: 17.0146	Recall20: 37.7106	Precision20: 1.8855
2024-08-05 21:42:47 - INFO - Best Result:
2024-08-05 21:42:47 - INFO - 	Hit20: 37.9513	MRR20: 17.2526	Recall20: 37.9513	Precision20: 1.8976	Epoch: 10, 6, 10, 10
2024-08-05 21:42:47 - INFO - EPOCH:19
2024-08-05 21:42:47 - INFO - Time:2024/08/05 21:42:47
2024-08-05 21:43:29 - INFO - loss: 11.578437805175781; rec_loss: 11.578437805175781; intent_loss: 0.0003542907361406833 
2024-08-05 21:43:29 - INFO - Current Result:
2024-08-05 21:43:29 - INFO - \Hit5: 24.1241	MRR5: 15.6820	Recall5: 24.1241	Precision5: 4.8248
2024-08-05 21:43:29 - INFO - Best Result:
2024-08-05 21:43:29 - INFO - 	Hit5: 24.2578	MRR5: 15.8567	Recall5: 24.2578	Precision5: 4.8516	Epoch: 6, 6, 6, 6
2024-08-05 21:43:29 - INFO - Current Result:
2024-08-05 21:43:29 - INFO - \Hit10: 30.5964	MRR10: 16.5373	Recall10: 30.5964	Precision10: 3.0596
2024-08-05 21:43:29 - INFO - Best Result:
2024-08-05 21:43:29 - INFO - 	Hit10: 31.3453	MRR10: 16.7918	Recall10: 31.3453	Precision10: 3.1345	Epoch: 6, 6, 6, 6
2024-08-05 21:43:29 - INFO - Current Result:
2024-08-05 21:43:29 - INFO - \Hit15: 34.7687	MRR15: 16.8716	Recall15: 34.7687	Precision15: 2.3179
2024-08-05 21:43:29 - INFO - Best Result:
2024-08-05 21:43:29 - INFO - 	Hit15: 35.4908	MRR15: 17.1213	Recall15: 35.4908	Precision15: 2.3661	Epoch: 6, 6, 6, 6
2024-08-05 21:43:29 - INFO - Current Result:
2024-08-05 21:43:29 - INFO - \Hit20: 37.6839	MRR20: 17.0360	Recall20: 37.6839	Precision20: 1.8842
2024-08-05 21:43:29 - INFO - Best Result:
2024-08-05 21:43:29 - INFO - 	Hit20: 37.9513	MRR20: 17.2526	Recall20: 37.9513	Precision20: 1.8976	Epoch: 10, 6, 10, 10
2024-08-05 21:43:29 - INFO - EPOCH:20
2024-08-05 21:43:29 - INFO - Time:2024/08/05 21:43:29
2024-08-05 21:44:08 - INFO - loss: 11.357759475708008; rec_loss: 11.357759475708008; intent_loss: 0.00035424463567323983 
2024-08-05 21:44:08 - INFO - Current Result:
2024-08-05 21:44:08 - INFO - \Hit5: 24.0974	MRR5: 15.6544	Recall5: 24.0974	Precision5: 4.8195
2024-08-05 21:44:08 - INFO - Best Result:
2024-08-05 21:44:08 - INFO - 	Hit5: 24.2578	MRR5: 15.8567	Recall5: 24.2578	Precision5: 4.8516	Epoch: 6, 6, 6, 6
2024-08-05 21:44:08 - INFO - Current Result:
2024-08-05 21:44:08 - INFO - \Hit10: 30.5964	MRR10: 16.5143	Recall10: 30.5964	Precision10: 3.0596
2024-08-05 21:44:08 - INFO - Best Result:
2024-08-05 21:44:08 - INFO - 	Hit10: 31.3453	MRR10: 16.7918	Recall10: 31.3453	Precision10: 3.1345	Epoch: 6, 6, 6, 6
2024-08-05 21:44:08 - INFO - Current Result:
2024-08-05 21:44:08 - INFO - \Hit15: 34.7954	MRR15: 16.8504	Recall15: 34.7954	Precision15: 2.3197
2024-08-05 21:44:08 - INFO - Best Result:
2024-08-05 21:44:08 - INFO - 	Hit15: 35.4908	MRR15: 17.1213	Recall15: 35.4908	Precision15: 2.3661	Epoch: 6, 6, 6, 6
2024-08-05 21:44:08 - INFO - Current Result:
2024-08-05 21:44:08 - INFO - \Hit20: 37.7374	MRR20: 17.0154	Recall20: 37.7374	Precision20: 1.8869
2024-08-05 21:44:08 - INFO - Best Result:
2024-08-05 21:44:08 - INFO - 	Hit20: 37.9513	MRR20: 17.2526	Recall20: 37.9513	Precision20: 1.8976	Epoch: 10, 6, 10, 10
2024-08-05 21:44:08 - INFO - EPOCH:21
2024-08-05 21:44:08 - INFO - Time:2024/08/05 21:44:08
2024-08-05 21:44:50 - INFO - loss: 11.42114543914795; rec_loss: 11.42114543914795; intent_loss: 0.0003542520571500063 
2024-08-05 21:44:50 - INFO - Current Result:
2024-08-05 21:44:50 - INFO - \Hit5: 24.0974	MRR5: 15.6499	Recall5: 24.0974	Precision5: 4.8195
2024-08-05 21:44:50 - INFO - Best Result:
2024-08-05 21:44:50 - INFO - 	Hit5: 24.2578	MRR5: 15.8567	Recall5: 24.2578	Precision5: 4.8516	Epoch: 6, 6, 6, 6
2024-08-05 21:44:50 - INFO - Current Result:
2024-08-05 21:44:50 - INFO - \Hit10: 30.5697	MRR10: 16.5062	Recall10: 30.5697	Precision10: 3.0570
2024-08-05 21:44:50 - INFO - Best Result:
2024-08-05 21:44:50 - INFO - 	Hit10: 31.3453	MRR10: 16.7918	Recall10: 31.3453	Precision10: 3.1345	Epoch: 6, 6, 6, 6
2024-08-05 21:44:50 - INFO - Current Result:
2024-08-05 21:44:50 - INFO - \Hit15: 34.7954	MRR15: 16.8447	Recall15: 34.7954	Precision15: 2.3197
2024-08-05 21:44:50 - INFO - Best Result:
2024-08-05 21:44:50 - INFO - 	Hit15: 35.4908	MRR15: 17.1213	Recall15: 35.4908	Precision15: 2.3661	Epoch: 6, 6, 6, 6
2024-08-05 21:44:50 - INFO - Current Result:
2024-08-05 21:44:50 - INFO - \Hit20: 37.6839	MRR20: 17.0071	Recall20: 37.6839	Precision20: 1.8842
2024-08-05 21:44:50 - INFO - Best Result:
2024-08-05 21:44:50 - INFO - 	Hit20: 37.9513	MRR20: 17.2526	Recall20: 37.9513	Precision20: 1.8976	Epoch: 10, 6, 10, 10
2024-08-05 21:44:50 - INFO - EPOCH:22
2024-08-05 21:44:50 - INFO - Time:2024/08/05 21:44:50
2024-08-05 21:45:32 - INFO - loss: 11.343306541442871; rec_loss: 11.343306541442871; intent_loss: 0.00035422242945060134 
2024-08-05 21:45:32 - INFO - Current Result:
2024-08-05 21:45:32 - INFO - \Hit5: 24.0706	MRR5: 15.6414	Recall5: 24.0706	Precision5: 4.8141
2024-08-05 21:45:32 - INFO - Best Result:
2024-08-05 21:45:32 - INFO - 	Hit5: 24.2578	MRR5: 15.8567	Recall5: 24.2578	Precision5: 4.8516	Epoch: 6, 6, 6, 6
2024-08-05 21:45:32 - INFO - Current Result:
2024-08-05 21:45:32 - INFO - \Hit10: 30.5964	MRR10: 16.5065	Recall10: 30.5964	Precision10: 3.0596
2024-08-05 21:45:32 - INFO - Best Result:
2024-08-05 21:45:32 - INFO - 	Hit10: 31.3453	MRR10: 16.7918	Recall10: 31.3453	Precision10: 3.1345	Epoch: 6, 6, 6, 6
2024-08-05 21:45:32 - INFO - Current Result:
2024-08-05 21:45:32 - INFO - \Hit15: 34.7954	MRR15: 16.8423	Recall15: 34.7954	Precision15: 2.3197
2024-08-05 21:45:32 - INFO - Best Result:
2024-08-05 21:45:32 - INFO - 	Hit15: 35.4908	MRR15: 17.1213	Recall15: 35.4908	Precision15: 2.3661	Epoch: 6, 6, 6, 6
2024-08-05 21:45:32 - INFO - Current Result:
2024-08-05 21:45:32 - INFO - \Hit20: 37.7374	MRR20: 17.0072	Recall20: 37.7374	Precision20: 1.8869
2024-08-05 21:45:32 - INFO - Best Result:
2024-08-05 21:45:32 - INFO - 	Hit20: 37.9513	MRR20: 17.2526	Recall20: 37.9513	Precision20: 1.8976	Epoch: 10, 6, 10, 10
2024-08-05 21:45:32 - INFO - EPOCH:23
2024-08-05 21:45:32 - INFO - Time:2024/08/05 21:45:32
2024-08-05 21:46:12 - INFO - loss: 11.277027130126953; rec_loss: 11.277027130126953; intent_loss: 0.00035420196945779026 
2024-08-05 21:46:12 - INFO - Current Result:
2024-08-05 21:46:12 - INFO - \Hit5: 24.0706	MRR5: 15.6682	Recall5: 24.0706	Precision5: 4.8141
2024-08-05 21:46:12 - INFO - Best Result:
2024-08-05 21:46:12 - INFO - 	Hit5: 24.2578	MRR5: 15.8567	Recall5: 24.2578	Precision5: 4.8516	Epoch: 6, 6, 6, 6
2024-08-05 21:46:12 - INFO - Current Result:
2024-08-05 21:46:12 - INFO - \Hit10: 30.5964	MRR10: 16.5343	Recall10: 30.5964	Precision10: 3.0596
2024-08-05 21:46:12 - INFO - Best Result:
2024-08-05 21:46:12 - INFO - 	Hit10: 31.3453	MRR10: 16.7918	Recall10: 31.3453	Precision10: 3.1345	Epoch: 6, 6, 6, 6
2024-08-05 21:46:12 - INFO - Current Result:
2024-08-05 21:46:12 - INFO - \Hit15: 34.8221	MRR15: 16.8722	Recall15: 34.8221	Precision15: 2.3215
2024-08-05 21:46:12 - INFO - Best Result:
2024-08-05 21:46:12 - INFO - 	Hit15: 35.4908	MRR15: 17.1213	Recall15: 35.4908	Precision15: 2.3661	Epoch: 6, 6, 6, 6
2024-08-05 21:46:12 - INFO - Current Result:
2024-08-05 21:46:12 - INFO - \Hit20: 37.7106	MRR20: 17.0341	Recall20: 37.7106	Precision20: 1.8855
2024-08-05 21:46:12 - INFO - Best Result:
2024-08-05 21:46:12 - INFO - 	Hit20: 37.9513	MRR20: 17.2526	Recall20: 37.9513	Precision20: 1.8976	Epoch: 10, 6, 10, 10
2024-08-05 21:46:12 - INFO - EPOCH:24
2024-08-05 21:46:12 - INFO - Time:2024/08/05 21:46:12
2024-08-05 21:46:53 - INFO - loss: 11.340898513793945; rec_loss: 11.340898513793945; intent_loss: 0.0003541821497492492 
2024-08-05 21:46:53 - INFO - Current Result:
2024-08-05 21:46:53 - INFO - \Hit5: 24.0706	MRR5: 15.6325	Recall5: 24.0706	Precision5: 4.8141
2024-08-05 21:46:53 - INFO - Best Result:
2024-08-05 21:46:53 - INFO - 	Hit5: 24.2578	MRR5: 15.8567	Recall5: 24.2578	Precision5: 4.8516	Epoch: 6, 6, 6, 6
2024-08-05 21:46:53 - INFO - Current Result:
2024-08-05 21:46:53 - INFO - \Hit10: 30.5429	MRR10: 16.4927	Recall10: 30.5429	Precision10: 3.0543
2024-08-05 21:46:53 - INFO - Best Result:
2024-08-05 21:46:53 - INFO - 	Hit10: 31.3453	MRR10: 16.7918	Recall10: 31.3453	Precision10: 3.1345	Epoch: 6, 6, 6, 6
2024-08-05 21:46:53 - INFO - Current Result:
2024-08-05 21:46:53 - INFO - \Hit15: 34.8221	MRR15: 16.8353	Recall15: 34.8221	Precision15: 2.3215
2024-08-05 21:46:53 - INFO - Best Result:
2024-08-05 21:46:53 - INFO - 	Hit15: 35.4908	MRR15: 17.1213	Recall15: 35.4908	Precision15: 2.3661	Epoch: 6, 6, 6, 6
2024-08-05 21:46:53 - INFO - Current Result:
2024-08-05 21:46:53 - INFO - \Hit20: 37.6839	MRR20: 16.9960	Recall20: 37.6839	Precision20: 1.8842
2024-08-05 21:46:53 - INFO - Best Result:
2024-08-05 21:46:53 - INFO - 	Hit20: 37.9513	MRR20: 17.2526	Recall20: 37.9513	Precision20: 1.8976	Epoch: 10, 6, 10, 10
2024-08-05 21:46:53 - INFO - EPOCH:25
2024-08-05 21:46:53 - INFO - Time:2024/08/05 21:46:53
2024-08-05 21:47:34 - INFO - loss: 11.214483261108398; rec_loss: 11.214483261108398; intent_loss: 0.0003541999321896583 
2024-08-05 21:47:35 - INFO - Current Result:
2024-08-05 21:47:35 - INFO - \Hit5: 24.0706	MRR5: 15.6325	Recall5: 24.0706	Precision5: 4.8141
2024-08-05 21:47:35 - INFO - Best Result:
2024-08-05 21:47:35 - INFO - 	Hit5: 24.2578	MRR5: 15.8567	Recall5: 24.2578	Precision5: 4.8516	Epoch: 6, 6, 6, 6
2024-08-05 21:47:35 - INFO - Current Result:
2024-08-05 21:47:35 - INFO - \Hit10: 30.5697	MRR10: 16.4959	Recall10: 30.5697	Precision10: 3.0570
2024-08-05 21:47:35 - INFO - Best Result:
2024-08-05 21:47:35 - INFO - 	Hit10: 31.3453	MRR10: 16.7918	Recall10: 31.3453	Precision10: 3.1345	Epoch: 6, 6, 6, 6
2024-08-05 21:47:35 - INFO - Current Result:
2024-08-05 21:47:35 - INFO - \Hit15: 34.8221	MRR15: 16.8361	Recall15: 34.8221	Precision15: 2.3215
2024-08-05 21:47:35 - INFO - Best Result:
2024-08-05 21:47:35 - INFO - 	Hit15: 35.4908	MRR15: 17.1213	Recall15: 35.4908	Precision15: 2.3661	Epoch: 6, 6, 6, 6
2024-08-05 21:47:35 - INFO - Current Result:
2024-08-05 21:47:35 - INFO - \Hit20: 37.6839	MRR20: 16.9967	Recall20: 37.6839	Precision20: 1.8842
2024-08-05 21:47:35 - INFO - Best Result:
2024-08-05 21:47:35 - INFO - 	Hit20: 37.9513	MRR20: 17.2526	Recall20: 37.9513	Precision20: 1.8976	Epoch: 10, 6, 10, 10
2024-08-05 21:47:35 - INFO - EPOCH:26
2024-08-05 21:47:35 - INFO - Time:2024/08/05 21:47:35
2024-08-05 21:48:12 - INFO - loss: 11.176762580871582; rec_loss: 11.176762580871582; intent_loss: 0.0003541978949215263 
2024-08-05 21:48:12 - INFO - Current Result:
2024-08-05 21:48:12 - INFO - \Hit5: 24.0706	MRR5: 15.6325	Recall5: 24.0706	Precision5: 4.8141
2024-08-05 21:48:12 - INFO - Best Result:
2024-08-05 21:48:12 - INFO - 	Hit5: 24.2578	MRR5: 15.8567	Recall5: 24.2578	Precision5: 4.8516	Epoch: 6, 6, 6, 6
2024-08-05 21:48:12 - INFO - Current Result:
2024-08-05 21:48:12 - INFO - \Hit10: 30.5697	MRR10: 16.4958	Recall10: 30.5697	Precision10: 3.0570
2024-08-05 21:48:12 - INFO - Best Result:
2024-08-05 21:48:12 - INFO - 	Hit10: 31.3453	MRR10: 16.7918	Recall10: 31.3453	Precision10: 3.1345	Epoch: 6, 6, 6, 6
2024-08-05 21:48:12 - INFO - Current Result:
2024-08-05 21:48:12 - INFO - \Hit15: 34.8221	MRR15: 16.8360	Recall15: 34.8221	Precision15: 2.3215
2024-08-05 21:48:12 - INFO - Best Result:
2024-08-05 21:48:12 - INFO - 	Hit15: 35.4908	MRR15: 17.1213	Recall15: 35.4908	Precision15: 2.3661	Epoch: 6, 6, 6, 6
2024-08-05 21:48:12 - INFO - Current Result:
2024-08-05 21:48:12 - INFO - \Hit20: 37.6839	MRR20: 16.9966	Recall20: 37.6839	Precision20: 1.8842
2024-08-05 21:48:12 - INFO - Best Result:
2024-08-05 21:48:12 - INFO - 	Hit20: 37.9513	MRR20: 17.2526	Recall20: 37.9513	Precision20: 1.8976	Epoch: 10, 6, 10, 10
2024-08-05 21:48:12 - INFO - EPOCH:27
2024-08-05 21:48:12 - INFO - Time:2024/08/05 21:48:12
2024-08-05 21:48:51 - INFO - loss: 11.280181884765625; rec_loss: 11.280181884765625; intent_loss: 0.0003542002523317933 
2024-08-05 21:48:51 - INFO - Current Result:
2024-08-05 21:48:51 - INFO - \Hit5: 24.0706	MRR5: 15.6303	Recall5: 24.0706	Precision5: 4.8141
2024-08-05 21:48:51 - INFO - Best Result:
2024-08-05 21:48:51 - INFO - 	Hit5: 24.2578	MRR5: 15.8567	Recall5: 24.2578	Precision5: 4.8516	Epoch: 6, 6, 6, 6
2024-08-05 21:48:51 - INFO - Current Result:
2024-08-05 21:48:51 - INFO - \Hit10: 30.5697	MRR10: 16.4935	Recall10: 30.5697	Precision10: 3.0570
2024-08-05 21:48:51 - INFO - Best Result:
2024-08-05 21:48:51 - INFO - 	Hit10: 31.3453	MRR10: 16.7918	Recall10: 31.3453	Precision10: 3.1345	Epoch: 6, 6, 6, 6
2024-08-05 21:48:51 - INFO - Current Result:
2024-08-05 21:48:51 - INFO - \Hit15: 34.8489	MRR15: 16.8355	Recall15: 34.8489	Precision15: 2.3233
2024-08-05 21:48:51 - INFO - Best Result:
2024-08-05 21:48:51 - INFO - 	Hit15: 35.4908	MRR15: 17.1213	Recall15: 35.4908	Precision15: 2.3661	Epoch: 6, 6, 6, 6
2024-08-05 21:48:51 - INFO - Current Result:
2024-08-05 21:48:51 - INFO - \Hit20: 37.6839	MRR20: 16.9945	Recall20: 37.6839	Precision20: 1.8842
2024-08-05 21:48:51 - INFO - Best Result:
2024-08-05 21:48:51 - INFO - 	Hit20: 37.9513	MRR20: 17.2526	Recall20: 37.9513	Precision20: 1.8976	Epoch: 10, 6, 10, 10
2024-08-05 21:48:51 - INFO - EPOCH:28
2024-08-05 21:48:51 - INFO - Time:2024/08/05 21:48:51
2024-08-05 21:49:30 - INFO - loss: 11.309732437133789; rec_loss: 11.309732437133789; intent_loss: 0.00035419812775216997 
2024-08-05 21:49:30 - INFO - Current Result:
2024-08-05 21:49:30 - INFO - \Hit5: 24.0706	MRR5: 15.6281	Recall5: 24.0706	Precision5: 4.8141
2024-08-05 21:49:30 - INFO - Best Result:
2024-08-05 21:49:30 - INFO - 	Hit5: 24.2578	MRR5: 15.8567	Recall5: 24.2578	Precision5: 4.8516	Epoch: 6, 6, 6, 6
2024-08-05 21:49:30 - INFO - Current Result:
2024-08-05 21:49:30 - INFO - \Hit10: 30.5697	MRR10: 16.4918	Recall10: 30.5697	Precision10: 3.0570
2024-08-05 21:49:30 - INFO - Best Result:
2024-08-05 21:49:30 - INFO - 	Hit10: 31.3453	MRR10: 16.7918	Recall10: 31.3453	Precision10: 3.1345	Epoch: 6, 6, 6, 6
2024-08-05 21:49:30 - INFO - Current Result:
2024-08-05 21:49:30 - INFO - \Hit15: 34.8221	MRR15: 16.8320	Recall15: 34.8221	Precision15: 2.3215
2024-08-05 21:49:30 - INFO - Best Result:
2024-08-05 21:49:30 - INFO - 	Hit15: 35.4908	MRR15: 17.1213	Recall15: 35.4908	Precision15: 2.3661	Epoch: 6, 6, 6, 6
2024-08-05 21:49:30 - INFO - Current Result:
2024-08-05 21:49:30 - INFO - \Hit20: 37.6839	MRR20: 16.9926	Recall20: 37.6839	Precision20: 1.8842
2024-08-05 21:49:30 - INFO - Best Result:
2024-08-05 21:49:30 - INFO - 	Hit20: 37.9513	MRR20: 17.2526	Recall20: 37.9513	Precision20: 1.8976	Epoch: 10, 6, 10, 10
2024-08-05 21:49:30 - INFO - EPOCH:29
2024-08-05 21:49:30 - INFO - Time:2024/08/05 21:49:30
2024-08-05 21:50:12 - INFO - loss: 11.173505783081055; rec_loss: 11.173505783081055; intent_loss: 0.0003542324702721089 
2024-08-05 21:50:13 - INFO - Current Result:
2024-08-05 21:50:13 - INFO - \Hit5: 24.0706	MRR5: 15.6303	Recall5: 24.0706	Precision5: 4.8141
2024-08-05 21:50:13 - INFO - Best Result:
2024-08-05 21:50:13 - INFO - 	Hit5: 24.2578	MRR5: 15.8567	Recall5: 24.2578	Precision5: 4.8516	Epoch: 6, 6, 6, 6
2024-08-05 21:50:13 - INFO - Current Result:
2024-08-05 21:50:13 - INFO - \Hit10: 30.5697	MRR10: 16.4932	Recall10: 30.5697	Precision10: 3.0570
2024-08-05 21:50:13 - INFO - Best Result:
2024-08-05 21:50:13 - INFO - 	Hit10: 31.3453	MRR10: 16.7918	Recall10: 31.3453	Precision10: 3.1345	Epoch: 6, 6, 6, 6
2024-08-05 21:50:13 - INFO - Current Result:
2024-08-05 21:50:13 - INFO - \Hit15: 34.8489	MRR15: 16.8351	Recall15: 34.8489	Precision15: 2.3233
2024-08-05 21:50:13 - INFO - Best Result:
2024-08-05 21:50:13 - INFO - 	Hit15: 35.4908	MRR15: 17.1213	Recall15: 35.4908	Precision15: 2.3661	Epoch: 6, 6, 6, 6
2024-08-05 21:50:13 - INFO - Current Result:
2024-08-05 21:50:13 - INFO - \Hit20: 37.6571	MRR20: 16.9927	Recall20: 37.6571	Precision20: 1.8829
2024-08-05 21:50:13 - INFO - Best Result:
2024-08-05 21:50:13 - INFO - 	Hit20: 37.9513	MRR20: 17.2526	Recall20: 37.9513	Precision20: 1.8976	Epoch: 10, 6, 10, 10
2024-08-05 21:50:13 - INFO - EPOCH:30
2024-08-05 21:50:13 - INFO - Time:2024/08/05 21:50:13
2024-08-05 21:50:57 - INFO - loss: 11.21210765838623; rec_loss: 11.21210765838623; intent_loss: 0.0003542390768416226 
2024-08-05 21:50:57 - INFO - Current Result:
2024-08-05 21:50:57 - INFO - \Hit5: 24.0706	MRR5: 15.6303	Recall5: 24.0706	Precision5: 4.8141
2024-08-05 21:50:57 - INFO - Best Result:
2024-08-05 21:50:57 - INFO - 	Hit5: 24.2578	MRR5: 15.8567	Recall5: 24.2578	Precision5: 4.8516	Epoch: 6, 6, 6, 6
2024-08-05 21:50:57 - INFO - Current Result:
2024-08-05 21:50:57 - INFO - \Hit10: 30.5697	MRR10: 16.4932	Recall10: 30.5697	Precision10: 3.0570
2024-08-05 21:50:57 - INFO - Best Result:
2024-08-05 21:50:57 - INFO - 	Hit10: 31.3453	MRR10: 16.7918	Recall10: 31.3453	Precision10: 3.1345	Epoch: 6, 6, 6, 6
2024-08-05 21:50:57 - INFO - Current Result:
2024-08-05 21:50:57 - INFO - \Hit15: 34.8489	MRR15: 16.8351	Recall15: 34.8489	Precision15: 2.3233
2024-08-05 21:50:57 - INFO - Best Result:
2024-08-05 21:50:57 - INFO - 	Hit15: 35.4908	MRR15: 17.1213	Recall15: 35.4908	Precision15: 2.3661	Epoch: 6, 6, 6, 6
2024-08-05 21:50:57 - INFO - Current Result:
2024-08-05 21:50:57 - INFO - \Hit20: 37.6571	MRR20: 16.9927	Recall20: 37.6571	Precision20: 1.8829
2024-08-05 21:50:57 - INFO - Best Result:
2024-08-05 21:50:57 - INFO - 	Hit20: 37.9513	MRR20: 17.2526	Recall20: 37.9513	Precision20: 1.8976	Epoch: 10, 6, 10, 10
2024-08-05 21:50:57 - INFO - EPOCH:31
2024-08-05 21:50:57 - INFO - Time:2024/08/05 21:50:57
2024-08-05 21:51:42 - INFO - loss: 11.426000595092773; rec_loss: 11.426000595092773; intent_loss: 0.0003542413469403982 
2024-08-05 21:51:42 - INFO - Current Result:
2024-08-05 21:51:42 - INFO - \Hit5: 24.0706	MRR5: 15.6303	Recall5: 24.0706	Precision5: 4.8141
2024-08-05 21:51:42 - INFO - Best Result:
2024-08-05 21:51:42 - INFO - 	Hit5: 24.2578	MRR5: 15.8567	Recall5: 24.2578	Precision5: 4.8516	Epoch: 6, 6, 6, 6
2024-08-05 21:51:42 - INFO - Current Result:
2024-08-05 21:51:42 - INFO - \Hit10: 30.5697	MRR10: 16.4932	Recall10: 30.5697	Precision10: 3.0570
2024-08-05 21:51:42 - INFO - Best Result:
2024-08-05 21:51:42 - INFO - 	Hit10: 31.3453	MRR10: 16.7918	Recall10: 31.3453	Precision10: 3.1345	Epoch: 6, 6, 6, 6
2024-08-05 21:51:42 - INFO - Current Result:
2024-08-05 21:51:42 - INFO - \Hit15: 34.8489	MRR15: 16.8351	Recall15: 34.8489	Precision15: 2.3233
2024-08-05 21:51:42 - INFO - Best Result:
2024-08-05 21:51:42 - INFO - 	Hit15: 35.4908	MRR15: 17.1213	Recall15: 35.4908	Precision15: 2.3661	Epoch: 6, 6, 6, 6
2024-08-05 21:51:42 - INFO - Current Result:
2024-08-05 21:51:42 - INFO - \Hit20: 37.6571	MRR20: 16.9927	Recall20: 37.6571	Precision20: 1.8829
2024-08-05 21:51:42 - INFO - Best Result:
2024-08-05 21:51:42 - INFO - 	Hit20: 37.9513	MRR20: 17.2526	Recall20: 37.9513	Precision20: 1.8976	Epoch: 10, 6, 10, 10
2024-08-05 21:51:42 - INFO - EPOCH:32
2024-08-05 21:51:42 - INFO - Time:2024/08/05 21:51:42
2024-08-05 21:52:25 - INFO - loss: 11.272233963012695; rec_loss: 11.272233963012695; intent_loss: 0.0003542390768416226 
2024-08-05 21:52:25 - INFO - Current Result:
2024-08-05 21:52:25 - INFO - \Hit5: 24.0706	MRR5: 15.6303	Recall5: 24.0706	Precision5: 4.8141
2024-08-05 21:52:25 - INFO - Best Result:
2024-08-05 21:52:25 - INFO - 	Hit5: 24.2578	MRR5: 15.8567	Recall5: 24.2578	Precision5: 4.8516	Epoch: 6, 6, 6, 6
2024-08-05 21:52:25 - INFO - Current Result:
2024-08-05 21:52:25 - INFO - \Hit10: 30.5697	MRR10: 16.4932	Recall10: 30.5697	Precision10: 3.0570
2024-08-05 21:52:25 - INFO - Best Result:
2024-08-05 21:52:25 - INFO - 	Hit10: 31.3453	MRR10: 16.7918	Recall10: 31.3453	Precision10: 3.1345	Epoch: 6, 6, 6, 6
2024-08-05 21:52:25 - INFO - Current Result:
2024-08-05 21:52:25 - INFO - \Hit15: 34.8489	MRR15: 16.8351	Recall15: 34.8489	Precision15: 2.3233
2024-08-05 21:52:25 - INFO - Best Result:
2024-08-05 21:52:25 - INFO - 	Hit15: 35.4908	MRR15: 17.1213	Recall15: 35.4908	Precision15: 2.3661	Epoch: 6, 6, 6, 6
2024-08-05 21:52:25 - INFO - Current Result:
2024-08-05 21:52:25 - INFO - \Hit20: 37.6571	MRR20: 16.9927	Recall20: 37.6571	Precision20: 1.8829
2024-08-05 21:52:25 - INFO - Best Result:
2024-08-05 21:52:25 - INFO - 	Hit20: 37.9513	MRR20: 17.2526	Recall20: 37.9513	Precision20: 1.8976	Epoch: 10, 6, 10, 10
2024-08-05 21:52:25 - INFO - EPOCH:33
2024-08-05 21:52:25 - INFO - Time:2024/08/05 21:52:25
2024-08-05 21:53:10 - INFO - loss: 11.222816467285156; rec_loss: 11.222816467285156; intent_loss: 0.0003542393969837576 
2024-08-05 21:53:10 - INFO - Current Result:
2024-08-05 21:53:10 - INFO - \Hit5: 24.0706	MRR5: 15.6303	Recall5: 24.0706	Precision5: 4.8141
2024-08-05 21:53:10 - INFO - Best Result:
2024-08-05 21:53:10 - INFO - 	Hit5: 24.2578	MRR5: 15.8567	Recall5: 24.2578	Precision5: 4.8516	Epoch: 6, 6, 6, 6
2024-08-05 21:53:10 - INFO - Current Result:
2024-08-05 21:53:10 - INFO - \Hit10: 30.5697	MRR10: 16.4932	Recall10: 30.5697	Precision10: 3.0570
2024-08-05 21:53:10 - INFO - Best Result:
2024-08-05 21:53:10 - INFO - 	Hit10: 31.3453	MRR10: 16.7918	Recall10: 31.3453	Precision10: 3.1345	Epoch: 6, 6, 6, 6
2024-08-05 21:53:10 - INFO - Current Result:
2024-08-05 21:53:10 - INFO - \Hit15: 34.8489	MRR15: 16.8351	Recall15: 34.8489	Precision15: 2.3233
2024-08-05 21:53:10 - INFO - Best Result:
2024-08-05 21:53:10 - INFO - 	Hit15: 35.4908	MRR15: 17.1213	Recall15: 35.4908	Precision15: 2.3661	Epoch: 6, 6, 6, 6
2024-08-05 21:53:10 - INFO - Current Result:
2024-08-05 21:53:10 - INFO - \Hit20: 37.6571	MRR20: 16.9927	Recall20: 37.6571	Precision20: 1.8829
2024-08-05 21:53:10 - INFO - Best Result:
2024-08-05 21:53:10 - INFO - 	Hit20: 37.9513	MRR20: 17.2526	Recall20: 37.9513	Precision20: 1.8976	Epoch: 10, 6, 10, 10
2024-08-05 21:53:10 - INFO - EPOCH:34
2024-08-05 21:53:10 - INFO - Time:2024/08/05 21:53:10
2024-08-05 21:53:54 - INFO - loss: 11.337422370910645; rec_loss: 11.337422370910645; intent_loss: 0.0003542396007105708 
2024-08-05 21:53:54 - INFO - Current Result:
2024-08-05 21:53:54 - INFO - \Hit5: 24.0706	MRR5: 15.6303	Recall5: 24.0706	Precision5: 4.8141
2024-08-05 21:53:54 - INFO - Best Result:
2024-08-05 21:53:54 - INFO - 	Hit5: 24.2578	MRR5: 15.8567	Recall5: 24.2578	Precision5: 4.8516	Epoch: 6, 6, 6, 6
2024-08-05 21:53:54 - INFO - Current Result:
2024-08-05 21:53:54 - INFO - \Hit10: 30.5697	MRR10: 16.4932	Recall10: 30.5697	Precision10: 3.0570
2024-08-05 21:53:54 - INFO - Best Result:
2024-08-05 21:53:54 - INFO - 	Hit10: 31.3453	MRR10: 16.7918	Recall10: 31.3453	Precision10: 3.1345	Epoch: 6, 6, 6, 6
2024-08-05 21:53:54 - INFO - Current Result:
2024-08-05 21:53:54 - INFO - \Hit15: 34.8489	MRR15: 16.8351	Recall15: 34.8489	Precision15: 2.3233
2024-08-05 21:53:54 - INFO - Best Result:
2024-08-05 21:53:54 - INFO - 	Hit15: 35.4908	MRR15: 17.1213	Recall15: 35.4908	Precision15: 2.3661	Epoch: 6, 6, 6, 6
2024-08-05 21:53:54 - INFO - Current Result:
2024-08-05 21:53:54 - INFO - \Hit20: 37.6571	MRR20: 16.9927	Recall20: 37.6571	Precision20: 1.8829
2024-08-05 21:53:54 - INFO - Best Result:
2024-08-05 21:53:54 - INFO - 	Hit20: 37.9513	MRR20: 17.2526	Recall20: 37.9513	Precision20: 1.8976	Epoch: 10, 6, 10, 10
2024-08-05 21:53:54 - INFO - EPOCH:35
2024-08-05 21:53:54 - INFO - Time:2024/08/05 21:53:54
2024-08-05 21:54:37 - INFO - loss: 11.179786682128906; rec_loss: 11.179786682128906; intent_loss: 0.00035423930967226624 
2024-08-05 21:54:37 - INFO - Current Result:
2024-08-05 21:54:37 - INFO - \Hit5: 24.0706	MRR5: 15.6303	Recall5: 24.0706	Precision5: 4.8141
2024-08-05 21:54:37 - INFO - Best Result:
2024-08-05 21:54:37 - INFO - 	Hit5: 24.2578	MRR5: 15.8567	Recall5: 24.2578	Precision5: 4.8516	Epoch: 6, 6, 6, 6
2024-08-05 21:54:37 - INFO - Current Result:
2024-08-05 21:54:37 - INFO - \Hit10: 30.5697	MRR10: 16.4932	Recall10: 30.5697	Precision10: 3.0570
2024-08-05 21:54:37 - INFO - Best Result:
2024-08-05 21:54:37 - INFO - 	Hit10: 31.3453	MRR10: 16.7918	Recall10: 31.3453	Precision10: 3.1345	Epoch: 6, 6, 6, 6
2024-08-05 21:54:37 - INFO - Current Result:
2024-08-05 21:54:37 - INFO - \Hit15: 34.8489	MRR15: 16.8351	Recall15: 34.8489	Precision15: 2.3233
2024-08-05 21:54:37 - INFO - Best Result:
2024-08-05 21:54:37 - INFO - 	Hit15: 35.4908	MRR15: 17.1213	Recall15: 35.4908	Precision15: 2.3661	Epoch: 6, 6, 6, 6
2024-08-05 21:54:37 - INFO - Current Result:
2024-08-05 21:54:37 - INFO - \Hit20: 37.6571	MRR20: 16.9927	Recall20: 37.6571	Precision20: 1.8829
2024-08-05 21:54:37 - INFO - Best Result:
2024-08-05 21:54:37 - INFO - 	Hit20: 37.9513	MRR20: 17.2526	Recall20: 37.9513	Precision20: 1.8976	Epoch: 10, 6, 10, 10
2024-08-05 21:54:37 - INFO - EPOCH:36
2024-08-05 21:54:37 - INFO - Time:2024/08/05 21:54:37
2024-08-05 21:55:23 - INFO - loss: 11.328078269958496; rec_loss: 11.328078269958496; intent_loss: 0.0003542393969837576 
2024-08-05 21:55:24 - INFO - Current Result:
2024-08-05 21:55:24 - INFO - \Hit5: 24.0706	MRR5: 15.6303	Recall5: 24.0706	Precision5: 4.8141
2024-08-05 21:55:24 - INFO - Best Result:
2024-08-05 21:55:24 - INFO - 	Hit5: 24.2578	MRR5: 15.8567	Recall5: 24.2578	Precision5: 4.8516	Epoch: 6, 6, 6, 6
2024-08-05 21:55:24 - INFO - Current Result:
2024-08-05 21:55:24 - INFO - \Hit10: 30.5697	MRR10: 16.4932	Recall10: 30.5697	Precision10: 3.0570
2024-08-05 21:55:24 - INFO - Best Result:
2024-08-05 21:55:24 - INFO - 	Hit10: 31.3453	MRR10: 16.7918	Recall10: 31.3453	Precision10: 3.1345	Epoch: 6, 6, 6, 6
2024-08-05 21:55:24 - INFO - Current Result:
2024-08-05 21:55:24 - INFO - \Hit15: 34.8489	MRR15: 16.8351	Recall15: 34.8489	Precision15: 2.3233
2024-08-05 21:55:24 - INFO - Best Result:
2024-08-05 21:55:24 - INFO - 	Hit15: 35.4908	MRR15: 17.1213	Recall15: 35.4908	Precision15: 2.3661	Epoch: 6, 6, 6, 6
2024-08-05 21:55:24 - INFO - Current Result:
2024-08-05 21:55:24 - INFO - \Hit20: 37.6571	MRR20: 16.9927	Recall20: 37.6571	Precision20: 1.8829
2024-08-05 21:55:24 - INFO - Best Result:
2024-08-05 21:55:24 - INFO - 	Hit20: 37.9513	MRR20: 17.2526	Recall20: 37.9513	Precision20: 1.8976	Epoch: 10, 6, 10, 10
2024-08-05 21:55:24 - INFO - EPOCH:37
2024-08-05 21:55:24 - INFO - Time:2024/08/05 21:55:24
2024-08-05 21:56:03 - INFO - loss: 11.221961975097656; rec_loss: 11.221961975097656; intent_loss: 0.0003542393969837576 
2024-08-05 21:56:03 - INFO - Current Result:
2024-08-05 21:56:03 - INFO - \Hit5: 24.0706	MRR5: 15.6303	Recall5: 24.0706	Precision5: 4.8141
2024-08-05 21:56:03 - INFO - Best Result:
2024-08-05 21:56:03 - INFO - 	Hit5: 24.2578	MRR5: 15.8567	Recall5: 24.2578	Precision5: 4.8516	Epoch: 6, 6, 6, 6
2024-08-05 21:56:03 - INFO - Current Result:
2024-08-05 21:56:03 - INFO - \Hit10: 30.5697	MRR10: 16.4932	Recall10: 30.5697	Precision10: 3.0570
2024-08-05 21:56:03 - INFO - Best Result:
2024-08-05 21:56:03 - INFO - 	Hit10: 31.3453	MRR10: 16.7918	Recall10: 31.3453	Precision10: 3.1345	Epoch: 6, 6, 6, 6
2024-08-05 21:56:03 - INFO - Current Result:
2024-08-05 21:56:03 - INFO - \Hit15: 34.8489	MRR15: 16.8351	Recall15: 34.8489	Precision15: 2.3233
2024-08-05 21:56:03 - INFO - Best Result:
2024-08-05 21:56:03 - INFO - 	Hit15: 35.4908	MRR15: 17.1213	Recall15: 35.4908	Precision15: 2.3661	Epoch: 6, 6, 6, 6
2024-08-05 21:56:03 - INFO - Current Result:
2024-08-05 21:56:03 - INFO - \Hit20: 37.6571	MRR20: 16.9927	Recall20: 37.6571	Precision20: 1.8829
2024-08-05 21:56:03 - INFO - Best Result:
2024-08-05 21:56:03 - INFO - 	Hit20: 37.9513	MRR20: 17.2526	Recall20: 37.9513	Precision20: 1.8976	Epoch: 10, 6, 10, 10
2024-08-05 21:56:03 - INFO - EPOCH:38
2024-08-05 21:56:03 - INFO - Time:2024/08/05 21:56:03
2024-08-05 21:56:44 - INFO - loss: 11.214475631713867; rec_loss: 11.214475631713867; intent_loss: 0.00035423945519141853 
2024-08-05 21:56:44 - INFO - Current Result:
2024-08-05 21:56:44 - INFO - \Hit5: 24.0706	MRR5: 15.6303	Recall5: 24.0706	Precision5: 4.8141
2024-08-05 21:56:44 - INFO - Best Result:
2024-08-05 21:56:44 - INFO - 	Hit5: 24.2578	MRR5: 15.8567	Recall5: 24.2578	Precision5: 4.8516	Epoch: 6, 6, 6, 6
2024-08-05 21:56:44 - INFO - Current Result:
2024-08-05 21:56:44 - INFO - \Hit10: 30.5697	MRR10: 16.4932	Recall10: 30.5697	Precision10: 3.0570
2024-08-05 21:56:44 - INFO - Best Result:
2024-08-05 21:56:44 - INFO - 	Hit10: 31.3453	MRR10: 16.7918	Recall10: 31.3453	Precision10: 3.1345	Epoch: 6, 6, 6, 6
2024-08-05 21:56:44 - INFO - Current Result:
2024-08-05 21:56:44 - INFO - \Hit15: 34.8489	MRR15: 16.8351	Recall15: 34.8489	Precision15: 2.3233
2024-08-05 21:56:44 - INFO - Best Result:
2024-08-05 21:56:44 - INFO - 	Hit15: 35.4908	MRR15: 17.1213	Recall15: 35.4908	Precision15: 2.3661	Epoch: 6, 6, 6, 6
2024-08-05 21:56:44 - INFO - Current Result:
2024-08-05 21:56:44 - INFO - \Hit20: 37.6571	MRR20: 16.9927	Recall20: 37.6571	Precision20: 1.8829
2024-08-05 21:56:44 - INFO - Best Result:
2024-08-05 21:56:44 - INFO - 	Hit20: 37.9513	MRR20: 17.2526	Recall20: 37.9513	Precision20: 1.8976	Epoch: 10, 6, 10, 10
2024-08-05 21:56:44 - INFO - EPOCH:39
2024-08-05 21:56:44 - INFO - Time:2024/08/05 21:56:44
2024-08-05 21:57:29 - INFO - loss: 11.361686706542969; rec_loss: 11.361686706542969; intent_loss: 0.00035423951339907944 
2024-08-05 21:57:29 - INFO - Current Result:
2024-08-05 21:57:29 - INFO - \Hit5: 24.0706	MRR5: 15.6303	Recall5: 24.0706	Precision5: 4.8141
2024-08-05 21:57:29 - INFO - Best Result:
2024-08-05 21:57:29 - INFO - 	Hit5: 24.2578	MRR5: 15.8567	Recall5: 24.2578	Precision5: 4.8516	Epoch: 6, 6, 6, 6
2024-08-05 21:57:29 - INFO - Current Result:
2024-08-05 21:57:29 - INFO - \Hit10: 30.5697	MRR10: 16.4932	Recall10: 30.5697	Precision10: 3.0570
2024-08-05 21:57:29 - INFO - Best Result:
2024-08-05 21:57:29 - INFO - 	Hit10: 31.3453	MRR10: 16.7918	Recall10: 31.3453	Precision10: 3.1345	Epoch: 6, 6, 6, 6
2024-08-05 21:57:29 - INFO - Current Result:
2024-08-05 21:57:29 - INFO - \Hit15: 34.8489	MRR15: 16.8351	Recall15: 34.8489	Precision15: 2.3233
2024-08-05 21:57:29 - INFO - Best Result:
2024-08-05 21:57:29 - INFO - 	Hit15: 35.4908	MRR15: 17.1213	Recall15: 35.4908	Precision15: 2.3661	Epoch: 6, 6, 6, 6
2024-08-05 21:57:29 - INFO - Current Result:
2024-08-05 21:57:29 - INFO - \Hit20: 37.6571	MRR20: 16.9927	Recall20: 37.6571	Precision20: 1.8829
2024-08-05 21:57:29 - INFO - Best Result:
2024-08-05 21:57:29 - INFO - 	Hit20: 37.9513	MRR20: 17.2526	Recall20: 37.9513	Precision20: 1.8976	Epoch: 10, 6, 10, 10
2024-08-05 21:57:29 - INFO - EPOCH:40
2024-08-05 21:57:29 - INFO - Time:2024/08/05 21:57:29
2024-08-05 21:58:13 - INFO - loss: 11.316941261291504; rec_loss: 11.316941261291504; intent_loss: 0.0003542399499565363 
2024-08-05 21:58:14 - INFO - Current Result:
2024-08-05 21:58:14 - INFO - \Hit5: 24.0706	MRR5: 15.6303	Recall5: 24.0706	Precision5: 4.8141
2024-08-05 21:58:14 - INFO - Best Result:
2024-08-05 21:58:14 - INFO - 	Hit5: 24.2578	MRR5: 15.8567	Recall5: 24.2578	Precision5: 4.8516	Epoch: 6, 6, 6, 6
2024-08-05 21:58:14 - INFO - Current Result:
2024-08-05 21:58:14 - INFO - \Hit10: 30.5697	MRR10: 16.4932	Recall10: 30.5697	Precision10: 3.0570
2024-08-05 21:58:14 - INFO - Best Result:
2024-08-05 21:58:14 - INFO - 	Hit10: 31.3453	MRR10: 16.7918	Recall10: 31.3453	Precision10: 3.1345	Epoch: 6, 6, 6, 6
2024-08-05 21:58:14 - INFO - Current Result:
2024-08-05 21:58:14 - INFO - \Hit15: 34.8489	MRR15: 16.8351	Recall15: 34.8489	Precision15: 2.3233
2024-08-05 21:58:14 - INFO - Best Result:
2024-08-05 21:58:14 - INFO - 	Hit15: 35.4908	MRR15: 17.1213	Recall15: 35.4908	Precision15: 2.3661	Epoch: 6, 6, 6, 6
2024-08-05 21:58:14 - INFO - Current Result:
2024-08-05 21:58:14 - INFO - \Hit20: 37.6571	MRR20: 16.9927	Recall20: 37.6571	Precision20: 1.8829
2024-08-05 21:58:14 - INFO - Best Result:
2024-08-05 21:58:14 - INFO - 	Hit20: 37.9513	MRR20: 17.2526	Recall20: 37.9513	Precision20: 1.8976	Epoch: 10, 6, 10, 10
2024-08-05 21:58:14 - INFO - EPOCH:41
2024-08-05 21:58:14 - INFO - Time:2024/08/05 21:58:14
2024-08-05 21:58:59 - INFO - loss: 11.210016250610352; rec_loss: 11.210016250610352; intent_loss: 0.00035423942608758807 
2024-08-05 21:58:59 - INFO - Current Result:
2024-08-05 21:58:59 - INFO - \Hit5: 24.0706	MRR5: 15.6303	Recall5: 24.0706	Precision5: 4.8141
2024-08-05 21:58:59 - INFO - Best Result:
2024-08-05 21:58:59 - INFO - 	Hit5: 24.2578	MRR5: 15.8567	Recall5: 24.2578	Precision5: 4.8516	Epoch: 6, 6, 6, 6
2024-08-05 21:58:59 - INFO - Current Result:
2024-08-05 21:58:59 - INFO - \Hit10: 30.5697	MRR10: 16.4932	Recall10: 30.5697	Precision10: 3.0570
2024-08-05 21:58:59 - INFO - Best Result:
2024-08-05 21:58:59 - INFO - 	Hit10: 31.3453	MRR10: 16.7918	Recall10: 31.3453	Precision10: 3.1345	Epoch: 6, 6, 6, 6
2024-08-05 21:58:59 - INFO - Current Result:
2024-08-05 21:58:59 - INFO - \Hit15: 34.8489	MRR15: 16.8351	Recall15: 34.8489	Precision15: 2.3233
2024-08-05 21:58:59 - INFO - Best Result:
2024-08-05 21:58:59 - INFO - 	Hit15: 35.4908	MRR15: 17.1213	Recall15: 35.4908	Precision15: 2.3661	Epoch: 6, 6, 6, 6
2024-08-05 21:58:59 - INFO - Current Result:
2024-08-05 21:58:59 - INFO - \Hit20: 37.6571	MRR20: 16.9927	Recall20: 37.6571	Precision20: 1.8829
2024-08-05 21:58:59 - INFO - Best Result:
2024-08-05 21:58:59 - INFO - 	Hit20: 37.9513	MRR20: 17.2526	Recall20: 37.9513	Precision20: 1.8976	Epoch: 10, 6, 10, 10
2024-08-05 21:58:59 - INFO - EPOCH:42
2024-08-05 21:58:59 - INFO - Time:2024/08/05 21:58:59
2024-08-05 21:59:46 - INFO - loss: 11.215485572814941; rec_loss: 11.215485572814941; intent_loss: 0.0003542392805684358 
2024-08-05 21:59:46 - INFO - Current Result:
2024-08-05 21:59:46 - INFO - \Hit5: 24.0706	MRR5: 15.6303	Recall5: 24.0706	Precision5: 4.8141
2024-08-05 21:59:46 - INFO - Best Result:
2024-08-05 21:59:46 - INFO - 	Hit5: 24.2578	MRR5: 15.8567	Recall5: 24.2578	Precision5: 4.8516	Epoch: 6, 6, 6, 6
2024-08-05 21:59:46 - INFO - Current Result:
2024-08-05 21:59:46 - INFO - \Hit10: 30.5697	MRR10: 16.4932	Recall10: 30.5697	Precision10: 3.0570
2024-08-05 21:59:46 - INFO - Best Result:
2024-08-05 21:59:46 - INFO - 	Hit10: 31.3453	MRR10: 16.7918	Recall10: 31.3453	Precision10: 3.1345	Epoch: 6, 6, 6, 6
2024-08-05 21:59:46 - INFO - Current Result:
2024-08-05 21:59:46 - INFO - \Hit15: 34.8489	MRR15: 16.8351	Recall15: 34.8489	Precision15: 2.3233
2024-08-05 21:59:46 - INFO - Best Result:
2024-08-05 21:59:46 - INFO - 	Hit15: 35.4908	MRR15: 17.1213	Recall15: 35.4908	Precision15: 2.3661	Epoch: 6, 6, 6, 6
2024-08-05 21:59:46 - INFO - Current Result:
2024-08-05 21:59:46 - INFO - \Hit20: 37.6571	MRR20: 16.9927	Recall20: 37.6571	Precision20: 1.8829
2024-08-05 21:59:46 - INFO - Best Result:
2024-08-05 21:59:46 - INFO - 	Hit20: 37.9513	MRR20: 17.2526	Recall20: 37.9513	Precision20: 1.8976	Epoch: 10, 6, 10, 10
2024-08-05 21:59:46 - INFO - EPOCH:43
2024-08-05 21:59:46 - INFO - Time:2024/08/05 21:59:46
2024-08-05 22:00:32 - INFO - loss: 11.176220893859863; rec_loss: 11.176220893859863; intent_loss: 0.00035423930967226624 
2024-08-05 22:00:32 - INFO - Current Result:
2024-08-05 22:00:32 - INFO - \Hit5: 24.0706	MRR5: 15.6303	Recall5: 24.0706	Precision5: 4.8141
2024-08-05 22:00:32 - INFO - Best Result:
2024-08-05 22:00:32 - INFO - 	Hit5: 24.2578	MRR5: 15.8567	Recall5: 24.2578	Precision5: 4.8516	Epoch: 6, 6, 6, 6
2024-08-05 22:00:32 - INFO - Current Result:
2024-08-05 22:00:32 - INFO - \Hit10: 30.5697	MRR10: 16.4932	Recall10: 30.5697	Precision10: 3.0570
2024-08-05 22:00:32 - INFO - Best Result:
2024-08-05 22:00:32 - INFO - 	Hit10: 31.3453	MRR10: 16.7918	Recall10: 31.3453	Precision10: 3.1345	Epoch: 6, 6, 6, 6
2024-08-05 22:00:32 - INFO - Current Result:
2024-08-05 22:00:32 - INFO - \Hit15: 34.8489	MRR15: 16.8351	Recall15: 34.8489	Precision15: 2.3233
2024-08-05 22:00:32 - INFO - Best Result:
2024-08-05 22:00:32 - INFO - 	Hit15: 35.4908	MRR15: 17.1213	Recall15: 35.4908	Precision15: 2.3661	Epoch: 6, 6, 6, 6
2024-08-05 22:00:32 - INFO - Current Result:
2024-08-05 22:00:32 - INFO - \Hit20: 37.6571	MRR20: 16.9927	Recall20: 37.6571	Precision20: 1.8829
2024-08-05 22:00:32 - INFO - Best Result:
2024-08-05 22:00:32 - INFO - 	Hit20: 37.9513	MRR20: 17.2526	Recall20: 37.9513	Precision20: 1.8976	Epoch: 10, 6, 10, 10
2024-08-05 22:00:32 - INFO - EPOCH:44
2024-08-05 22:00:32 - INFO - Time:2024/08/05 22:00:32
2024-08-05 22:01:19 - INFO - loss: 11.19478702545166; rec_loss: 11.19478702545166; intent_loss: 0.00035423930967226624 
2024-08-05 22:01:19 - INFO - Current Result:
2024-08-05 22:01:19 - INFO - \Hit5: 24.0706	MRR5: 15.6303	Recall5: 24.0706	Precision5: 4.8141
2024-08-05 22:01:19 - INFO - Best Result:
2024-08-05 22:01:19 - INFO - 	Hit5: 24.2578	MRR5: 15.8567	Recall5: 24.2578	Precision5: 4.8516	Epoch: 6, 6, 6, 6
2024-08-05 22:01:19 - INFO - Current Result:
2024-08-05 22:01:19 - INFO - \Hit10: 30.5697	MRR10: 16.4932	Recall10: 30.5697	Precision10: 3.0570
2024-08-05 22:01:19 - INFO - Best Result:
2024-08-05 22:01:19 - INFO - 	Hit10: 31.3453	MRR10: 16.7918	Recall10: 31.3453	Precision10: 3.1345	Epoch: 6, 6, 6, 6
2024-08-05 22:01:19 - INFO - Current Result:
2024-08-05 22:01:19 - INFO - \Hit15: 34.8489	MRR15: 16.8351	Recall15: 34.8489	Precision15: 2.3233
2024-08-05 22:01:19 - INFO - Best Result:
2024-08-05 22:01:19 - INFO - 	Hit15: 35.4908	MRR15: 17.1213	Recall15: 35.4908	Precision15: 2.3661	Epoch: 6, 6, 6, 6
2024-08-05 22:01:19 - INFO - Current Result:
2024-08-05 22:01:19 - INFO - \Hit20: 37.6571	MRR20: 16.9927	Recall20: 37.6571	Precision20: 1.8829
2024-08-05 22:01:19 - INFO - Best Result:
2024-08-05 22:01:19 - INFO - 	Hit20: 37.9513	MRR20: 17.2526	Recall20: 37.9513	Precision20: 1.8976	Epoch: 10, 6, 10, 10
2024-08-05 22:01:19 - INFO - EPOCH:45
2024-08-05 22:01:19 - INFO - Time:2024/08/05 22:01:19
2024-08-05 22:02:04 - INFO - loss: 11.241220474243164; rec_loss: 11.241220474243164; intent_loss: 0.00035423930967226624 
2024-08-05 22:02:04 - INFO - Current Result:
2024-08-05 22:02:04 - INFO - \Hit5: 24.0706	MRR5: 15.6303	Recall5: 24.0706	Precision5: 4.8141
2024-08-05 22:02:04 - INFO - Best Result:
2024-08-05 22:02:04 - INFO - 	Hit5: 24.2578	MRR5: 15.8567	Recall5: 24.2578	Precision5: 4.8516	Epoch: 6, 6, 6, 6
2024-08-05 22:02:04 - INFO - Current Result:
2024-08-05 22:02:04 - INFO - \Hit10: 30.5697	MRR10: 16.4932	Recall10: 30.5697	Precision10: 3.0570
2024-08-05 22:02:04 - INFO - Best Result:
2024-08-05 22:02:04 - INFO - 	Hit10: 31.3453	MRR10: 16.7918	Recall10: 31.3453	Precision10: 3.1345	Epoch: 6, 6, 6, 6
2024-08-05 22:02:04 - INFO - Current Result:
2024-08-05 22:02:04 - INFO - \Hit15: 34.8489	MRR15: 16.8351	Recall15: 34.8489	Precision15: 2.3233
2024-08-05 22:02:04 - INFO - Best Result:
2024-08-05 22:02:04 - INFO - 	Hit15: 35.4908	MRR15: 17.1213	Recall15: 35.4908	Precision15: 2.3661	Epoch: 6, 6, 6, 6
2024-08-05 22:02:04 - INFO - Current Result:
2024-08-05 22:02:04 - INFO - \Hit20: 37.6571	MRR20: 16.9927	Recall20: 37.6571	Precision20: 1.8829
2024-08-05 22:02:04 - INFO - Best Result:
2024-08-05 22:02:04 - INFO - 	Hit20: 37.9513	MRR20: 17.2526	Recall20: 37.9513	Precision20: 1.8976	Epoch: 10, 6, 10, 10
2024-08-05 22:02:04 - INFO - EPOCH:46
2024-08-05 22:02:04 - INFO - Time:2024/08/05 22:02:04
2024-08-05 22:02:46 - INFO - loss: 11.212737083435059; rec_loss: 11.212737083435059; intent_loss: 0.00035423930967226624 
2024-08-05 22:02:46 - INFO - Current Result:
2024-08-05 22:02:46 - INFO - \Hit5: 24.0706	MRR5: 15.6303	Recall5: 24.0706	Precision5: 4.8141
2024-08-05 22:02:46 - INFO - Best Result:
2024-08-05 22:02:46 - INFO - 	Hit5: 24.2578	MRR5: 15.8567	Recall5: 24.2578	Precision5: 4.8516	Epoch: 6, 6, 6, 6
2024-08-05 22:02:46 - INFO - Current Result:
2024-08-05 22:02:46 - INFO - \Hit10: 30.5697	MRR10: 16.4932	Recall10: 30.5697	Precision10: 3.0570
2024-08-05 22:02:46 - INFO - Best Result:
2024-08-05 22:02:46 - INFO - 	Hit10: 31.3453	MRR10: 16.7918	Recall10: 31.3453	Precision10: 3.1345	Epoch: 6, 6, 6, 6
2024-08-05 22:02:46 - INFO - Current Result:
2024-08-05 22:02:46 - INFO - \Hit15: 34.8489	MRR15: 16.8351	Recall15: 34.8489	Precision15: 2.3233
2024-08-05 22:02:46 - INFO - Best Result:
2024-08-05 22:02:46 - INFO - 	Hit15: 35.4908	MRR15: 17.1213	Recall15: 35.4908	Precision15: 2.3661	Epoch: 6, 6, 6, 6
2024-08-05 22:02:46 - INFO - Current Result:
2024-08-05 22:02:46 - INFO - \Hit20: 37.6571	MRR20: 16.9927	Recall20: 37.6571	Precision20: 1.8829
2024-08-05 22:02:46 - INFO - Best Result:
2024-08-05 22:02:46 - INFO - 	Hit20: 37.9513	MRR20: 17.2526	Recall20: 37.9513	Precision20: 1.8976	Epoch: 10, 6, 10, 10
2024-08-05 22:02:46 - INFO - EPOCH:47
2024-08-05 22:02:46 - INFO - Time:2024/08/05 22:02:46
2024-08-05 22:03:26 - INFO - loss: 11.11645221710205; rec_loss: 11.11645221710205; intent_loss: 0.00035423930967226624 
2024-08-05 22:03:26 - INFO - Current Result:
2024-08-05 22:03:26 - INFO - \Hit5: 24.0706	MRR5: 15.6303	Recall5: 24.0706	Precision5: 4.8141
2024-08-05 22:03:26 - INFO - Best Result:
2024-08-05 22:03:26 - INFO - 	Hit5: 24.2578	MRR5: 15.8567	Recall5: 24.2578	Precision5: 4.8516	Epoch: 6, 6, 6, 6
2024-08-05 22:03:26 - INFO - Current Result:
2024-08-05 22:03:26 - INFO - \Hit10: 30.5697	MRR10: 16.4932	Recall10: 30.5697	Precision10: 3.0570
2024-08-05 22:03:26 - INFO - Best Result:
2024-08-05 22:03:26 - INFO - 	Hit10: 31.3453	MRR10: 16.7918	Recall10: 31.3453	Precision10: 3.1345	Epoch: 6, 6, 6, 6
2024-08-05 22:03:26 - INFO - Current Result:
2024-08-05 22:03:26 - INFO - \Hit15: 34.8489	MRR15: 16.8351	Recall15: 34.8489	Precision15: 2.3233
2024-08-05 22:03:26 - INFO - Best Result:
2024-08-05 22:03:26 - INFO - 	Hit15: 35.4908	MRR15: 17.1213	Recall15: 35.4908	Precision15: 2.3661	Epoch: 6, 6, 6, 6
2024-08-05 22:03:26 - INFO - Current Result:
2024-08-05 22:03:26 - INFO - \Hit20: 37.6571	MRR20: 16.9927	Recall20: 37.6571	Precision20: 1.8829
2024-08-05 22:03:26 - INFO - Best Result:
2024-08-05 22:03:26 - INFO - 	Hit20: 37.9513	MRR20: 17.2526	Recall20: 37.9513	Precision20: 1.8976	Epoch: 10, 6, 10, 10
2024-08-05 22:03:26 - INFO - EPOCH:48
2024-08-05 22:03:26 - INFO - Time:2024/08/05 22:03:26
2024-08-05 22:04:04 - INFO - loss: 11.133771896362305; rec_loss: 11.133771896362305; intent_loss: 0.00035423930967226624 
2024-08-05 22:04:04 - INFO - Current Result:
2024-08-05 22:04:04 - INFO - \Hit5: 24.0706	MRR5: 15.6303	Recall5: 24.0706	Precision5: 4.8141
2024-08-05 22:04:04 - INFO - Best Result:
2024-08-05 22:04:04 - INFO - 	Hit5: 24.2578	MRR5: 15.8567	Recall5: 24.2578	Precision5: 4.8516	Epoch: 6, 6, 6, 6
2024-08-05 22:04:04 - INFO - Current Result:
2024-08-05 22:04:04 - INFO - \Hit10: 30.5697	MRR10: 16.4932	Recall10: 30.5697	Precision10: 3.0570
2024-08-05 22:04:04 - INFO - Best Result:
2024-08-05 22:04:04 - INFO - 	Hit10: 31.3453	MRR10: 16.7918	Recall10: 31.3453	Precision10: 3.1345	Epoch: 6, 6, 6, 6
2024-08-05 22:04:04 - INFO - Current Result:
2024-08-05 22:04:04 - INFO - \Hit15: 34.8489	MRR15: 16.8351	Recall15: 34.8489	Precision15: 2.3233
2024-08-05 22:04:04 - INFO - Best Result:
2024-08-05 22:04:04 - INFO - 	Hit15: 35.4908	MRR15: 17.1213	Recall15: 35.4908	Precision15: 2.3661	Epoch: 6, 6, 6, 6
2024-08-05 22:04:04 - INFO - Current Result:
2024-08-05 22:04:04 - INFO - \Hit20: 37.6571	MRR20: 16.9927	Recall20: 37.6571	Precision20: 1.8829
2024-08-05 22:04:04 - INFO - Best Result:
2024-08-05 22:04:04 - INFO - 	Hit20: 37.9513	MRR20: 17.2526	Recall20: 37.9513	Precision20: 1.8976	Epoch: 10, 6, 10, 10
2024-08-05 22:04:04 - INFO - EPOCH:49
2024-08-05 22:04:04 - INFO - Time:2024/08/05 22:04:04
2024-08-05 22:04:42 - INFO - loss: 11.281436920166016; rec_loss: 11.281436920166016; intent_loss: 0.00035423930967226624 
2024-08-05 22:04:42 - INFO - Current Result:
2024-08-05 22:04:42 - INFO - \Hit5: 24.0706	MRR5: 15.6303	Recall5: 24.0706	Precision5: 4.8141
2024-08-05 22:04:42 - INFO - Best Result:
2024-08-05 22:04:42 - INFO - 	Hit5: 24.2578	MRR5: 15.8567	Recall5: 24.2578	Precision5: 4.8516	Epoch: 6, 6, 6, 6
2024-08-05 22:04:42 - INFO - Current Result:
2024-08-05 22:04:42 - INFO - \Hit10: 30.5697	MRR10: 16.4932	Recall10: 30.5697	Precision10: 3.0570
2024-08-05 22:04:42 - INFO - Best Result:
2024-08-05 22:04:42 - INFO - 	Hit10: 31.3453	MRR10: 16.7918	Recall10: 31.3453	Precision10: 3.1345	Epoch: 6, 6, 6, 6
2024-08-05 22:04:42 - INFO - Current Result:
2024-08-05 22:04:42 - INFO - \Hit15: 34.8489	MRR15: 16.8351	Recall15: 34.8489	Precision15: 2.3233
2024-08-05 22:04:42 - INFO - Best Result:
2024-08-05 22:04:42 - INFO - 	Hit15: 35.4908	MRR15: 17.1213	Recall15: 35.4908	Precision15: 2.3661	Epoch: 6, 6, 6, 6
2024-08-05 22:04:42 - INFO - Current Result:
2024-08-05 22:04:42 - INFO - \Hit20: 37.6571	MRR20: 16.9927	Recall20: 37.6571	Precision20: 1.8829
2024-08-05 22:04:42 - INFO - Best Result:
2024-08-05 22:04:42 - INFO - 	Hit20: 37.9513	MRR20: 17.2526	Recall20: 37.9513	Precision20: 1.8976	Epoch: 10, 6, 10, 10
2024-08-05 22:04:42 - INFO - -------------------------------------------------------
2024-08-05 22:04:42 - INFO - Run time: 2173.245922 s
