2024-08-05 21:26:22 - INFO - *******start1***********
2024-08-05 21:26:22 - INFO - start time: 2024-08-05 21:26:22
2024-08-05 21:26:22 - INFO - 文本内容 + 文本处理方式:title_vecs.npy
2024-08-05 21:26:22 - INFO - >>SEED:2024
2024-08-05 21:26:22 - INFO - ===========config================
2024-08-05 21:26:22 - INFO - model:GCN_rec
2024-08-05 21:26:22 - INFO - if_gcn:True
2024-08-05 21:26:22 - INFO - dataset:acm
2024-08-05 21:26:22 - INFO - gpu:0
2024-08-05 21:26:22 - INFO - Disentangle:True
2024-08-05 21:26:22 - INFO - Intent factors:7
2024-08-05 21:26:22 - INFO - journal vec:True
2024-08-05 21:26:22 - INFO - title vec:True
2024-08-05 21:26:22 - INFO - Test Topks[5, 10, 15, 20]:
2024-08-05 21:26:22 - INFO - hiddenSize:448
2024-08-05 21:26:22 - INFO - n_factor:7
2024-08-05 21:26:22 - INFO - lr:0.005
2024-08-05 21:26:22 - INFO - batch_size:512
2024-08-05 21:26:22 - INFO - lamda_1:0.85
2024-08-05 21:26:22 - INFO - if co_show:False
2024-08-05 21:26:22 - INFO - if citation:True
2024-08-05 21:26:22 - INFO - integrate_model:transformer
2024-08-05 21:26:22 - INFO - select relative paper for intent:0.4
2024-08-05 21:26:22 - INFO - Hidden number for GNN:256
2024-08-05 21:26:22 - INFO - aux loss weight:1e-05
2024-08-05 21:26:22 - INFO - ===========end===================
2024-08-05 21:26:29 - INFO - EPOCH:0
2024-08-05 21:26:29 - INFO - Time:2024/08/05 21:26:29
2024-08-05 21:26:40 - INFO - loss: 227.1031036376953; rec_loss: 227.1031036376953; intent_loss: 0.0 
2024-08-05 21:26:40 - INFO - Current Result:
2024-08-05 21:26:40 - INFO - \Hit5: 15.1110	MRR5: 9.4433	Recall5: 15.1110	Precision5: 3.0222
2024-08-05 21:26:40 - INFO - Best Result:
2024-08-05 21:26:40 - INFO - 	Hit5: 15.1110	MRR5: 9.4433	Recall5: 15.1110	Precision5: 3.0222	Epoch: 0, 0, 0, 0
2024-08-05 21:26:40 - INFO - Current Result:
2024-08-05 21:26:40 - INFO - \Hit10: 20.5937	MRR10: 10.1739	Recall10: 20.5937	Precision10: 2.0594
2024-08-05 21:26:40 - INFO - Best Result:
2024-08-05 21:26:40 - INFO - 	Hit10: 20.5937	MRR10: 10.1739	Recall10: 20.5937	Precision10: 2.0594	Epoch: 0, 0, 0, 0
2024-08-05 21:26:40 - INFO - Current Result:
2024-08-05 21:26:40 - INFO - \Hit15: 23.9101	MRR15: 10.4318	Recall15: 23.9101	Precision15: 1.5940
2024-08-05 21:26:40 - INFO - Best Result:
2024-08-05 21:26:40 - INFO - 	Hit15: 23.9101	MRR15: 10.4318	Recall15: 23.9101	Precision15: 1.5940	Epoch: 0, 0, 0, 0
2024-08-05 21:26:40 - INFO - Current Result:
2024-08-05 21:26:40 - INFO - \Hit20: 27.0126	MRR20: 10.6062	Recall20: 27.0126	Precision20: 1.3506
2024-08-05 21:26:40 - INFO - Best Result:
2024-08-05 21:26:40 - INFO - 	Hit20: 27.0126	MRR20: 10.6062	Recall20: 27.0126	Precision20: 1.3506	Epoch: 0, 0, 0, 0
2024-08-05 21:26:40 - INFO - EPOCH:1
2024-08-05 21:26:40 - INFO - Time:2024/08/05 21:26:40
2024-08-05 21:26:50 - INFO - loss: 182.82894897460938; rec_loss: 182.82894897460938; intent_loss: 0.0 
2024-08-05 21:26:50 - INFO - Current Result:
2024-08-05 21:26:50 - INFO - \Hit5: 19.2297	MRR5: 11.9310	Recall5: 19.2297	Precision5: 3.8459
2024-08-05 21:26:50 - INFO - Best Result:
2024-08-05 21:26:50 - INFO - 	Hit5: 19.2297	MRR5: 11.9310	Recall5: 19.2297	Precision5: 3.8459	Epoch: 1, 1, 1, 1
2024-08-05 21:26:50 - INFO - Current Result:
2024-08-05 21:26:50 - INFO - \Hit10: 25.7823	MRR10: 12.8074	Recall10: 25.7823	Precision10: 2.5782
2024-08-05 21:26:50 - INFO - Best Result:
2024-08-05 21:26:50 - INFO - 	Hit10: 25.7823	MRR10: 12.8074	Recall10: 25.7823	Precision10: 2.5782	Epoch: 1, 1, 1, 1
2024-08-05 21:26:50 - INFO - Current Result:
2024-08-05 21:26:50 - INFO - \Hit15: 30.4627	MRR15: 13.1753	Recall15: 30.4627	Precision15: 2.0308
2024-08-05 21:26:50 - INFO - Best Result:
2024-08-05 21:26:50 - INFO - 	Hit15: 30.4627	MRR15: 13.1753	Recall15: 30.4627	Precision15: 2.0308	Epoch: 1, 1, 1, 1
2024-08-05 21:26:50 - INFO - Current Result:
2024-08-05 21:26:50 - INFO - \Hit20: 33.9396	MRR20: 13.3696	Recall20: 33.9396	Precision20: 1.6970
2024-08-05 21:26:50 - INFO - Best Result:
2024-08-05 21:26:50 - INFO - 	Hit20: 33.9396	MRR20: 13.3696	Recall20: 33.9396	Precision20: 1.6970	Epoch: 1, 1, 1, 1
2024-08-05 21:26:50 - INFO - EPOCH:2
2024-08-05 21:26:50 - INFO - Time:2024/08/05 21:26:50
2024-08-05 21:27:00 - INFO - loss: 169.62542724609375; rec_loss: 169.62542724609375; intent_loss: 0.0 
2024-08-05 21:27:00 - INFO - Current Result:
2024-08-05 21:27:00 - INFO - \Hit5: 21.5298	MRR5: 13.0173	Recall5: 21.5298	Precision5: 4.3060
2024-08-05 21:27:00 - INFO - Best Result:
2024-08-05 21:27:00 - INFO - 	Hit5: 21.5298	MRR5: 13.0173	Recall5: 21.5298	Precision5: 4.3060	Epoch: 2, 2, 2, 2
2024-08-05 21:27:00 - INFO - Current Result:
2024-08-05 21:27:00 - INFO - \Hit10: 29.2592	MRR10: 14.0434	Recall10: 29.2592	Precision10: 2.9259
2024-08-05 21:27:00 - INFO - Best Result:
2024-08-05 21:27:00 - INFO - 	Hit10: 29.2592	MRR10: 14.0434	Recall10: 29.2592	Precision10: 2.9259	Epoch: 2, 2, 2, 2
2024-08-05 21:27:00 - INFO - Current Result:
2024-08-05 21:27:00 - INFO - \Hit15: 34.5012	MRR15: 14.4517	Recall15: 34.5012	Precision15: 2.3001
2024-08-05 21:27:00 - INFO - Best Result:
2024-08-05 21:27:00 - INFO - 	Hit15: 34.5012	MRR15: 14.4517	Recall15: 34.5012	Precision15: 2.3001	Epoch: 2, 2, 2, 2
2024-08-05 21:27:00 - INFO - Current Result:
2024-08-05 21:27:00 - INFO - \Hit20: 38.4862	MRR20: 14.6775	Recall20: 38.4862	Precision20: 1.9243
2024-08-05 21:27:00 - INFO - Best Result:
2024-08-05 21:27:00 - INFO - 	Hit20: 38.4862	MRR20: 14.6775	Recall20: 38.4862	Precision20: 1.9243	Epoch: 2, 2, 2, 2
2024-08-05 21:27:00 - INFO - EPOCH:3
2024-08-05 21:27:00 - INFO - Time:2024/08/05 21:27:00
2024-08-05 21:27:10 - INFO - loss: 162.3733367919922; rec_loss: 162.3733367919922; intent_loss: 0.0 
2024-08-05 21:27:10 - INFO - Current Result:
2024-08-05 21:27:10 - INFO - \Hit5: 22.5996	MRR5: 13.6458	Recall5: 22.5996	Precision5: 4.5199
2024-08-05 21:27:10 - INFO - Best Result:
2024-08-05 21:27:10 - INFO - 	Hit5: 22.5996	MRR5: 13.6458	Recall5: 22.5996	Precision5: 4.5199	Epoch: 3, 3, 3, 3
2024-08-05 21:27:10 - INFO - Current Result:
2024-08-05 21:27:10 - INFO - \Hit10: 30.7569	MRR10: 14.7414	Recall10: 30.7569	Precision10: 3.0757
2024-08-05 21:27:10 - INFO - Best Result:
2024-08-05 21:27:10 - INFO - 	Hit10: 30.7569	MRR10: 14.7414	Recall10: 30.7569	Precision10: 3.0757	Epoch: 3, 3, 3, 3
2024-08-05 21:27:10 - INFO - Current Result:
2024-08-05 21:27:10 - INFO - \Hit15: 35.4908	MRR15: 15.1147	Recall15: 35.4908	Precision15: 2.3661
2024-08-05 21:27:10 - INFO - Best Result:
2024-08-05 21:27:10 - INFO - 	Hit15: 35.4908	MRR15: 15.1147	Recall15: 35.4908	Precision15: 2.3661	Epoch: 3, 3, 3, 3
2024-08-05 21:27:10 - INFO - Current Result:
2024-08-05 21:27:10 - INFO - \Hit20: 39.2083	MRR20: 15.3232	Recall20: 39.2083	Precision20: 1.9604
2024-08-05 21:27:10 - INFO - Best Result:
2024-08-05 21:27:10 - INFO - 	Hit20: 39.2083	MRR20: 15.3232	Recall20: 39.2083	Precision20: 1.9604	Epoch: 3, 3, 3, 3
2024-08-05 21:27:10 - INFO - EPOCH:4
2024-08-05 21:27:10 - INFO - Time:2024/08/05 21:27:10
2024-08-05 21:27:19 - INFO - loss: 157.56385803222656; rec_loss: 157.56385803222656; intent_loss: 0.0 
2024-08-05 21:27:19 - INFO - Current Result:
2024-08-05 21:27:19 - INFO - \Hit5: 24.1508	MRR5: 14.4089	Recall5: 24.1508	Precision5: 4.8302
2024-08-05 21:27:19 - INFO - Best Result:
2024-08-05 21:27:19 - INFO - 	Hit5: 24.1508	MRR5: 14.4089	Recall5: 24.1508	Precision5: 4.8302	Epoch: 4, 4, 4, 4
2024-08-05 21:27:19 - INFO - Current Result:
2024-08-05 21:27:19 - INFO - \Hit10: 31.8534	MRR10: 15.4352	Recall10: 31.8534	Precision10: 3.1853
2024-08-05 21:27:19 - INFO - Best Result:
2024-08-05 21:27:19 - INFO - 	Hit10: 31.8534	MRR10: 15.4352	Recall10: 31.8534	Precision10: 3.1853	Epoch: 4, 4, 4, 4
2024-08-05 21:27:19 - INFO - Current Result:
2024-08-05 21:27:19 - INFO - \Hit15: 37.0152	MRR15: 15.8368	Recall15: 37.0152	Precision15: 2.4677
2024-08-05 21:27:19 - INFO - Best Result:
2024-08-05 21:27:19 - INFO - 	Hit15: 37.0152	MRR15: 15.8368	Recall15: 37.0152	Precision15: 2.4677	Epoch: 4, 4, 4, 4
2024-08-05 21:27:19 - INFO - Current Result:
2024-08-05 21:27:19 - INFO - \Hit20: 40.1177	MRR20: 16.0118	Recall20: 40.1177	Precision20: 2.0059
2024-08-05 21:27:19 - INFO - Best Result:
2024-08-05 21:27:19 - INFO - 	Hit20: 40.1177	MRR20: 16.0118	Recall20: 40.1177	Precision20: 2.0059	Epoch: 4, 4, 4, 4
2024-08-05 21:27:19 - INFO - EPOCH:5
2024-08-05 21:27:19 - INFO - Time:2024/08/05 21:27:19
2024-08-05 21:27:26 - INFO - loss: 147.91510009765625; rec_loss: 147.91510009765625; intent_loss: 0.0 
2024-08-05 21:27:26 - INFO - Current Result:
2024-08-05 21:27:26 - INFO - \Hit5: 25.1672	MRR5: 15.1707	Recall5: 25.1672	Precision5: 5.0334
2024-08-05 21:27:26 - INFO - Best Result:
2024-08-05 21:27:26 - INFO - 	Hit5: 25.1672	MRR5: 15.1707	Recall5: 25.1672	Precision5: 5.0334	Epoch: 5, 5, 5, 5
2024-08-05 21:27:26 - INFO - Current Result:
2024-08-05 21:27:26 - INFO - \Hit10: 34.0465	MRR10: 16.3699	Recall10: 34.0465	Precision10: 3.4047
2024-08-05 21:27:26 - INFO - Best Result:
2024-08-05 21:27:26 - INFO - 	Hit10: 34.0465	MRR10: 16.3699	Recall10: 34.0465	Precision10: 3.4047	Epoch: 5, 5, 5, 5
2024-08-05 21:27:26 - INFO - Current Result:
2024-08-05 21:27:26 - INFO - \Hit15: 39.1816	MRR15: 16.7717	Recall15: 39.1816	Precision15: 2.6121
2024-08-05 21:27:26 - INFO - Best Result:
2024-08-05 21:27:26 - INFO - 	Hit15: 39.1816	MRR15: 16.7717	Recall15: 39.1816	Precision15: 2.6121	Epoch: 5, 5, 5, 5
2024-08-05 21:27:26 - INFO - Current Result:
2024-08-05 21:27:26 - INFO - \Hit20: 42.7922	MRR20: 16.9743	Recall20: 42.7922	Precision20: 2.1396
2024-08-05 21:27:26 - INFO - Best Result:
2024-08-05 21:27:26 - INFO - 	Hit20: 42.7922	MRR20: 16.9743	Recall20: 42.7922	Precision20: 2.1396	Epoch: 5, 5, 5, 5
2024-08-05 21:27:26 - INFO - EPOCH:6
2024-08-05 21:27:26 - INFO - Time:2024/08/05 21:27:26
2024-08-05 21:27:34 - INFO - loss: 145.28627014160156; rec_loss: 145.28627014160156; intent_loss: 0.0 
2024-08-05 21:27:34 - INFO - Current Result:
2024-08-05 21:27:34 - INFO - \Hit5: 25.5951	MRR5: 15.3784	Recall5: 25.5951	Precision5: 5.1190
2024-08-05 21:27:34 - INFO - Best Result:
2024-08-05 21:27:34 - INFO - 	Hit5: 25.5951	MRR5: 15.3784	Recall5: 25.5951	Precision5: 5.1190	Epoch: 6, 6, 6, 6
2024-08-05 21:27:34 - INFO - Current Result:
2024-08-05 21:27:34 - INFO - \Hit10: 34.6349	MRR10: 16.5995	Recall10: 34.6349	Precision10: 3.4635
2024-08-05 21:27:34 - INFO - Best Result:
2024-08-05 21:27:34 - INFO - 	Hit10: 34.6349	MRR10: 16.5995	Recall10: 34.6349	Precision10: 3.4635	Epoch: 6, 6, 6, 6
2024-08-05 21:27:34 - INFO - Current Result:
2024-08-05 21:27:34 - INFO - \Hit15: 39.8235	MRR15: 17.0087	Recall15: 39.8235	Precision15: 2.6549
2024-08-05 21:27:34 - INFO - Best Result:
2024-08-05 21:27:34 - INFO - 	Hit15: 39.8235	MRR15: 17.0087	Recall15: 39.8235	Precision15: 2.6549	Epoch: 6, 6, 6, 6
2024-08-05 21:27:34 - INFO - Current Result:
2024-08-05 21:27:34 - INFO - \Hit20: 43.4608	MRR20: 17.2134	Recall20: 43.4608	Precision20: 2.1730
2024-08-05 21:27:34 - INFO - Best Result:
2024-08-05 21:27:34 - INFO - 	Hit20: 43.4608	MRR20: 17.2134	Recall20: 43.4608	Precision20: 2.1730	Epoch: 6, 6, 6, 6
2024-08-05 21:27:34 - INFO - EPOCH:7
2024-08-05 21:27:34 - INFO - Time:2024/08/05 21:27:34
2024-08-05 21:27:42 - INFO - loss: 143.82803344726562; rec_loss: 143.82803344726562; intent_loss: 0.0 
2024-08-05 21:27:42 - INFO - Current Result:
2024-08-05 21:27:42 - INFO - \Hit5: 26.1567	MRR5: 15.3316	Recall5: 26.1567	Precision5: 5.2313
2024-08-05 21:27:42 - INFO - Best Result:
2024-08-05 21:27:42 - INFO - 	Hit5: 26.1567	MRR5: 15.3784	Recall5: 26.1567	Precision5: 5.2313	Epoch: 7, 6, 7, 7
2024-08-05 21:27:42 - INFO - Current Result:
2024-08-05 21:27:42 - INFO - \Hit10: 34.7954	MRR10: 16.4818	Recall10: 34.7954	Precision10: 3.4795
2024-08-05 21:27:42 - INFO - Best Result:
2024-08-05 21:27:42 - INFO - 	Hit10: 34.7954	MRR10: 16.5995	Recall10: 34.7954	Precision10: 3.4795	Epoch: 7, 6, 7, 7
2024-08-05 21:27:42 - INFO - Current Result:
2024-08-05 21:27:42 - INFO - \Hit15: 40.1712	MRR15: 16.9053	Recall15: 40.1712	Precision15: 2.6781
2024-08-05 21:27:42 - INFO - Best Result:
2024-08-05 21:27:42 - INFO - 	Hit15: 40.1712	MRR15: 17.0087	Recall15: 40.1712	Precision15: 2.6781	Epoch: 7, 6, 7, 7
2024-08-05 21:27:42 - INFO - Current Result:
2024-08-05 21:27:42 - INFO - \Hit20: 43.7015	MRR20: 17.1045	Recall20: 43.7015	Precision20: 2.1851
2024-08-05 21:27:42 - INFO - Best Result:
2024-08-05 21:27:42 - INFO - 	Hit20: 43.7015	MRR20: 17.2134	Recall20: 43.7015	Precision20: 2.1851	Epoch: 7, 6, 7, 7
2024-08-05 21:27:42 - INFO - EPOCH:8
2024-08-05 21:27:42 - INFO - Time:2024/08/05 21:27:42
2024-08-05 21:27:50 - INFO - loss: 142.90269470214844; rec_loss: 142.90269470214844; intent_loss: 0.0 
2024-08-05 21:27:50 - INFO - Current Result:
2024-08-05 21:27:50 - INFO - \Hit5: 26.3439	MRR5: 15.5024	Recall5: 26.3439	Precision5: 5.2688
2024-08-05 21:27:50 - INFO - Best Result:
2024-08-05 21:27:50 - INFO - 	Hit5: 26.3439	MRR5: 15.5024	Recall5: 26.3439	Precision5: 5.2688	Epoch: 8, 8, 8, 8
2024-08-05 21:27:50 - INFO - Current Result:
2024-08-05 21:27:50 - INFO - \Hit10: 35.0361	MRR10: 16.6699	Recall10: 35.0361	Precision10: 3.5036
2024-08-05 21:27:50 - INFO - Best Result:
2024-08-05 21:27:50 - INFO - 	Hit10: 35.0361	MRR10: 16.6699	Recall10: 35.0361	Precision10: 3.5036	Epoch: 8, 8, 8, 8
2024-08-05 21:27:50 - INFO - Current Result:
2024-08-05 21:27:50 - INFO - \Hit15: 40.0374	MRR15: 17.0618	Recall15: 40.0374	Precision15: 2.6692
2024-08-05 21:27:50 - INFO - Best Result:
2024-08-05 21:27:50 - INFO - 	Hit15: 40.1712	MRR15: 17.0618	Recall15: 40.1712	Precision15: 2.6781	Epoch: 7, 8, 7, 7
2024-08-05 21:27:50 - INFO - Current Result:
2024-08-05 21:27:50 - INFO - \Hit20: 43.3806	MRR20: 17.2516	Recall20: 43.3806	Precision20: 2.1690
2024-08-05 21:27:50 - INFO - Best Result:
2024-08-05 21:27:50 - INFO - 	Hit20: 43.7015	MRR20: 17.2516	Recall20: 43.7015	Precision20: 2.1851	Epoch: 7, 8, 7, 7
2024-08-05 21:27:50 - INFO - EPOCH:9
2024-08-05 21:27:50 - INFO - Time:2024/08/05 21:27:50
2024-08-05 21:27:59 - INFO - loss: 141.65118408203125; rec_loss: 141.65118408203125; intent_loss: 0.0 
2024-08-05 21:27:59 - INFO - Current Result:
2024-08-05 21:27:59 - INFO - \Hit5: 26.7184	MRR5: 15.8844	Recall5: 26.7184	Precision5: 5.3437
2024-08-05 21:27:59 - INFO - Best Result:
2024-08-05 21:27:59 - INFO - 	Hit5: 26.7184	MRR5: 15.8844	Recall5: 26.7184	Precision5: 5.3437	Epoch: 9, 9, 9, 9
2024-08-05 21:27:59 - INFO - Current Result:
2024-08-05 21:27:59 - INFO - \Hit10: 35.2233	MRR10: 17.0349	Recall10: 35.2233	Precision10: 3.5223
2024-08-05 21:27:59 - INFO - Best Result:
2024-08-05 21:27:59 - INFO - 	Hit10: 35.2233	MRR10: 17.0349	Recall10: 35.2233	Precision10: 3.5223	Epoch: 9, 9, 9, 9
2024-08-05 21:27:59 - INFO - Current Result:
2024-08-05 21:27:59 - INFO - \Hit15: 40.1177	MRR15: 17.4187	Recall15: 40.1177	Precision15: 2.6745
2024-08-05 21:27:59 - INFO - Best Result:
2024-08-05 21:27:59 - INFO - 	Hit15: 40.1712	MRR15: 17.4187	Recall15: 40.1712	Precision15: 2.6781	Epoch: 7, 9, 7, 7
2024-08-05 21:27:59 - INFO - Current Result:
2024-08-05 21:27:59 - INFO - \Hit20: 43.5945	MRR20: 17.6154	Recall20: 43.5945	Precision20: 2.1797
2024-08-05 21:27:59 - INFO - Best Result:
2024-08-05 21:27:59 - INFO - 	Hit20: 43.7015	MRR20: 17.6154	Recall20: 43.7015	Precision20: 2.1851	Epoch: 7, 9, 7, 7
2024-08-05 21:27:59 - INFO - EPOCH:10
2024-08-05 21:27:59 - INFO - Time:2024/08/05 21:27:59
2024-08-05 21:28:07 - INFO - loss: 139.1886444091797; rec_loss: 139.1886444091797; intent_loss: 0.0 
2024-08-05 21:28:07 - INFO - Current Result:
2024-08-05 21:28:07 - INFO - \Hit5: 26.8788	MRR5: 16.0645	Recall5: 26.8788	Precision5: 5.3758
2024-08-05 21:28:07 - INFO - Best Result:
2024-08-05 21:28:07 - INFO - 	Hit5: 26.8788	MRR5: 16.0645	Recall5: 26.8788	Precision5: 5.3758	Epoch: 10, 10, 10, 10
2024-08-05 21:28:07 - INFO - Current Result:
2024-08-05 21:28:07 - INFO - \Hit10: 35.4105	MRR10: 17.2126	Recall10: 35.4105	Precision10: 3.5411
2024-08-05 21:28:07 - INFO - Best Result:
2024-08-05 21:28:07 - INFO - 	Hit10: 35.4105	MRR10: 17.2126	Recall10: 35.4105	Precision10: 3.5411	Epoch: 10, 10, 10, 10
2024-08-05 21:28:07 - INFO - Current Result:
2024-08-05 21:28:07 - INFO - \Hit15: 40.9468	MRR15: 17.6466	Recall15: 40.9468	Precision15: 2.7298
2024-08-05 21:28:07 - INFO - Best Result:
2024-08-05 21:28:07 - INFO - 	Hit15: 40.9468	MRR15: 17.6466	Recall15: 40.9468	Precision15: 2.7298	Epoch: 10, 10, 10, 10
2024-08-05 21:28:07 - INFO - Current Result:
2024-08-05 21:28:07 - INFO - \Hit20: 44.3702	MRR20: 17.8391	Recall20: 44.3702	Precision20: 2.2185
2024-08-05 21:28:07 - INFO - Best Result:
2024-08-05 21:28:07 - INFO - 	Hit20: 44.3702	MRR20: 17.8391	Recall20: 44.3702	Precision20: 2.2185	Epoch: 10, 10, 10, 10
2024-08-05 21:28:07 - INFO - EPOCH:11
2024-08-05 21:28:07 - INFO - Time:2024/08/05 21:28:07
2024-08-05 21:28:15 - INFO - loss: 138.7550048828125; rec_loss: 138.7550048828125; intent_loss: 0.0 
2024-08-05 21:28:15 - INFO - Current Result:
2024-08-05 21:28:15 - INFO - \Hit5: 26.7986	MRR5: 15.8532	Recall5: 26.7986	Precision5: 5.3597
2024-08-05 21:28:15 - INFO - Best Result:
2024-08-05 21:28:15 - INFO - 	Hit5: 26.8788	MRR5: 16.0645	Recall5: 26.8788	Precision5: 5.3758	Epoch: 10, 10, 10, 10
2024-08-05 21:28:15 - INFO - Current Result:
2024-08-05 21:28:15 - INFO - \Hit10: 35.3570	MRR10: 17.0104	Recall10: 35.3570	Precision10: 3.5357
2024-08-05 21:28:15 - INFO - Best Result:
2024-08-05 21:28:15 - INFO - 	Hit10: 35.4105	MRR10: 17.2126	Recall10: 35.4105	Precision10: 3.5411	Epoch: 10, 10, 10, 10
2024-08-05 21:28:15 - INFO - Current Result:
2024-08-05 21:28:15 - INFO - \Hit15: 40.7061	MRR15: 17.4332	Recall15: 40.7061	Precision15: 2.7137
2024-08-05 21:28:15 - INFO - Best Result:
2024-08-05 21:28:15 - INFO - 	Hit15: 40.9468	MRR15: 17.6466	Recall15: 40.9468	Precision15: 2.7298	Epoch: 10, 10, 10, 10
2024-08-05 21:28:15 - INFO - Current Result:
2024-08-05 21:28:15 - INFO - \Hit20: 43.9422	MRR20: 17.6169	Recall20: 43.9422	Precision20: 2.1971
2024-08-05 21:28:15 - INFO - Best Result:
2024-08-05 21:28:15 - INFO - 	Hit20: 44.3702	MRR20: 17.8391	Recall20: 44.3702	Precision20: 2.2185	Epoch: 10, 10, 10, 10
2024-08-05 21:28:15 - INFO - EPOCH:12
2024-08-05 21:28:15 - INFO - Time:2024/08/05 21:28:15
2024-08-05 21:28:24 - INFO - loss: 137.91796875; rec_loss: 137.91796875; intent_loss: 0.0 
2024-08-05 21:28:24 - INFO - Current Result:
2024-08-05 21:28:24 - INFO - \Hit5: 26.8788	MRR5: 15.9673	Recall5: 26.8788	Precision5: 5.3758
2024-08-05 21:28:24 - INFO - Best Result:
2024-08-05 21:28:24 - INFO - 	Hit5: 26.8788	MRR5: 16.0645	Recall5: 26.8788	Precision5: 5.3758	Epoch: 10, 10, 10, 10
2024-08-05 21:28:24 - INFO - Current Result:
2024-08-05 21:28:24 - INFO - \Hit10: 35.2768	MRR10: 17.1164	Recall10: 35.2768	Precision10: 3.5277
2024-08-05 21:28:24 - INFO - Best Result:
2024-08-05 21:28:24 - INFO - 	Hit10: 35.4105	MRR10: 17.2126	Recall10: 35.4105	Precision10: 3.5411	Epoch: 10, 10, 10, 10
2024-08-05 21:28:24 - INFO - Current Result:
2024-08-05 21:28:24 - INFO - \Hit15: 41.1340	MRR15: 17.5810	Recall15: 41.1340	Precision15: 2.7423
2024-08-05 21:28:24 - INFO - Best Result:
2024-08-05 21:28:24 - INFO - 	Hit15: 41.1340	MRR15: 17.6466	Recall15: 41.1340	Precision15: 2.7423	Epoch: 12, 10, 12, 12
2024-08-05 21:28:24 - INFO - Current Result:
2024-08-05 21:28:24 - INFO - \Hit20: 43.8353	MRR20: 17.7353	Recall20: 43.8353	Precision20: 2.1918
2024-08-05 21:28:24 - INFO - Best Result:
2024-08-05 21:28:24 - INFO - 	Hit20: 44.3702	MRR20: 17.8391	Recall20: 44.3702	Precision20: 2.2185	Epoch: 10, 10, 10, 10
2024-08-05 21:28:24 - INFO - EPOCH:13
2024-08-05 21:28:24 - INFO - Time:2024/08/05 21:28:24
2024-08-05 21:28:33 - INFO - loss: 138.09542846679688; rec_loss: 138.09542846679688; intent_loss: 0.0 
2024-08-05 21:28:33 - INFO - Current Result:
2024-08-05 21:28:33 - INFO - \Hit5: 26.6916	MRR5: 15.8790	Recall5: 26.6916	Precision5: 5.3383
2024-08-05 21:28:33 - INFO - Best Result:
2024-08-05 21:28:33 - INFO - 	Hit5: 26.8788	MRR5: 16.0645	Recall5: 26.8788	Precision5: 5.3758	Epoch: 10, 10, 10, 10
2024-08-05 21:28:33 - INFO - Current Result:
2024-08-05 21:28:33 - INFO - \Hit10: 35.7850	MRR10: 17.1034	Recall10: 35.7850	Precision10: 3.5785
2024-08-05 21:28:33 - INFO - Best Result:
2024-08-05 21:28:33 - INFO - 	Hit10: 35.7850	MRR10: 17.2126	Recall10: 35.7850	Precision10: 3.5785	Epoch: 13, 10, 13, 13
2024-08-05 21:28:33 - INFO - Current Result:
2024-08-05 21:28:33 - INFO - \Hit15: 40.8933	MRR15: 17.5038	Recall15: 40.8933	Precision15: 2.7262
2024-08-05 21:28:33 - INFO - Best Result:
2024-08-05 21:28:33 - INFO - 	Hit15: 41.1340	MRR15: 17.6466	Recall15: 41.1340	Precision15: 2.7423	Epoch: 12, 10, 12, 12
2024-08-05 21:28:33 - INFO - Current Result:
2024-08-05 21:28:33 - INFO - \Hit20: 44.1562	MRR20: 17.6887	Recall20: 44.1562	Precision20: 2.2078
2024-08-05 21:28:33 - INFO - Best Result:
2024-08-05 21:28:33 - INFO - 	Hit20: 44.3702	MRR20: 17.8391	Recall20: 44.3702	Precision20: 2.2185	Epoch: 10, 10, 10, 10
2024-08-05 21:28:33 - INFO - EPOCH:14
2024-08-05 21:28:33 - INFO - Time:2024/08/05 21:28:33
2024-08-05 21:28:48 - INFO - loss: 137.50473022460938; rec_loss: 137.50473022460938; intent_loss: 0.0 
2024-08-05 21:28:48 - INFO - Current Result:
2024-08-05 21:28:48 - INFO - \Hit5: 26.9858	MRR5: 15.9450	Recall5: 26.9858	Precision5: 5.3972
2024-08-05 21:28:48 - INFO - Best Result:
2024-08-05 21:28:48 - INFO - 	Hit5: 26.9858	MRR5: 16.0645	Recall5: 26.9858	Precision5: 5.3972	Epoch: 14, 10, 14, 14
2024-08-05 21:28:48 - INFO - Current Result:
2024-08-05 21:28:48 - INFO - \Hit10: 35.7047	MRR10: 17.1120	Recall10: 35.7047	Precision10: 3.5705
2024-08-05 21:28:48 - INFO - Best Result:
2024-08-05 21:28:48 - INFO - 	Hit10: 35.7850	MRR10: 17.2126	Recall10: 35.7850	Precision10: 3.5785	Epoch: 13, 10, 13, 13
2024-08-05 21:28:48 - INFO - Current Result:
2024-08-05 21:28:48 - INFO - \Hit15: 40.9735	MRR15: 17.5308	Recall15: 40.9735	Precision15: 2.7316
2024-08-05 21:28:48 - INFO - Best Result:
2024-08-05 21:28:48 - INFO - 	Hit15: 41.1340	MRR15: 17.6466	Recall15: 41.1340	Precision15: 2.7423	Epoch: 12, 10, 12, 12
2024-08-05 21:28:48 - INFO - Current Result:
2024-08-05 21:28:48 - INFO - \Hit20: 44.0492	MRR20: 17.7053	Recall20: 44.0492	Precision20: 2.2025
2024-08-05 21:28:48 - INFO - Best Result:
2024-08-05 21:28:48 - INFO - 	Hit20: 44.3702	MRR20: 17.8391	Recall20: 44.3702	Precision20: 2.2185	Epoch: 10, 10, 10, 10
2024-08-05 21:28:48 - INFO - EPOCH:15
2024-08-05 21:28:48 - INFO - Time:2024/08/05 21:28:48
2024-08-05 21:28:58 - INFO - loss: 136.9358367919922; rec_loss: 136.9358367919922; intent_loss: 0.0 
2024-08-05 21:28:58 - INFO - Current Result:
2024-08-05 21:28:58 - INFO - \Hit5: 27.0126	MRR5: 16.0961	Recall5: 27.0126	Precision5: 5.4025
2024-08-05 21:28:58 - INFO - Best Result:
2024-08-05 21:28:58 - INFO - 	Hit5: 27.0126	MRR5: 16.0961	Recall5: 27.0126	Precision5: 5.4025	Epoch: 15, 15, 15, 15
2024-08-05 21:28:58 - INFO - Current Result:
2024-08-05 21:28:58 - INFO - \Hit10: 35.7047	MRR10: 17.2615	Recall10: 35.7047	Precision10: 3.5705
2024-08-05 21:28:58 - INFO - Best Result:
2024-08-05 21:28:58 - INFO - 	Hit10: 35.7850	MRR10: 17.2615	Recall10: 35.7850	Precision10: 3.5785	Epoch: 13, 15, 13, 13
2024-08-05 21:28:58 - INFO - Current Result:
2024-08-05 21:28:58 - INFO - \Hit15: 41.0805	MRR15: 17.6850	Recall15: 41.0805	Precision15: 2.7387
2024-08-05 21:28:58 - INFO - Best Result:
2024-08-05 21:28:58 - INFO - 	Hit15: 41.1340	MRR15: 17.6850	Recall15: 41.1340	Precision15: 2.7423	Epoch: 12, 15, 12, 12
2024-08-05 21:28:58 - INFO - Current Result:
2024-08-05 21:28:58 - INFO - \Hit20: 44.0760	MRR20: 17.8536	Recall20: 44.0760	Precision20: 2.2038
2024-08-05 21:28:58 - INFO - Best Result:
2024-08-05 21:28:58 - INFO - 	Hit20: 44.3702	MRR20: 17.8536	Recall20: 44.3702	Precision20: 2.2185	Epoch: 10, 15, 10, 10
2024-08-05 21:28:58 - INFO - EPOCH:16
2024-08-05 21:28:58 - INFO - Time:2024/08/05 21:28:58
2024-08-05 21:29:13 - INFO - loss: 137.3269805908203; rec_loss: 137.3269805908203; intent_loss: 0.0 
2024-08-05 21:29:13 - INFO - Current Result:
2024-08-05 21:29:13 - INFO - \Hit5: 27.0661	MRR5: 16.0618	Recall5: 27.0661	Precision5: 5.4132
2024-08-05 21:29:13 - INFO - Best Result:
2024-08-05 21:29:13 - INFO - 	Hit5: 27.0661	MRR5: 16.0961	Recall5: 27.0661	Precision5: 5.4132	Epoch: 16, 15, 16, 16
2024-08-05 21:29:13 - INFO - Current Result:
2024-08-05 21:29:13 - INFO - \Hit10: 35.7315	MRR10: 17.2201	Recall10: 35.7315	Precision10: 3.5731
2024-08-05 21:29:13 - INFO - Best Result:
2024-08-05 21:29:13 - INFO - 	Hit10: 35.7850	MRR10: 17.2615	Recall10: 35.7850	Precision10: 3.5785	Epoch: 13, 15, 13, 13
2024-08-05 21:29:13 - INFO - Current Result:
2024-08-05 21:29:13 - INFO - \Hit15: 41.1072	MRR15: 17.6443	Recall15: 41.1072	Precision15: 2.7405
2024-08-05 21:29:13 - INFO - Best Result:
2024-08-05 21:29:13 - INFO - 	Hit15: 41.1340	MRR15: 17.6850	Recall15: 41.1340	Precision15: 2.7423	Epoch: 12, 15, 12, 12
2024-08-05 21:29:13 - INFO - Current Result:
2024-08-05 21:29:13 - INFO - \Hit20: 43.9957	MRR20: 17.8073	Recall20: 43.9957	Precision20: 2.1998
2024-08-05 21:29:13 - INFO - Best Result:
2024-08-05 21:29:13 - INFO - 	Hit20: 44.3702	MRR20: 17.8536	Recall20: 44.3702	Precision20: 2.2185	Epoch: 10, 15, 10, 10
2024-08-05 21:29:13 - INFO - EPOCH:17
2024-08-05 21:29:13 - INFO - Time:2024/08/05 21:29:13
2024-08-05 21:29:24 - INFO - loss: 137.3063507080078; rec_loss: 137.3063507080078; intent_loss: 0.0 
2024-08-05 21:29:24 - INFO - Current Result:
2024-08-05 21:29:24 - INFO - \Hit5: 27.0393	MRR5: 16.0471	Recall5: 27.0393	Precision5: 5.4079
2024-08-05 21:29:24 - INFO - Best Result:
2024-08-05 21:29:24 - INFO - 	Hit5: 27.0661	MRR5: 16.0961	Recall5: 27.0661	Precision5: 5.4132	Epoch: 16, 15, 16, 16
2024-08-05 21:29:24 - INFO - Current Result:
2024-08-05 21:29:24 - INFO - \Hit10: 35.6512	MRR10: 17.2026	Recall10: 35.6512	Precision10: 3.5651
2024-08-05 21:29:24 - INFO - Best Result:
2024-08-05 21:29:24 - INFO - 	Hit10: 35.7850	MRR10: 17.2615	Recall10: 35.7850	Precision10: 3.5785	Epoch: 13, 15, 13, 13
2024-08-05 21:29:24 - INFO - Current Result:
2024-08-05 21:29:24 - INFO - \Hit15: 41.1607	MRR15: 17.6369	Recall15: 41.1607	Precision15: 2.7440
2024-08-05 21:29:24 - INFO - Best Result:
2024-08-05 21:29:24 - INFO - 	Hit15: 41.1607	MRR15: 17.6850	Recall15: 41.1607	Precision15: 2.7440	Epoch: 17, 15, 17, 17
2024-08-05 21:29:24 - INFO - Current Result:
2024-08-05 21:29:24 - INFO - \Hit20: 44.1027	MRR20: 17.8021	Recall20: 44.1027	Precision20: 2.2051
2024-08-05 21:29:24 - INFO - Best Result:
2024-08-05 21:29:24 - INFO - 	Hit20: 44.3702	MRR20: 17.8536	Recall20: 44.3702	Precision20: 2.2185	Epoch: 10, 15, 10, 10
2024-08-05 21:29:24 - INFO - EPOCH:18
2024-08-05 21:29:24 - INFO - Time:2024/08/05 21:29:24
2024-08-05 21:29:39 - INFO - loss: 137.2866668701172; rec_loss: 137.2866668701172; intent_loss: 0.0 
2024-08-05 21:29:39 - INFO - Current Result:
2024-08-05 21:29:39 - INFO - \Hit5: 27.0661	MRR5: 16.1090	Recall5: 27.0661	Precision5: 5.4132
2024-08-05 21:29:39 - INFO - Best Result:
2024-08-05 21:29:39 - INFO - 	Hit5: 27.0661	MRR5: 16.1090	Recall5: 27.0661	Precision5: 5.4132	Epoch: 16, 18, 16, 18
2024-08-05 21:29:39 - INFO - Current Result:
2024-08-05 21:29:39 - INFO - \Hit10: 35.7315	MRR10: 17.2686	Recall10: 35.7315	Precision10: 3.5731
2024-08-05 21:29:39 - INFO - Best Result:
2024-08-05 21:29:39 - INFO - 	Hit10: 35.7850	MRR10: 17.2686	Recall10: 35.7850	Precision10: 3.5785	Epoch: 13, 18, 13, 13
2024-08-05 21:29:39 - INFO - Current Result:
2024-08-05 21:29:39 - INFO - \Hit15: 41.1340	MRR15: 17.6945	Recall15: 41.1340	Precision15: 2.7423
2024-08-05 21:29:39 - INFO - Best Result:
2024-08-05 21:29:39 - INFO - 	Hit15: 41.1607	MRR15: 17.6945	Recall15: 41.1607	Precision15: 2.7440	Epoch: 17, 18, 17, 17
2024-08-05 21:29:39 - INFO - Current Result:
2024-08-05 21:29:39 - INFO - \Hit20: 44.0225	MRR20: 17.8571	Recall20: 44.0225	Precision20: 2.2011
2024-08-05 21:29:39 - INFO - Best Result:
2024-08-05 21:29:39 - INFO - 	Hit20: 44.3702	MRR20: 17.8571	Recall20: 44.3702	Precision20: 2.2185	Epoch: 10, 18, 10, 10
2024-08-05 21:29:39 - INFO - EPOCH:19
2024-08-05 21:29:39 - INFO - Time:2024/08/05 21:29:39
2024-08-05 21:29:50 - INFO - loss: 136.9331817626953; rec_loss: 136.9331817626953; intent_loss: 0.0 
2024-08-05 21:29:50 - INFO - Current Result:
2024-08-05 21:29:50 - INFO - \Hit5: 27.1998	MRR5: 16.1536	Recall5: 27.1998	Precision5: 5.4400
2024-08-05 21:29:50 - INFO - Best Result:
2024-08-05 21:29:50 - INFO - 	Hit5: 27.1998	MRR5: 16.1536	Recall5: 27.1998	Precision5: 5.4400	Epoch: 19, 19, 19, 19
2024-08-05 21:29:50 - INFO - Current Result:
2024-08-05 21:29:50 - INFO - \Hit10: 35.7315	MRR10: 17.2866	Recall10: 35.7315	Precision10: 3.5731
2024-08-05 21:29:50 - INFO - Best Result:
2024-08-05 21:29:50 - INFO - 	Hit10: 35.7850	MRR10: 17.2866	Recall10: 35.7850	Precision10: 3.5785	Epoch: 13, 19, 13, 13
2024-08-05 21:29:50 - INFO - Current Result:
2024-08-05 21:29:50 - INFO - \Hit15: 41.1072	MRR15: 17.7113	Recall15: 41.1072	Precision15: 2.7405
2024-08-05 21:29:50 - INFO - Best Result:
2024-08-05 21:29:50 - INFO - 	Hit15: 41.1607	MRR15: 17.7113	Recall15: 41.1607	Precision15: 2.7440	Epoch: 17, 19, 17, 17
2024-08-05 21:29:50 - INFO - Current Result:
2024-08-05 21:29:50 - INFO - \Hit20: 44.0492	MRR20: 17.8769	Recall20: 44.0492	Precision20: 2.2025
2024-08-05 21:29:51 - INFO - Best Result:
2024-08-05 21:29:51 - INFO - 	Hit20: 44.3702	MRR20: 17.8769	Recall20: 44.3702	Precision20: 2.2185	Epoch: 10, 19, 10, 10
2024-08-05 21:29:51 - INFO - EPOCH:20
2024-08-05 21:29:51 - INFO - Time:2024/08/05 21:29:50
2024-08-05 21:30:11 - INFO - loss: 136.95860290527344; rec_loss: 136.95860290527344; intent_loss: 0.0 
2024-08-05 21:30:11 - INFO - Current Result:
2024-08-05 21:30:11 - INFO - \Hit5: 27.1196	MRR5: 16.1527	Recall5: 27.1196	Precision5: 5.4239
2024-08-05 21:30:11 - INFO - Best Result:
2024-08-05 21:30:11 - INFO - 	Hit5: 27.1998	MRR5: 16.1536	Recall5: 27.1998	Precision5: 5.4400	Epoch: 19, 19, 19, 19
2024-08-05 21:30:11 - INFO - Current Result:
2024-08-05 21:30:11 - INFO - \Hit10: 35.7315	MRR10: 17.2992	Recall10: 35.7315	Precision10: 3.5731
2024-08-05 21:30:11 - INFO - Best Result:
2024-08-05 21:30:11 - INFO - 	Hit10: 35.7850	MRR10: 17.2992	Recall10: 35.7850	Precision10: 3.5785	Epoch: 13, 20, 13, 13
2024-08-05 21:30:11 - INFO - Current Result:
2024-08-05 21:30:11 - INFO - \Hit15: 41.1072	MRR15: 17.7242	Recall15: 41.1072	Precision15: 2.7405
2024-08-05 21:30:11 - INFO - Best Result:
2024-08-05 21:30:11 - INFO - 	Hit15: 41.1607	MRR15: 17.7242	Recall15: 41.1607	Precision15: 2.7440	Epoch: 17, 20, 17, 17
2024-08-05 21:30:11 - INFO - Current Result:
2024-08-05 21:30:11 - INFO - \Hit20: 44.0492	MRR20: 17.8896	Recall20: 44.0492	Precision20: 2.2025
2024-08-05 21:30:11 - INFO - Best Result:
2024-08-05 21:30:11 - INFO - 	Hit20: 44.3702	MRR20: 17.8896	Recall20: 44.3702	Precision20: 2.2185	Epoch: 10, 20, 10, 10
2024-08-05 21:30:11 - INFO - EPOCH:21
2024-08-05 21:30:11 - INFO - Time:2024/08/05 21:30:11
2024-08-05 21:30:30 - INFO - loss: 137.35275268554688; rec_loss: 137.35275268554688; intent_loss: 0.0 
2024-08-05 21:30:30 - INFO - Current Result:
2024-08-05 21:30:30 - INFO - \Hit5: 27.1730	MRR5: 16.1750	Recall5: 27.1730	Precision5: 5.4346
2024-08-05 21:30:30 - INFO - Best Result:
2024-08-05 21:30:30 - INFO - 	Hit5: 27.1998	MRR5: 16.1750	Recall5: 27.1998	Precision5: 5.4400	Epoch: 19, 21, 19, 19
2024-08-05 21:30:30 - INFO - Current Result:
2024-08-05 21:30:30 - INFO - \Hit10: 35.7850	MRR10: 17.3180	Recall10: 35.7850	Precision10: 3.5785
2024-08-05 21:30:30 - INFO - Best Result:
2024-08-05 21:30:30 - INFO - 	Hit10: 35.7850	MRR10: 17.3180	Recall10: 35.7850	Precision10: 3.5785	Epoch: 13, 21, 13, 13
2024-08-05 21:30:30 - INFO - Current Result:
2024-08-05 21:30:30 - INFO - \Hit15: 41.1340	MRR15: 17.7397	Recall15: 41.1340	Precision15: 2.7423
2024-08-05 21:30:30 - INFO - Best Result:
2024-08-05 21:30:30 - INFO - 	Hit15: 41.1607	MRR15: 17.7397	Recall15: 41.1607	Precision15: 2.7440	Epoch: 17, 21, 17, 17
2024-08-05 21:30:30 - INFO - Current Result:
2024-08-05 21:30:30 - INFO - \Hit20: 44.0225	MRR20: 17.9021	Recall20: 44.0225	Precision20: 2.2011
2024-08-05 21:30:30 - INFO - Best Result:
2024-08-05 21:30:30 - INFO - 	Hit20: 44.3702	MRR20: 17.9021	Recall20: 44.3702	Precision20: 2.2185	Epoch: 10, 21, 10, 10
2024-08-05 21:30:30 - INFO - EPOCH:22
2024-08-05 21:30:30 - INFO - Time:2024/08/05 21:30:30
2024-08-05 21:30:48 - INFO - loss: 136.62538146972656; rec_loss: 136.62538146972656; intent_loss: 0.0 
2024-08-05 21:30:48 - INFO - Current Result:
2024-08-05 21:30:48 - INFO - \Hit5: 27.1730	MRR5: 16.1425	Recall5: 27.1730	Precision5: 5.4346
2024-08-05 21:30:48 - INFO - Best Result:
2024-08-05 21:30:48 - INFO - 	Hit5: 27.1998	MRR5: 16.1750	Recall5: 27.1998	Precision5: 5.4400	Epoch: 19, 21, 19, 19
2024-08-05 21:30:48 - INFO - Current Result:
2024-08-05 21:30:48 - INFO - \Hit10: 35.7850	MRR10: 17.2854	Recall10: 35.7850	Precision10: 3.5785
2024-08-05 21:30:48 - INFO - Best Result:
2024-08-05 21:30:48 - INFO - 	Hit10: 35.7850	MRR10: 17.3180	Recall10: 35.7850	Precision10: 3.5785	Epoch: 13, 21, 13, 13
2024-08-05 21:30:48 - INFO - Current Result:
2024-08-05 21:30:48 - INFO - \Hit15: 41.1340	MRR15: 17.7067	Recall15: 41.1340	Precision15: 2.7423
2024-08-05 21:30:48 - INFO - Best Result:
2024-08-05 21:30:48 - INFO - 	Hit15: 41.1607	MRR15: 17.7397	Recall15: 41.1607	Precision15: 2.7440	Epoch: 17, 21, 17, 17
2024-08-05 21:30:48 - INFO - Current Result:
2024-08-05 21:30:48 - INFO - \Hit20: 43.9422	MRR20: 17.8653	Recall20: 43.9422	Precision20: 2.1971
2024-08-05 21:30:48 - INFO - Best Result:
2024-08-05 21:30:48 - INFO - 	Hit20: 44.3702	MRR20: 17.9021	Recall20: 44.3702	Precision20: 2.2185	Epoch: 10, 21, 10, 10
2024-08-05 21:30:48 - INFO - EPOCH:23
2024-08-05 21:30:48 - INFO - Time:2024/08/05 21:30:48
2024-08-05 21:31:09 - INFO - loss: 136.81594848632812; rec_loss: 136.81594848632812; intent_loss: 0.0 
2024-08-05 21:31:09 - INFO - Current Result:
2024-08-05 21:31:09 - INFO - \Hit5: 27.1196	MRR5: 16.1465	Recall5: 27.1196	Precision5: 5.4239
2024-08-05 21:31:09 - INFO - Best Result:
2024-08-05 21:31:09 - INFO - 	Hit5: 27.1998	MRR5: 16.1750	Recall5: 27.1998	Precision5: 5.4400	Epoch: 19, 21, 19, 19
2024-08-05 21:31:09 - INFO - Current Result:
2024-08-05 21:31:09 - INFO - \Hit10: 35.7047	MRR10: 17.2927	Recall10: 35.7047	Precision10: 3.5705
2024-08-05 21:31:09 - INFO - Best Result:
2024-08-05 21:31:09 - INFO - 	Hit10: 35.7850	MRR10: 17.3180	Recall10: 35.7850	Precision10: 3.5785	Epoch: 13, 21, 13, 13
2024-08-05 21:31:09 - INFO - Current Result:
2024-08-05 21:31:09 - INFO - \Hit15: 41.1340	MRR15: 17.7215	Recall15: 41.1340	Precision15: 2.7423
2024-08-05 21:31:09 - INFO - Best Result:
2024-08-05 21:31:09 - INFO - 	Hit15: 41.1607	MRR15: 17.7397	Recall15: 41.1607	Precision15: 2.7440	Epoch: 17, 21, 17, 17
2024-08-05 21:31:09 - INFO - Current Result:
2024-08-05 21:31:09 - INFO - \Hit20: 44.0225	MRR20: 17.8846	Recall20: 44.0225	Precision20: 2.2011
2024-08-05 21:31:09 - INFO - Best Result:
2024-08-05 21:31:09 - INFO - 	Hit20: 44.3702	MRR20: 17.9021	Recall20: 44.3702	Precision20: 2.2185	Epoch: 10, 21, 10, 10
2024-08-05 21:31:09 - INFO - EPOCH:24
2024-08-05 21:31:09 - INFO - Time:2024/08/05 21:31:09
2024-08-05 21:31:29 - INFO - loss: 136.8248748779297; rec_loss: 136.8248748779297; intent_loss: 0.0 
2024-08-05 21:31:29 - INFO - Current Result:
2024-08-05 21:31:29 - INFO - \Hit5: 27.1463	MRR5: 16.1407	Recall5: 27.1463	Precision5: 5.4293
2024-08-05 21:31:29 - INFO - Best Result:
2024-08-05 21:31:29 - INFO - 	Hit5: 27.1998	MRR5: 16.1750	Recall5: 27.1998	Precision5: 5.4400	Epoch: 19, 21, 19, 19
2024-08-05 21:31:29 - INFO - Current Result:
2024-08-05 21:31:29 - INFO - \Hit10: 35.6512	MRR10: 17.2777	Recall10: 35.6512	Precision10: 3.5651
2024-08-05 21:31:29 - INFO - Best Result:
2024-08-05 21:31:29 - INFO - 	Hit10: 35.7850	MRR10: 17.3180	Recall10: 35.7850	Precision10: 3.5785	Epoch: 13, 21, 13, 13
2024-08-05 21:31:29 - INFO - Current Result:
2024-08-05 21:31:29 - INFO - \Hit15: 41.1340	MRR15: 17.7119	Recall15: 41.1340	Precision15: 2.7423
2024-08-05 21:31:29 - INFO - Best Result:
2024-08-05 21:31:29 - INFO - 	Hit15: 41.1607	MRR15: 17.7397	Recall15: 41.1607	Precision15: 2.7440	Epoch: 17, 21, 17, 17
2024-08-05 21:31:29 - INFO - Current Result:
2024-08-05 21:31:29 - INFO - \Hit20: 43.9422	MRR20: 17.8708	Recall20: 43.9422	Precision20: 2.1971
2024-08-05 21:31:29 - INFO - Best Result:
2024-08-05 21:31:29 - INFO - 	Hit20: 44.3702	MRR20: 17.9021	Recall20: 44.3702	Precision20: 2.2185	Epoch: 10, 21, 10, 10
2024-08-05 21:31:29 - INFO - EPOCH:25
2024-08-05 21:31:29 - INFO - Time:2024/08/05 21:31:29
2024-08-05 21:31:48 - INFO - loss: 136.65985107421875; rec_loss: 136.65985107421875; intent_loss: 0.0 
2024-08-05 21:31:48 - INFO - Current Result:
2024-08-05 21:31:48 - INFO - \Hit5: 27.1463	MRR5: 16.1554	Recall5: 27.1463	Precision5: 5.4293
2024-08-05 21:31:48 - INFO - Best Result:
2024-08-05 21:31:48 - INFO - 	Hit5: 27.1998	MRR5: 16.1750	Recall5: 27.1998	Precision5: 5.4400	Epoch: 19, 21, 19, 19
2024-08-05 21:31:48 - INFO - Current Result:
2024-08-05 21:31:48 - INFO - \Hit10: 35.6512	MRR10: 17.2909	Recall10: 35.6512	Precision10: 3.5651
2024-08-05 21:31:48 - INFO - Best Result:
2024-08-05 21:31:48 - INFO - 	Hit10: 35.7850	MRR10: 17.3180	Recall10: 35.7850	Precision10: 3.5785	Epoch: 13, 21, 13, 13
2024-08-05 21:31:48 - INFO - Current Result:
2024-08-05 21:31:48 - INFO - \Hit15: 41.1340	MRR15: 17.7254	Recall15: 41.1340	Precision15: 2.7423
2024-08-05 21:31:48 - INFO - Best Result:
2024-08-05 21:31:48 - INFO - 	Hit15: 41.1607	MRR15: 17.7397	Recall15: 41.1607	Precision15: 2.7440	Epoch: 17, 21, 17, 17
2024-08-05 21:31:48 - INFO - Current Result:
2024-08-05 21:31:48 - INFO - \Hit20: 43.9690	MRR20: 17.8857	Recall20: 43.9690	Precision20: 2.1984
2024-08-05 21:31:48 - INFO - Best Result:
2024-08-05 21:31:48 - INFO - 	Hit20: 44.3702	MRR20: 17.9021	Recall20: 44.3702	Precision20: 2.2185	Epoch: 10, 21, 10, 10
2024-08-05 21:31:48 - INFO - EPOCH:26
2024-08-05 21:31:48 - INFO - Time:2024/08/05 21:31:48
2024-08-05 21:32:09 - INFO - loss: 136.5489959716797; rec_loss: 136.5489959716797; intent_loss: 0.0 
2024-08-05 21:32:09 - INFO - Current Result:
2024-08-05 21:32:09 - INFO - \Hit5: 27.1463	MRR5: 16.1420	Recall5: 27.1463	Precision5: 5.4293
2024-08-05 21:32:09 - INFO - Best Result:
2024-08-05 21:32:09 - INFO - 	Hit5: 27.1998	MRR5: 16.1750	Recall5: 27.1998	Precision5: 5.4400	Epoch: 19, 21, 19, 19
2024-08-05 21:32:09 - INFO - Current Result:
2024-08-05 21:32:09 - INFO - \Hit10: 35.6512	MRR10: 17.2779	Recall10: 35.6512	Precision10: 3.5651
2024-08-05 21:32:09 - INFO - Best Result:
2024-08-05 21:32:09 - INFO - 	Hit10: 35.7850	MRR10: 17.3180	Recall10: 35.7850	Precision10: 3.5785	Epoch: 13, 21, 13, 13
2024-08-05 21:32:09 - INFO - Current Result:
2024-08-05 21:32:09 - INFO - \Hit15: 41.1340	MRR15: 17.7125	Recall15: 41.1340	Precision15: 2.7423
2024-08-05 21:32:09 - INFO - Best Result:
2024-08-05 21:32:09 - INFO - 	Hit15: 41.1607	MRR15: 17.7397	Recall15: 41.1607	Precision15: 2.7440	Epoch: 17, 21, 17, 17
2024-08-05 21:32:09 - INFO - Current Result:
2024-08-05 21:32:09 - INFO - \Hit20: 43.9422	MRR20: 17.8715	Recall20: 43.9422	Precision20: 2.1971
2024-08-05 21:32:09 - INFO - Best Result:
2024-08-05 21:32:09 - INFO - 	Hit20: 44.3702	MRR20: 17.9021	Recall20: 44.3702	Precision20: 2.2185	Epoch: 10, 21, 10, 10
2024-08-05 21:32:09 - INFO - EPOCH:27
2024-08-05 21:32:09 - INFO - Time:2024/08/05 21:32:09
2024-08-05 21:32:28 - INFO - loss: 137.01109313964844; rec_loss: 137.01109313964844; intent_loss: 0.0 
2024-08-05 21:32:28 - INFO - Current Result:
2024-08-05 21:32:28 - INFO - \Hit5: 27.1463	MRR5: 16.1407	Recall5: 27.1463	Precision5: 5.4293
2024-08-05 21:32:28 - INFO - Best Result:
2024-08-05 21:32:28 - INFO - 	Hit5: 27.1998	MRR5: 16.1750	Recall5: 27.1998	Precision5: 5.4400	Epoch: 19, 21, 19, 19
2024-08-05 21:32:28 - INFO - Current Result:
2024-08-05 21:32:28 - INFO - \Hit10: 35.6512	MRR10: 17.2766	Recall10: 35.6512	Precision10: 3.5651
2024-08-05 21:32:28 - INFO - Best Result:
2024-08-05 21:32:28 - INFO - 	Hit10: 35.7850	MRR10: 17.3180	Recall10: 35.7850	Precision10: 3.5785	Epoch: 13, 21, 13, 13
2024-08-05 21:32:28 - INFO - Current Result:
2024-08-05 21:32:28 - INFO - \Hit15: 41.1072	MRR15: 17.7095	Recall15: 41.1072	Precision15: 2.7405
2024-08-05 21:32:28 - INFO - Best Result:
2024-08-05 21:32:28 - INFO - 	Hit15: 41.1607	MRR15: 17.7397	Recall15: 41.1607	Precision15: 2.7440	Epoch: 17, 21, 17, 17
2024-08-05 21:32:28 - INFO - Current Result:
2024-08-05 21:32:28 - INFO - \Hit20: 43.9155	MRR20: 17.8687	Recall20: 43.9155	Precision20: 2.1958
2024-08-05 21:32:28 - INFO - Best Result:
2024-08-05 21:32:28 - INFO - 	Hit20: 44.3702	MRR20: 17.9021	Recall20: 44.3702	Precision20: 2.2185	Epoch: 10, 21, 10, 10
2024-08-05 21:32:28 - INFO - EPOCH:28
2024-08-05 21:32:28 - INFO - Time:2024/08/05 21:32:28
2024-08-05 21:32:50 - INFO - loss: 136.52316284179688; rec_loss: 136.52316284179688; intent_loss: 0.0 
2024-08-05 21:32:50 - INFO - Current Result:
2024-08-05 21:32:50 - INFO - \Hit5: 27.1463	MRR5: 16.1407	Recall5: 27.1463	Precision5: 5.4293
2024-08-05 21:32:50 - INFO - Best Result:
2024-08-05 21:32:50 - INFO - 	Hit5: 27.1998	MRR5: 16.1750	Recall5: 27.1998	Precision5: 5.4400	Epoch: 19, 21, 19, 19
2024-08-05 21:32:50 - INFO - Current Result:
2024-08-05 21:32:50 - INFO - \Hit10: 35.6780	MRR10: 17.2802	Recall10: 35.6780	Precision10: 3.5678
2024-08-05 21:32:50 - INFO - Best Result:
2024-08-05 21:32:50 - INFO - 	Hit10: 35.7850	MRR10: 17.3180	Recall10: 35.7850	Precision10: 3.5785	Epoch: 13, 21, 13, 13
2024-08-05 21:32:50 - INFO - Current Result:
2024-08-05 21:32:50 - INFO - \Hit15: 41.1340	MRR15: 17.7127	Recall15: 41.1340	Precision15: 2.7423
2024-08-05 21:32:50 - INFO - Best Result:
2024-08-05 21:32:50 - INFO - 	Hit15: 41.1607	MRR15: 17.7397	Recall15: 41.1607	Precision15: 2.7440	Epoch: 17, 21, 17, 17
2024-08-05 21:32:50 - INFO - Current Result:
2024-08-05 21:32:50 - INFO - \Hit20: 43.9422	MRR20: 17.8716	Recall20: 43.9422	Precision20: 2.1971
2024-08-05 21:32:50 - INFO - Best Result:
2024-08-05 21:32:50 - INFO - 	Hit20: 44.3702	MRR20: 17.9021	Recall20: 44.3702	Precision20: 2.2185	Epoch: 10, 21, 10, 10
2024-08-05 21:32:50 - INFO - EPOCH:29
2024-08-05 21:32:50 - INFO - Time:2024/08/05 21:32:50
2024-08-05 21:33:09 - INFO - loss: 136.70974731445312; rec_loss: 136.70974731445312; intent_loss: 0.0 
2024-08-05 21:33:09 - INFO - Current Result:
2024-08-05 21:33:09 - INFO - \Hit5: 27.1463	MRR5: 16.1407	Recall5: 27.1463	Precision5: 5.4293
2024-08-05 21:33:09 - INFO - Best Result:
2024-08-05 21:33:09 - INFO - 	Hit5: 27.1998	MRR5: 16.1750	Recall5: 27.1998	Precision5: 5.4400	Epoch: 19, 21, 19, 19
2024-08-05 21:33:09 - INFO - Current Result:
2024-08-05 21:33:09 - INFO - \Hit10: 35.6780	MRR10: 17.2799	Recall10: 35.6780	Precision10: 3.5678
2024-08-05 21:33:09 - INFO - Best Result:
2024-08-05 21:33:09 - INFO - 	Hit10: 35.7850	MRR10: 17.3180	Recall10: 35.7850	Precision10: 3.5785	Epoch: 13, 21, 13, 13
2024-08-05 21:33:09 - INFO - Current Result:
2024-08-05 21:33:09 - INFO - \Hit15: 41.1340	MRR15: 17.7128	Recall15: 41.1340	Precision15: 2.7423
2024-08-05 21:33:09 - INFO - Best Result:
2024-08-05 21:33:09 - INFO - 	Hit15: 41.1607	MRR15: 17.7397	Recall15: 41.1607	Precision15: 2.7440	Epoch: 17, 21, 17, 17
2024-08-05 21:33:09 - INFO - Current Result:
2024-08-05 21:33:09 - INFO - \Hit20: 43.9155	MRR20: 17.8704	Recall20: 43.9155	Precision20: 2.1958
2024-08-05 21:33:09 - INFO - Best Result:
2024-08-05 21:33:09 - INFO - 	Hit20: 44.3702	MRR20: 17.9021	Recall20: 44.3702	Precision20: 2.2185	Epoch: 10, 21, 10, 10
2024-08-05 21:33:09 - INFO - EPOCH:30
2024-08-05 21:33:09 - INFO - Time:2024/08/05 21:33:09
2024-08-05 21:33:30 - INFO - loss: 136.732666015625; rec_loss: 136.732666015625; intent_loss: 0.0 
2024-08-05 21:33:30 - INFO - Current Result:
2024-08-05 21:33:30 - INFO - \Hit5: 27.1463	MRR5: 16.1393	Recall5: 27.1463	Precision5: 5.4293
2024-08-05 21:33:30 - INFO - Best Result:
2024-08-05 21:33:30 - INFO - 	Hit5: 27.1998	MRR5: 16.1750	Recall5: 27.1998	Precision5: 5.4400	Epoch: 19, 21, 19, 19
2024-08-05 21:33:30 - INFO - Current Result:
2024-08-05 21:33:30 - INFO - \Hit10: 35.6780	MRR10: 17.2785	Recall10: 35.6780	Precision10: 3.5678
2024-08-05 21:33:30 - INFO - Best Result:
2024-08-05 21:33:30 - INFO - 	Hit10: 35.7850	MRR10: 17.3180	Recall10: 35.7850	Precision10: 3.5785	Epoch: 13, 21, 13, 13
2024-08-05 21:33:30 - INFO - Current Result:
2024-08-05 21:33:30 - INFO - \Hit15: 41.1340	MRR15: 17.7115	Recall15: 41.1340	Precision15: 2.7423
2024-08-05 21:33:30 - INFO - Best Result:
2024-08-05 21:33:30 - INFO - 	Hit15: 41.1607	MRR15: 17.7397	Recall15: 41.1607	Precision15: 2.7440	Epoch: 17, 21, 17, 17
2024-08-05 21:33:30 - INFO - Current Result:
2024-08-05 21:33:30 - INFO - \Hit20: 43.9155	MRR20: 17.8690	Recall20: 43.9155	Precision20: 2.1958
2024-08-05 21:33:30 - INFO - Best Result:
2024-08-05 21:33:30 - INFO - 	Hit20: 44.3702	MRR20: 17.9021	Recall20: 44.3702	Precision20: 2.2185	Epoch: 10, 21, 10, 10
2024-08-05 21:33:30 - INFO - EPOCH:31
2024-08-05 21:33:30 - INFO - Time:2024/08/05 21:33:30
2024-08-05 21:33:52 - INFO - loss: 136.98153686523438; rec_loss: 136.98153686523438; intent_loss: 0.0 
2024-08-05 21:33:52 - INFO - Current Result:
2024-08-05 21:33:52 - INFO - \Hit5: 27.1463	MRR5: 16.1393	Recall5: 27.1463	Precision5: 5.4293
2024-08-05 21:33:52 - INFO - Best Result:
2024-08-05 21:33:52 - INFO - 	Hit5: 27.1998	MRR5: 16.1750	Recall5: 27.1998	Precision5: 5.4400	Epoch: 19, 21, 19, 19
2024-08-05 21:33:52 - INFO - Current Result:
2024-08-05 21:33:52 - INFO - \Hit10: 35.6780	MRR10: 17.2779	Recall10: 35.6780	Precision10: 3.5678
2024-08-05 21:33:52 - INFO - Best Result:
2024-08-05 21:33:52 - INFO - 	Hit10: 35.7850	MRR10: 17.3180	Recall10: 35.7850	Precision10: 3.5785	Epoch: 13, 21, 13, 13
2024-08-05 21:33:52 - INFO - Current Result:
2024-08-05 21:33:52 - INFO - \Hit15: 41.1340	MRR15: 17.7108	Recall15: 41.1340	Precision15: 2.7423
2024-08-05 21:33:52 - INFO - Best Result:
2024-08-05 21:33:52 - INFO - 	Hit15: 41.1607	MRR15: 17.7397	Recall15: 41.1607	Precision15: 2.7440	Epoch: 17, 21, 17, 17
2024-08-05 21:33:52 - INFO - Current Result:
2024-08-05 21:33:52 - INFO - \Hit20: 43.9155	MRR20: 17.8684	Recall20: 43.9155	Precision20: 2.1958
2024-08-05 21:33:52 - INFO - Best Result:
2024-08-05 21:33:52 - INFO - 	Hit20: 44.3702	MRR20: 17.9021	Recall20: 44.3702	Precision20: 2.2185	Epoch: 10, 21, 10, 10
2024-08-05 21:33:52 - INFO - EPOCH:32
2024-08-05 21:33:52 - INFO - Time:2024/08/05 21:33:52
2024-08-05 21:34:11 - INFO - loss: 136.47628784179688; rec_loss: 136.47628784179688; intent_loss: 0.0 
2024-08-05 21:34:11 - INFO - Current Result:
2024-08-05 21:34:11 - INFO - \Hit5: 27.1463	MRR5: 16.1407	Recall5: 27.1463	Precision5: 5.4293
2024-08-05 21:34:11 - INFO - Best Result:
2024-08-05 21:34:11 - INFO - 	Hit5: 27.1998	MRR5: 16.1750	Recall5: 27.1998	Precision5: 5.4400	Epoch: 19, 21, 19, 19
2024-08-05 21:34:11 - INFO - Current Result:
2024-08-05 21:34:11 - INFO - \Hit10: 35.6780	MRR10: 17.2792	Recall10: 35.6780	Precision10: 3.5678
2024-08-05 21:34:11 - INFO - Best Result:
2024-08-05 21:34:11 - INFO - 	Hit10: 35.7850	MRR10: 17.3180	Recall10: 35.7850	Precision10: 3.5785	Epoch: 13, 21, 13, 13
2024-08-05 21:34:11 - INFO - Current Result:
2024-08-05 21:34:11 - INFO - \Hit15: 41.1340	MRR15: 17.7122	Recall15: 41.1340	Precision15: 2.7423
2024-08-05 21:34:11 - INFO - Best Result:
2024-08-05 21:34:11 - INFO - 	Hit15: 41.1607	MRR15: 17.7397	Recall15: 41.1607	Precision15: 2.7440	Epoch: 17, 21, 17, 17
2024-08-05 21:34:11 - INFO - Current Result:
2024-08-05 21:34:11 - INFO - \Hit20: 43.9155	MRR20: 17.8697	Recall20: 43.9155	Precision20: 2.1958
2024-08-05 21:34:11 - INFO - Best Result:
2024-08-05 21:34:11 - INFO - 	Hit20: 44.3702	MRR20: 17.9021	Recall20: 44.3702	Precision20: 2.2185	Epoch: 10, 21, 10, 10
2024-08-05 21:34:11 - INFO - EPOCH:33
2024-08-05 21:34:11 - INFO - Time:2024/08/05 21:34:11
2024-08-05 21:34:39 - INFO - loss: 137.07672119140625; rec_loss: 137.07672119140625; intent_loss: 0.0 
2024-08-05 21:34:39 - INFO - Current Result:
2024-08-05 21:34:39 - INFO - \Hit5: 27.1463	MRR5: 16.1407	Recall5: 27.1463	Precision5: 5.4293
2024-08-05 21:34:39 - INFO - Best Result:
2024-08-05 21:34:39 - INFO - 	Hit5: 27.1998	MRR5: 16.1750	Recall5: 27.1998	Precision5: 5.4400	Epoch: 19, 21, 19, 19
2024-08-05 21:34:39 - INFO - Current Result:
2024-08-05 21:34:39 - INFO - \Hit10: 35.6780	MRR10: 17.2797	Recall10: 35.6780	Precision10: 3.5678
2024-08-05 21:34:39 - INFO - Best Result:
2024-08-05 21:34:39 - INFO - 	Hit10: 35.7850	MRR10: 17.3180	Recall10: 35.7850	Precision10: 3.5785	Epoch: 13, 21, 13, 13
2024-08-05 21:34:39 - INFO - Current Result:
2024-08-05 21:34:39 - INFO - \Hit15: 41.1340	MRR15: 17.7126	Recall15: 41.1340	Precision15: 2.7423
2024-08-05 21:34:39 - INFO - Best Result:
2024-08-05 21:34:39 - INFO - 	Hit15: 41.1607	MRR15: 17.7397	Recall15: 41.1607	Precision15: 2.7440	Epoch: 17, 21, 17, 17
2024-08-05 21:34:39 - INFO - Current Result:
2024-08-05 21:34:39 - INFO - \Hit20: 43.9155	MRR20: 17.8702	Recall20: 43.9155	Precision20: 2.1958
2024-08-05 21:34:39 - INFO - Best Result:
2024-08-05 21:34:39 - INFO - 	Hit20: 44.3702	MRR20: 17.9021	Recall20: 44.3702	Precision20: 2.2185	Epoch: 10, 21, 10, 10
2024-08-05 21:34:39 - INFO - EPOCH:34
2024-08-05 21:34:39 - INFO - Time:2024/08/05 21:34:39
2024-08-05 21:34:59 - INFO - loss: 136.77186584472656; rec_loss: 136.77186584472656; intent_loss: 0.0 
2024-08-05 21:34:59 - INFO - Current Result:
2024-08-05 21:34:59 - INFO - \Hit5: 27.1463	MRR5: 16.1393	Recall5: 27.1463	Precision5: 5.4293
2024-08-05 21:34:59 - INFO - Best Result:
2024-08-05 21:34:59 - INFO - 	Hit5: 27.1998	MRR5: 16.1750	Recall5: 27.1998	Precision5: 5.4400	Epoch: 19, 21, 19, 19
2024-08-05 21:34:59 - INFO - Current Result:
2024-08-05 21:34:59 - INFO - \Hit10: 35.6780	MRR10: 17.2779	Recall10: 35.6780	Precision10: 3.5678
2024-08-05 21:34:59 - INFO - Best Result:
2024-08-05 21:34:59 - INFO - 	Hit10: 35.7850	MRR10: 17.3180	Recall10: 35.7850	Precision10: 3.5785	Epoch: 13, 21, 13, 13
2024-08-05 21:34:59 - INFO - Current Result:
2024-08-05 21:34:59 - INFO - \Hit15: 41.1340	MRR15: 17.7108	Recall15: 41.1340	Precision15: 2.7423
2024-08-05 21:34:59 - INFO - Best Result:
2024-08-05 21:34:59 - INFO - 	Hit15: 41.1607	MRR15: 17.7397	Recall15: 41.1607	Precision15: 2.7440	Epoch: 17, 21, 17, 17
2024-08-05 21:34:59 - INFO - Current Result:
2024-08-05 21:34:59 - INFO - \Hit20: 43.9155	MRR20: 17.8684	Recall20: 43.9155	Precision20: 2.1958
2024-08-05 21:34:59 - INFO - Best Result:
2024-08-05 21:34:59 - INFO - 	Hit20: 44.3702	MRR20: 17.9021	Recall20: 44.3702	Precision20: 2.2185	Epoch: 10, 21, 10, 10
2024-08-05 21:34:59 - INFO - EPOCH:35
2024-08-05 21:34:59 - INFO - Time:2024/08/05 21:34:59
2024-08-05 21:35:26 - INFO - loss: 136.8784637451172; rec_loss: 136.8784637451172; intent_loss: 0.0 
2024-08-05 21:35:26 - INFO - Current Result:
2024-08-05 21:35:26 - INFO - \Hit5: 27.1463	MRR5: 16.1393	Recall5: 27.1463	Precision5: 5.4293
2024-08-05 21:35:26 - INFO - Best Result:
2024-08-05 21:35:26 - INFO - 	Hit5: 27.1998	MRR5: 16.1750	Recall5: 27.1998	Precision5: 5.4400	Epoch: 19, 21, 19, 19
2024-08-05 21:35:26 - INFO - Current Result:
2024-08-05 21:35:26 - INFO - \Hit10: 35.6780	MRR10: 17.2784	Recall10: 35.6780	Precision10: 3.5678
2024-08-05 21:35:26 - INFO - Best Result:
2024-08-05 21:35:26 - INFO - 	Hit10: 35.7850	MRR10: 17.3180	Recall10: 35.7850	Precision10: 3.5785	Epoch: 13, 21, 13, 13
2024-08-05 21:35:26 - INFO - Current Result:
2024-08-05 21:35:26 - INFO - \Hit15: 41.1340	MRR15: 17.7113	Recall15: 41.1340	Precision15: 2.7423
2024-08-05 21:35:26 - INFO - Best Result:
2024-08-05 21:35:26 - INFO - 	Hit15: 41.1607	MRR15: 17.7397	Recall15: 41.1607	Precision15: 2.7440	Epoch: 17, 21, 17, 17
2024-08-05 21:35:26 - INFO - Current Result:
2024-08-05 21:35:26 - INFO - \Hit20: 43.9155	MRR20: 17.8689	Recall20: 43.9155	Precision20: 2.1958
2024-08-05 21:35:26 - INFO - Best Result:
2024-08-05 21:35:26 - INFO - 	Hit20: 44.3702	MRR20: 17.9021	Recall20: 44.3702	Precision20: 2.2185	Epoch: 10, 21, 10, 10
2024-08-05 21:35:26 - INFO - EPOCH:36
2024-08-05 21:35:26 - INFO - Time:2024/08/05 21:35:26
2024-08-05 21:35:47 - INFO - loss: 136.76333618164062; rec_loss: 136.76333618164062; intent_loss: 0.0 
2024-08-05 21:35:47 - INFO - Current Result:
2024-08-05 21:35:47 - INFO - \Hit5: 27.1463	MRR5: 16.1393	Recall5: 27.1463	Precision5: 5.4293
2024-08-05 21:35:47 - INFO - Best Result:
2024-08-05 21:35:47 - INFO - 	Hit5: 27.1998	MRR5: 16.1750	Recall5: 27.1998	Precision5: 5.4400	Epoch: 19, 21, 19, 19
2024-08-05 21:35:47 - INFO - Current Result:
2024-08-05 21:35:47 - INFO - \Hit10: 35.6780	MRR10: 17.2779	Recall10: 35.6780	Precision10: 3.5678
2024-08-05 21:35:47 - INFO - Best Result:
2024-08-05 21:35:47 - INFO - 	Hit10: 35.7850	MRR10: 17.3180	Recall10: 35.7850	Precision10: 3.5785	Epoch: 13, 21, 13, 13
2024-08-05 21:35:47 - INFO - Current Result:
2024-08-05 21:35:47 - INFO - \Hit15: 41.1340	MRR15: 17.7108	Recall15: 41.1340	Precision15: 2.7423
2024-08-05 21:35:47 - INFO - Best Result:
2024-08-05 21:35:47 - INFO - 	Hit15: 41.1607	MRR15: 17.7397	Recall15: 41.1607	Precision15: 2.7440	Epoch: 17, 21, 17, 17
2024-08-05 21:35:47 - INFO - Current Result:
2024-08-05 21:35:47 - INFO - \Hit20: 43.9155	MRR20: 17.8684	Recall20: 43.9155	Precision20: 2.1958
2024-08-05 21:35:47 - INFO - Best Result:
2024-08-05 21:35:47 - INFO - 	Hit20: 44.3702	MRR20: 17.9021	Recall20: 44.3702	Precision20: 2.2185	Epoch: 10, 21, 10, 10
2024-08-05 21:35:47 - INFO - EPOCH:37
2024-08-05 21:35:47 - INFO - Time:2024/08/05 21:35:47
2024-08-05 21:36:15 - INFO - loss: 136.64242553710938; rec_loss: 136.64242553710938; intent_loss: 0.0 
2024-08-05 21:36:15 - INFO - Current Result:
2024-08-05 21:36:15 - INFO - \Hit5: 27.1463	MRR5: 16.1393	Recall5: 27.1463	Precision5: 5.4293
2024-08-05 21:36:15 - INFO - Best Result:
2024-08-05 21:36:15 - INFO - 	Hit5: 27.1998	MRR5: 16.1750	Recall5: 27.1998	Precision5: 5.4400	Epoch: 19, 21, 19, 19
2024-08-05 21:36:15 - INFO - Current Result:
2024-08-05 21:36:15 - INFO - \Hit10: 35.6780	MRR10: 17.2784	Recall10: 35.6780	Precision10: 3.5678
2024-08-05 21:36:15 - INFO - Best Result:
2024-08-05 21:36:15 - INFO - 	Hit10: 35.7850	MRR10: 17.3180	Recall10: 35.7850	Precision10: 3.5785	Epoch: 13, 21, 13, 13
2024-08-05 21:36:15 - INFO - Current Result:
2024-08-05 21:36:15 - INFO - \Hit15: 41.1340	MRR15: 17.7113	Recall15: 41.1340	Precision15: 2.7423
2024-08-05 21:36:15 - INFO - Best Result:
2024-08-05 21:36:15 - INFO - 	Hit15: 41.1607	MRR15: 17.7397	Recall15: 41.1607	Precision15: 2.7440	Epoch: 17, 21, 17, 17
2024-08-05 21:36:15 - INFO - Current Result:
2024-08-05 21:36:15 - INFO - \Hit20: 43.9155	MRR20: 17.8689	Recall20: 43.9155	Precision20: 2.1958
2024-08-05 21:36:15 - INFO - Best Result:
2024-08-05 21:36:15 - INFO - 	Hit20: 44.3702	MRR20: 17.9021	Recall20: 44.3702	Precision20: 2.2185	Epoch: 10, 21, 10, 10
2024-08-05 21:36:15 - INFO - EPOCH:38
2024-08-05 21:36:15 - INFO - Time:2024/08/05 21:36:15
2024-08-05 21:36:34 - INFO - loss: 136.87002563476562; rec_loss: 136.87002563476562; intent_loss: 0.0 
2024-08-05 21:36:34 - INFO - Current Result:
2024-08-05 21:36:34 - INFO - \Hit5: 27.1463	MRR5: 16.1393	Recall5: 27.1463	Precision5: 5.4293
2024-08-05 21:36:34 - INFO - Best Result:
2024-08-05 21:36:34 - INFO - 	Hit5: 27.1998	MRR5: 16.1750	Recall5: 27.1998	Precision5: 5.4400	Epoch: 19, 21, 19, 19
2024-08-05 21:36:34 - INFO - Current Result:
2024-08-05 21:36:34 - INFO - \Hit10: 35.6780	MRR10: 17.2784	Recall10: 35.6780	Precision10: 3.5678
2024-08-05 21:36:34 - INFO - Best Result:
2024-08-05 21:36:34 - INFO - 	Hit10: 35.7850	MRR10: 17.3180	Recall10: 35.7850	Precision10: 3.5785	Epoch: 13, 21, 13, 13
2024-08-05 21:36:34 - INFO - Current Result:
2024-08-05 21:36:34 - INFO - \Hit15: 41.1340	MRR15: 17.7113	Recall15: 41.1340	Precision15: 2.7423
2024-08-05 21:36:34 - INFO - Best Result:
2024-08-05 21:36:34 - INFO - 	Hit15: 41.1607	MRR15: 17.7397	Recall15: 41.1607	Precision15: 2.7440	Epoch: 17, 21, 17, 17
2024-08-05 21:36:34 - INFO - Current Result:
2024-08-05 21:36:34 - INFO - \Hit20: 43.9155	MRR20: 17.8689	Recall20: 43.9155	Precision20: 2.1958
2024-08-05 21:36:34 - INFO - Best Result:
2024-08-05 21:36:34 - INFO - 	Hit20: 44.3702	MRR20: 17.9021	Recall20: 44.3702	Precision20: 2.2185	Epoch: 10, 21, 10, 10
2024-08-05 21:36:34 - INFO - EPOCH:39
2024-08-05 21:36:34 - INFO - Time:2024/08/05 21:36:34
2024-08-05 21:37:01 - INFO - loss: 136.8108673095703; rec_loss: 136.8108673095703; intent_loss: 0.0 
2024-08-05 21:37:01 - INFO - Current Result:
2024-08-05 21:37:01 - INFO - \Hit5: 27.1463	MRR5: 16.1393	Recall5: 27.1463	Precision5: 5.4293
2024-08-05 21:37:01 - INFO - Best Result:
2024-08-05 21:37:01 - INFO - 	Hit5: 27.1998	MRR5: 16.1750	Recall5: 27.1998	Precision5: 5.4400	Epoch: 19, 21, 19, 19
2024-08-05 21:37:01 - INFO - Current Result:
2024-08-05 21:37:01 - INFO - \Hit10: 35.6780	MRR10: 17.2784	Recall10: 35.6780	Precision10: 3.5678
2024-08-05 21:37:01 - INFO - Best Result:
2024-08-05 21:37:01 - INFO - 	Hit10: 35.7850	MRR10: 17.3180	Recall10: 35.7850	Precision10: 3.5785	Epoch: 13, 21, 13, 13
2024-08-05 21:37:01 - INFO - Current Result:
2024-08-05 21:37:01 - INFO - \Hit15: 41.1340	MRR15: 17.7113	Recall15: 41.1340	Precision15: 2.7423
2024-08-05 21:37:01 - INFO - Best Result:
2024-08-05 21:37:01 - INFO - 	Hit15: 41.1607	MRR15: 17.7397	Recall15: 41.1607	Precision15: 2.7440	Epoch: 17, 21, 17, 17
2024-08-05 21:37:01 - INFO - Current Result:
2024-08-05 21:37:01 - INFO - \Hit20: 43.9155	MRR20: 17.8689	Recall20: 43.9155	Precision20: 2.1958
2024-08-05 21:37:01 - INFO - Best Result:
2024-08-05 21:37:01 - INFO - 	Hit20: 44.3702	MRR20: 17.9021	Recall20: 44.3702	Precision20: 2.2185	Epoch: 10, 21, 10, 10
2024-08-05 21:37:01 - INFO - EPOCH:40
2024-08-05 21:37:01 - INFO - Time:2024/08/05 21:37:01
2024-08-05 21:37:24 - INFO - loss: 136.7438201904297; rec_loss: 136.7438201904297; intent_loss: 0.0 
2024-08-05 21:37:24 - INFO - Current Result:
2024-08-05 21:37:24 - INFO - \Hit5: 27.1463	MRR5: 16.1393	Recall5: 27.1463	Precision5: 5.4293
2024-08-05 21:37:24 - INFO - Best Result:
2024-08-05 21:37:24 - INFO - 	Hit5: 27.1998	MRR5: 16.1750	Recall5: 27.1998	Precision5: 5.4400	Epoch: 19, 21, 19, 19
2024-08-05 21:37:24 - INFO - Current Result:
2024-08-05 21:37:24 - INFO - \Hit10: 35.6780	MRR10: 17.2784	Recall10: 35.6780	Precision10: 3.5678
2024-08-05 21:37:24 - INFO - Best Result:
2024-08-05 21:37:24 - INFO - 	Hit10: 35.7850	MRR10: 17.3180	Recall10: 35.7850	Precision10: 3.5785	Epoch: 13, 21, 13, 13
2024-08-05 21:37:24 - INFO - Current Result:
2024-08-05 21:37:24 - INFO - \Hit15: 41.1340	MRR15: 17.7113	Recall15: 41.1340	Precision15: 2.7423
2024-08-05 21:37:24 - INFO - Best Result:
2024-08-05 21:37:24 - INFO - 	Hit15: 41.1607	MRR15: 17.7397	Recall15: 41.1607	Precision15: 2.7440	Epoch: 17, 21, 17, 17
2024-08-05 21:37:24 - INFO - Current Result:
2024-08-05 21:37:24 - INFO - \Hit20: 43.9155	MRR20: 17.8689	Recall20: 43.9155	Precision20: 2.1958
2024-08-05 21:37:24 - INFO - Best Result:
2024-08-05 21:37:24 - INFO - 	Hit20: 44.3702	MRR20: 17.9021	Recall20: 44.3702	Precision20: 2.2185	Epoch: 10, 21, 10, 10
2024-08-05 21:37:24 - INFO - EPOCH:41
2024-08-05 21:37:24 - INFO - Time:2024/08/05 21:37:24
2024-08-05 21:37:52 - INFO - loss: 136.76632690429688; rec_loss: 136.76632690429688; intent_loss: 0.0 
2024-08-05 21:37:52 - INFO - Current Result:
2024-08-05 21:37:52 - INFO - \Hit5: 27.1463	MRR5: 16.1393	Recall5: 27.1463	Precision5: 5.4293
2024-08-05 21:37:52 - INFO - Best Result:
2024-08-05 21:37:52 - INFO - 	Hit5: 27.1998	MRR5: 16.1750	Recall5: 27.1998	Precision5: 5.4400	Epoch: 19, 21, 19, 19
2024-08-05 21:37:52 - INFO - Current Result:
2024-08-05 21:37:52 - INFO - \Hit10: 35.6780	MRR10: 17.2784	Recall10: 35.6780	Precision10: 3.5678
2024-08-05 21:37:52 - INFO - Best Result:
2024-08-05 21:37:52 - INFO - 	Hit10: 35.7850	MRR10: 17.3180	Recall10: 35.7850	Precision10: 3.5785	Epoch: 13, 21, 13, 13
2024-08-05 21:37:52 - INFO - Current Result:
2024-08-05 21:37:52 - INFO - \Hit15: 41.1340	MRR15: 17.7113	Recall15: 41.1340	Precision15: 2.7423
2024-08-05 21:37:52 - INFO - Best Result:
2024-08-05 21:37:52 - INFO - 	Hit15: 41.1607	MRR15: 17.7397	Recall15: 41.1607	Precision15: 2.7440	Epoch: 17, 21, 17, 17
2024-08-05 21:37:52 - INFO - Current Result:
2024-08-05 21:37:52 - INFO - \Hit20: 43.9155	MRR20: 17.8689	Recall20: 43.9155	Precision20: 2.1958
2024-08-05 21:37:52 - INFO - Best Result:
2024-08-05 21:37:52 - INFO - 	Hit20: 44.3702	MRR20: 17.9021	Recall20: 44.3702	Precision20: 2.2185	Epoch: 10, 21, 10, 10
2024-08-05 21:37:52 - INFO - EPOCH:42
2024-08-05 21:37:52 - INFO - Time:2024/08/05 21:37:52
2024-08-05 21:38:15 - INFO - loss: 136.64639282226562; rec_loss: 136.64639282226562; intent_loss: 0.0 
2024-08-05 21:38:16 - INFO - Current Result:
2024-08-05 21:38:16 - INFO - \Hit5: 27.1463	MRR5: 16.1393	Recall5: 27.1463	Precision5: 5.4293
2024-08-05 21:38:16 - INFO - Best Result:
2024-08-05 21:38:16 - INFO - 	Hit5: 27.1998	MRR5: 16.1750	Recall5: 27.1998	Precision5: 5.4400	Epoch: 19, 21, 19, 19
2024-08-05 21:38:16 - INFO - Current Result:
2024-08-05 21:38:16 - INFO - \Hit10: 35.6780	MRR10: 17.2784	Recall10: 35.6780	Precision10: 3.5678
2024-08-05 21:38:16 - INFO - Best Result:
2024-08-05 21:38:16 - INFO - 	Hit10: 35.7850	MRR10: 17.3180	Recall10: 35.7850	Precision10: 3.5785	Epoch: 13, 21, 13, 13
2024-08-05 21:38:16 - INFO - Current Result:
2024-08-05 21:38:16 - INFO - \Hit15: 41.1340	MRR15: 17.7108	Recall15: 41.1340	Precision15: 2.7423
2024-08-05 21:38:16 - INFO - Best Result:
2024-08-05 21:38:16 - INFO - 	Hit15: 41.1607	MRR15: 17.7397	Recall15: 41.1607	Precision15: 2.7440	Epoch: 17, 21, 17, 17
2024-08-05 21:38:16 - INFO - Current Result:
2024-08-05 21:38:16 - INFO - \Hit20: 43.9155	MRR20: 17.8689	Recall20: 43.9155	Precision20: 2.1958
2024-08-05 21:38:16 - INFO - Best Result:
2024-08-05 21:38:16 - INFO - 	Hit20: 44.3702	MRR20: 17.9021	Recall20: 44.3702	Precision20: 2.2185	Epoch: 10, 21, 10, 10
2024-08-05 21:38:16 - INFO - EPOCH:43
2024-08-05 21:38:16 - INFO - Time:2024/08/05 21:38:16
2024-08-05 21:38:44 - INFO - loss: 136.87818908691406; rec_loss: 136.87818908691406; intent_loss: 0.0 
2024-08-05 21:38:44 - INFO - Current Result:
2024-08-05 21:38:44 - INFO - \Hit5: 27.1463	MRR5: 16.1393	Recall5: 27.1463	Precision5: 5.4293
2024-08-05 21:38:44 - INFO - Best Result:
2024-08-05 21:38:44 - INFO - 	Hit5: 27.1998	MRR5: 16.1750	Recall5: 27.1998	Precision5: 5.4400	Epoch: 19, 21, 19, 19
2024-08-05 21:38:44 - INFO - Current Result:
2024-08-05 21:38:44 - INFO - \Hit10: 35.6780	MRR10: 17.2784	Recall10: 35.6780	Precision10: 3.5678
2024-08-05 21:38:44 - INFO - Best Result:
2024-08-05 21:38:44 - INFO - 	Hit10: 35.7850	MRR10: 17.3180	Recall10: 35.7850	Precision10: 3.5785	Epoch: 13, 21, 13, 13
2024-08-05 21:38:44 - INFO - Current Result:
2024-08-05 21:38:44 - INFO - \Hit15: 41.1340	MRR15: 17.7113	Recall15: 41.1340	Precision15: 2.7423
2024-08-05 21:38:44 - INFO - Best Result:
2024-08-05 21:38:44 - INFO - 	Hit15: 41.1607	MRR15: 17.7397	Recall15: 41.1607	Precision15: 2.7440	Epoch: 17, 21, 17, 17
2024-08-05 21:38:44 - INFO - Current Result:
2024-08-05 21:38:44 - INFO - \Hit20: 43.9155	MRR20: 17.8689	Recall20: 43.9155	Precision20: 2.1958
2024-08-05 21:38:44 - INFO - Best Result:
2024-08-05 21:38:44 - INFO - 	Hit20: 44.3702	MRR20: 17.9021	Recall20: 44.3702	Precision20: 2.2185	Epoch: 10, 21, 10, 10
2024-08-05 21:38:44 - INFO - EPOCH:44
2024-08-05 21:38:44 - INFO - Time:2024/08/05 21:38:44
2024-08-05 21:39:09 - INFO - loss: 136.7740020751953; rec_loss: 136.7740020751953; intent_loss: 0.0 
2024-08-05 21:39:09 - INFO - Current Result:
2024-08-05 21:39:09 - INFO - \Hit5: 27.1463	MRR5: 16.1393	Recall5: 27.1463	Precision5: 5.4293
2024-08-05 21:39:09 - INFO - Best Result:
2024-08-05 21:39:09 - INFO - 	Hit5: 27.1998	MRR5: 16.1750	Recall5: 27.1998	Precision5: 5.4400	Epoch: 19, 21, 19, 19
2024-08-05 21:39:09 - INFO - Current Result:
2024-08-05 21:39:09 - INFO - \Hit10: 35.6780	MRR10: 17.2779	Recall10: 35.6780	Precision10: 3.5678
2024-08-05 21:39:09 - INFO - Best Result:
2024-08-05 21:39:09 - INFO - 	Hit10: 35.7850	MRR10: 17.3180	Recall10: 35.7850	Precision10: 3.5785	Epoch: 13, 21, 13, 13
2024-08-05 21:39:09 - INFO - Current Result:
2024-08-05 21:39:09 - INFO - \Hit15: 41.1340	MRR15: 17.7108	Recall15: 41.1340	Precision15: 2.7423
2024-08-05 21:39:09 - INFO - Best Result:
2024-08-05 21:39:09 - INFO - 	Hit15: 41.1607	MRR15: 17.7397	Recall15: 41.1607	Precision15: 2.7440	Epoch: 17, 21, 17, 17
2024-08-05 21:39:09 - INFO - Current Result:
2024-08-05 21:39:09 - INFO - \Hit20: 43.9155	MRR20: 17.8684	Recall20: 43.9155	Precision20: 2.1958
2024-08-05 21:39:09 - INFO - Best Result:
2024-08-05 21:39:09 - INFO - 	Hit20: 44.3702	MRR20: 17.9021	Recall20: 44.3702	Precision20: 2.2185	Epoch: 10, 21, 10, 10
2024-08-05 21:39:09 - INFO - EPOCH:45
2024-08-05 21:39:09 - INFO - Time:2024/08/05 21:39:09
2024-08-05 21:39:37 - INFO - loss: 136.94850158691406; rec_loss: 136.94850158691406; intent_loss: 0.0 
2024-08-05 21:39:37 - INFO - Current Result:
2024-08-05 21:39:37 - INFO - \Hit5: 27.1463	MRR5: 16.1393	Recall5: 27.1463	Precision5: 5.4293
2024-08-05 21:39:37 - INFO - Best Result:
2024-08-05 21:39:37 - INFO - 	Hit5: 27.1998	MRR5: 16.1750	Recall5: 27.1998	Precision5: 5.4400	Epoch: 19, 21, 19, 19
2024-08-05 21:39:37 - INFO - Current Result:
2024-08-05 21:39:37 - INFO - \Hit10: 35.6780	MRR10: 17.2779	Recall10: 35.6780	Precision10: 3.5678
2024-08-05 21:39:37 - INFO - Best Result:
2024-08-05 21:39:37 - INFO - 	Hit10: 35.7850	MRR10: 17.3180	Recall10: 35.7850	Precision10: 3.5785	Epoch: 13, 21, 13, 13
2024-08-05 21:39:37 - INFO - Current Result:
2024-08-05 21:39:37 - INFO - \Hit15: 41.1340	MRR15: 17.7108	Recall15: 41.1340	Precision15: 2.7423
2024-08-05 21:39:37 - INFO - Best Result:
2024-08-05 21:39:37 - INFO - 	Hit15: 41.1607	MRR15: 17.7397	Recall15: 41.1607	Precision15: 2.7440	Epoch: 17, 21, 17, 17
2024-08-05 21:39:37 - INFO - Current Result:
2024-08-05 21:39:37 - INFO - \Hit20: 43.9155	MRR20: 17.8684	Recall20: 43.9155	Precision20: 2.1958
2024-08-05 21:39:37 - INFO - Best Result:
2024-08-05 21:39:37 - INFO - 	Hit20: 44.3702	MRR20: 17.9021	Recall20: 44.3702	Precision20: 2.2185	Epoch: 10, 21, 10, 10
2024-08-05 21:39:37 - INFO - EPOCH:46
2024-08-05 21:39:37 - INFO - Time:2024/08/05 21:39:37
2024-08-05 21:40:03 - INFO - loss: 136.8941192626953; rec_loss: 136.8941192626953; intent_loss: 0.0 
2024-08-05 21:40:03 - INFO - Current Result:
2024-08-05 21:40:03 - INFO - \Hit5: 27.1463	MRR5: 16.1393	Recall5: 27.1463	Precision5: 5.4293
2024-08-05 21:40:03 - INFO - Best Result:
2024-08-05 21:40:03 - INFO - 	Hit5: 27.1998	MRR5: 16.1750	Recall5: 27.1998	Precision5: 5.4400	Epoch: 19, 21, 19, 19
2024-08-05 21:40:03 - INFO - Current Result:
2024-08-05 21:40:03 - INFO - \Hit10: 35.6780	MRR10: 17.2779	Recall10: 35.6780	Precision10: 3.5678
2024-08-05 21:40:03 - INFO - Best Result:
2024-08-05 21:40:03 - INFO - 	Hit10: 35.7850	MRR10: 17.3180	Recall10: 35.7850	Precision10: 3.5785	Epoch: 13, 21, 13, 13
2024-08-05 21:40:03 - INFO - Current Result:
2024-08-05 21:40:03 - INFO - \Hit15: 41.1340	MRR15: 17.7108	Recall15: 41.1340	Precision15: 2.7423
2024-08-05 21:40:03 - INFO - Best Result:
2024-08-05 21:40:03 - INFO - 	Hit15: 41.1607	MRR15: 17.7397	Recall15: 41.1607	Precision15: 2.7440	Epoch: 17, 21, 17, 17
2024-08-05 21:40:03 - INFO - Current Result:
2024-08-05 21:40:03 - INFO - \Hit20: 43.9155	MRR20: 17.8684	Recall20: 43.9155	Precision20: 2.1958
2024-08-05 21:40:03 - INFO - Best Result:
2024-08-05 21:40:03 - INFO - 	Hit20: 44.3702	MRR20: 17.9021	Recall20: 44.3702	Precision20: 2.2185	Epoch: 10, 21, 10, 10
2024-08-05 21:40:03 - INFO - EPOCH:47
2024-08-05 21:40:03 - INFO - Time:2024/08/05 21:40:03
2024-08-05 21:40:27 - INFO - loss: 137.0032501220703; rec_loss: 137.0032501220703; intent_loss: 0.0 
2024-08-05 21:40:27 - INFO - Current Result:
2024-08-05 21:40:27 - INFO - \Hit5: 27.1463	MRR5: 16.1393	Recall5: 27.1463	Precision5: 5.4293
2024-08-05 21:40:27 - INFO - Best Result:
2024-08-05 21:40:27 - INFO - 	Hit5: 27.1998	MRR5: 16.1750	Recall5: 27.1998	Precision5: 5.4400	Epoch: 19, 21, 19, 19
2024-08-05 21:40:27 - INFO - Current Result:
2024-08-05 21:40:27 - INFO - \Hit10: 35.6780	MRR10: 17.2779	Recall10: 35.6780	Precision10: 3.5678
2024-08-05 21:40:27 - INFO - Best Result:
2024-08-05 21:40:27 - INFO - 	Hit10: 35.7850	MRR10: 17.3180	Recall10: 35.7850	Precision10: 3.5785	Epoch: 13, 21, 13, 13
2024-08-05 21:40:27 - INFO - Current Result:
2024-08-05 21:40:27 - INFO - \Hit15: 41.1340	MRR15: 17.7108	Recall15: 41.1340	Precision15: 2.7423
2024-08-05 21:40:27 - INFO - Best Result:
2024-08-05 21:40:27 - INFO - 	Hit15: 41.1607	MRR15: 17.7397	Recall15: 41.1607	Precision15: 2.7440	Epoch: 17, 21, 17, 17
2024-08-05 21:40:27 - INFO - Current Result:
2024-08-05 21:40:27 - INFO - \Hit20: 43.9155	MRR20: 17.8684	Recall20: 43.9155	Precision20: 2.1958
2024-08-05 21:40:27 - INFO - Best Result:
2024-08-05 21:40:27 - INFO - 	Hit20: 44.3702	MRR20: 17.9021	Recall20: 44.3702	Precision20: 2.2185	Epoch: 10, 21, 10, 10
2024-08-05 21:40:27 - INFO - EPOCH:48
2024-08-05 21:40:27 - INFO - Time:2024/08/05 21:40:27
2024-08-05 21:40:46 - INFO - loss: 136.77102661132812; rec_loss: 136.77102661132812; intent_loss: 0.0 
2024-08-05 21:40:46 - INFO - Current Result:
2024-08-05 21:40:46 - INFO - \Hit5: 27.1463	MRR5: 16.1393	Recall5: 27.1463	Precision5: 5.4293
2024-08-05 21:40:46 - INFO - Best Result:
2024-08-05 21:40:46 - INFO - 	Hit5: 27.1998	MRR5: 16.1750	Recall5: 27.1998	Precision5: 5.4400	Epoch: 19, 21, 19, 19
2024-08-05 21:40:46 - INFO - Current Result:
2024-08-05 21:40:46 - INFO - \Hit10: 35.6780	MRR10: 17.2779	Recall10: 35.6780	Precision10: 3.5678
2024-08-05 21:40:46 - INFO - Best Result:
2024-08-05 21:40:46 - INFO - 	Hit10: 35.7850	MRR10: 17.3180	Recall10: 35.7850	Precision10: 3.5785	Epoch: 13, 21, 13, 13
2024-08-05 21:40:46 - INFO - Current Result:
2024-08-05 21:40:46 - INFO - \Hit15: 41.1340	MRR15: 17.7108	Recall15: 41.1340	Precision15: 2.7423
2024-08-05 21:40:46 - INFO - Best Result:
2024-08-05 21:40:46 - INFO - 	Hit15: 41.1607	MRR15: 17.7397	Recall15: 41.1607	Precision15: 2.7440	Epoch: 17, 21, 17, 17
2024-08-05 21:40:46 - INFO - Current Result:
2024-08-05 21:40:46 - INFO - \Hit20: 43.9155	MRR20: 17.8684	Recall20: 43.9155	Precision20: 2.1958
2024-08-05 21:40:46 - INFO - Best Result:
2024-08-05 21:40:46 - INFO - 	Hit20: 44.3702	MRR20: 17.9021	Recall20: 44.3702	Precision20: 2.2185	Epoch: 10, 21, 10, 10
2024-08-05 21:40:46 - INFO - EPOCH:49
2024-08-05 21:40:46 - INFO - Time:2024/08/05 21:40:46
2024-08-05 21:41:09 - INFO - loss: 136.79449462890625; rec_loss: 136.79449462890625; intent_loss: 0.0 
2024-08-05 21:41:09 - INFO - Current Result:
2024-08-05 21:41:09 - INFO - \Hit5: 27.1463	MRR5: 16.1393	Recall5: 27.1463	Precision5: 5.4293
2024-08-05 21:41:09 - INFO - Best Result:
2024-08-05 21:41:09 - INFO - 	Hit5: 27.1998	MRR5: 16.1750	Recall5: 27.1998	Precision5: 5.4400	Epoch: 19, 21, 19, 19
2024-08-05 21:41:09 - INFO - Current Result:
2024-08-05 21:41:09 - INFO - \Hit10: 35.6780	MRR10: 17.2784	Recall10: 35.6780	Precision10: 3.5678
2024-08-05 21:41:09 - INFO - Best Result:
2024-08-05 21:41:09 - INFO - 	Hit10: 35.7850	MRR10: 17.3180	Recall10: 35.7850	Precision10: 3.5785	Epoch: 13, 21, 13, 13
2024-08-05 21:41:09 - INFO - Current Result:
2024-08-05 21:41:09 - INFO - \Hit15: 41.1340	MRR15: 17.7113	Recall15: 41.1340	Precision15: 2.7423
2024-08-05 21:41:09 - INFO - Best Result:
2024-08-05 21:41:09 - INFO - 	Hit15: 41.1607	MRR15: 17.7397	Recall15: 41.1607	Precision15: 2.7440	Epoch: 17, 21, 17, 17
2024-08-05 21:41:09 - INFO - Current Result:
2024-08-05 21:41:09 - INFO - \Hit20: 43.9155	MRR20: 17.8689	Recall20: 43.9155	Precision20: 2.1958
2024-08-05 21:41:09 - INFO - Best Result:
2024-08-05 21:41:09 - INFO - 	Hit20: 44.3702	MRR20: 17.9021	Recall20: 44.3702	Precision20: 2.2185	Epoch: 10, 21, 10, 10
2024-08-05 21:41:09 - INFO - -------------------------------------------------------
2024-08-05 21:41:09 - INFO - Run time: 880.277092 s
