2024-08-05 19:49:37 - INFO - *******start1***********
2024-08-05 19:49:37 - INFO - start time: 2024-08-05 19:49:37
2024-08-05 19:49:37 - INFO - 文本内容 + 文本处理方式:title_vecs.npy
2024-08-05 19:49:37 - INFO - >>SEED:2024
2024-08-05 19:49:37 - INFO - ===========config================
2024-08-05 19:49:37 - INFO - model:Intent_UniGCNII
2024-08-05 19:49:37 - INFO - if_gcn:True
2024-08-05 19:49:37 - INFO - dataset:blockchain
2024-08-05 19:49:37 - INFO - gpu:0
2024-08-05 19:49:37 - INFO - Disentangle:True
2024-08-05 19:49:37 - INFO - Intent factors:7
2024-08-05 19:49:37 - INFO - journal vec:True
2024-08-05 19:49:37 - INFO - title vec:True
2024-08-05 19:49:37 - INFO - Test Topks[5, 10, 15, 20]:
2024-08-05 19:49:37 - INFO - hiddenSize:448
2024-08-05 19:49:37 - INFO - n_factor:7
2024-08-05 19:49:37 - INFO - lr:0.005
2024-08-05 19:49:37 - INFO - batch_size:512
2024-08-05 19:49:37 - INFO - lamda_1:0.85
2024-08-05 19:49:37 - INFO - if co_show:False
2024-08-05 19:49:37 - INFO - if citation:True
2024-08-05 19:49:37 - INFO - integrate_model:transformer
2024-08-05 19:49:37 - INFO - select relative paper for intent:0.4
2024-08-05 19:49:37 - INFO - Hidden number for GNN:256
2024-08-05 19:49:37 - INFO - aux loss weight:1e-05
2024-08-05 19:49:37 - INFO - ===========end===================
2024-08-05 19:49:47 - INFO - EPOCH:0
2024-08-05 19:49:47 - INFO - Time:2024/08/05 19:49:47
2024-08-05 19:50:35 - INFO - loss: 133.6817626953125; rec_loss: 133.6817626953125; intent_loss: 0.00034660648088902235 
2024-08-05 19:50:35 - INFO - Current Result:
2024-08-05 19:50:35 - INFO - \Hit5: 19.8379	MRR5: 11.8266	Recall5: 19.8379	Precision5: 3.9676
2024-08-05 19:50:35 - INFO - Best Result:
2024-08-05 19:50:35 - INFO - 	Hit5: 19.8379	MRR5: 11.8266	Recall5: 19.8379	Precision5: 3.9676	Epoch: 0, 0, 0, 0
2024-08-05 19:50:35 - INFO - Current Result:
2024-08-05 19:50:35 - INFO - \Hit10: 27.4744	MRR10: 12.8312	Recall10: 27.4744	Precision10: 2.7474
2024-08-05 19:50:35 - INFO - Best Result:
2024-08-05 19:50:35 - INFO - 	Hit10: 27.4744	MRR10: 12.8312	Recall10: 27.4744	Precision10: 2.7474	Epoch: 0, 0, 0, 0
2024-08-05 19:50:35 - INFO - Current Result:
2024-08-05 19:50:35 - INFO - \Hit15: 32.7218	MRR15: 13.2408	Recall15: 32.7218	Precision15: 2.1815
2024-08-05 19:50:35 - INFO - Best Result:
2024-08-05 19:50:35 - INFO - 	Hit15: 32.7218	MRR15: 13.2408	Recall15: 32.7218	Precision15: 2.1815	Epoch: 0, 0, 0, 0
2024-08-05 19:50:35 - INFO - Current Result:
2024-08-05 19:50:35 - INFO - \Hit20: 36.3908	MRR20: 13.4459	Recall20: 36.3908	Precision20: 1.8195
2024-08-05 19:50:35 - INFO - Best Result:
2024-08-05 19:50:35 - INFO - 	Hit20: 36.3908	MRR20: 13.4459	Recall20: 36.3908	Precision20: 1.8195	Epoch: 0, 0, 0, 0
2024-08-05 19:50:35 - INFO - EPOCH:1
2024-08-05 19:50:35 - INFO - Time:2024/08/05 19:50:35
2024-08-05 19:51:21 - INFO - loss: 103.0575942993164; rec_loss: 103.0575942993164; intent_loss: 0.00021626235684379935 
2024-08-05 19:51:21 - INFO - Current Result:
2024-08-05 19:51:21 - INFO - \Hit5: 22.2696	MRR5: 13.2302	Recall5: 22.2696	Precision5: 4.4539
2024-08-05 19:51:21 - INFO - Best Result:
2024-08-05 19:51:21 - INFO - 	Hit5: 22.2696	MRR5: 13.2302	Recall5: 22.2696	Precision5: 4.4539	Epoch: 1, 1, 1, 1
2024-08-05 19:51:21 - INFO - Current Result:
2024-08-05 19:51:21 - INFO - \Hit10: 30.8447	MRR10: 14.3527	Recall10: 30.8447	Precision10: 3.0845
2024-08-05 19:51:21 - INFO - Best Result:
2024-08-05 19:51:21 - INFO - 	Hit10: 30.8447	MRR10: 14.3527	Recall10: 30.8447	Precision10: 3.0845	Epoch: 1, 1, 1, 1
2024-08-05 19:51:21 - INFO - Current Result:
2024-08-05 19:51:21 - INFO - \Hit15: 35.7082	MRR15: 14.7291	Recall15: 35.7082	Precision15: 2.3805
2024-08-05 19:51:21 - INFO - Best Result:
2024-08-05 19:51:21 - INFO - 	Hit15: 35.7082	MRR15: 14.7291	Recall15: 35.7082	Precision15: 2.3805	Epoch: 1, 1, 1, 1
2024-08-05 19:51:21 - INFO - Current Result:
2024-08-05 19:51:21 - INFO - \Hit20: 39.9744	MRR20: 14.9658	Recall20: 39.9744	Precision20: 1.9987
2024-08-05 19:51:21 - INFO - Best Result:
2024-08-05 19:51:21 - INFO - 	Hit20: 39.9744	MRR20: 14.9658	Recall20: 39.9744	Precision20: 1.9987	Epoch: 1, 1, 1, 1
2024-08-05 19:51:21 - INFO - EPOCH:2
2024-08-05 19:51:21 - INFO - Time:2024/08/05 19:51:21
2024-08-05 19:52:05 - INFO - loss: 97.71814727783203; rec_loss: 97.71814727783203; intent_loss: 0.00010208231105934829 
2024-08-05 19:52:05 - INFO - Current Result:
2024-08-05 19:52:05 - INFO - \Hit5: 23.2935	MRR5: 13.6085	Recall5: 23.2935	Precision5: 4.6587
2024-08-05 19:52:05 - INFO - Best Result:
2024-08-05 19:52:05 - INFO - 	Hit5: 23.2935	MRR5: 13.6085	Recall5: 23.2935	Precision5: 4.6587	Epoch: 2, 2, 2, 2
2024-08-05 19:52:05 - INFO - Current Result:
2024-08-05 19:52:05 - INFO - \Hit10: 31.4420	MRR10: 14.6860	Recall10: 31.4420	Precision10: 3.1442
2024-08-05 19:52:05 - INFO - Best Result:
2024-08-05 19:52:05 - INFO - 	Hit10: 31.4420	MRR10: 14.6860	Recall10: 31.4420	Precision10: 3.1442	Epoch: 2, 2, 2, 2
2024-08-05 19:52:05 - INFO - Current Result:
2024-08-05 19:52:05 - INFO - \Hit15: 36.5188	MRR15: 15.0871	Recall15: 36.5188	Precision15: 2.4346
2024-08-05 19:52:05 - INFO - Best Result:
2024-08-05 19:52:05 - INFO - 	Hit15: 36.5188	MRR15: 15.0871	Recall15: 36.5188	Precision15: 2.4346	Epoch: 2, 2, 2, 2
2024-08-05 19:52:05 - INFO - Current Result:
2024-08-05 19:52:05 - INFO - \Hit20: 40.6570	MRR20: 15.3193	Recall20: 40.6570	Precision20: 2.0328
2024-08-05 19:52:05 - INFO - Best Result:
2024-08-05 19:52:05 - INFO - 	Hit20: 40.6570	MRR20: 15.3193	Recall20: 40.6570	Precision20: 2.0328	Epoch: 2, 2, 2, 2
2024-08-05 19:52:05 - INFO - EPOCH:3
2024-08-05 19:52:05 - INFO - Time:2024/08/05 19:52:05
2024-08-05 19:52:54 - INFO - loss: 95.38433074951172; rec_loss: 95.38433074951172; intent_loss: 3.488806032692082e-05 
2024-08-05 19:52:54 - INFO - Current Result:
2024-08-05 19:52:54 - INFO - \Hit5: 21.7150	MRR5: 12.5228	Recall5: 21.7150	Precision5: 4.3430
2024-08-05 19:52:54 - INFO - Best Result:
2024-08-05 19:52:54 - INFO - 	Hit5: 23.2935	MRR5: 13.6085	Recall5: 23.2935	Precision5: 4.6587	Epoch: 2, 2, 2, 2
2024-08-05 19:52:54 - INFO - Current Result:
2024-08-05 19:52:54 - INFO - \Hit10: 29.8635	MRR10: 13.5865	Recall10: 29.8635	Precision10: 2.9863
2024-08-05 19:52:54 - INFO - Best Result:
2024-08-05 19:52:54 - INFO - 	Hit10: 31.4420	MRR10: 14.6860	Recall10: 31.4420	Precision10: 3.1442	Epoch: 2, 2, 2, 2
2024-08-05 19:52:54 - INFO - Current Result:
2024-08-05 19:52:54 - INFO - \Hit15: 35.1962	MRR15: 13.9988	Recall15: 35.1962	Precision15: 2.3464
2024-08-05 19:52:54 - INFO - Best Result:
2024-08-05 19:52:54 - INFO - 	Hit15: 36.5188	MRR15: 15.0871	Recall15: 36.5188	Precision15: 2.4346	Epoch: 2, 2, 2, 2
2024-08-05 19:52:54 - INFO - Current Result:
2024-08-05 19:52:54 - INFO - \Hit20: 39.4625	MRR20: 14.2415	Recall20: 39.4625	Precision20: 1.9731
2024-08-05 19:52:54 - INFO - Best Result:
2024-08-05 19:52:54 - INFO - 	Hit20: 40.6570	MRR20: 15.3193	Recall20: 40.6570	Precision20: 2.0328	Epoch: 2, 2, 2, 2
2024-08-05 19:52:54 - INFO - EPOCH:4
2024-08-05 19:52:54 - INFO - Time:2024/08/05 19:52:54
2024-08-05 19:53:42 - INFO - loss: 93.84154510498047; rec_loss: 93.84154510498047; intent_loss: 5.892002445762046e-05 
2024-08-05 19:53:42 - INFO - Current Result:
2024-08-05 19:53:42 - INFO - \Hit5: 23.1229	MRR5: 13.0347	Recall5: 23.1229	Precision5: 4.6246
2024-08-05 19:53:42 - INFO - Best Result:
2024-08-05 19:53:42 - INFO - 	Hit5: 23.2935	MRR5: 13.6085	Recall5: 23.2935	Precision5: 4.6587	Epoch: 2, 2, 2, 2
2024-08-05 19:53:42 - INFO - Current Result:
2024-08-05 19:53:42 - INFO - \Hit10: 30.7167	MRR10: 14.0627	Recall10: 30.7167	Precision10: 3.0717
2024-08-05 19:53:42 - INFO - Best Result:
2024-08-05 19:53:42 - INFO - 	Hit10: 31.4420	MRR10: 14.6860	Recall10: 31.4420	Precision10: 3.1442	Epoch: 2, 2, 2, 2
2024-08-05 19:53:42 - INFO - Current Result:
2024-08-05 19:53:42 - INFO - \Hit15: 36.2628	MRR15: 14.4975	Recall15: 36.2628	Precision15: 2.4175
2024-08-05 19:53:42 - INFO - Best Result:
2024-08-05 19:53:42 - INFO - 	Hit15: 36.5188	MRR15: 15.0871	Recall15: 36.5188	Precision15: 2.4346	Epoch: 2, 2, 2, 2
2024-08-05 19:53:42 - INFO - Current Result:
2024-08-05 19:53:42 - INFO - \Hit20: 39.8038	MRR20: 14.6958	Recall20: 39.8038	Precision20: 1.9902
2024-08-05 19:53:42 - INFO - Best Result:
2024-08-05 19:53:42 - INFO - 	Hit20: 40.6570	MRR20: 15.3193	Recall20: 40.6570	Precision20: 2.0328	Epoch: 2, 2, 2, 2
2024-08-05 19:53:42 - INFO - EPOCH:5
2024-08-05 19:53:42 - INFO - Time:2024/08/05 19:53:42
2024-08-05 19:54:28 - INFO - loss: 87.62333679199219; rec_loss: 87.62333679199219; intent_loss: 7.869194814702496e-05 
2024-08-05 19:54:28 - INFO - Current Result:
2024-08-05 19:54:28 - INFO - \Hit5: 24.8720	MRR5: 14.7796	Recall5: 24.8720	Precision5: 4.9744
2024-08-05 19:54:28 - INFO - Best Result:
2024-08-05 19:54:28 - INFO - 	Hit5: 24.8720	MRR5: 14.7796	Recall5: 24.8720	Precision5: 4.9744	Epoch: 5, 5, 5, 5
2024-08-05 19:54:28 - INFO - Current Result:
2024-08-05 19:54:28 - INFO - \Hit10: 33.6604	MRR10: 15.9474	Recall10: 33.6604	Precision10: 3.3660
2024-08-05 19:54:28 - INFO - Best Result:
2024-08-05 19:54:28 - INFO - 	Hit10: 33.6604	MRR10: 15.9474	Recall10: 33.6604	Precision10: 3.3660	Epoch: 5, 5, 5, 5
2024-08-05 19:54:28 - INFO - Current Result:
2024-08-05 19:54:28 - INFO - \Hit15: 39.4198	MRR15: 16.4046	Recall15: 39.4198	Precision15: 2.6280
2024-08-05 19:54:28 - INFO - Best Result:
2024-08-05 19:54:28 - INFO - 	Hit15: 39.4198	MRR15: 16.4046	Recall15: 39.4198	Precision15: 2.6280	Epoch: 5, 5, 5, 5
2024-08-05 19:54:28 - INFO - Current Result:
2024-08-05 19:54:28 - INFO - \Hit20: 43.2167	MRR20: 16.6230	Recall20: 43.2167	Precision20: 2.1608
2024-08-05 19:54:28 - INFO - Best Result:
2024-08-05 19:54:28 - INFO - 	Hit20: 43.2167	MRR20: 16.6230	Recall20: 43.2167	Precision20: 2.1608	Epoch: 5, 5, 5, 5
2024-08-05 19:54:28 - INFO - EPOCH:6
2024-08-05 19:54:28 - INFO - Time:2024/08/05 19:54:28
2024-08-05 19:55:18 - INFO - loss: 84.19317626953125; rec_loss: 84.19317626953125; intent_loss: 7.560960511909798e-05 
2024-08-05 19:55:18 - INFO - Current Result:
2024-08-05 19:55:18 - INFO - \Hit5: 25.0427	MRR5: 14.7632	Recall5: 25.0427	Precision5: 5.0085
2024-08-05 19:55:18 - INFO - Best Result:
2024-08-05 19:55:18 - INFO - 	Hit5: 25.0427	MRR5: 14.7796	Recall5: 25.0427	Precision5: 5.0085	Epoch: 6, 5, 6, 6
2024-08-05 19:55:18 - INFO - Current Result:
2024-08-05 19:55:18 - INFO - \Hit10: 34.0017	MRR10: 15.9505	Recall10: 34.0017	Precision10: 3.4002
2024-08-05 19:55:18 - INFO - Best Result:
2024-08-05 19:55:18 - INFO - 	Hit10: 34.0017	MRR10: 15.9505	Recall10: 34.0017	Precision10: 3.4002	Epoch: 6, 6, 6, 6
2024-08-05 19:55:18 - INFO - Current Result:
2024-08-05 19:55:18 - INFO - \Hit15: 39.8038	MRR15: 16.4086	Recall15: 39.8038	Precision15: 2.6536
2024-08-05 19:55:18 - INFO - Best Result:
2024-08-05 19:55:18 - INFO - 	Hit15: 39.8038	MRR15: 16.4086	Recall15: 39.8038	Precision15: 2.6536	Epoch: 6, 6, 6, 6
2024-08-05 19:55:18 - INFO - Current Result:
2024-08-05 19:55:18 - INFO - \Hit20: 43.2594	MRR20: 16.6047	Recall20: 43.2594	Precision20: 2.1630
2024-08-05 19:55:18 - INFO - Best Result:
2024-08-05 19:55:18 - INFO - 	Hit20: 43.2594	MRR20: 16.6230	Recall20: 43.2594	Precision20: 2.1630	Epoch: 6, 5, 6, 6
2024-08-05 19:55:18 - INFO - EPOCH:7
2024-08-05 19:55:18 - INFO - Time:2024/08/05 19:55:18
2024-08-05 19:56:07 - INFO - loss: 83.18641662597656; rec_loss: 83.18641662597656; intent_loss: 7.108631689334288e-05 
2024-08-05 19:56:07 - INFO - Current Result:
2024-08-05 19:56:07 - INFO - \Hit5: 25.5973	MRR5: 14.6992	Recall5: 25.5973	Precision5: 5.1195
2024-08-05 19:56:07 - INFO - Best Result:
2024-08-05 19:56:07 - INFO - 	Hit5: 25.5973	MRR5: 14.7796	Recall5: 25.5973	Precision5: 5.1195	Epoch: 7, 5, 7, 7
2024-08-05 19:56:07 - INFO - Current Result:
2024-08-05 19:56:07 - INFO - \Hit10: 33.7031	MRR10: 15.7810	Recall10: 33.7031	Precision10: 3.3703
2024-08-05 19:56:07 - INFO - Best Result:
2024-08-05 19:56:07 - INFO - 	Hit10: 34.0017	MRR10: 15.9505	Recall10: 34.0017	Precision10: 3.4002	Epoch: 6, 6, 6, 6
2024-08-05 19:56:07 - INFO - Current Result:
2024-08-05 19:56:07 - INFO - \Hit15: 39.2918	MRR15: 16.2270	Recall15: 39.2918	Precision15: 2.6195
2024-08-05 19:56:07 - INFO - Best Result:
2024-08-05 19:56:07 - INFO - 	Hit15: 39.8038	MRR15: 16.4086	Recall15: 39.8038	Precision15: 2.6536	Epoch: 6, 6, 6, 6
2024-08-05 19:56:07 - INFO - Current Result:
2024-08-05 19:56:07 - INFO - \Hit20: 42.7901	MRR20: 16.4261	Recall20: 42.7901	Precision20: 2.1395
2024-08-05 19:56:07 - INFO - Best Result:
2024-08-05 19:56:07 - INFO - 	Hit20: 43.2594	MRR20: 16.6230	Recall20: 43.2594	Precision20: 2.1630	Epoch: 6, 5, 6, 6
2024-08-05 19:56:07 - INFO - EPOCH:8
2024-08-05 19:56:07 - INFO - Time:2024/08/05 19:56:07
2024-08-05 19:56:58 - INFO - loss: 82.24817657470703; rec_loss: 82.24817657470703; intent_loss: 6.834496889496222e-05 
2024-08-05 19:56:58 - INFO - Current Result:
2024-08-05 19:56:58 - INFO - \Hit5: 25.5546	MRR5: 14.7561	Recall5: 25.5546	Precision5: 5.1109
2024-08-05 19:56:58 - INFO - Best Result:
2024-08-05 19:56:58 - INFO - 	Hit5: 25.5973	MRR5: 14.7796	Recall5: 25.5973	Precision5: 5.1195	Epoch: 7, 5, 7, 7
2024-08-05 19:56:58 - INFO - Current Result:
2024-08-05 19:56:58 - INFO - \Hit10: 33.4471	MRR10: 15.8250	Recall10: 33.4471	Precision10: 3.3447
2024-08-05 19:56:58 - INFO - Best Result:
2024-08-05 19:56:58 - INFO - 	Hit10: 34.0017	MRR10: 15.9505	Recall10: 34.0017	Precision10: 3.4002	Epoch: 6, 6, 6, 6
2024-08-05 19:56:58 - INFO - Current Result:
2024-08-05 19:56:58 - INFO - \Hit15: 38.7799	MRR15: 16.2488	Recall15: 38.7799	Precision15: 2.5853
2024-08-05 19:56:58 - INFO - Best Result:
2024-08-05 19:56:58 - INFO - 	Hit15: 39.8038	MRR15: 16.4086	Recall15: 39.8038	Precision15: 2.6536	Epoch: 6, 6, 6, 6
2024-08-05 19:56:58 - INFO - Current Result:
2024-08-05 19:56:58 - INFO - \Hit20: 42.3208	MRR20: 16.4477	Recall20: 42.3208	Precision20: 2.1160
2024-08-05 19:56:58 - INFO - Best Result:
2024-08-05 19:56:58 - INFO - 	Hit20: 43.2594	MRR20: 16.6230	Recall20: 43.2594	Precision20: 2.1630	Epoch: 6, 5, 6, 6
2024-08-05 19:56:58 - INFO - EPOCH:9
2024-08-05 19:56:58 - INFO - Time:2024/08/05 19:56:58
2024-08-05 19:57:49 - INFO - loss: 82.6111068725586; rec_loss: 82.6111068725586; intent_loss: 6.588805263163522e-05 
2024-08-05 19:57:49 - INFO - Current Result:
2024-08-05 19:57:49 - INFO - \Hit5: 22.8242	MRR5: 13.5196	Recall5: 22.8242	Precision5: 4.5648
2024-08-05 19:57:49 - INFO - Best Result:
2024-08-05 19:57:49 - INFO - 	Hit5: 25.5973	MRR5: 14.7796	Recall5: 25.5973	Precision5: 5.1195	Epoch: 7, 5, 7, 7
2024-08-05 19:57:49 - INFO - Current Result:
2024-08-05 19:57:49 - INFO - \Hit10: 31.6553	MRR10: 14.7079	Recall10: 31.6553	Precision10: 3.1655
2024-08-05 19:57:49 - INFO - Best Result:
2024-08-05 19:57:49 - INFO - 	Hit10: 34.0017	MRR10: 15.9505	Recall10: 34.0017	Precision10: 3.4002	Epoch: 6, 6, 6, 6
2024-08-05 19:57:49 - INFO - Current Result:
2024-08-05 19:57:49 - INFO - \Hit15: 37.6280	MRR15: 15.1770	Recall15: 37.6280	Precision15: 2.5085
2024-08-05 19:57:49 - INFO - Best Result:
2024-08-05 19:57:49 - INFO - 	Hit15: 39.8038	MRR15: 16.4086	Recall15: 39.8038	Precision15: 2.6536	Epoch: 6, 6, 6, 6
2024-08-05 19:57:49 - INFO - Current Result:
2024-08-05 19:57:49 - INFO - \Hit20: 40.7850	MRR20: 15.3544	Recall20: 40.7850	Precision20: 2.0392
2024-08-05 19:57:49 - INFO - Best Result:
2024-08-05 19:57:49 - INFO - 	Hit20: 43.2594	MRR20: 16.6230	Recall20: 43.2594	Precision20: 2.1630	Epoch: 6, 5, 6, 6
2024-08-05 19:57:49 - INFO - EPOCH:10
2024-08-05 19:57:49 - INFO - Time:2024/08/05 19:57:49
2024-08-05 19:58:39 - INFO - loss: 83.08036804199219; rec_loss: 83.08036804199219; intent_loss: 6.337040395010263e-05 
2024-08-05 19:58:39 - INFO - Current Result:
2024-08-05 19:58:39 - INFO - \Hit5: 24.7440	MRR5: 14.3622	Recall5: 24.7440	Precision5: 4.9488
2024-08-05 19:58:39 - INFO - Best Result:
2024-08-05 19:58:39 - INFO - 	Hit5: 25.5973	MRR5: 14.7796	Recall5: 25.5973	Precision5: 5.1195	Epoch: 7, 5, 7, 7
2024-08-05 19:58:39 - INFO - Current Result:
2024-08-05 19:58:39 - INFO - \Hit10: 33.6177	MRR10: 15.5801	Recall10: 33.6177	Precision10: 3.3618
2024-08-05 19:58:39 - INFO - Best Result:
2024-08-05 19:58:39 - INFO - 	Hit10: 34.0017	MRR10: 15.9505	Recall10: 34.0017	Precision10: 3.4002	Epoch: 6, 6, 6, 6
2024-08-05 19:58:39 - INFO - Current Result:
2024-08-05 19:58:39 - INFO - \Hit15: 39.3771	MRR15: 16.0254	Recall15: 39.3771	Precision15: 2.6251
2024-08-05 19:58:39 - INFO - Best Result:
2024-08-05 19:58:39 - INFO - 	Hit15: 39.8038	MRR15: 16.4086	Recall15: 39.8038	Precision15: 2.6536	Epoch: 6, 6, 6, 6
2024-08-05 19:58:39 - INFO - Current Result:
2024-08-05 19:58:39 - INFO - \Hit20: 42.7474	MRR20: 16.2142	Recall20: 42.7474	Precision20: 2.1374
2024-08-05 19:58:39 - INFO - Best Result:
2024-08-05 19:58:39 - INFO - 	Hit20: 43.2594	MRR20: 16.6230	Recall20: 43.2594	Precision20: 2.1630	Epoch: 6, 5, 6, 6
2024-08-05 19:58:39 - INFO - EPOCH:11
2024-08-05 19:58:39 - INFO - Time:2024/08/05 19:58:39
2024-08-05 19:59:26 - INFO - loss: 80.4791030883789; rec_loss: 80.4791030883789; intent_loss: 6.307871808530763e-05 
2024-08-05 19:59:27 - INFO - Current Result:
2024-08-05 19:59:27 - INFO - \Hit5: 25.0853	MRR5: 14.6495	Recall5: 25.0853	Precision5: 5.0171
2024-08-05 19:59:27 - INFO - Best Result:
2024-08-05 19:59:27 - INFO - 	Hit5: 25.5973	MRR5: 14.7796	Recall5: 25.5973	Precision5: 5.1195	Epoch: 7, 5, 7, 7
2024-08-05 19:59:27 - INFO - Current Result:
2024-08-05 19:59:27 - INFO - \Hit10: 33.7884	MRR10: 15.8264	Recall10: 33.7884	Precision10: 3.3788
2024-08-05 19:59:27 - INFO - Best Result:
2024-08-05 19:59:27 - INFO - 	Hit10: 34.0017	MRR10: 15.9505	Recall10: 34.0017	Precision10: 3.4002	Epoch: 6, 6, 6, 6
2024-08-05 19:59:27 - INFO - Current Result:
2024-08-05 19:59:27 - INFO - \Hit15: 39.2491	MRR15: 16.2634	Recall15: 39.2491	Precision15: 2.6166
2024-08-05 19:59:27 - INFO - Best Result:
2024-08-05 19:59:27 - INFO - 	Hit15: 39.8038	MRR15: 16.4086	Recall15: 39.8038	Precision15: 2.6536	Epoch: 6, 6, 6, 6
2024-08-05 19:59:27 - INFO - Current Result:
2024-08-05 19:59:27 - INFO - \Hit20: 43.4300	MRR20: 16.4977	Recall20: 43.4300	Precision20: 2.1715
2024-08-05 19:59:27 - INFO - Best Result:
2024-08-05 19:59:27 - INFO - 	Hit20: 43.4300	MRR20: 16.6230	Recall20: 43.4300	Precision20: 2.1715	Epoch: 11, 5, 11, 11
2024-08-05 19:59:27 - INFO - EPOCH:12
2024-08-05 19:59:27 - INFO - Time:2024/08/05 19:59:27
2024-08-05 20:00:14 - INFO - loss: 80.109130859375; rec_loss: 80.109130859375; intent_loss: 6.371780909830704e-05 
2024-08-05 20:00:14 - INFO - Current Result:
2024-08-05 20:00:14 - INFO - \Hit5: 25.2560	MRR5: 14.8564	Recall5: 25.2560	Precision5: 5.0512
2024-08-05 20:00:14 - INFO - Best Result:
2024-08-05 20:00:14 - INFO - 	Hit5: 25.5973	MRR5: 14.8564	Recall5: 25.5973	Precision5: 5.1195	Epoch: 7, 12, 7, 7
2024-08-05 20:00:14 - INFO - Current Result:
2024-08-05 20:00:14 - INFO - \Hit10: 34.0017	MRR10: 16.0206	Recall10: 34.0017	Precision10: 3.4002
2024-08-05 20:00:14 - INFO - Best Result:
2024-08-05 20:00:14 - INFO - 	Hit10: 34.0017	MRR10: 16.0206	Recall10: 34.0017	Precision10: 3.4002	Epoch: 6, 12, 6, 12
2024-08-05 20:00:14 - INFO - Current Result:
2024-08-05 20:00:14 - INFO - \Hit15: 39.0358	MRR15: 16.4163	Recall15: 39.0358	Precision15: 2.6024
2024-08-05 20:00:14 - INFO - Best Result:
2024-08-05 20:00:14 - INFO - 	Hit15: 39.8038	MRR15: 16.4163	Recall15: 39.8038	Precision15: 2.6536	Epoch: 6, 12, 6, 6
2024-08-05 20:00:14 - INFO - Current Result:
2024-08-05 20:00:14 - INFO - \Hit20: 43.0887	MRR20: 16.6446	Recall20: 43.0887	Precision20: 2.1544
2024-08-05 20:00:14 - INFO - Best Result:
2024-08-05 20:00:14 - INFO - 	Hit20: 43.4300	MRR20: 16.6446	Recall20: 43.4300	Precision20: 2.1715	Epoch: 11, 12, 11, 11
2024-08-05 20:00:14 - INFO - EPOCH:13
2024-08-05 20:00:14 - INFO - Time:2024/08/05 20:00:14
2024-08-05 20:00:56 - INFO - loss: 79.36203002929688; rec_loss: 79.36203002929688; intent_loss: 6.261593080125749e-05 
2024-08-05 20:00:56 - INFO - Current Result:
2024-08-05 20:00:56 - INFO - \Hit5: 25.1280	MRR5: 14.9296	Recall5: 25.1280	Precision5: 5.0256
2024-08-05 20:00:56 - INFO - Best Result:
2024-08-05 20:00:56 - INFO - 	Hit5: 25.5973	MRR5: 14.9296	Recall5: 25.5973	Precision5: 5.1195	Epoch: 7, 13, 7, 7
2024-08-05 20:00:56 - INFO - Current Result:
2024-08-05 20:00:56 - INFO - \Hit10: 34.0444	MRR10: 16.1409	Recall10: 34.0444	Precision10: 3.4044
2024-08-05 20:00:56 - INFO - Best Result:
2024-08-05 20:00:56 - INFO - 	Hit10: 34.0444	MRR10: 16.1409	Recall10: 34.0444	Precision10: 3.4044	Epoch: 13, 13, 13, 13
2024-08-05 20:00:56 - INFO - Current Result:
2024-08-05 20:00:56 - INFO - \Hit15: 39.0785	MRR15: 16.5359	Recall15: 39.0785	Precision15: 2.6052
2024-08-05 20:00:56 - INFO - Best Result:
2024-08-05 20:00:56 - INFO - 	Hit15: 39.8038	MRR15: 16.5359	Recall15: 39.8038	Precision15: 2.6536	Epoch: 6, 13, 6, 6
2024-08-05 20:00:56 - INFO - Current Result:
2024-08-05 20:00:56 - INFO - \Hit20: 43.0461	MRR20: 16.7609	Recall20: 43.0461	Precision20: 2.1523
2024-08-05 20:00:56 - INFO - Best Result:
2024-08-05 20:00:56 - INFO - 	Hit20: 43.4300	MRR20: 16.7609	Recall20: 43.4300	Precision20: 2.1715	Epoch: 11, 13, 11, 11
2024-08-05 20:00:56 - INFO - EPOCH:14
2024-08-05 20:00:56 - INFO - Time:2024/08/05 20:00:56
2024-08-05 20:01:39 - INFO - loss: 78.99822235107422; rec_loss: 78.99822235107422; intent_loss: 6.243081588763744e-05 
2024-08-05 20:01:39 - INFO - Current Result:
2024-08-05 20:01:39 - INFO - \Hit5: 25.5119	MRR5: 14.6559	Recall5: 25.5119	Precision5: 5.1024
2024-08-05 20:01:39 - INFO - Best Result:
2024-08-05 20:01:39 - INFO - 	Hit5: 25.5973	MRR5: 14.9296	Recall5: 25.5973	Precision5: 5.1195	Epoch: 7, 13, 7, 7
2024-08-05 20:01:39 - INFO - Current Result:
2024-08-05 20:01:39 - INFO - \Hit10: 34.0017	MRR10: 15.7913	Recall10: 34.0017	Precision10: 3.4002
2024-08-05 20:01:39 - INFO - Best Result:
2024-08-05 20:01:39 - INFO - 	Hit10: 34.0444	MRR10: 16.1409	Recall10: 34.0444	Precision10: 3.4044	Epoch: 13, 13, 13, 13
2024-08-05 20:01:39 - INFO - Current Result:
2024-08-05 20:01:39 - INFO - \Hit15: 39.3345	MRR15: 16.2045	Recall15: 39.3345	Precision15: 2.6223
2024-08-05 20:01:39 - INFO - Best Result:
2024-08-05 20:01:39 - INFO - 	Hit15: 39.8038	MRR15: 16.5359	Recall15: 39.8038	Precision15: 2.6536	Epoch: 6, 13, 6, 6
2024-08-05 20:01:39 - INFO - Current Result:
2024-08-05 20:01:39 - INFO - \Hit20: 43.0034	MRR20: 16.4118	Recall20: 43.0034	Precision20: 2.1502
2024-08-05 20:01:39 - INFO - Best Result:
2024-08-05 20:01:39 - INFO - 	Hit20: 43.4300	MRR20: 16.7609	Recall20: 43.4300	Precision20: 2.1715	Epoch: 11, 13, 11, 11
2024-08-05 20:01:39 - INFO - EPOCH:15
2024-08-05 20:01:39 - INFO - Time:2024/08/05 20:01:39
2024-08-05 20:02:30 - INFO - loss: 78.70897674560547; rec_loss: 78.70897674560547; intent_loss: 6.217309419298545e-05 
2024-08-05 20:02:30 - INFO - Current Result:
2024-08-05 20:02:30 - INFO - \Hit5: 25.3413	MRR5: 14.6914	Recall5: 25.3413	Precision5: 5.0683
2024-08-05 20:02:30 - INFO - Best Result:
2024-08-05 20:02:30 - INFO - 	Hit5: 25.5973	MRR5: 14.9296	Recall5: 25.5973	Precision5: 5.1195	Epoch: 7, 13, 7, 7
2024-08-05 20:02:30 - INFO - Current Result:
2024-08-05 20:02:30 - INFO - \Hit10: 33.8311	MRR10: 15.8361	Recall10: 33.8311	Precision10: 3.3831
2024-08-05 20:02:30 - INFO - Best Result:
2024-08-05 20:02:30 - INFO - 	Hit10: 34.0444	MRR10: 16.1409	Recall10: 34.0444	Precision10: 3.4044	Epoch: 13, 13, 13, 13
2024-08-05 20:02:30 - INFO - Current Result:
2024-08-05 20:02:30 - INFO - \Hit15: 39.2491	MRR15: 16.2601	Recall15: 39.2491	Precision15: 2.6166
2024-08-05 20:02:30 - INFO - Best Result:
2024-08-05 20:02:30 - INFO - 	Hit15: 39.8038	MRR15: 16.5359	Recall15: 39.8038	Precision15: 2.6536	Epoch: 6, 13, 6, 6
2024-08-05 20:02:30 - INFO - Current Result:
2024-08-05 20:02:30 - INFO - \Hit20: 42.9608	MRR20: 16.4685	Recall20: 42.9608	Precision20: 2.1480
2024-08-05 20:02:30 - INFO - Best Result:
2024-08-05 20:02:30 - INFO - 	Hit20: 43.4300	MRR20: 16.7609	Recall20: 43.4300	Precision20: 2.1715	Epoch: 11, 13, 11, 11
2024-08-05 20:02:30 - INFO - EPOCH:16
2024-08-05 20:02:30 - INFO - Time:2024/08/05 20:02:30
2024-08-05 20:03:18 - INFO - loss: 78.6917495727539; rec_loss: 78.6917495727539; intent_loss: 6.191574357217178e-05 
2024-08-05 20:03:18 - INFO - Current Result:
2024-08-05 20:03:18 - INFO - \Hit5: 25.3840	MRR5: 14.6815	Recall5: 25.3840	Precision5: 5.0768
2024-08-05 20:03:18 - INFO - Best Result:
2024-08-05 20:03:18 - INFO - 	Hit5: 25.5973	MRR5: 14.9296	Recall5: 25.5973	Precision5: 5.1195	Epoch: 7, 13, 7, 7
2024-08-05 20:03:18 - INFO - Current Result:
2024-08-05 20:03:18 - INFO - \Hit10: 33.9164	MRR10: 15.8334	Recall10: 33.9164	Precision10: 3.3916
2024-08-05 20:03:18 - INFO - Best Result:
2024-08-05 20:03:18 - INFO - 	Hit10: 34.0444	MRR10: 16.1409	Recall10: 34.0444	Precision10: 3.4044	Epoch: 13, 13, 13, 13
2024-08-05 20:03:18 - INFO - Current Result:
2024-08-05 20:03:18 - INFO - \Hit15: 39.0785	MRR15: 16.2354	Recall15: 39.0785	Precision15: 2.6052
2024-08-05 20:03:18 - INFO - Best Result:
2024-08-05 20:03:18 - INFO - 	Hit15: 39.8038	MRR15: 16.5359	Recall15: 39.8038	Precision15: 2.6536	Epoch: 6, 13, 6, 6
2024-08-05 20:03:18 - INFO - Current Result:
2024-08-05 20:03:18 - INFO - \Hit20: 42.9608	MRR20: 16.4548	Recall20: 42.9608	Precision20: 2.1480
2024-08-05 20:03:18 - INFO - Best Result:
2024-08-05 20:03:18 - INFO - 	Hit20: 43.4300	MRR20: 16.7609	Recall20: 43.4300	Precision20: 2.1715	Epoch: 11, 13, 11, 11
2024-08-05 20:03:18 - INFO - EPOCH:17
2024-08-05 20:03:18 - INFO - Time:2024/08/05 20:03:18
2024-08-05 20:04:05 - INFO - loss: 78.54341125488281; rec_loss: 78.54341125488281; intent_loss: 6.186229438753799e-05 
2024-08-05 20:04:05 - INFO - Current Result:
2024-08-05 20:04:05 - INFO - \Hit5: 25.2986	MRR5: 14.6487	Recall5: 25.2986	Precision5: 5.0597
2024-08-05 20:04:05 - INFO - Best Result:
2024-08-05 20:04:05 - INFO - 	Hit5: 25.5973	MRR5: 14.9296	Recall5: 25.5973	Precision5: 5.1195	Epoch: 7, 13, 7, 7
2024-08-05 20:04:05 - INFO - Current Result:
2024-08-05 20:04:05 - INFO - \Hit10: 33.9164	MRR10: 15.8180	Recall10: 33.9164	Precision10: 3.3916
2024-08-05 20:04:05 - INFO - Best Result:
2024-08-05 20:04:05 - INFO - 	Hit10: 34.0444	MRR10: 16.1409	Recall10: 34.0444	Precision10: 3.4044	Epoch: 13, 13, 13, 13
2024-08-05 20:04:05 - INFO - Current Result:
2024-08-05 20:04:05 - INFO - \Hit15: 39.0358	MRR15: 16.2205	Recall15: 39.0358	Precision15: 2.6024
2024-08-05 20:04:05 - INFO - Best Result:
2024-08-05 20:04:05 - INFO - 	Hit15: 39.8038	MRR15: 16.5359	Recall15: 39.8038	Precision15: 2.6536	Epoch: 6, 13, 6, 6
2024-08-05 20:04:05 - INFO - Current Result:
2024-08-05 20:04:05 - INFO - \Hit20: 42.8328	MRR20: 16.4356	Recall20: 42.8328	Precision20: 2.1416
2024-08-05 20:04:05 - INFO - Best Result:
2024-08-05 20:04:05 - INFO - 	Hit20: 43.4300	MRR20: 16.7609	Recall20: 43.4300	Precision20: 2.1715	Epoch: 11, 13, 11, 11
2024-08-05 20:04:05 - INFO - EPOCH:18
2024-08-05 20:04:05 - INFO - Time:2024/08/05 20:04:05
2024-08-05 20:04:44 - INFO - loss: 78.35385131835938; rec_loss: 78.35385131835938; intent_loss: 6.174205191200599e-05 
2024-08-05 20:04:44 - INFO - Current Result:
2024-08-05 20:04:44 - INFO - \Hit5: 25.2986	MRR5: 14.5961	Recall5: 25.2986	Precision5: 5.0597
2024-08-05 20:04:44 - INFO - Best Result:
2024-08-05 20:04:44 - INFO - 	Hit5: 25.5973	MRR5: 14.9296	Recall5: 25.5973	Precision5: 5.1195	Epoch: 7, 13, 7, 7
2024-08-05 20:04:44 - INFO - Current Result:
2024-08-05 20:04:44 - INFO - \Hit10: 33.9164	MRR10: 15.7654	Recall10: 33.9164	Precision10: 3.3916
2024-08-05 20:04:44 - INFO - Best Result:
2024-08-05 20:04:44 - INFO - 	Hit10: 34.0444	MRR10: 16.1409	Recall10: 34.0444	Precision10: 3.4044	Epoch: 13, 13, 13, 13
2024-08-05 20:04:44 - INFO - Current Result:
2024-08-05 20:04:44 - INFO - \Hit15: 38.9078	MRR15: 16.1574	Recall15: 38.9078	Precision15: 2.5939
2024-08-05 20:04:44 - INFO - Best Result:
2024-08-05 20:04:44 - INFO - 	Hit15: 39.8038	MRR15: 16.5359	Recall15: 39.8038	Precision15: 2.6536	Epoch: 6, 13, 6, 6
2024-08-05 20:04:44 - INFO - Current Result:
2024-08-05 20:04:44 - INFO - \Hit20: 43.0461	MRR20: 16.3925	Recall20: 43.0461	Precision20: 2.1523
2024-08-05 20:04:44 - INFO - Best Result:
2024-08-05 20:04:44 - INFO - 	Hit20: 43.4300	MRR20: 16.7609	Recall20: 43.4300	Precision20: 2.1715	Epoch: 11, 13, 11, 11
2024-08-05 20:04:44 - INFO - EPOCH:19
2024-08-05 20:04:44 - INFO - Time:2024/08/05 20:04:44
2024-08-05 20:05:23 - INFO - loss: 78.4265365600586; rec_loss: 78.4265365600586; intent_loss: 6.234408647287637e-05 
2024-08-05 20:05:23 - INFO - Current Result:
2024-08-05 20:05:23 - INFO - \Hit5: 25.2133	MRR5: 14.6367	Recall5: 25.2133	Precision5: 5.0427
2024-08-05 20:05:23 - INFO - Best Result:
2024-08-05 20:05:23 - INFO - 	Hit5: 25.5973	MRR5: 14.9296	Recall5: 25.5973	Precision5: 5.1195	Epoch: 7, 13, 7, 7
2024-08-05 20:05:23 - INFO - Current Result:
2024-08-05 20:05:23 - INFO - \Hit10: 33.8311	MRR10: 15.8051	Recall10: 33.8311	Precision10: 3.3831
2024-08-05 20:05:23 - INFO - Best Result:
2024-08-05 20:05:23 - INFO - 	Hit10: 34.0444	MRR10: 16.1409	Recall10: 34.0444	Precision10: 3.4044	Epoch: 13, 13, 13, 13
2024-08-05 20:05:23 - INFO - Current Result:
2024-08-05 20:05:23 - INFO - \Hit15: 38.8225	MRR15: 16.1988	Recall15: 38.8225	Precision15: 2.5882
2024-08-05 20:05:23 - INFO - Best Result:
2024-08-05 20:05:23 - INFO - 	Hit15: 39.8038	MRR15: 16.5359	Recall15: 39.8038	Precision15: 2.6536	Epoch: 6, 13, 6, 6
2024-08-05 20:05:23 - INFO - Current Result:
2024-08-05 20:05:23 - INFO - \Hit20: 42.8754	MRR20: 16.4306	Recall20: 42.8754	Precision20: 2.1438
2024-08-05 20:05:23 - INFO - Best Result:
2024-08-05 20:05:23 - INFO - 	Hit20: 43.4300	MRR20: 16.7609	Recall20: 43.4300	Precision20: 2.1715	Epoch: 11, 13, 11, 11
2024-08-05 20:05:23 - INFO - EPOCH:20
2024-08-05 20:05:23 - INFO - Time:2024/08/05 20:05:23
2024-08-05 20:06:02 - INFO - loss: 78.47167205810547; rec_loss: 78.47167205810547; intent_loss: 6.227581616258249e-05 
2024-08-05 20:06:02 - INFO - Current Result:
2024-08-05 20:06:02 - INFO - \Hit5: 25.2133	MRR5: 14.6331	Recall5: 25.2133	Precision5: 5.0427
2024-08-05 20:06:02 - INFO - Best Result:
2024-08-05 20:06:02 - INFO - 	Hit5: 25.5973	MRR5: 14.9296	Recall5: 25.5973	Precision5: 5.1195	Epoch: 7, 13, 7, 7
2024-08-05 20:06:02 - INFO - Current Result:
2024-08-05 20:06:02 - INFO - \Hit10: 33.8737	MRR10: 15.8075	Recall10: 33.8737	Precision10: 3.3874
2024-08-05 20:06:02 - INFO - Best Result:
2024-08-05 20:06:02 - INFO - 	Hit10: 34.0444	MRR10: 16.1409	Recall10: 34.0444	Precision10: 3.4044	Epoch: 13, 13, 13, 13
2024-08-05 20:06:02 - INFO - Current Result:
2024-08-05 20:06:02 - INFO - \Hit15: 38.8225	MRR15: 16.1973	Recall15: 38.8225	Precision15: 2.5882
2024-08-05 20:06:02 - INFO - Best Result:
2024-08-05 20:06:02 - INFO - 	Hit15: 39.8038	MRR15: 16.5359	Recall15: 39.8038	Precision15: 2.6536	Epoch: 6, 13, 6, 6
2024-08-05 20:06:02 - INFO - Current Result:
2024-08-05 20:06:02 - INFO - \Hit20: 42.8754	MRR20: 16.4290	Recall20: 42.8754	Precision20: 2.1438
2024-08-05 20:06:02 - INFO - Best Result:
2024-08-05 20:06:02 - INFO - 	Hit20: 43.4300	MRR20: 16.7609	Recall20: 43.4300	Precision20: 2.1715	Epoch: 11, 13, 11, 11
2024-08-05 20:06:02 - INFO - EPOCH:21
2024-08-05 20:06:02 - INFO - Time:2024/08/05 20:06:02
2024-08-05 20:06:40 - INFO - loss: 78.3875503540039; rec_loss: 78.3875503540039; intent_loss: 6.222513184184209e-05 
2024-08-05 20:06:40 - INFO - Current Result:
2024-08-05 20:06:40 - INFO - \Hit5: 25.2560	MRR5: 14.6466	Recall5: 25.2560	Precision5: 5.0512
2024-08-05 20:06:40 - INFO - Best Result:
2024-08-05 20:06:40 - INFO - 	Hit5: 25.5973	MRR5: 14.9296	Recall5: 25.5973	Precision5: 5.1195	Epoch: 7, 13, 7, 7
2024-08-05 20:06:40 - INFO - Current Result:
2024-08-05 20:06:40 - INFO - \Hit10: 33.8311	MRR10: 15.8120	Recall10: 33.8311	Precision10: 3.3831
2024-08-05 20:06:40 - INFO - Best Result:
2024-08-05 20:06:40 - INFO - 	Hit10: 34.0444	MRR10: 16.1409	Recall10: 34.0444	Precision10: 3.4044	Epoch: 13, 13, 13, 13
2024-08-05 20:06:40 - INFO - Current Result:
2024-08-05 20:06:40 - INFO - \Hit15: 38.8225	MRR15: 16.2056	Recall15: 38.8225	Precision15: 2.5882
2024-08-05 20:06:40 - INFO - Best Result:
2024-08-05 20:06:40 - INFO - 	Hit15: 39.8038	MRR15: 16.5359	Recall15: 39.8038	Precision15: 2.6536	Epoch: 6, 13, 6, 6
2024-08-05 20:06:40 - INFO - Current Result:
2024-08-05 20:06:40 - INFO - \Hit20: 42.8754	MRR20: 16.4381	Recall20: 42.8754	Precision20: 2.1438
2024-08-05 20:06:40 - INFO - Best Result:
2024-08-05 20:06:40 - INFO - 	Hit20: 43.4300	MRR20: 16.7609	Recall20: 43.4300	Precision20: 2.1715	Epoch: 11, 13, 11, 11
2024-08-05 20:06:40 - INFO - EPOCH:22
2024-08-05 20:06:40 - INFO - Time:2024/08/05 20:06:40
2024-08-05 20:07:18 - INFO - loss: 78.46241760253906; rec_loss: 78.46241760253906; intent_loss: 6.22041552560404e-05 
2024-08-05 20:07:18 - INFO - Current Result:
2024-08-05 20:07:18 - INFO - \Hit5: 25.2133	MRR5: 14.6573	Recall5: 25.2133	Precision5: 5.0427
2024-08-05 20:07:18 - INFO - Best Result:
2024-08-05 20:07:18 - INFO - 	Hit5: 25.5973	MRR5: 14.9296	Recall5: 25.5973	Precision5: 5.1195	Epoch: 7, 13, 7, 7
2024-08-05 20:07:18 - INFO - Current Result:
2024-08-05 20:07:18 - INFO - \Hit10: 33.9164	MRR10: 15.8347	Recall10: 33.9164	Precision10: 3.3916
2024-08-05 20:07:18 - INFO - Best Result:
2024-08-05 20:07:18 - INFO - 	Hit10: 34.0444	MRR10: 16.1409	Recall10: 34.0444	Precision10: 3.4044	Epoch: 13, 13, 13, 13
2024-08-05 20:07:18 - INFO - Current Result:
2024-08-05 20:07:18 - INFO - \Hit15: 38.8652	MRR15: 16.2221	Recall15: 38.8652	Precision15: 2.5910
2024-08-05 20:07:18 - INFO - Best Result:
2024-08-05 20:07:18 - INFO - 	Hit15: 39.8038	MRR15: 16.5359	Recall15: 39.8038	Precision15: 2.6536	Epoch: 6, 13, 6, 6
2024-08-05 20:07:18 - INFO - Current Result:
2024-08-05 20:07:18 - INFO - \Hit20: 42.9181	MRR20: 16.4543	Recall20: 42.9181	Precision20: 2.1459
2024-08-05 20:07:18 - INFO - Best Result:
2024-08-05 20:07:18 - INFO - 	Hit20: 43.4300	MRR20: 16.7609	Recall20: 43.4300	Precision20: 2.1715	Epoch: 11, 13, 11, 11
2024-08-05 20:07:18 - INFO - EPOCH:23
2024-08-05 20:07:18 - INFO - Time:2024/08/05 20:07:18
2024-08-05 20:07:56 - INFO - loss: 78.37653350830078; rec_loss: 78.37653350830078; intent_loss: 6.216421752469614e-05 
2024-08-05 20:07:56 - INFO - Current Result:
2024-08-05 20:07:56 - INFO - \Hit5: 25.2133	MRR5: 14.6509	Recall5: 25.2133	Precision5: 5.0427
2024-08-05 20:07:56 - INFO - Best Result:
2024-08-05 20:07:56 - INFO - 	Hit5: 25.5973	MRR5: 14.9296	Recall5: 25.5973	Precision5: 5.1195	Epoch: 7, 13, 7, 7
2024-08-05 20:07:56 - INFO - Current Result:
2024-08-05 20:07:56 - INFO - \Hit10: 33.9164	MRR10: 15.8283	Recall10: 33.9164	Precision10: 3.3916
2024-08-05 20:07:56 - INFO - Best Result:
2024-08-05 20:07:56 - INFO - 	Hit10: 34.0444	MRR10: 16.1409	Recall10: 34.0444	Precision10: 3.4044	Epoch: 13, 13, 13, 13
2024-08-05 20:07:56 - INFO - Current Result:
2024-08-05 20:07:56 - INFO - \Hit15: 38.8225	MRR15: 16.2137	Recall15: 38.8225	Precision15: 2.5882
2024-08-05 20:07:56 - INFO - Best Result:
2024-08-05 20:07:56 - INFO - 	Hit15: 39.8038	MRR15: 16.5359	Recall15: 39.8038	Precision15: 2.6536	Epoch: 6, 13, 6, 6
2024-08-05 20:07:56 - INFO - Current Result:
2024-08-05 20:07:56 - INFO - \Hit20: 42.8754	MRR20: 16.4461	Recall20: 42.8754	Precision20: 2.1438
2024-08-05 20:07:56 - INFO - Best Result:
2024-08-05 20:07:56 - INFO - 	Hit20: 43.4300	MRR20: 16.7609	Recall20: 43.4300	Precision20: 2.1715	Epoch: 11, 13, 11, 11
2024-08-05 20:07:56 - INFO - EPOCH:24
2024-08-05 20:07:56 - INFO - Time:2024/08/05 20:07:56
2024-08-05 20:08:34 - INFO - loss: 78.38230895996094; rec_loss: 78.38230895996094; intent_loss: 6.214238965185359e-05 
2024-08-05 20:08:34 - INFO - Current Result:
2024-08-05 20:08:34 - INFO - \Hit5: 25.2560	MRR5: 14.6310	Recall5: 25.2560	Precision5: 5.0512
2024-08-05 20:08:34 - INFO - Best Result:
2024-08-05 20:08:34 - INFO - 	Hit5: 25.5973	MRR5: 14.9296	Recall5: 25.5973	Precision5: 5.1195	Epoch: 7, 13, 7, 7
2024-08-05 20:08:34 - INFO - Current Result:
2024-08-05 20:08:34 - INFO - \Hit10: 33.8737	MRR10: 15.7966	Recall10: 33.8737	Precision10: 3.3874
2024-08-05 20:08:34 - INFO - Best Result:
2024-08-05 20:08:34 - INFO - 	Hit10: 34.0444	MRR10: 16.1409	Recall10: 34.0444	Precision10: 3.4044	Epoch: 13, 13, 13, 13
2024-08-05 20:08:34 - INFO - Current Result:
2024-08-05 20:08:34 - INFO - \Hit15: 38.9505	MRR15: 16.1941	Recall15: 38.9505	Precision15: 2.5967
2024-08-05 20:08:34 - INFO - Best Result:
2024-08-05 20:08:34 - INFO - 	Hit15: 39.8038	MRR15: 16.5359	Recall15: 39.8038	Precision15: 2.6536	Epoch: 6, 13, 6, 6
2024-08-05 20:08:34 - INFO - Current Result:
2024-08-05 20:08:34 - INFO - \Hit20: 42.8754	MRR20: 16.4188	Recall20: 42.8754	Precision20: 2.1438
2024-08-05 20:08:34 - INFO - Best Result:
2024-08-05 20:08:34 - INFO - 	Hit20: 43.4300	MRR20: 16.7609	Recall20: 43.4300	Precision20: 2.1715	Epoch: 11, 13, 11, 11
2024-08-05 20:08:34 - INFO - EPOCH:25
2024-08-05 20:08:34 - INFO - Time:2024/08/05 20:08:34
2024-08-05 20:09:13 - INFO - loss: 78.47029113769531; rec_loss: 78.47029113769531; intent_loss: 6.213025335455313e-05 
2024-08-05 20:09:13 - INFO - Current Result:
2024-08-05 20:09:13 - INFO - \Hit5: 25.2560	MRR5: 14.6381	Recall5: 25.2560	Precision5: 5.0512
2024-08-05 20:09:13 - INFO - Best Result:
2024-08-05 20:09:13 - INFO - 	Hit5: 25.5973	MRR5: 14.9296	Recall5: 25.5973	Precision5: 5.1195	Epoch: 7, 13, 7, 7
2024-08-05 20:09:13 - INFO - Current Result:
2024-08-05 20:09:13 - INFO - \Hit10: 33.9164	MRR10: 15.8085	Recall10: 33.9164	Precision10: 3.3916
2024-08-05 20:09:13 - INFO - Best Result:
2024-08-05 20:09:13 - INFO - 	Hit10: 34.0444	MRR10: 16.1409	Recall10: 34.0444	Precision10: 3.4044	Epoch: 13, 13, 13, 13
2024-08-05 20:09:13 - INFO - Current Result:
2024-08-05 20:09:13 - INFO - \Hit15: 38.9505	MRR15: 16.2023	Recall15: 38.9505	Precision15: 2.5967
2024-08-05 20:09:13 - INFO - Best Result:
2024-08-05 20:09:13 - INFO - 	Hit15: 39.8038	MRR15: 16.5359	Recall15: 39.8038	Precision15: 2.6536	Epoch: 6, 13, 6, 6
2024-08-05 20:09:13 - INFO - Current Result:
2024-08-05 20:09:13 - INFO - \Hit20: 42.8754	MRR20: 16.4271	Recall20: 42.8754	Precision20: 2.1438
2024-08-05 20:09:13 - INFO - Best Result:
2024-08-05 20:09:13 - INFO - 	Hit20: 43.4300	MRR20: 16.7609	Recall20: 43.4300	Precision20: 2.1715	Epoch: 11, 13, 11, 11
2024-08-05 20:09:13 - INFO - EPOCH:26
2024-08-05 20:09:13 - INFO - Time:2024/08/05 20:09:13
2024-08-05 20:09:54 - INFO - loss: 78.57068634033203; rec_loss: 78.57068634033203; intent_loss: 6.213147571543232e-05 
2024-08-05 20:09:54 - INFO - Current Result:
2024-08-05 20:09:54 - INFO - \Hit5: 25.2560	MRR5: 14.6381	Recall5: 25.2560	Precision5: 5.0512
2024-08-05 20:09:54 - INFO - Best Result:
2024-08-05 20:09:54 - INFO - 	Hit5: 25.5973	MRR5: 14.9296	Recall5: 25.5973	Precision5: 5.1195	Epoch: 7, 13, 7, 7
2024-08-05 20:09:54 - INFO - Current Result:
2024-08-05 20:09:54 - INFO - \Hit10: 33.9164	MRR10: 15.8096	Recall10: 33.9164	Precision10: 3.3916
2024-08-05 20:09:54 - INFO - Best Result:
2024-08-05 20:09:54 - INFO - 	Hit10: 34.0444	MRR10: 16.1409	Recall10: 34.0444	Precision10: 3.4044	Epoch: 13, 13, 13, 13
2024-08-05 20:09:54 - INFO - Current Result:
2024-08-05 20:09:54 - INFO - \Hit15: 38.9078	MRR15: 16.2001	Recall15: 38.9078	Precision15: 2.5939
2024-08-05 20:09:54 - INFO - Best Result:
2024-08-05 20:09:54 - INFO - 	Hit15: 39.8038	MRR15: 16.5359	Recall15: 39.8038	Precision15: 2.6536	Epoch: 6, 13, 6, 6
2024-08-05 20:09:54 - INFO - Current Result:
2024-08-05 20:09:54 - INFO - \Hit20: 42.8754	MRR20: 16.4274	Recall20: 42.8754	Precision20: 2.1438
2024-08-05 20:09:54 - INFO - Best Result:
2024-08-05 20:09:54 - INFO - 	Hit20: 43.4300	MRR20: 16.7609	Recall20: 43.4300	Precision20: 2.1715	Epoch: 11, 13, 11, 11
2024-08-05 20:09:54 - INFO - EPOCH:27
2024-08-05 20:09:54 - INFO - Time:2024/08/05 20:09:54
2024-08-05 20:10:31 - INFO - loss: 78.22844696044922; rec_loss: 78.22844696044922; intent_loss: 6.212639709701762e-05 
2024-08-05 20:10:31 - INFO - Current Result:
2024-08-05 20:10:31 - INFO - \Hit5: 25.2986	MRR5: 14.6395	Recall5: 25.2986	Precision5: 5.0597
2024-08-05 20:10:31 - INFO - Best Result:
2024-08-05 20:10:31 - INFO - 	Hit5: 25.5973	MRR5: 14.9296	Recall5: 25.5973	Precision5: 5.1195	Epoch: 7, 13, 7, 7
2024-08-05 20:10:31 - INFO - Current Result:
2024-08-05 20:10:31 - INFO - \Hit10: 33.8737	MRR10: 15.8007	Recall10: 33.8737	Precision10: 3.3874
2024-08-05 20:10:31 - INFO - Best Result:
2024-08-05 20:10:31 - INFO - 	Hit10: 34.0444	MRR10: 16.1409	Recall10: 34.0444	Precision10: 3.4044	Epoch: 13, 13, 13, 13
2024-08-05 20:10:31 - INFO - Current Result:
2024-08-05 20:10:31 - INFO - \Hit15: 38.9078	MRR15: 16.1950	Recall15: 38.9078	Precision15: 2.5939
2024-08-05 20:10:31 - INFO - Best Result:
2024-08-05 20:10:31 - INFO - 	Hit15: 39.8038	MRR15: 16.5359	Recall15: 39.8038	Precision15: 2.6536	Epoch: 6, 13, 6, 6
2024-08-05 20:10:31 - INFO - Current Result:
2024-08-05 20:10:31 - INFO - \Hit20: 42.8754	MRR20: 16.4223	Recall20: 42.8754	Precision20: 2.1438
2024-08-05 20:10:31 - INFO - Best Result:
2024-08-05 20:10:31 - INFO - 	Hit20: 43.4300	MRR20: 16.7609	Recall20: 43.4300	Precision20: 2.1715	Epoch: 11, 13, 11, 11
2024-08-05 20:10:31 - INFO - EPOCH:28
2024-08-05 20:10:31 - INFO - Time:2024/08/05 20:10:31
2024-08-05 20:11:09 - INFO - loss: 78.48532104492188; rec_loss: 78.48532104492188; intent_loss: 6.213599408511072e-05 
2024-08-05 20:11:09 - INFO - Current Result:
2024-08-05 20:11:09 - INFO - \Hit5: 25.2986	MRR5: 14.6416	Recall5: 25.2986	Precision5: 5.0597
2024-08-05 20:11:09 - INFO - Best Result:
2024-08-05 20:11:09 - INFO - 	Hit5: 25.5973	MRR5: 14.9296	Recall5: 25.5973	Precision5: 5.1195	Epoch: 7, 13, 7, 7
2024-08-05 20:11:09 - INFO - Current Result:
2024-08-05 20:11:09 - INFO - \Hit10: 33.8737	MRR10: 15.8030	Recall10: 33.8737	Precision10: 3.3874
2024-08-05 20:11:09 - INFO - Best Result:
2024-08-05 20:11:09 - INFO - 	Hit10: 34.0444	MRR10: 16.1409	Recall10: 34.0444	Precision10: 3.4044	Epoch: 13, 13, 13, 13
2024-08-05 20:11:09 - INFO - Current Result:
2024-08-05 20:11:09 - INFO - \Hit15: 38.9078	MRR15: 16.1968	Recall15: 38.9078	Precision15: 2.5939
2024-08-05 20:11:09 - INFO - Best Result:
2024-08-05 20:11:09 - INFO - 	Hit15: 39.8038	MRR15: 16.5359	Recall15: 39.8038	Precision15: 2.6536	Epoch: 6, 13, 6, 6
2024-08-05 20:11:09 - INFO - Current Result:
2024-08-05 20:11:09 - INFO - \Hit20: 42.8754	MRR20: 16.4237	Recall20: 42.8754	Precision20: 2.1438
2024-08-05 20:11:09 - INFO - Best Result:
2024-08-05 20:11:09 - INFO - 	Hit20: 43.4300	MRR20: 16.7609	Recall20: 43.4300	Precision20: 2.1715	Epoch: 11, 13, 11, 11
2024-08-05 20:11:09 - INFO - EPOCH:29
2024-08-05 20:11:09 - INFO - Time:2024/08/05 20:11:09
2024-08-05 20:11:50 - INFO - loss: 78.40548706054688; rec_loss: 78.40548706054688; intent_loss: 6.212337757460773e-05 
2024-08-05 20:11:50 - INFO - Current Result:
2024-08-05 20:11:50 - INFO - \Hit5: 25.2986	MRR5: 14.6487	Recall5: 25.2986	Precision5: 5.0597
2024-08-05 20:11:50 - INFO - Best Result:
2024-08-05 20:11:50 - INFO - 	Hit5: 25.5973	MRR5: 14.9296	Recall5: 25.5973	Precision5: 5.1195	Epoch: 7, 13, 7, 7
2024-08-05 20:11:50 - INFO - Current Result:
2024-08-05 20:11:50 - INFO - \Hit10: 33.8737	MRR10: 15.8111	Recall10: 33.8737	Precision10: 3.3874
2024-08-05 20:11:50 - INFO - Best Result:
2024-08-05 20:11:50 - INFO - 	Hit10: 34.0444	MRR10: 16.1409	Recall10: 34.0444	Precision10: 3.4044	Epoch: 13, 13, 13, 13
2024-08-05 20:11:50 - INFO - Current Result:
2024-08-05 20:11:50 - INFO - \Hit15: 38.9078	MRR15: 16.2054	Recall15: 38.9078	Precision15: 2.5939
2024-08-05 20:11:50 - INFO - Best Result:
2024-08-05 20:11:50 - INFO - 	Hit15: 39.8038	MRR15: 16.5359	Recall15: 39.8038	Precision15: 2.6536	Epoch: 6, 13, 6, 6
2024-08-05 20:11:50 - INFO - Current Result:
2024-08-05 20:11:50 - INFO - \Hit20: 42.9181	MRR20: 16.4344	Recall20: 42.9181	Precision20: 2.1459
2024-08-05 20:11:50 - INFO - Best Result:
2024-08-05 20:11:50 - INFO - 	Hit20: 43.4300	MRR20: 16.7609	Recall20: 43.4300	Precision20: 2.1715	Epoch: 11, 13, 11, 11
2024-08-05 20:11:50 - INFO - EPOCH:30
2024-08-05 20:11:50 - INFO - Time:2024/08/05 20:11:50
2024-08-05 20:12:31 - INFO - loss: 78.43998718261719; rec_loss: 78.43998718261719; intent_loss: 6.211306754266843e-05 
2024-08-05 20:12:31 - INFO - Current Result:
2024-08-05 20:12:31 - INFO - \Hit5: 25.2986	MRR5: 14.6487	Recall5: 25.2986	Precision5: 5.0597
2024-08-05 20:12:31 - INFO - Best Result:
2024-08-05 20:12:31 - INFO - 	Hit5: 25.5973	MRR5: 14.9296	Recall5: 25.5973	Precision5: 5.1195	Epoch: 7, 13, 7, 7
2024-08-05 20:12:31 - INFO - Current Result:
2024-08-05 20:12:31 - INFO - \Hit10: 33.8737	MRR10: 15.8111	Recall10: 33.8737	Precision10: 3.3874
2024-08-05 20:12:31 - INFO - Best Result:
2024-08-05 20:12:31 - INFO - 	Hit10: 34.0444	MRR10: 16.1409	Recall10: 34.0444	Precision10: 3.4044	Epoch: 13, 13, 13, 13
2024-08-05 20:12:31 - INFO - Current Result:
2024-08-05 20:12:31 - INFO - \Hit15: 38.9078	MRR15: 16.2054	Recall15: 38.9078	Precision15: 2.5939
2024-08-05 20:12:31 - INFO - Best Result:
2024-08-05 20:12:31 - INFO - 	Hit15: 39.8038	MRR15: 16.5359	Recall15: 39.8038	Precision15: 2.6536	Epoch: 6, 13, 6, 6
2024-08-05 20:12:31 - INFO - Current Result:
2024-08-05 20:12:31 - INFO - \Hit20: 42.9181	MRR20: 16.4346	Recall20: 42.9181	Precision20: 2.1459
2024-08-05 20:12:31 - INFO - Best Result:
2024-08-05 20:12:31 - INFO - 	Hit20: 43.4300	MRR20: 16.7609	Recall20: 43.4300	Precision20: 2.1715	Epoch: 11, 13, 11, 11
2024-08-05 20:12:31 - INFO - EPOCH:31
2024-08-05 20:12:31 - INFO - Time:2024/08/05 20:12:31
2024-08-05 20:13:11 - INFO - loss: 78.17326354980469; rec_loss: 78.17326354980469; intent_loss: 6.211129948496819e-05 
2024-08-05 20:13:11 - INFO - Current Result:
2024-08-05 20:13:11 - INFO - \Hit5: 25.2986	MRR5: 14.6487	Recall5: 25.2986	Precision5: 5.0597
2024-08-05 20:13:11 - INFO - Best Result:
2024-08-05 20:13:11 - INFO - 	Hit5: 25.5973	MRR5: 14.9296	Recall5: 25.5973	Precision5: 5.1195	Epoch: 7, 13, 7, 7
2024-08-05 20:13:11 - INFO - Current Result:
2024-08-05 20:13:11 - INFO - \Hit10: 33.8737	MRR10: 15.8117	Recall10: 33.8737	Precision10: 3.3874
2024-08-05 20:13:11 - INFO - Best Result:
2024-08-05 20:13:11 - INFO - 	Hit10: 34.0444	MRR10: 16.1409	Recall10: 34.0444	Precision10: 3.4044	Epoch: 13, 13, 13, 13
2024-08-05 20:13:11 - INFO - Current Result:
2024-08-05 20:13:11 - INFO - \Hit15: 38.9078	MRR15: 16.2059	Recall15: 38.9078	Precision15: 2.5939
2024-08-05 20:13:11 - INFO - Best Result:
2024-08-05 20:13:11 - INFO - 	Hit15: 39.8038	MRR15: 16.5359	Recall15: 39.8038	Precision15: 2.6536	Epoch: 6, 13, 6, 6
2024-08-05 20:13:11 - INFO - Current Result:
2024-08-05 20:13:11 - INFO - \Hit20: 42.9181	MRR20: 16.4351	Recall20: 42.9181	Precision20: 2.1459
2024-08-05 20:13:11 - INFO - Best Result:
2024-08-05 20:13:11 - INFO - 	Hit20: 43.4300	MRR20: 16.7609	Recall20: 43.4300	Precision20: 2.1715	Epoch: 11, 13, 11, 11
2024-08-05 20:13:11 - INFO - EPOCH:32
2024-08-05 20:13:11 - INFO - Time:2024/08/05 20:13:11
2024-08-05 20:13:49 - INFO - loss: 78.39507293701172; rec_loss: 78.39507293701172; intent_loss: 6.210985156940296e-05 
2024-08-05 20:13:49 - INFO - Current Result:
2024-08-05 20:13:49 - INFO - \Hit5: 25.2986	MRR5: 14.6487	Recall5: 25.2986	Precision5: 5.0597
2024-08-05 20:13:49 - INFO - Best Result:
2024-08-05 20:13:49 - INFO - 	Hit5: 25.5973	MRR5: 14.9296	Recall5: 25.5973	Precision5: 5.1195	Epoch: 7, 13, 7, 7
2024-08-05 20:13:49 - INFO - Current Result:
2024-08-05 20:13:49 - INFO - \Hit10: 33.8737	MRR10: 15.8117	Recall10: 33.8737	Precision10: 3.3874
2024-08-05 20:13:49 - INFO - Best Result:
2024-08-05 20:13:49 - INFO - 	Hit10: 34.0444	MRR10: 16.1409	Recall10: 34.0444	Precision10: 3.4044	Epoch: 13, 13, 13, 13
2024-08-05 20:13:49 - INFO - Current Result:
2024-08-05 20:13:49 - INFO - \Hit15: 38.9078	MRR15: 16.2057	Recall15: 38.9078	Precision15: 2.5939
2024-08-05 20:13:49 - INFO - Best Result:
2024-08-05 20:13:49 - INFO - 	Hit15: 39.8038	MRR15: 16.5359	Recall15: 39.8038	Precision15: 2.6536	Epoch: 6, 13, 6, 6
2024-08-05 20:13:49 - INFO - Current Result:
2024-08-05 20:13:49 - INFO - \Hit20: 42.9181	MRR20: 16.4348	Recall20: 42.9181	Precision20: 2.1459
2024-08-05 20:13:49 - INFO - Best Result:
2024-08-05 20:13:49 - INFO - 	Hit20: 43.4300	MRR20: 16.7609	Recall20: 43.4300	Precision20: 2.1715	Epoch: 11, 13, 11, 11
2024-08-05 20:13:49 - INFO - EPOCH:33
2024-08-05 20:13:49 - INFO - Time:2024/08/05 20:13:49
2024-08-05 20:14:27 - INFO - loss: 78.419921875; rec_loss: 78.419921875; intent_loss: 6.210872379597276e-05 
2024-08-05 20:14:27 - INFO - Current Result:
2024-08-05 20:14:27 - INFO - \Hit5: 25.2986	MRR5: 14.6487	Recall5: 25.2986	Precision5: 5.0597
2024-08-05 20:14:27 - INFO - Best Result:
2024-08-05 20:14:27 - INFO - 	Hit5: 25.5973	MRR5: 14.9296	Recall5: 25.5973	Precision5: 5.1195	Epoch: 7, 13, 7, 7
2024-08-05 20:14:27 - INFO - Current Result:
2024-08-05 20:14:27 - INFO - \Hit10: 33.8737	MRR10: 15.8117	Recall10: 33.8737	Precision10: 3.3874
2024-08-05 20:14:27 - INFO - Best Result:
2024-08-05 20:14:27 - INFO - 	Hit10: 34.0444	MRR10: 16.1409	Recall10: 34.0444	Precision10: 3.4044	Epoch: 13, 13, 13, 13
2024-08-05 20:14:27 - INFO - Current Result:
2024-08-05 20:14:27 - INFO - \Hit15: 38.9078	MRR15: 16.2057	Recall15: 38.9078	Precision15: 2.5939
2024-08-05 20:14:27 - INFO - Best Result:
2024-08-05 20:14:27 - INFO - 	Hit15: 39.8038	MRR15: 16.5359	Recall15: 39.8038	Precision15: 2.6536	Epoch: 6, 13, 6, 6
2024-08-05 20:14:27 - INFO - Current Result:
2024-08-05 20:14:27 - INFO - \Hit20: 42.9181	MRR20: 16.4348	Recall20: 42.9181	Precision20: 2.1459
2024-08-05 20:14:27 - INFO - Best Result:
2024-08-05 20:14:27 - INFO - 	Hit20: 43.4300	MRR20: 16.7609	Recall20: 43.4300	Precision20: 2.1715	Epoch: 11, 13, 11, 11
2024-08-05 20:14:27 - INFO - EPOCH:34
2024-08-05 20:14:27 - INFO - Time:2024/08/05 20:14:27
2024-08-05 20:14:53 - INFO - loss: 78.40682983398438; rec_loss: 78.40682983398438; intent_loss: 6.210748688317835e-05 
2024-08-05 20:14:53 - INFO - Current Result:
2024-08-05 20:14:53 - INFO - \Hit5: 25.2986	MRR5: 14.6466	Recall5: 25.2986	Precision5: 5.0597
2024-08-05 20:14:53 - INFO - Best Result:
2024-08-05 20:14:53 - INFO - 	Hit5: 25.5973	MRR5: 14.9296	Recall5: 25.5973	Precision5: 5.1195	Epoch: 7, 13, 7, 7
2024-08-05 20:14:53 - INFO - Current Result:
2024-08-05 20:14:53 - INFO - \Hit10: 33.8737	MRR10: 15.8096	Recall10: 33.8737	Precision10: 3.3874
2024-08-05 20:14:53 - INFO - Best Result:
2024-08-05 20:14:53 - INFO - 	Hit10: 34.0444	MRR10: 16.1409	Recall10: 34.0444	Precision10: 3.4044	Epoch: 13, 13, 13, 13
2024-08-05 20:14:53 - INFO - Current Result:
2024-08-05 20:14:53 - INFO - \Hit15: 38.9078	MRR15: 16.2035	Recall15: 38.9078	Precision15: 2.5939
2024-08-05 20:14:53 - INFO - Best Result:
2024-08-05 20:14:53 - INFO - 	Hit15: 39.8038	MRR15: 16.5359	Recall15: 39.8038	Precision15: 2.6536	Epoch: 6, 13, 6, 6
2024-08-05 20:14:53 - INFO - Current Result:
2024-08-05 20:14:53 - INFO - \Hit20: 42.9181	MRR20: 16.4327	Recall20: 42.9181	Precision20: 2.1459
2024-08-05 20:14:53 - INFO - Best Result:
2024-08-05 20:14:53 - INFO - 	Hit20: 43.4300	MRR20: 16.7609	Recall20: 43.4300	Precision20: 2.1715	Epoch: 11, 13, 11, 11
2024-08-05 20:14:53 - INFO - EPOCH:35
2024-08-05 20:14:53 - INFO - Time:2024/08/05 20:14:53
2024-08-05 20:15:17 - INFO - loss: 78.20741271972656; rec_loss: 78.20741271972656; intent_loss: 6.210680294316262e-05 
2024-08-05 20:15:17 - INFO - Current Result:
2024-08-05 20:15:17 - INFO - \Hit5: 25.2986	MRR5: 14.6466	Recall5: 25.2986	Precision5: 5.0597
2024-08-05 20:15:17 - INFO - Best Result:
2024-08-05 20:15:17 - INFO - 	Hit5: 25.5973	MRR5: 14.9296	Recall5: 25.5973	Precision5: 5.1195	Epoch: 7, 13, 7, 7
2024-08-05 20:15:17 - INFO - Current Result:
2024-08-05 20:15:17 - INFO - \Hit10: 33.8737	MRR10: 15.8096	Recall10: 33.8737	Precision10: 3.3874
2024-08-05 20:15:17 - INFO - Best Result:
2024-08-05 20:15:17 - INFO - 	Hit10: 34.0444	MRR10: 16.1409	Recall10: 34.0444	Precision10: 3.4044	Epoch: 13, 13, 13, 13
2024-08-05 20:15:17 - INFO - Current Result:
2024-08-05 20:15:17 - INFO - \Hit15: 38.9078	MRR15: 16.2035	Recall15: 38.9078	Precision15: 2.5939
2024-08-05 20:15:17 - INFO - Best Result:
2024-08-05 20:15:17 - INFO - 	Hit15: 39.8038	MRR15: 16.5359	Recall15: 39.8038	Precision15: 2.6536	Epoch: 6, 13, 6, 6
2024-08-05 20:15:17 - INFO - Current Result:
2024-08-05 20:15:17 - INFO - \Hit20: 42.9181	MRR20: 16.4327	Recall20: 42.9181	Precision20: 2.1459
2024-08-05 20:15:17 - INFO - Best Result:
2024-08-05 20:15:17 - INFO - 	Hit20: 43.4300	MRR20: 16.7609	Recall20: 43.4300	Precision20: 2.1715	Epoch: 11, 13, 11, 11
2024-08-05 20:15:17 - INFO - EPOCH:36
2024-08-05 20:15:17 - INFO - Time:2024/08/05 20:15:17
2024-08-05 20:15:42 - INFO - loss: 78.33275604248047; rec_loss: 78.33275604248047; intent_loss: 6.210665742401034e-05 
2024-08-05 20:15:42 - INFO - Current Result:
2024-08-05 20:15:42 - INFO - \Hit5: 25.2986	MRR5: 14.6466	Recall5: 25.2986	Precision5: 5.0597
2024-08-05 20:15:42 - INFO - Best Result:
2024-08-05 20:15:42 - INFO - 	Hit5: 25.5973	MRR5: 14.9296	Recall5: 25.5973	Precision5: 5.1195	Epoch: 7, 13, 7, 7
2024-08-05 20:15:42 - INFO - Current Result:
2024-08-05 20:15:42 - INFO - \Hit10: 33.8737	MRR10: 15.8096	Recall10: 33.8737	Precision10: 3.3874
2024-08-05 20:15:42 - INFO - Best Result:
2024-08-05 20:15:42 - INFO - 	Hit10: 34.0444	MRR10: 16.1409	Recall10: 34.0444	Precision10: 3.4044	Epoch: 13, 13, 13, 13
2024-08-05 20:15:42 - INFO - Current Result:
2024-08-05 20:15:42 - INFO - \Hit15: 38.9078	MRR15: 16.2035	Recall15: 38.9078	Precision15: 2.5939
2024-08-05 20:15:42 - INFO - Best Result:
2024-08-05 20:15:42 - INFO - 	Hit15: 39.8038	MRR15: 16.5359	Recall15: 39.8038	Precision15: 2.6536	Epoch: 6, 13, 6, 6
2024-08-05 20:15:42 - INFO - Current Result:
2024-08-05 20:15:42 - INFO - \Hit20: 42.9181	MRR20: 16.4327	Recall20: 42.9181	Precision20: 2.1459
2024-08-05 20:15:42 - INFO - Best Result:
2024-08-05 20:15:42 - INFO - 	Hit20: 43.4300	MRR20: 16.7609	Recall20: 43.4300	Precision20: 2.1715	Epoch: 11, 13, 11, 11
2024-08-05 20:15:42 - INFO - EPOCH:37
2024-08-05 20:15:42 - INFO - Time:2024/08/05 20:15:42
2024-08-05 20:16:07 - INFO - loss: 78.48765563964844; rec_loss: 78.48765563964844; intent_loss: 6.210650462890044e-05 
2024-08-05 20:16:07 - INFO - Current Result:
2024-08-05 20:16:07 - INFO - \Hit5: 25.2986	MRR5: 14.6466	Recall5: 25.2986	Precision5: 5.0597
2024-08-05 20:16:07 - INFO - Best Result:
2024-08-05 20:16:07 - INFO - 	Hit5: 25.5973	MRR5: 14.9296	Recall5: 25.5973	Precision5: 5.1195	Epoch: 7, 13, 7, 7
2024-08-05 20:16:07 - INFO - Current Result:
2024-08-05 20:16:07 - INFO - \Hit10: 33.8737	MRR10: 15.8096	Recall10: 33.8737	Precision10: 3.3874
2024-08-05 20:16:07 - INFO - Best Result:
2024-08-05 20:16:07 - INFO - 	Hit10: 34.0444	MRR10: 16.1409	Recall10: 34.0444	Precision10: 3.4044	Epoch: 13, 13, 13, 13
2024-08-05 20:16:07 - INFO - Current Result:
2024-08-05 20:16:07 - INFO - \Hit15: 38.9078	MRR15: 16.2035	Recall15: 38.9078	Precision15: 2.5939
2024-08-05 20:16:07 - INFO - Best Result:
2024-08-05 20:16:07 - INFO - 	Hit15: 39.8038	MRR15: 16.5359	Recall15: 39.8038	Precision15: 2.6536	Epoch: 6, 13, 6, 6
2024-08-05 20:16:07 - INFO - Current Result:
2024-08-05 20:16:07 - INFO - \Hit20: 42.9181	MRR20: 16.4327	Recall20: 42.9181	Precision20: 2.1459
2024-08-05 20:16:07 - INFO - Best Result:
2024-08-05 20:16:07 - INFO - 	Hit20: 43.4300	MRR20: 16.7609	Recall20: 43.4300	Precision20: 2.1715	Epoch: 11, 13, 11, 11
2024-08-05 20:16:07 - INFO - EPOCH:38
2024-08-05 20:16:07 - INFO - Time:2024/08/05 20:16:07
2024-08-05 20:16:33 - INFO - loss: 78.30789184570312; rec_loss: 78.30789184570312; intent_loss: 6.21063300059177e-05 
2024-08-05 20:16:33 - INFO - Current Result:
2024-08-05 20:16:33 - INFO - \Hit5: 25.2986	MRR5: 14.6466	Recall5: 25.2986	Precision5: 5.0597
2024-08-05 20:16:33 - INFO - Best Result:
2024-08-05 20:16:33 - INFO - 	Hit5: 25.5973	MRR5: 14.9296	Recall5: 25.5973	Precision5: 5.1195	Epoch: 7, 13, 7, 7
2024-08-05 20:16:33 - INFO - Current Result:
2024-08-05 20:16:33 - INFO - \Hit10: 33.8737	MRR10: 15.8096	Recall10: 33.8737	Precision10: 3.3874
2024-08-05 20:16:33 - INFO - Best Result:
2024-08-05 20:16:33 - INFO - 	Hit10: 34.0444	MRR10: 16.1409	Recall10: 34.0444	Precision10: 3.4044	Epoch: 13, 13, 13, 13
2024-08-05 20:16:33 - INFO - Current Result:
2024-08-05 20:16:33 - INFO - \Hit15: 38.9078	MRR15: 16.2035	Recall15: 38.9078	Precision15: 2.5939
2024-08-05 20:16:33 - INFO - Best Result:
2024-08-05 20:16:33 - INFO - 	Hit15: 39.8038	MRR15: 16.5359	Recall15: 39.8038	Precision15: 2.6536	Epoch: 6, 13, 6, 6
2024-08-05 20:16:33 - INFO - Current Result:
2024-08-05 20:16:33 - INFO - \Hit20: 42.9181	MRR20: 16.4327	Recall20: 42.9181	Precision20: 2.1459
2024-08-05 20:16:33 - INFO - Best Result:
2024-08-05 20:16:33 - INFO - 	Hit20: 43.4300	MRR20: 16.7609	Recall20: 43.4300	Precision20: 2.1715	Epoch: 11, 13, 11, 11
2024-08-05 20:16:33 - INFO - EPOCH:39
2024-08-05 20:16:33 - INFO - Time:2024/08/05 20:16:33
2024-08-05 20:17:00 - INFO - loss: 78.357666015625; rec_loss: 78.357666015625; intent_loss: 6.210611172718927e-05 
2024-08-05 20:17:00 - INFO - Current Result:
2024-08-05 20:17:00 - INFO - \Hit5: 25.2986	MRR5: 14.6466	Recall5: 25.2986	Precision5: 5.0597
2024-08-05 20:17:00 - INFO - Best Result:
2024-08-05 20:17:00 - INFO - 	Hit5: 25.5973	MRR5: 14.9296	Recall5: 25.5973	Precision5: 5.1195	Epoch: 7, 13, 7, 7
2024-08-05 20:17:00 - INFO - Current Result:
2024-08-05 20:17:00 - INFO - \Hit10: 33.8737	MRR10: 15.8090	Recall10: 33.8737	Precision10: 3.3874
2024-08-05 20:17:00 - INFO - Best Result:
2024-08-05 20:17:00 - INFO - 	Hit10: 34.0444	MRR10: 16.1409	Recall10: 34.0444	Precision10: 3.4044	Epoch: 13, 13, 13, 13
2024-08-05 20:17:00 - INFO - Current Result:
2024-08-05 20:17:00 - INFO - \Hit15: 38.9078	MRR15: 16.2029	Recall15: 38.9078	Precision15: 2.5939
2024-08-05 20:17:00 - INFO - Best Result:
2024-08-05 20:17:00 - INFO - 	Hit15: 39.8038	MRR15: 16.5359	Recall15: 39.8038	Precision15: 2.6536	Epoch: 6, 13, 6, 6
2024-08-05 20:17:00 - INFO - Current Result:
2024-08-05 20:17:00 - INFO - \Hit20: 42.9181	MRR20: 16.4321	Recall20: 42.9181	Precision20: 2.1459
2024-08-05 20:17:00 - INFO - Best Result:
2024-08-05 20:17:00 - INFO - 	Hit20: 43.4300	MRR20: 16.7609	Recall20: 43.4300	Precision20: 2.1715	Epoch: 11, 13, 11, 11
2024-08-05 20:17:00 - INFO - EPOCH:40
2024-08-05 20:17:00 - INFO - Time:2024/08/05 20:17:00
2024-08-05 20:17:31 - INFO - loss: 78.50077056884766; rec_loss: 78.50077056884766; intent_loss: 6.210598075995222e-05 
2024-08-05 20:17:31 - INFO - Current Result:
2024-08-05 20:17:31 - INFO - \Hit5: 25.2986	MRR5: 14.6466	Recall5: 25.2986	Precision5: 5.0597
2024-08-05 20:17:31 - INFO - Best Result:
2024-08-05 20:17:31 - INFO - 	Hit5: 25.5973	MRR5: 14.9296	Recall5: 25.5973	Precision5: 5.1195	Epoch: 7, 13, 7, 7
2024-08-05 20:17:31 - INFO - Current Result:
2024-08-05 20:17:31 - INFO - \Hit10: 33.8737	MRR10: 15.8096	Recall10: 33.8737	Precision10: 3.3874
2024-08-05 20:17:31 - INFO - Best Result:
2024-08-05 20:17:31 - INFO - 	Hit10: 34.0444	MRR10: 16.1409	Recall10: 34.0444	Precision10: 3.4044	Epoch: 13, 13, 13, 13
2024-08-05 20:17:31 - INFO - Current Result:
2024-08-05 20:17:31 - INFO - \Hit15: 38.9078	MRR15: 16.2035	Recall15: 38.9078	Precision15: 2.5939
2024-08-05 20:17:31 - INFO - Best Result:
2024-08-05 20:17:31 - INFO - 	Hit15: 39.8038	MRR15: 16.5359	Recall15: 39.8038	Precision15: 2.6536	Epoch: 6, 13, 6, 6
2024-08-05 20:17:31 - INFO - Current Result:
2024-08-05 20:17:31 - INFO - \Hit20: 42.9181	MRR20: 16.4327	Recall20: 42.9181	Precision20: 2.1459
2024-08-05 20:17:31 - INFO - Best Result:
2024-08-05 20:17:31 - INFO - 	Hit20: 43.4300	MRR20: 16.7609	Recall20: 43.4300	Precision20: 2.1715	Epoch: 11, 13, 11, 11
2024-08-05 20:17:31 - INFO - EPOCH:41
2024-08-05 20:17:31 - INFO - Time:2024/08/05 20:17:31
2024-08-05 20:18:01 - INFO - loss: 78.40650177001953; rec_loss: 78.40650177001953; intent_loss: 6.210596620803699e-05 
2024-08-05 20:18:01 - INFO - Current Result:
2024-08-05 20:18:01 - INFO - \Hit5: 25.2986	MRR5: 14.6466	Recall5: 25.2986	Precision5: 5.0597
2024-08-05 20:18:01 - INFO - Best Result:
2024-08-05 20:18:01 - INFO - 	Hit5: 25.5973	MRR5: 14.9296	Recall5: 25.5973	Precision5: 5.1195	Epoch: 7, 13, 7, 7
2024-08-05 20:18:01 - INFO - Current Result:
2024-08-05 20:18:01 - INFO - \Hit10: 33.8737	MRR10: 15.8090	Recall10: 33.8737	Precision10: 3.3874
2024-08-05 20:18:01 - INFO - Best Result:
2024-08-05 20:18:01 - INFO - 	Hit10: 34.0444	MRR10: 16.1409	Recall10: 34.0444	Precision10: 3.4044	Epoch: 13, 13, 13, 13
2024-08-05 20:18:01 - INFO - Current Result:
2024-08-05 20:18:01 - INFO - \Hit15: 38.9078	MRR15: 16.2029	Recall15: 38.9078	Precision15: 2.5939
2024-08-05 20:18:01 - INFO - Best Result:
2024-08-05 20:18:01 - INFO - 	Hit15: 39.8038	MRR15: 16.5359	Recall15: 39.8038	Precision15: 2.6536	Epoch: 6, 13, 6, 6
2024-08-05 20:18:01 - INFO - Current Result:
2024-08-05 20:18:01 - INFO - \Hit20: 42.9181	MRR20: 16.4321	Recall20: 42.9181	Precision20: 2.1459
2024-08-05 20:18:01 - INFO - Best Result:
2024-08-05 20:18:01 - INFO - 	Hit20: 43.4300	MRR20: 16.7609	Recall20: 43.4300	Precision20: 2.1715	Epoch: 11, 13, 11, 11
2024-08-05 20:18:01 - INFO - EPOCH:42
2024-08-05 20:18:01 - INFO - Time:2024/08/05 20:18:01
2024-08-05 20:18:32 - INFO - loss: 78.4222183227539; rec_loss: 78.4222183227539; intent_loss: 6.210592982824892e-05 
2024-08-05 20:18:32 - INFO - Current Result:
2024-08-05 20:18:32 - INFO - \Hit5: 25.2986	MRR5: 14.6466	Recall5: 25.2986	Precision5: 5.0597
2024-08-05 20:18:32 - INFO - Best Result:
2024-08-05 20:18:32 - INFO - 	Hit5: 25.5973	MRR5: 14.9296	Recall5: 25.5973	Precision5: 5.1195	Epoch: 7, 13, 7, 7
2024-08-05 20:18:32 - INFO - Current Result:
2024-08-05 20:18:32 - INFO - \Hit10: 33.8737	MRR10: 15.8096	Recall10: 33.8737	Precision10: 3.3874
2024-08-05 20:18:32 - INFO - Best Result:
2024-08-05 20:18:32 - INFO - 	Hit10: 34.0444	MRR10: 16.1409	Recall10: 34.0444	Precision10: 3.4044	Epoch: 13, 13, 13, 13
2024-08-05 20:18:32 - INFO - Current Result:
2024-08-05 20:18:32 - INFO - \Hit15: 38.9078	MRR15: 16.2035	Recall15: 38.9078	Precision15: 2.5939
2024-08-05 20:18:32 - INFO - Best Result:
2024-08-05 20:18:32 - INFO - 	Hit15: 39.8038	MRR15: 16.5359	Recall15: 39.8038	Precision15: 2.6536	Epoch: 6, 13, 6, 6
2024-08-05 20:18:32 - INFO - Current Result:
2024-08-05 20:18:32 - INFO - \Hit20: 42.9181	MRR20: 16.4327	Recall20: 42.9181	Precision20: 2.1459
2024-08-05 20:18:32 - INFO - Best Result:
2024-08-05 20:18:32 - INFO - 	Hit20: 43.4300	MRR20: 16.7609	Recall20: 43.4300	Precision20: 2.1715	Epoch: 11, 13, 11, 11
2024-08-05 20:18:32 - INFO - EPOCH:43
2024-08-05 20:18:32 - INFO - Time:2024/08/05 20:18:32
2024-08-05 20:19:01 - INFO - loss: 78.36341857910156; rec_loss: 78.36341857910156; intent_loss: 6.210590800037608e-05 
2024-08-05 20:19:01 - INFO - Current Result:
2024-08-05 20:19:01 - INFO - \Hit5: 25.2986	MRR5: 14.6466	Recall5: 25.2986	Precision5: 5.0597
2024-08-05 20:19:01 - INFO - Best Result:
2024-08-05 20:19:01 - INFO - 	Hit5: 25.5973	MRR5: 14.9296	Recall5: 25.5973	Precision5: 5.1195	Epoch: 7, 13, 7, 7
2024-08-05 20:19:01 - INFO - Current Result:
2024-08-05 20:19:01 - INFO - \Hit10: 33.8737	MRR10: 15.8096	Recall10: 33.8737	Precision10: 3.3874
2024-08-05 20:19:01 - INFO - Best Result:
2024-08-05 20:19:01 - INFO - 	Hit10: 34.0444	MRR10: 16.1409	Recall10: 34.0444	Precision10: 3.4044	Epoch: 13, 13, 13, 13
2024-08-05 20:19:01 - INFO - Current Result:
2024-08-05 20:19:01 - INFO - \Hit15: 38.9078	MRR15: 16.2035	Recall15: 38.9078	Precision15: 2.5939
2024-08-05 20:19:01 - INFO - Best Result:
2024-08-05 20:19:01 - INFO - 	Hit15: 39.8038	MRR15: 16.5359	Recall15: 39.8038	Precision15: 2.6536	Epoch: 6, 13, 6, 6
2024-08-05 20:19:01 - INFO - Current Result:
2024-08-05 20:19:01 - INFO - \Hit20: 42.9181	MRR20: 16.4327	Recall20: 42.9181	Precision20: 2.1459
2024-08-05 20:19:01 - INFO - Best Result:
2024-08-05 20:19:01 - INFO - 	Hit20: 43.4300	MRR20: 16.7609	Recall20: 43.4300	Precision20: 2.1715	Epoch: 11, 13, 11, 11
2024-08-05 20:19:01 - INFO - EPOCH:44
2024-08-05 20:19:01 - INFO - Time:2024/08/05 20:19:01
2024-08-05 20:19:31 - INFO - loss: 78.38662719726562; rec_loss: 78.38662719726562; intent_loss: 6.210589344846085e-05 
2024-08-05 20:19:31 - INFO - Current Result:
2024-08-05 20:19:31 - INFO - \Hit5: 25.2986	MRR5: 14.6466	Recall5: 25.2986	Precision5: 5.0597
2024-08-05 20:19:31 - INFO - Best Result:
2024-08-05 20:19:31 - INFO - 	Hit5: 25.5973	MRR5: 14.9296	Recall5: 25.5973	Precision5: 5.1195	Epoch: 7, 13, 7, 7
2024-08-05 20:19:31 - INFO - Current Result:
2024-08-05 20:19:31 - INFO - \Hit10: 33.8737	MRR10: 15.8096	Recall10: 33.8737	Precision10: 3.3874
2024-08-05 20:19:31 - INFO - Best Result:
2024-08-05 20:19:31 - INFO - 	Hit10: 34.0444	MRR10: 16.1409	Recall10: 34.0444	Precision10: 3.4044	Epoch: 13, 13, 13, 13
2024-08-05 20:19:31 - INFO - Current Result:
2024-08-05 20:19:31 - INFO - \Hit15: 38.9078	MRR15: 16.2035	Recall15: 38.9078	Precision15: 2.5939
2024-08-05 20:19:31 - INFO - Best Result:
2024-08-05 20:19:31 - INFO - 	Hit15: 39.8038	MRR15: 16.5359	Recall15: 39.8038	Precision15: 2.6536	Epoch: 6, 13, 6, 6
2024-08-05 20:19:31 - INFO - Current Result:
2024-08-05 20:19:31 - INFO - \Hit20: 42.9181	MRR20: 16.4327	Recall20: 42.9181	Precision20: 2.1459
2024-08-05 20:19:31 - INFO - Best Result:
2024-08-05 20:19:31 - INFO - 	Hit20: 43.4300	MRR20: 16.7609	Recall20: 43.4300	Precision20: 2.1715	Epoch: 11, 13, 11, 11
2024-08-05 20:19:31 - INFO - EPOCH:45
2024-08-05 20:19:31 - INFO - Time:2024/08/05 20:19:31
2024-08-05 20:19:51 - INFO - loss: 78.35812377929688; rec_loss: 78.35812377929688; intent_loss: 6.210584251675755e-05 
2024-08-05 20:19:51 - INFO - Current Result:
2024-08-05 20:19:51 - INFO - \Hit5: 25.2986	MRR5: 14.6466	Recall5: 25.2986	Precision5: 5.0597
2024-08-05 20:19:51 - INFO - Best Result:
2024-08-05 20:19:51 - INFO - 	Hit5: 25.5973	MRR5: 14.9296	Recall5: 25.5973	Precision5: 5.1195	Epoch: 7, 13, 7, 7
2024-08-05 20:19:51 - INFO - Current Result:
2024-08-05 20:19:51 - INFO - \Hit10: 33.8737	MRR10: 15.8096	Recall10: 33.8737	Precision10: 3.3874
2024-08-05 20:19:51 - INFO - Best Result:
2024-08-05 20:19:51 - INFO - 	Hit10: 34.0444	MRR10: 16.1409	Recall10: 34.0444	Precision10: 3.4044	Epoch: 13, 13, 13, 13
2024-08-05 20:19:51 - INFO - Current Result:
2024-08-05 20:19:51 - INFO - \Hit15: 38.9078	MRR15: 16.2035	Recall15: 38.9078	Precision15: 2.5939
2024-08-05 20:19:51 - INFO - Best Result:
2024-08-05 20:19:51 - INFO - 	Hit15: 39.8038	MRR15: 16.5359	Recall15: 39.8038	Precision15: 2.6536	Epoch: 6, 13, 6, 6
2024-08-05 20:19:51 - INFO - Current Result:
2024-08-05 20:19:51 - INFO - \Hit20: 42.9181	MRR20: 16.4327	Recall20: 42.9181	Precision20: 2.1459
2024-08-05 20:19:51 - INFO - Best Result:
2024-08-05 20:19:51 - INFO - 	Hit20: 43.4300	MRR20: 16.7609	Recall20: 43.4300	Precision20: 2.1715	Epoch: 11, 13, 11, 11
2024-08-05 20:19:51 - INFO - EPOCH:46
2024-08-05 20:19:51 - INFO - Time:2024/08/05 20:19:51
2024-08-05 20:20:09 - INFO - loss: 78.32563781738281; rec_loss: 78.32563781738281; intent_loss: 6.210584251675755e-05 
2024-08-05 20:20:09 - INFO - Current Result:
2024-08-05 20:20:09 - INFO - \Hit5: 25.2986	MRR5: 14.6466	Recall5: 25.2986	Precision5: 5.0597
2024-08-05 20:20:09 - INFO - Best Result:
2024-08-05 20:20:09 - INFO - 	Hit5: 25.5973	MRR5: 14.9296	Recall5: 25.5973	Precision5: 5.1195	Epoch: 7, 13, 7, 7
2024-08-05 20:20:09 - INFO - Current Result:
2024-08-05 20:20:09 - INFO - \Hit10: 33.8737	MRR10: 15.8096	Recall10: 33.8737	Precision10: 3.3874
2024-08-05 20:20:09 - INFO - Best Result:
2024-08-05 20:20:09 - INFO - 	Hit10: 34.0444	MRR10: 16.1409	Recall10: 34.0444	Precision10: 3.4044	Epoch: 13, 13, 13, 13
2024-08-05 20:20:09 - INFO - Current Result:
2024-08-05 20:20:09 - INFO - \Hit15: 38.9078	MRR15: 16.2035	Recall15: 38.9078	Precision15: 2.5939
2024-08-05 20:20:09 - INFO - Best Result:
2024-08-05 20:20:09 - INFO - 	Hit15: 39.8038	MRR15: 16.5359	Recall15: 39.8038	Precision15: 2.6536	Epoch: 6, 13, 6, 6
2024-08-05 20:20:09 - INFO - Current Result:
2024-08-05 20:20:09 - INFO - \Hit20: 42.9181	MRR20: 16.4327	Recall20: 42.9181	Precision20: 2.1459
2024-08-05 20:20:09 - INFO - Best Result:
2024-08-05 20:20:09 - INFO - 	Hit20: 43.4300	MRR20: 16.7609	Recall20: 43.4300	Precision20: 2.1715	Epoch: 11, 13, 11, 11
2024-08-05 20:20:09 - INFO - EPOCH:47
2024-08-05 20:20:09 - INFO - Time:2024/08/05 20:20:09
2024-08-05 20:20:28 - INFO - loss: 78.33126068115234; rec_loss: 78.33126068115234; intent_loss: 6.210584251675755e-05 
2024-08-05 20:20:28 - INFO - Current Result:
2024-08-05 20:20:28 - INFO - \Hit5: 25.2986	MRR5: 14.6466	Recall5: 25.2986	Precision5: 5.0597
2024-08-05 20:20:28 - INFO - Best Result:
2024-08-05 20:20:28 - INFO - 	Hit5: 25.5973	MRR5: 14.9296	Recall5: 25.5973	Precision5: 5.1195	Epoch: 7, 13, 7, 7
2024-08-05 20:20:28 - INFO - Current Result:
2024-08-05 20:20:28 - INFO - \Hit10: 33.8737	MRR10: 15.8096	Recall10: 33.8737	Precision10: 3.3874
2024-08-05 20:20:28 - INFO - Best Result:
2024-08-05 20:20:28 - INFO - 	Hit10: 34.0444	MRR10: 16.1409	Recall10: 34.0444	Precision10: 3.4044	Epoch: 13, 13, 13, 13
2024-08-05 20:20:28 - INFO - Current Result:
2024-08-05 20:20:28 - INFO - \Hit15: 38.9078	MRR15: 16.2035	Recall15: 38.9078	Precision15: 2.5939
2024-08-05 20:20:28 - INFO - Best Result:
2024-08-05 20:20:28 - INFO - 	Hit15: 39.8038	MRR15: 16.5359	Recall15: 39.8038	Precision15: 2.6536	Epoch: 6, 13, 6, 6
2024-08-05 20:20:28 - INFO - Current Result:
2024-08-05 20:20:28 - INFO - \Hit20: 42.9181	MRR20: 16.4327	Recall20: 42.9181	Precision20: 2.1459
2024-08-05 20:20:28 - INFO - Best Result:
2024-08-05 20:20:28 - INFO - 	Hit20: 43.4300	MRR20: 16.7609	Recall20: 43.4300	Precision20: 2.1715	Epoch: 11, 13, 11, 11
2024-08-05 20:20:28 - INFO - EPOCH:48
2024-08-05 20:20:28 - INFO - Time:2024/08/05 20:20:28
2024-08-05 20:20:47 - INFO - loss: 78.38878631591797; rec_loss: 78.38878631591797; intent_loss: 6.210584251675755e-05 
2024-08-05 20:20:47 - INFO - Current Result:
2024-08-05 20:20:47 - INFO - \Hit5: 25.2986	MRR5: 14.6466	Recall5: 25.2986	Precision5: 5.0597
2024-08-05 20:20:47 - INFO - Best Result:
2024-08-05 20:20:47 - INFO - 	Hit5: 25.5973	MRR5: 14.9296	Recall5: 25.5973	Precision5: 5.1195	Epoch: 7, 13, 7, 7
2024-08-05 20:20:47 - INFO - Current Result:
2024-08-05 20:20:47 - INFO - \Hit10: 33.8737	MRR10: 15.8096	Recall10: 33.8737	Precision10: 3.3874
2024-08-05 20:20:47 - INFO - Best Result:
2024-08-05 20:20:47 - INFO - 	Hit10: 34.0444	MRR10: 16.1409	Recall10: 34.0444	Precision10: 3.4044	Epoch: 13, 13, 13, 13
2024-08-05 20:20:47 - INFO - Current Result:
2024-08-05 20:20:47 - INFO - \Hit15: 38.9078	MRR15: 16.2035	Recall15: 38.9078	Precision15: 2.5939
2024-08-05 20:20:47 - INFO - Best Result:
2024-08-05 20:20:47 - INFO - 	Hit15: 39.8038	MRR15: 16.5359	Recall15: 39.8038	Precision15: 2.6536	Epoch: 6, 13, 6, 6
2024-08-05 20:20:47 - INFO - Current Result:
2024-08-05 20:20:47 - INFO - \Hit20: 42.9181	MRR20: 16.4327	Recall20: 42.9181	Precision20: 2.1459
2024-08-05 20:20:47 - INFO - Best Result:
2024-08-05 20:20:47 - INFO - 	Hit20: 43.4300	MRR20: 16.7609	Recall20: 43.4300	Precision20: 2.1715	Epoch: 11, 13, 11, 11
2024-08-05 20:20:47 - INFO - EPOCH:49
2024-08-05 20:20:47 - INFO - Time:2024/08/05 20:20:47
2024-08-05 20:21:07 - INFO - loss: 78.30529022216797; rec_loss: 78.30529022216797; intent_loss: 6.210584251675755e-05 
2024-08-05 20:21:07 - INFO - Current Result:
2024-08-05 20:21:07 - INFO - \Hit5: 25.2986	MRR5: 14.6466	Recall5: 25.2986	Precision5: 5.0597
2024-08-05 20:21:07 - INFO - Best Result:
2024-08-05 20:21:07 - INFO - 	Hit5: 25.5973	MRR5: 14.9296	Recall5: 25.5973	Precision5: 5.1195	Epoch: 7, 13, 7, 7
2024-08-05 20:21:07 - INFO - Current Result:
2024-08-05 20:21:07 - INFO - \Hit10: 33.8737	MRR10: 15.8096	Recall10: 33.8737	Precision10: 3.3874
2024-08-05 20:21:07 - INFO - Best Result:
2024-08-05 20:21:07 - INFO - 	Hit10: 34.0444	MRR10: 16.1409	Recall10: 34.0444	Precision10: 3.4044	Epoch: 13, 13, 13, 13
2024-08-05 20:21:07 - INFO - Current Result:
2024-08-05 20:21:07 - INFO - \Hit15: 38.9078	MRR15: 16.2035	Recall15: 38.9078	Precision15: 2.5939
2024-08-05 20:21:07 - INFO - Best Result:
2024-08-05 20:21:07 - INFO - 	Hit15: 39.8038	MRR15: 16.5359	Recall15: 39.8038	Precision15: 2.6536	Epoch: 6, 13, 6, 6
2024-08-05 20:21:07 - INFO - Current Result:
2024-08-05 20:21:07 - INFO - \Hit20: 42.9181	MRR20: 16.4327	Recall20: 42.9181	Precision20: 2.1459
2024-08-05 20:21:07 - INFO - Best Result:
2024-08-05 20:21:07 - INFO - 	Hit20: 43.4300	MRR20: 16.7609	Recall20: 43.4300	Precision20: 2.1715	Epoch: 11, 13, 11, 11
2024-08-05 20:21:07 - INFO - -------------------------------------------------------
2024-08-05 20:21:07 - INFO - Run time: 1880.596280 s
