2024-08-05 19:48:41 - INFO - *******start1***********
2024-08-05 19:48:41 - INFO - start time: 2024-08-05 19:48:41
2024-08-05 19:48:41 - INFO - 文本内容 + 文本处理方式:title_vecs.npy
2024-08-05 19:48:41 - INFO - >>SEED:2024
2024-08-05 19:48:41 - INFO - ===========config================
2024-08-05 19:48:41 - INFO - model:Intent_UniGCNII
2024-08-05 19:48:41 - INFO - if_gcn:True
2024-08-05 19:48:41 - INFO - dataset:blockchain
2024-08-05 19:48:41 - INFO - gpu:0
2024-08-05 19:48:41 - INFO - Disentangle:True
2024-08-05 19:48:41 - INFO - Intent factors:7
2024-08-05 19:48:41 - INFO - journal vec:True
2024-08-05 19:48:41 - INFO - title vec:True
2024-08-05 19:48:41 - INFO - Test Topks[5, 10, 15, 20]:
2024-08-05 19:48:41 - INFO - hiddenSize:448
2024-08-05 19:48:41 - INFO - n_factor:7
2024-08-05 19:48:41 - INFO - lr:0.005
2024-08-05 19:48:41 - INFO - batch_size:512
2024-08-05 19:48:41 - INFO - lamda_1:0.85
2024-08-05 19:48:41 - INFO - if co_show:False
2024-08-05 19:48:41 - INFO - if citation:True
2024-08-05 19:48:41 - INFO - integrate_model:mean
2024-08-05 19:48:41 - INFO - select relative paper for intent:0.4
2024-08-05 19:48:41 - INFO - Hidden number for GNN:256
2024-08-05 19:48:41 - INFO - aux loss weight:1e-05
2024-08-05 19:48:41 - INFO - ===========end===================
2024-08-05 19:48:49 - INFO - EPOCH:0
2024-08-05 19:48:49 - INFO - Time:2024/08/05 19:48:49
2024-08-05 19:49:21 - INFO - loss: 20373.232421875; rec_loss: 20373.232421875; intent_loss: 0.0003632769803516567 
2024-08-05 19:49:21 - INFO - Current Result:
2024-08-05 19:49:21 - INFO - \Hit5: 0.7253	MRR5: 0.2681	Recall5: 0.7253	Precision5: 0.1451
2024-08-05 19:49:21 - INFO - Best Result:
2024-08-05 19:49:21 - INFO - 	Hit5: 0.7253	MRR5: 0.2681	Recall5: 0.7253	Precision5: 0.1451	Epoch: 0, 0, 0, 0
2024-08-05 19:49:21 - INFO - Current Result:
2024-08-05 19:49:21 - INFO - \Hit10: 2.4744	MRR10: 0.5002	Recall10: 2.4744	Precision10: 0.2474
2024-08-05 19:49:21 - INFO - Best Result:
2024-08-05 19:49:21 - INFO - 	Hit10: 2.4744	MRR10: 0.5002	Recall10: 2.4744	Precision10: 0.2474	Epoch: 0, 0, 0, 0
2024-08-05 19:49:21 - INFO - Current Result:
2024-08-05 19:49:21 - INFO - \Hit15: 3.4130	MRR15: 0.5746	Recall15: 3.4130	Precision15: 0.2275
2024-08-05 19:49:21 - INFO - Best Result:
2024-08-05 19:49:21 - INFO - 	Hit15: 3.4130	MRR15: 0.5746	Recall15: 3.4130	Precision15: 0.2275	Epoch: 0, 0, 0, 0
2024-08-05 19:49:21 - INFO - Current Result:
2024-08-05 19:49:21 - INFO - \Hit20: 4.7355	MRR20: 0.6492	Recall20: 4.7355	Precision20: 0.2368
2024-08-05 19:49:21 - INFO - Best Result:
2024-08-05 19:49:21 - INFO - 	Hit20: 4.7355	MRR20: 0.6492	Recall20: 4.7355	Precision20: 0.2368	Epoch: 0, 0, 0, 0
2024-08-05 19:49:21 - INFO - EPOCH:1
2024-08-05 19:49:21 - INFO - Time:2024/08/05 19:49:21
2024-08-05 19:49:47 - INFO - loss: 24632.953125; rec_loss: 24632.953125; intent_loss: 0.000325544475344941 
2024-08-05 19:49:47 - INFO - Current Result:
2024-08-05 19:49:47 - INFO - \Hit5: 3.2850	MRR5: 1.5074	Recall5: 3.2850	Precision5: 0.6570
2024-08-05 19:49:47 - INFO - Best Result:
2024-08-05 19:49:47 - INFO - 	Hit5: 3.2850	MRR5: 1.5074	Recall5: 3.2850	Precision5: 0.6570	Epoch: 1, 1, 1, 1
2024-08-05 19:49:47 - INFO - Current Result:
2024-08-05 19:49:47 - INFO - \Hit10: 4.4795	MRR10: 1.6658	Recall10: 4.4795	Precision10: 0.4480
2024-08-05 19:49:47 - INFO - Best Result:
2024-08-05 19:49:47 - INFO - 	Hit10: 4.4795	MRR10: 1.6658	Recall10: 4.4795	Precision10: 0.4480	Epoch: 1, 1, 1, 1
2024-08-05 19:49:47 - INFO - Current Result:
2024-08-05 19:49:47 - INFO - \Hit15: 5.6314	MRR15: 1.7583	Recall15: 5.6314	Precision15: 0.3754
2024-08-05 19:49:47 - INFO - Best Result:
2024-08-05 19:49:47 - INFO - 	Hit15: 5.6314	MRR15: 1.7583	Recall15: 5.6314	Precision15: 0.3754	Epoch: 1, 1, 1, 1
2024-08-05 19:49:47 - INFO - Current Result:
2024-08-05 19:49:47 - INFO - \Hit20: 7.0819	MRR20: 1.8399	Recall20: 7.0819	Precision20: 0.3541
2024-08-05 19:49:47 - INFO - Best Result:
2024-08-05 19:49:47 - INFO - 	Hit20: 7.0819	MRR20: 1.8399	Recall20: 7.0819	Precision20: 0.3541	Epoch: 1, 1, 1, 1
2024-08-05 19:49:47 - INFO - EPOCH:2
2024-08-05 19:49:47 - INFO - Time:2024/08/05 19:49:47
2024-08-05 19:50:31 - INFO - loss: 18032.697265625; rec_loss: 18032.697265625; intent_loss: 0.00029384647496044636 
2024-08-05 19:50:31 - INFO - Current Result:
2024-08-05 19:50:31 - INFO - \Hit5: 1.0239	MRR5: 0.3313	Recall5: 1.0239	Precision5: 0.2048
2024-08-05 19:50:31 - INFO - Best Result:
2024-08-05 19:50:31 - INFO - 	Hit5: 3.2850	MRR5: 1.5074	Recall5: 3.2850	Precision5: 0.6570	Epoch: 1, 1, 1, 1
2024-08-05 19:50:31 - INFO - Current Result:
2024-08-05 19:50:31 - INFO - \Hit10: 2.2611	MRR10: 0.5009	Recall10: 2.2611	Precision10: 0.2261
2024-08-05 19:50:31 - INFO - Best Result:
2024-08-05 19:50:31 - INFO - 	Hit10: 4.4795	MRR10: 1.6658	Recall10: 4.4795	Precision10: 0.4480	Epoch: 1, 1, 1, 1
2024-08-05 19:50:31 - INFO - Current Result:
2024-08-05 19:50:31 - INFO - \Hit15: 2.7304	MRR15: 0.5392	Recall15: 2.7304	Precision15: 0.1820
2024-08-05 19:50:31 - INFO - Best Result:
2024-08-05 19:50:31 - INFO - 	Hit15: 5.6314	MRR15: 1.7583	Recall15: 5.6314	Precision15: 0.3754	Epoch: 1, 1, 1, 1
2024-08-05 19:50:31 - INFO - Current Result:
2024-08-05 19:50:31 - INFO - \Hit20: 3.7116	MRR20: 0.5920	Recall20: 3.7116	Precision20: 0.1856
2024-08-05 19:50:31 - INFO - Best Result:
2024-08-05 19:50:31 - INFO - 	Hit20: 7.0819	MRR20: 1.8399	Recall20: 7.0819	Precision20: 0.3541	Epoch: 1, 1, 1, 1
2024-08-05 19:50:31 - INFO - EPOCH:3
2024-08-05 19:50:31 - INFO - Time:2024/08/05 19:50:31
2024-08-05 19:51:12 - INFO - loss: 17997.10546875; rec_loss: 17997.10546875; intent_loss: 0.00030310454894788563 
2024-08-05 19:51:12 - INFO - Current Result:
2024-08-05 19:51:12 - INFO - \Hit5: 4.3515	MRR5: 1.9703	Recall5: 4.3515	Precision5: 0.8703
2024-08-05 19:51:12 - INFO - Best Result:
2024-08-05 19:51:12 - INFO - 	Hit5: 4.3515	MRR5: 1.9703	Recall5: 4.3515	Precision5: 0.8703	Epoch: 3, 3, 3, 3
2024-08-05 19:51:12 - INFO - Current Result:
2024-08-05 19:51:12 - INFO - \Hit10: 6.7406	MRR10: 2.2815	Recall10: 6.7406	Precision10: 0.6741
2024-08-05 19:51:12 - INFO - Best Result:
2024-08-05 19:51:12 - INFO - 	Hit10: 6.7406	MRR10: 2.2815	Recall10: 6.7406	Precision10: 0.6741	Epoch: 3, 3, 3, 3
2024-08-05 19:51:12 - INFO - Current Result:
2024-08-05 19:51:12 - INFO - \Hit15: 8.4471	MRR15: 2.4134	Recall15: 8.4471	Precision15: 0.5631
2024-08-05 19:51:12 - INFO - Best Result:
2024-08-05 19:51:12 - INFO - 	Hit15: 8.4471	MRR15: 2.4134	Recall15: 8.4471	Precision15: 0.5631	Epoch: 3, 3, 3, 3
2024-08-05 19:51:12 - INFO - Current Result:
2024-08-05 19:51:12 - INFO - \Hit20: 10.1109	MRR20: 2.5070	Recall20: 10.1109	Precision20: 0.5055
2024-08-05 19:51:12 - INFO - Best Result:
2024-08-05 19:51:12 - INFO - 	Hit20: 10.1109	MRR20: 2.5070	Recall20: 10.1109	Precision20: 0.5055	Epoch: 3, 3, 3, 3
2024-08-05 19:51:12 - INFO - EPOCH:4
2024-08-05 19:51:12 - INFO - Time:2024/08/05 19:51:12
2024-08-05 19:51:55 - INFO - loss: 18870.98046875; rec_loss: 18870.98046875; intent_loss: 0.0003199814527761191 
2024-08-05 19:51:55 - INFO - Current Result:
2024-08-05 19:51:55 - INFO - \Hit5: 1.5785	MRR5: 0.9179	Recall5: 1.5785	Precision5: 0.3157
2024-08-05 19:51:55 - INFO - Best Result:
2024-08-05 19:51:55 - INFO - 	Hit5: 4.3515	MRR5: 1.9703	Recall5: 4.3515	Precision5: 0.8703	Epoch: 3, 3, 3, 3
2024-08-05 19:51:55 - INFO - Current Result:
2024-08-05 19:51:55 - INFO - \Hit10: 2.1758	MRR10: 0.9927	Recall10: 2.1758	Precision10: 0.2176
2024-08-05 19:51:55 - INFO - Best Result:
2024-08-05 19:51:55 - INFO - 	Hit10: 6.7406	MRR10: 2.2815	Recall10: 6.7406	Precision10: 0.6741	Epoch: 3, 3, 3, 3
2024-08-05 19:51:55 - INFO - Current Result:
2024-08-05 19:51:55 - INFO - \Hit15: 3.0717	MRR15: 1.0623	Recall15: 3.0717	Precision15: 0.2048
2024-08-05 19:51:55 - INFO - Best Result:
2024-08-05 19:51:55 - INFO - 	Hit15: 8.4471	MRR15: 2.4134	Recall15: 8.4471	Precision15: 0.5631	Epoch: 3, 3, 3, 3
2024-08-05 19:51:55 - INFO - Current Result:
2024-08-05 19:51:55 - INFO - \Hit20: 3.8396	MRR20: 1.1067	Recall20: 3.8396	Precision20: 0.1920
2024-08-05 19:51:55 - INFO - Best Result:
2024-08-05 19:51:55 - INFO - 	Hit20: 10.1109	MRR20: 2.5070	Recall20: 10.1109	Precision20: 0.5055	Epoch: 3, 3, 3, 3
2024-08-05 19:51:55 - INFO - EPOCH:5
2024-08-05 19:51:55 - INFO - Time:2024/08/05 19:51:55
2024-08-05 19:52:34 - INFO - loss: 8647.533203125; rec_loss: 8647.533203125; intent_loss: 0.00033310678554698825 
2024-08-05 19:52:34 - INFO - Current Result:
2024-08-05 19:52:34 - INFO - \Hit5: 3.3703	MRR5: 1.7285	Recall5: 3.3703	Precision5: 0.6741
2024-08-05 19:52:34 - INFO - Best Result:
2024-08-05 19:52:34 - INFO - 	Hit5: 4.3515	MRR5: 1.9703	Recall5: 4.3515	Precision5: 0.8703	Epoch: 3, 3, 3, 3
2024-08-05 19:52:34 - INFO - Current Result:
2024-08-05 19:52:34 - INFO - \Hit10: 4.6075	MRR10: 1.9000	Recall10: 4.6075	Precision10: 0.4608
2024-08-05 19:52:34 - INFO - Best Result:
2024-08-05 19:52:34 - INFO - 	Hit10: 6.7406	MRR10: 2.2815	Recall10: 6.7406	Precision10: 0.6741	Epoch: 3, 3, 3, 3
2024-08-05 19:52:34 - INFO - Current Result:
2024-08-05 19:52:34 - INFO - \Hit15: 5.9300	MRR15: 2.0059	Recall15: 5.9300	Precision15: 0.3953
2024-08-05 19:52:34 - INFO - Best Result:
2024-08-05 19:52:34 - INFO - 	Hit15: 8.4471	MRR15: 2.4134	Recall15: 8.4471	Precision15: 0.5631	Epoch: 3, 3, 3, 3
2024-08-05 19:52:34 - INFO - Current Result:
2024-08-05 19:52:34 - INFO - \Hit20: 6.9113	MRR20: 2.0609	Recall20: 6.9113	Precision20: 0.3456
2024-08-05 19:52:34 - INFO - Best Result:
2024-08-05 19:52:34 - INFO - 	Hit20: 10.1109	MRR20: 2.5070	Recall20: 10.1109	Precision20: 0.5055	Epoch: 3, 3, 3, 3
2024-08-05 19:52:34 - INFO - EPOCH:6
2024-08-05 19:52:34 - INFO - Time:2024/08/05 19:52:34
2024-08-05 19:53:08 - INFO - loss: 3809.4921875; rec_loss: 3809.4921875; intent_loss: 0.0003345971053931862 
2024-08-05 19:53:08 - INFO - Current Result:
2024-08-05 19:53:08 - INFO - \Hit5: 7.9352	MRR5: 4.3039	Recall5: 7.9352	Precision5: 1.5870
2024-08-05 19:53:08 - INFO - Best Result:
2024-08-05 19:53:08 - INFO - 	Hit5: 7.9352	MRR5: 4.3039	Recall5: 7.9352	Precision5: 1.5870	Epoch: 6, 6, 6, 6
2024-08-05 19:53:08 - INFO - Current Result:
2024-08-05 19:53:08 - INFO - \Hit10: 12.3294	MRR10: 4.8714	Recall10: 12.3294	Precision10: 1.2329
2024-08-05 19:53:08 - INFO - Best Result:
2024-08-05 19:53:08 - INFO - 	Hit10: 12.3294	MRR10: 4.8714	Recall10: 12.3294	Precision10: 1.2329	Epoch: 6, 6, 6, 6
2024-08-05 19:53:08 - INFO - Current Result:
2024-08-05 19:53:08 - INFO - \Hit15: 15.3157	MRR15: 5.1066	Recall15: 15.3157	Precision15: 1.0210
2024-08-05 19:53:08 - INFO - Best Result:
2024-08-05 19:53:08 - INFO - 	Hit15: 15.3157	MRR15: 5.1066	Recall15: 15.3157	Precision15: 1.0210	Epoch: 6, 6, 6, 6
2024-08-05 19:53:08 - INFO - Current Result:
2024-08-05 19:53:08 - INFO - \Hit20: 17.8754	MRR20: 5.2511	Recall20: 17.8754	Precision20: 0.8938
2024-08-05 19:53:08 - INFO - Best Result:
2024-08-05 19:53:08 - INFO - 	Hit20: 17.8754	MRR20: 5.2511	Recall20: 17.8754	Precision20: 0.8938	Epoch: 6, 6, 6, 6
2024-08-05 19:53:08 - INFO - EPOCH:7
2024-08-05 19:53:08 - INFO - Time:2024/08/05 19:53:08
2024-08-05 19:53:50 - INFO - loss: 2064.68994140625; rec_loss: 2064.68994140625; intent_loss: 0.0003361137059982866 
2024-08-05 19:53:50 - INFO - Current Result:
2024-08-05 19:53:50 - INFO - \Hit5: 8.6177	MRR5: 4.6637	Recall5: 8.6177	Precision5: 1.7235
2024-08-05 19:53:50 - INFO - Best Result:
2024-08-05 19:53:50 - INFO - 	Hit5: 8.6177	MRR5: 4.6637	Recall5: 8.6177	Precision5: 1.7235	Epoch: 7, 7, 7, 7
2024-08-05 19:53:50 - INFO - Current Result:
2024-08-05 19:53:50 - INFO - \Hit10: 12.7986	MRR10: 5.2230	Recall10: 12.7986	Precision10: 1.2799
2024-08-05 19:53:50 - INFO - Best Result:
2024-08-05 19:53:50 - INFO - 	Hit10: 12.7986	MRR10: 5.2230	Recall10: 12.7986	Precision10: 1.2799	Epoch: 7, 7, 7, 7
2024-08-05 19:53:50 - INFO - Current Result:
2024-08-05 19:53:50 - INFO - \Hit15: 16.2116	MRR15: 5.4975	Recall15: 16.2116	Precision15: 1.0808
2024-08-05 19:53:50 - INFO - Best Result:
2024-08-05 19:53:50 - INFO - 	Hit15: 16.2116	MRR15: 5.4975	Recall15: 16.2116	Precision15: 1.0808	Epoch: 7, 7, 7, 7
2024-08-05 19:53:50 - INFO - Current Result:
2024-08-05 19:53:50 - INFO - \Hit20: 18.5580	MRR20: 5.6290	Recall20: 18.5580	Precision20: 0.9279
2024-08-05 19:53:50 - INFO - Best Result:
2024-08-05 19:53:50 - INFO - 	Hit20: 18.5580	MRR20: 5.6290	Recall20: 18.5580	Precision20: 0.9279	Epoch: 7, 7, 7, 7
2024-08-05 19:53:50 - INFO - EPOCH:8
2024-08-05 19:53:50 - INFO - Time:2024/08/05 19:53:50
2024-08-05 19:54:30 - INFO - loss: 1314.1492919921875; rec_loss: 1314.1492919921875; intent_loss: 0.00033739852369762957 
2024-08-05 19:54:30 - INFO - Current Result:
2024-08-05 19:54:30 - INFO - \Hit5: 7.1246	MRR5: 3.8311	Recall5: 7.1246	Precision5: 1.4249
2024-08-05 19:54:30 - INFO - Best Result:
2024-08-05 19:54:30 - INFO - 	Hit5: 8.6177	MRR5: 4.6637	Recall5: 8.6177	Precision5: 1.7235	Epoch: 7, 7, 7, 7
2024-08-05 19:54:30 - INFO - Current Result:
2024-08-05 19:54:30 - INFO - \Hit10: 11.4334	MRR10: 4.3956	Recall10: 11.4334	Precision10: 1.1433
2024-08-05 19:54:30 - INFO - Best Result:
2024-08-05 19:54:30 - INFO - 	Hit10: 12.7986	MRR10: 5.2230	Recall10: 12.7986	Precision10: 1.2799	Epoch: 7, 7, 7, 7
2024-08-05 19:54:30 - INFO - Current Result:
2024-08-05 19:54:30 - INFO - \Hit15: 13.7799	MRR15: 4.5791	Recall15: 13.7799	Precision15: 0.9187
2024-08-05 19:54:30 - INFO - Best Result:
2024-08-05 19:54:30 - INFO - 	Hit15: 16.2116	MRR15: 5.4975	Recall15: 16.2116	Precision15: 1.0808	Epoch: 7, 7, 7, 7
2024-08-05 19:54:30 - INFO - Current Result:
2024-08-05 19:54:30 - INFO - \Hit20: 15.6997	MRR20: 4.6858	Recall20: 15.6997	Precision20: 0.7850
2024-08-05 19:54:30 - INFO - Best Result:
2024-08-05 19:54:30 - INFO - 	Hit20: 18.5580	MRR20: 5.6290	Recall20: 18.5580	Precision20: 0.9279	Epoch: 7, 7, 7, 7
2024-08-05 19:54:30 - INFO - EPOCH:9
2024-08-05 19:54:30 - INFO - Time:2024/08/05 19:54:30
2024-08-05 19:55:18 - INFO - loss: 1082.268310546875; rec_loss: 1082.268310546875; intent_loss: 0.0003383656730875373 
2024-08-05 19:55:18 - INFO - Current Result:
2024-08-05 19:55:18 - INFO - \Hit5: 4.1809	MRR5: 2.2902	Recall5: 4.1809	Precision5: 0.8362
2024-08-05 19:55:18 - INFO - Best Result:
2024-08-05 19:55:18 - INFO - 	Hit5: 8.6177	MRR5: 4.6637	Recall5: 8.6177	Precision5: 1.7235	Epoch: 7, 7, 7, 7
2024-08-05 19:55:18 - INFO - Current Result:
2024-08-05 19:55:18 - INFO - \Hit10: 6.7406	MRR10: 2.6216	Recall10: 6.7406	Precision10: 0.6741
2024-08-05 19:55:18 - INFO - Best Result:
2024-08-05 19:55:18 - INFO - 	Hit10: 12.7986	MRR10: 5.2230	Recall10: 12.7986	Precision10: 1.2799	Epoch: 7, 7, 7, 7
2024-08-05 19:55:18 - INFO - Current Result:
2024-08-05 19:55:18 - INFO - \Hit15: 8.8311	MRR15: 2.7875	Recall15: 8.8311	Precision15: 0.5887
2024-08-05 19:55:18 - INFO - Best Result:
2024-08-05 19:55:18 - INFO - 	Hit15: 16.2116	MRR15: 5.4975	Recall15: 16.2116	Precision15: 1.0808	Epoch: 7, 7, 7, 7
2024-08-05 19:55:18 - INFO - Current Result:
2024-08-05 19:55:18 - INFO - \Hit20: 10.8788	MRR20: 2.9028	Recall20: 10.8788	Precision20: 0.5439
2024-08-05 19:55:18 - INFO - Best Result:
2024-08-05 19:55:18 - INFO - 	Hit20: 18.5580	MRR20: 5.6290	Recall20: 18.5580	Precision20: 0.9279	Epoch: 7, 7, 7, 7
2024-08-05 19:55:18 - INFO - EPOCH:10
2024-08-05 19:55:18 - INFO - Time:2024/08/05 19:55:18
2024-08-05 19:56:06 - INFO - loss: 771.142822265625; rec_loss: 771.142822265625; intent_loss: 0.00033882472780533135 
2024-08-05 19:56:06 - INFO - Current Result:
2024-08-05 19:56:06 - INFO - \Hit5: 9.5990	MRR5: 5.3107	Recall5: 9.5990	Precision5: 1.9198
2024-08-05 19:56:06 - INFO - Best Result:
2024-08-05 19:56:06 - INFO - 	Hit5: 9.5990	MRR5: 5.3107	Recall5: 9.5990	Precision5: 1.9198	Epoch: 10, 10, 10, 10
2024-08-05 19:56:06 - INFO - Current Result:
2024-08-05 19:56:06 - INFO - \Hit10: 13.0119	MRR10: 5.7593	Recall10: 13.0119	Precision10: 1.3012
2024-08-05 19:56:06 - INFO - Best Result:
2024-08-05 19:56:06 - INFO - 	Hit10: 13.0119	MRR10: 5.7593	Recall10: 13.0119	Precision10: 1.3012	Epoch: 10, 10, 10, 10
2024-08-05 19:56:06 - INFO - Current Result:
2024-08-05 19:56:06 - INFO - \Hit15: 15.6570	MRR15: 5.9638	Recall15: 15.6570	Precision15: 1.0438
2024-08-05 19:56:06 - INFO - Best Result:
2024-08-05 19:56:06 - INFO - 	Hit15: 16.2116	MRR15: 5.9638	Recall15: 16.2116	Precision15: 1.0808	Epoch: 7, 10, 7, 7
2024-08-05 19:56:06 - INFO - Current Result:
2024-08-05 19:56:06 - INFO - \Hit20: 18.5580	MRR20: 6.1276	Recall20: 18.5580	Precision20: 0.9279
2024-08-05 19:56:06 - INFO - Best Result:
2024-08-05 19:56:06 - INFO - 	Hit20: 18.5580	MRR20: 6.1276	Recall20: 18.5580	Precision20: 0.9279	Epoch: 7, 10, 7, 7
2024-08-05 19:56:06 - INFO - EPOCH:11
2024-08-05 19:56:06 - INFO - Time:2024/08/05 19:56:06
2024-08-05 19:56:55 - INFO - loss: 607.0049438476562; rec_loss: 607.0049438476562; intent_loss: 0.0003389649500604719 
2024-08-05 19:56:55 - INFO - Current Result:
2024-08-05 19:56:55 - INFO - \Hit5: 10.0256	MRR5: 5.8902	Recall5: 10.0256	Precision5: 2.0051
2024-08-05 19:56:55 - INFO - Best Result:
2024-08-05 19:56:55 - INFO - 	Hit5: 10.0256	MRR5: 5.8902	Recall5: 10.0256	Precision5: 2.0051	Epoch: 11, 11, 11, 11
2024-08-05 19:56:55 - INFO - Current Result:
2024-08-05 19:56:55 - INFO - \Hit10: 15.1024	MRR10: 6.5512	Recall10: 15.1024	Precision10: 1.5102
2024-08-05 19:56:55 - INFO - Best Result:
2024-08-05 19:56:55 - INFO - 	Hit10: 15.1024	MRR10: 6.5512	Recall10: 15.1024	Precision10: 1.5102	Epoch: 11, 11, 11, 11
2024-08-05 19:56:55 - INFO - Current Result:
2024-08-05 19:56:55 - INFO - \Hit15: 18.2167	MRR15: 6.7946	Recall15: 18.2167	Precision15: 1.2144
2024-08-05 19:56:55 - INFO - Best Result:
2024-08-05 19:56:55 - INFO - 	Hit15: 18.2167	MRR15: 6.7946	Recall15: 18.2167	Precision15: 1.2144	Epoch: 11, 11, 11, 11
2024-08-05 19:56:55 - INFO - Current Result:
2024-08-05 19:56:55 - INFO - \Hit20: 21.1177	MRR20: 6.9608	Recall20: 21.1177	Precision20: 1.0559
2024-08-05 19:56:55 - INFO - Best Result:
2024-08-05 19:56:55 - INFO - 	Hit20: 21.1177	MRR20: 6.9608	Recall20: 21.1177	Precision20: 1.0559	Epoch: 11, 11, 11, 11
2024-08-05 19:56:55 - INFO - EPOCH:12
2024-08-05 19:56:55 - INFO - Time:2024/08/05 19:56:55
2024-08-05 19:57:42 - INFO - loss: 540.2175903320312; rec_loss: 540.2175903320312; intent_loss: 0.0003390813071746379 
2024-08-05 19:57:42 - INFO - Current Result:
2024-08-05 19:57:42 - INFO - \Hit5: 10.2816	MRR5: 6.1846	Recall5: 10.2816	Precision5: 2.0563
2024-08-05 19:57:42 - INFO - Best Result:
2024-08-05 19:57:42 - INFO - 	Hit5: 10.2816	MRR5: 6.1846	Recall5: 10.2816	Precision5: 2.0563	Epoch: 12, 12, 12, 12
2024-08-05 19:57:42 - INFO - Current Result:
2024-08-05 19:57:42 - INFO - \Hit10: 14.6331	MRR10: 6.7733	Recall10: 14.6331	Precision10: 1.4633
2024-08-05 19:57:42 - INFO - Best Result:
2024-08-05 19:57:42 - INFO - 	Hit10: 15.1024	MRR10: 6.7733	Recall10: 15.1024	Precision10: 1.5102	Epoch: 11, 12, 11, 11
2024-08-05 19:57:42 - INFO - Current Result:
2024-08-05 19:57:42 - INFO - \Hit15: 17.5341	MRR15: 7.0005	Recall15: 17.5341	Precision15: 1.1689
2024-08-05 19:57:42 - INFO - Best Result:
2024-08-05 19:57:42 - INFO - 	Hit15: 18.2167	MRR15: 7.0005	Recall15: 18.2167	Precision15: 1.2144	Epoch: 11, 12, 11, 11
2024-08-05 19:57:42 - INFO - Current Result:
2024-08-05 19:57:42 - INFO - \Hit20: 20.0939	MRR20: 7.1448	Recall20: 20.0939	Precision20: 1.0047
2024-08-05 19:57:42 - INFO - Best Result:
2024-08-05 19:57:42 - INFO - 	Hit20: 21.1177	MRR20: 7.1448	Recall20: 21.1177	Precision20: 1.0559	Epoch: 11, 12, 11, 11
2024-08-05 19:57:42 - INFO - EPOCH:13
2024-08-05 19:57:42 - INFO - Time:2024/08/05 19:57:42
2024-08-05 19:58:24 - INFO - loss: 494.60174560546875; rec_loss: 494.60174560546875; intent_loss: 0.0003391963546164334 
2024-08-05 19:58:24 - INFO - Current Result:
2024-08-05 19:58:24 - INFO - \Hit5: 10.5802	MRR5: 6.4249	Recall5: 10.5802	Precision5: 2.1160
2024-08-05 19:58:24 - INFO - Best Result:
2024-08-05 19:58:24 - INFO - 	Hit5: 10.5802	MRR5: 6.4249	Recall5: 10.5802	Precision5: 2.1160	Epoch: 13, 13, 13, 13
2024-08-05 19:58:24 - INFO - Current Result:
2024-08-05 19:58:24 - INFO - \Hit10: 14.5904	MRR10: 6.9645	Recall10: 14.5904	Precision10: 1.4590
2024-08-05 19:58:24 - INFO - Best Result:
2024-08-05 19:58:24 - INFO - 	Hit10: 15.1024	MRR10: 6.9645	Recall10: 15.1024	Precision10: 1.5102	Epoch: 11, 13, 11, 11
2024-08-05 19:58:24 - INFO - Current Result:
2024-08-05 19:58:24 - INFO - \Hit15: 18.1314	MRR15: 7.2361	Recall15: 18.1314	Precision15: 1.2088
2024-08-05 19:58:24 - INFO - Best Result:
2024-08-05 19:58:24 - INFO - 	Hit15: 18.2167	MRR15: 7.2361	Recall15: 18.2167	Precision15: 1.2144	Epoch: 11, 13, 11, 11
2024-08-05 19:58:24 - INFO - Current Result:
2024-08-05 19:58:24 - INFO - \Hit20: 21.3737	MRR20: 7.4193	Recall20: 21.3737	Precision20: 1.0687
2024-08-05 19:58:24 - INFO - Best Result:
2024-08-05 19:58:24 - INFO - 	Hit20: 21.3737	MRR20: 7.4193	Recall20: 21.3737	Precision20: 1.0687	Epoch: 13, 13, 13, 13
2024-08-05 19:58:24 - INFO - EPOCH:14
2024-08-05 19:58:24 - INFO - Time:2024/08/05 19:58:24
2024-08-05 19:59:02 - INFO - loss: 463.72222900390625; rec_loss: 463.72222900390625; intent_loss: 0.00033930488280020654 
2024-08-05 19:59:02 - INFO - Current Result:
2024-08-05 19:59:02 - INFO - \Hit5: 10.7509	MRR5: 6.4498	Recall5: 10.7509	Precision5: 2.1502
2024-08-05 19:59:02 - INFO - Best Result:
2024-08-05 19:59:02 - INFO - 	Hit5: 10.7509	MRR5: 6.4498	Recall5: 10.7509	Precision5: 2.1502	Epoch: 14, 14, 14, 14
2024-08-05 19:59:02 - INFO - Current Result:
2024-08-05 19:59:02 - INFO - \Hit10: 14.7184	MRR10: 6.9653	Recall10: 14.7184	Precision10: 1.4718
2024-08-05 19:59:02 - INFO - Best Result:
2024-08-05 19:59:02 - INFO - 	Hit10: 15.1024	MRR10: 6.9653	Recall10: 15.1024	Precision10: 1.5102	Epoch: 11, 14, 11, 11
2024-08-05 19:59:02 - INFO - Current Result:
2024-08-05 19:59:02 - INFO - \Hit15: 17.4915	MRR15: 7.1835	Recall15: 17.4915	Precision15: 1.1661
2024-08-05 19:59:02 - INFO - Best Result:
2024-08-05 19:59:02 - INFO - 	Hit15: 18.2167	MRR15: 7.2361	Recall15: 18.2167	Precision15: 1.2144	Epoch: 11, 13, 11, 11
2024-08-05 19:59:02 - INFO - Current Result:
2024-08-05 19:59:02 - INFO - \Hit20: 20.5205	MRR20: 7.3519	Recall20: 20.5205	Precision20: 1.0260
2024-08-05 19:59:02 - INFO - Best Result:
2024-08-05 19:59:02 - INFO - 	Hit20: 21.3737	MRR20: 7.4193	Recall20: 21.3737	Precision20: 1.0687	Epoch: 13, 13, 13, 13
2024-08-05 19:59:02 - INFO - EPOCH:15
2024-08-05 19:59:02 - INFO - Time:2024/08/05 19:59:02
2024-08-05 19:59:36 - INFO - loss: 441.3956604003906; rec_loss: 441.3956604003906; intent_loss: 0.00033937240368686616 
2024-08-05 19:59:36 - INFO - Current Result:
2024-08-05 19:59:36 - INFO - \Hit5: 10.6655	MRR5: 6.7143	Recall5: 10.6655	Precision5: 2.1331
2024-08-05 19:59:36 - INFO - Best Result:
2024-08-05 19:59:36 - INFO - 	Hit5: 10.7509	MRR5: 6.7143	Recall5: 10.7509	Precision5: 2.1502	Epoch: 14, 15, 14, 14
2024-08-05 19:59:36 - INFO - Current Result:
2024-08-05 19:59:36 - INFO - \Hit10: 14.7611	MRR10: 7.2524	Recall10: 14.7611	Precision10: 1.4761
2024-08-05 19:59:36 - INFO - Best Result:
2024-08-05 19:59:36 - INFO - 	Hit10: 15.1024	MRR10: 7.2524	Recall10: 15.1024	Precision10: 1.5102	Epoch: 11, 15, 11, 11
2024-08-05 19:59:36 - INFO - Current Result:
2024-08-05 19:59:36 - INFO - \Hit15: 17.9608	MRR15: 7.5004	Recall15: 17.9608	Precision15: 1.1974
2024-08-05 19:59:36 - INFO - Best Result:
2024-08-05 19:59:36 - INFO - 	Hit15: 18.2167	MRR15: 7.5004	Recall15: 18.2167	Precision15: 1.2144	Epoch: 11, 15, 11, 11
2024-08-05 19:59:36 - INFO - Current Result:
2024-08-05 19:59:36 - INFO - \Hit20: 20.9471	MRR20: 7.6680	Recall20: 20.9471	Precision20: 1.0474
2024-08-05 19:59:36 - INFO - Best Result:
2024-08-05 19:59:36 - INFO - 	Hit20: 21.3737	MRR20: 7.6680	Recall20: 21.3737	Precision20: 1.0687	Epoch: 13, 15, 13, 13
2024-08-05 19:59:36 - INFO - EPOCH:16
2024-08-05 19:59:36 - INFO - Time:2024/08/05 19:59:36
2024-08-05 20:00:19 - INFO - loss: 433.4884338378906; rec_loss: 433.4884338378906; intent_loss: 0.000339392019668594 
2024-08-05 20:00:19 - INFO - Current Result:
2024-08-05 20:00:19 - INFO - \Hit5: 10.6229	MRR5: 6.6731	Recall5: 10.6229	Precision5: 2.1246
2024-08-05 20:00:19 - INFO - Best Result:
2024-08-05 20:00:19 - INFO - 	Hit5: 10.7509	MRR5: 6.7143	Recall5: 10.7509	Precision5: 2.1502	Epoch: 14, 15, 14, 14
2024-08-05 20:00:19 - INFO - Current Result:
2024-08-05 20:00:19 - INFO - \Hit10: 14.3771	MRR10: 7.1593	Recall10: 14.3771	Precision10: 1.4377
2024-08-05 20:00:19 - INFO - Best Result:
2024-08-05 20:00:19 - INFO - 	Hit10: 15.1024	MRR10: 7.2524	Recall10: 15.1024	Precision10: 1.5102	Epoch: 11, 15, 11, 11
2024-08-05 20:00:19 - INFO - Current Result:
2024-08-05 20:00:19 - INFO - \Hit15: 17.4488	MRR15: 7.4012	Recall15: 17.4488	Precision15: 1.1633
2024-08-05 20:00:19 - INFO - Best Result:
2024-08-05 20:00:19 - INFO - 	Hit15: 18.2167	MRR15: 7.5004	Recall15: 18.2167	Precision15: 1.2144	Epoch: 11, 15, 11, 11
2024-08-05 20:00:19 - INFO - Current Result:
2024-08-05 20:00:19 - INFO - \Hit20: 20.8618	MRR20: 7.5925	Recall20: 20.8618	Precision20: 1.0431
2024-08-05 20:00:19 - INFO - Best Result:
2024-08-05 20:00:19 - INFO - 	Hit20: 21.3737	MRR20: 7.6680	Recall20: 21.3737	Precision20: 1.0687	Epoch: 13, 15, 13, 13
2024-08-05 20:00:19 - INFO - EPOCH:17
2024-08-05 20:00:19 - INFO - Time:2024/08/05 20:00:19
2024-08-05 20:00:59 - INFO - loss: 425.77001953125; rec_loss: 425.77001953125; intent_loss: 0.00033941457513719797 
2024-08-05 20:00:59 - INFO - Current Result:
2024-08-05 20:00:59 - INFO - \Hit5: 10.6655	MRR5: 6.5636	Recall5: 10.6655	Precision5: 2.1331
2024-08-05 20:00:59 - INFO - Best Result:
2024-08-05 20:00:59 - INFO - 	Hit5: 10.7509	MRR5: 6.7143	Recall5: 10.7509	Precision5: 2.1502	Epoch: 14, 15, 14, 14
2024-08-05 20:00:59 - INFO - Current Result:
2024-08-05 20:00:59 - INFO - \Hit10: 14.5051	MRR10: 7.0650	Recall10: 14.5051	Precision10: 1.4505
2024-08-05 20:00:59 - INFO - Best Result:
2024-08-05 20:00:59 - INFO - 	Hit10: 15.1024	MRR10: 7.2524	Recall10: 15.1024	Precision10: 1.5102	Epoch: 11, 15, 11, 11
2024-08-05 20:00:59 - INFO - Current Result:
2024-08-05 20:00:59 - INFO - \Hit15: 18.0034	MRR15: 7.3427	Recall15: 18.0034	Precision15: 1.2002
2024-08-05 20:00:59 - INFO - Best Result:
2024-08-05 20:00:59 - INFO - 	Hit15: 18.2167	MRR15: 7.5004	Recall15: 18.2167	Precision15: 1.2144	Epoch: 11, 15, 11, 11
2024-08-05 20:00:59 - INFO - Current Result:
2024-08-05 20:00:59 - INFO - \Hit20: 20.6058	MRR20: 7.4871	Recall20: 20.6058	Precision20: 1.0303
2024-08-05 20:00:59 - INFO - Best Result:
2024-08-05 20:00:59 - INFO - 	Hit20: 21.3737	MRR20: 7.6680	Recall20: 21.3737	Precision20: 1.0687	Epoch: 13, 15, 13, 13
2024-08-05 20:00:59 - INFO - EPOCH:18
2024-08-05 20:00:59 - INFO - Time:2024/08/05 20:00:59
2024-08-05 20:01:41 - INFO - loss: 422.7945556640625; rec_loss: 422.7945556640625; intent_loss: 0.0003394358791410923 
2024-08-05 20:01:41 - INFO - Current Result:
2024-08-05 20:01:41 - INFO - \Hit5: 10.8362	MRR5: 6.5771	Recall5: 10.8362	Precision5: 2.1672
2024-08-05 20:01:41 - INFO - Best Result:
2024-08-05 20:01:41 - INFO - 	Hit5: 10.8362	MRR5: 6.7143	Recall5: 10.8362	Precision5: 2.1672	Epoch: 18, 15, 18, 18
2024-08-05 20:01:41 - INFO - Current Result:
2024-08-05 20:01:41 - INFO - \Hit10: 15.1024	MRR10: 7.1362	Recall10: 15.1024	Precision10: 1.5102
2024-08-05 20:01:41 - INFO - Best Result:
2024-08-05 20:01:41 - INFO - 	Hit10: 15.1024	MRR10: 7.2524	Recall10: 15.1024	Precision10: 1.5102	Epoch: 11, 15, 11, 11
2024-08-05 20:01:41 - INFO - Current Result:
2024-08-05 20:01:41 - INFO - \Hit15: 18.1741	MRR15: 7.3770	Recall15: 18.1741	Precision15: 1.2116
2024-08-05 20:01:41 - INFO - Best Result:
2024-08-05 20:01:41 - INFO - 	Hit15: 18.2167	MRR15: 7.5004	Recall15: 18.2167	Precision15: 1.2144	Epoch: 11, 15, 11, 11
2024-08-05 20:01:41 - INFO - Current Result:
2024-08-05 20:01:41 - INFO - \Hit20: 20.8618	MRR20: 7.5238	Recall20: 20.8618	Precision20: 1.0431
2024-08-05 20:01:41 - INFO - Best Result:
2024-08-05 20:01:41 - INFO - 	Hit20: 21.3737	MRR20: 7.6680	Recall20: 21.3737	Precision20: 1.0687	Epoch: 13, 15, 13, 13
2024-08-05 20:01:41 - INFO - EPOCH:19
2024-08-05 20:01:41 - INFO - Time:2024/08/05 20:01:41
2024-08-05 20:02:29 - INFO - loss: 416.8249206542969; rec_loss: 416.8249206542969; intent_loss: 0.000339457270456478 
2024-08-05 20:02:29 - INFO - Current Result:
2024-08-05 20:02:29 - INFO - \Hit5: 10.6655	MRR5: 6.5451	Recall5: 10.6655	Precision5: 2.1331
2024-08-05 20:02:29 - INFO - Best Result:
2024-08-05 20:02:29 - INFO - 	Hit5: 10.8362	MRR5: 6.7143	Recall5: 10.8362	Precision5: 2.1672	Epoch: 18, 15, 18, 18
2024-08-05 20:02:29 - INFO - Current Result:
2024-08-05 20:02:29 - INFO - \Hit10: 14.5478	MRR10: 7.0547	Recall10: 14.5478	Precision10: 1.4548
2024-08-05 20:02:29 - INFO - Best Result:
2024-08-05 20:02:29 - INFO - 	Hit10: 15.1024	MRR10: 7.2524	Recall10: 15.1024	Precision10: 1.5102	Epoch: 11, 15, 11, 11
2024-08-05 20:02:29 - INFO - Current Result:
2024-08-05 20:02:29 - INFO - \Hit15: 17.6621	MRR15: 7.3035	Recall15: 17.6621	Precision15: 1.1775
2024-08-05 20:02:29 - INFO - Best Result:
2024-08-05 20:02:29 - INFO - 	Hit15: 18.2167	MRR15: 7.5004	Recall15: 18.2167	Precision15: 1.2144	Epoch: 11, 15, 11, 11
2024-08-05 20:02:29 - INFO - Current Result:
2024-08-05 20:02:29 - INFO - \Hit20: 20.3925	MRR20: 7.4567	Recall20: 20.3925	Precision20: 1.0196
2024-08-05 20:02:29 - INFO - Best Result:
2024-08-05 20:02:29 - INFO - 	Hit20: 21.3737	MRR20: 7.6680	Recall20: 21.3737	Precision20: 1.0687	Epoch: 13, 15, 13, 13
2024-08-05 20:02:29 - INFO - EPOCH:20
2024-08-05 20:02:29 - INFO - Time:2024/08/05 20:02:29
2024-08-05 20:03:18 - INFO - loss: 413.42022705078125; rec_loss: 413.42022705078125; intent_loss: 0.0003394706000108272 
2024-08-05 20:03:18 - INFO - Current Result:
2024-08-05 20:03:18 - INFO - \Hit5: 10.6655	MRR5: 6.6731	Recall5: 10.6655	Precision5: 2.1331
2024-08-05 20:03:18 - INFO - Best Result:
2024-08-05 20:03:18 - INFO - 	Hit5: 10.8362	MRR5: 6.7143	Recall5: 10.8362	Precision5: 2.1672	Epoch: 18, 15, 18, 18
2024-08-05 20:03:18 - INFO - Current Result:
2024-08-05 20:03:18 - INFO - \Hit10: 14.5904	MRR10: 7.1926	Recall10: 14.5904	Precision10: 1.4590
2024-08-05 20:03:18 - INFO - Best Result:
2024-08-05 20:03:18 - INFO - 	Hit10: 15.1024	MRR10: 7.2524	Recall10: 15.1024	Precision10: 1.5102	Epoch: 11, 15, 11, 11
2024-08-05 20:03:18 - INFO - Current Result:
2024-08-05 20:03:18 - INFO - \Hit15: 17.9608	MRR15: 7.4582	Recall15: 17.9608	Precision15: 1.1974
2024-08-05 20:03:18 - INFO - Best Result:
2024-08-05 20:03:18 - INFO - 	Hit15: 18.2167	MRR15: 7.5004	Recall15: 18.2167	Precision15: 1.2144	Epoch: 11, 15, 11, 11
2024-08-05 20:03:18 - INFO - Current Result:
2024-08-05 20:03:18 - INFO - \Hit20: 20.2645	MRR20: 7.5877	Recall20: 20.2645	Precision20: 1.0132
2024-08-05 20:03:18 - INFO - Best Result:
2024-08-05 20:03:18 - INFO - 	Hit20: 21.3737	MRR20: 7.6680	Recall20: 21.3737	Precision20: 1.0687	Epoch: 13, 15, 13, 13
2024-08-05 20:03:18 - INFO - EPOCH:21
2024-08-05 20:03:18 - INFO - Time:2024/08/05 20:03:18
2024-08-05 20:04:04 - INFO - loss: 411.3385009765625; rec_loss: 411.3385009765625; intent_loss: 0.0003394752275198698 
2024-08-05 20:04:04 - INFO - Current Result:
2024-08-05 20:04:04 - INFO - \Hit5: 10.6229	MRR5: 6.8402	Recall5: 10.6229	Precision5: 2.1246
2024-08-05 20:04:04 - INFO - Best Result:
2024-08-05 20:04:04 - INFO - 	Hit5: 10.8362	MRR5: 6.8402	Recall5: 10.8362	Precision5: 2.1672	Epoch: 18, 21, 18, 18
2024-08-05 20:04:04 - INFO - Current Result:
2024-08-05 20:04:04 - INFO - \Hit10: 14.8891	MRR10: 7.4015	Recall10: 14.8891	Precision10: 1.4889
2024-08-05 20:04:04 - INFO - Best Result:
2024-08-05 20:04:04 - INFO - 	Hit10: 15.1024	MRR10: 7.4015	Recall10: 15.1024	Precision10: 1.5102	Epoch: 11, 21, 11, 11
2024-08-05 20:04:04 - INFO - Current Result:
2024-08-05 20:04:04 - INFO - \Hit15: 17.8328	MRR15: 7.6312	Recall15: 17.8328	Precision15: 1.1889
2024-08-05 20:04:04 - INFO - Best Result:
2024-08-05 20:04:04 - INFO - 	Hit15: 18.2167	MRR15: 7.6312	Recall15: 18.2167	Precision15: 1.2144	Epoch: 11, 21, 11, 11
2024-08-05 20:04:04 - INFO - Current Result:
2024-08-05 20:04:04 - INFO - \Hit20: 20.6058	MRR20: 7.7872	Recall20: 20.6058	Precision20: 1.0303
2024-08-05 20:04:04 - INFO - Best Result:
2024-08-05 20:04:04 - INFO - 	Hit20: 21.3737	MRR20: 7.7872	Recall20: 21.3737	Precision20: 1.0687	Epoch: 13, 21, 13, 13
2024-08-05 20:04:04 - INFO - EPOCH:22
2024-08-05 20:04:04 - INFO - Time:2024/08/05 20:04:04
2024-08-05 20:04:44 - INFO - loss: 408.9257507324219; rec_loss: 408.9257507324219; intent_loss: 0.0003394798550289124 
2024-08-05 20:04:44 - INFO - Current Result:
2024-08-05 20:04:44 - INFO - \Hit5: 10.8362	MRR5: 6.7499	Recall5: 10.8362	Precision5: 2.1672
2024-08-05 20:04:44 - INFO - Best Result:
2024-08-05 20:04:44 - INFO - 	Hit5: 10.8362	MRR5: 6.8402	Recall5: 10.8362	Precision5: 2.1672	Epoch: 18, 21, 18, 18
2024-08-05 20:04:44 - INFO - Current Result:
2024-08-05 20:04:44 - INFO - \Hit10: 14.5904	MRR10: 7.2482	Recall10: 14.5904	Precision10: 1.4590
2024-08-05 20:04:44 - INFO - Best Result:
2024-08-05 20:04:44 - INFO - 	Hit10: 15.1024	MRR10: 7.4015	Recall10: 15.1024	Precision10: 1.5102	Epoch: 11, 21, 11, 11
2024-08-05 20:04:44 - INFO - Current Result:
2024-08-05 20:04:44 - INFO - \Hit15: 18.1741	MRR15: 7.5309	Recall15: 18.1741	Precision15: 1.2116
2024-08-05 20:04:44 - INFO - Best Result:
2024-08-05 20:04:44 - INFO - 	Hit15: 18.2167	MRR15: 7.6312	Recall15: 18.2167	Precision15: 1.2144	Epoch: 11, 21, 11, 11
2024-08-05 20:04:44 - INFO - Current Result:
2024-08-05 20:04:44 - INFO - \Hit20: 20.9044	MRR20: 7.6831	Recall20: 20.9044	Precision20: 1.0452
2024-08-05 20:04:44 - INFO - Best Result:
2024-08-05 20:04:44 - INFO - 	Hit20: 21.3737	MRR20: 7.7872	Recall20: 21.3737	Precision20: 1.0687	Epoch: 13, 21, 13, 13
2024-08-05 20:04:44 - INFO - EPOCH:23
2024-08-05 20:04:44 - INFO - Time:2024/08/05 20:04:44
2024-08-05 20:05:23 - INFO - loss: 407.8632507324219; rec_loss: 407.8632507324219; intent_loss: 0.0003394843079149723 
2024-08-05 20:05:23 - INFO - Current Result:
2024-08-05 20:05:23 - INFO - \Hit5: 10.6655	MRR5: 6.7833	Recall5: 10.6655	Precision5: 2.1331
2024-08-05 20:05:23 - INFO - Best Result:
2024-08-05 20:05:23 - INFO - 	Hit5: 10.8362	MRR5: 6.8402	Recall5: 10.8362	Precision5: 2.1672	Epoch: 18, 21, 18, 18
2024-08-05 20:05:23 - INFO - Current Result:
2024-08-05 20:05:23 - INFO - \Hit10: 14.7611	MRR10: 7.3288	Recall10: 14.7611	Precision10: 1.4761
2024-08-05 20:05:23 - INFO - Best Result:
2024-08-05 20:05:23 - INFO - 	Hit10: 15.1024	MRR10: 7.4015	Recall10: 15.1024	Precision10: 1.5102	Epoch: 11, 21, 11, 11
2024-08-05 20:05:23 - INFO - Current Result:
2024-08-05 20:05:23 - INFO - \Hit15: 17.7901	MRR15: 7.5711	Recall15: 17.7901	Precision15: 1.1860
2024-08-05 20:05:23 - INFO - Best Result:
2024-08-05 20:05:23 - INFO - 	Hit15: 18.2167	MRR15: 7.6312	Recall15: 18.2167	Precision15: 1.2144	Epoch: 11, 21, 11, 11
2024-08-05 20:05:23 - INFO - Current Result:
2024-08-05 20:05:23 - INFO - \Hit20: 20.4352	MRR20: 7.7205	Recall20: 20.4352	Precision20: 1.0218
2024-08-05 20:05:23 - INFO - Best Result:
2024-08-05 20:05:23 - INFO - 	Hit20: 21.3737	MRR20: 7.7872	Recall20: 21.3737	Precision20: 1.0687	Epoch: 13, 21, 13, 13
2024-08-05 20:05:23 - INFO - EPOCH:24
2024-08-05 20:05:23 - INFO - Time:2024/08/05 20:05:23
2024-08-05 20:06:00 - INFO - loss: 407.877197265625; rec_loss: 407.877197265625; intent_loss: 0.0003394888190086931 
2024-08-05 20:06:00 - INFO - Current Result:
2024-08-05 20:06:00 - INFO - \Hit5: 10.8788	MRR5: 6.7868	Recall5: 10.8788	Precision5: 2.1758
2024-08-05 20:06:00 - INFO - Best Result:
2024-08-05 20:06:00 - INFO - 	Hit5: 10.8788	MRR5: 6.8402	Recall5: 10.8788	Precision5: 2.1758	Epoch: 24, 21, 24, 24
2024-08-05 20:06:00 - INFO - Current Result:
2024-08-05 20:06:00 - INFO - \Hit10: 14.5904	MRR10: 7.2751	Recall10: 14.5904	Precision10: 1.4590
2024-08-05 20:06:00 - INFO - Best Result:
2024-08-05 20:06:00 - INFO - 	Hit10: 15.1024	MRR10: 7.4015	Recall10: 15.1024	Precision10: 1.5102	Epoch: 11, 21, 11, 11
2024-08-05 20:06:00 - INFO - Current Result:
2024-08-05 20:06:00 - INFO - \Hit15: 17.7048	MRR15: 7.5216	Recall15: 17.7048	Precision15: 1.1803
2024-08-05 20:06:00 - INFO - Best Result:
2024-08-05 20:06:00 - INFO - 	Hit15: 18.2167	MRR15: 7.6312	Recall15: 18.2167	Precision15: 1.2144	Epoch: 11, 21, 11, 11
2024-08-05 20:06:00 - INFO - Current Result:
2024-08-05 20:06:00 - INFO - \Hit20: 20.6911	MRR20: 7.6899	Recall20: 20.6911	Precision20: 1.0346
2024-08-05 20:06:00 - INFO - Best Result:
2024-08-05 20:06:00 - INFO - 	Hit20: 21.3737	MRR20: 7.7872	Recall20: 21.3737	Precision20: 1.0687	Epoch: 13, 21, 13, 13
2024-08-05 20:06:00 - INFO - EPOCH:25
2024-08-05 20:06:00 - INFO - Time:2024/08/05 20:06:00
2024-08-05 20:06:36 - INFO - loss: 407.2974853515625; rec_loss: 407.2974853515625; intent_loss: 0.0003394921077415347 
2024-08-05 20:06:36 - INFO - Current Result:
2024-08-05 20:06:36 - INFO - \Hit5: 10.7082	MRR5: 6.7698	Recall5: 10.7082	Precision5: 2.1416
2024-08-05 20:06:36 - INFO - Best Result:
2024-08-05 20:06:36 - INFO - 	Hit5: 10.8788	MRR5: 6.8402	Recall5: 10.8788	Precision5: 2.1758	Epoch: 24, 21, 24, 24
2024-08-05 20:06:36 - INFO - Current Result:
2024-08-05 20:06:36 - INFO - \Hit10: 14.7611	MRR10: 7.3051	Recall10: 14.7611	Precision10: 1.4761
2024-08-05 20:06:36 - INFO - Best Result:
2024-08-05 20:06:36 - INFO - 	Hit10: 15.1024	MRR10: 7.4015	Recall10: 15.1024	Precision10: 1.5102	Epoch: 11, 21, 11, 11
2024-08-05 20:06:36 - INFO - Current Result:
2024-08-05 20:06:36 - INFO - \Hit15: 18.1314	MRR15: 7.5682	Recall15: 18.1314	Precision15: 1.2088
2024-08-05 20:06:36 - INFO - Best Result:
2024-08-05 20:06:36 - INFO - 	Hit15: 18.2167	MRR15: 7.6312	Recall15: 18.2167	Precision15: 1.2144	Epoch: 11, 21, 11, 11
2024-08-05 20:06:36 - INFO - Current Result:
2024-08-05 20:06:36 - INFO - \Hit20: 20.5631	MRR20: 7.7037	Recall20: 20.5631	Precision20: 1.0282
2024-08-05 20:06:36 - INFO - Best Result:
2024-08-05 20:06:36 - INFO - 	Hit20: 21.3737	MRR20: 7.7872	Recall20: 21.3737	Precision20: 1.0687	Epoch: 13, 21, 13, 13
2024-08-05 20:06:36 - INFO - EPOCH:26
2024-08-05 20:06:36 - INFO - Time:2024/08/05 20:06:36
2024-08-05 20:07:06 - INFO - loss: 408.370849609375; rec_loss: 408.370849609375; intent_loss: 0.0003394929226487875 
2024-08-05 20:07:06 - INFO - Current Result:
2024-08-05 20:07:06 - INFO - \Hit5: 10.6655	MRR5: 6.8124	Recall5: 10.6655	Precision5: 2.1331
2024-08-05 20:07:06 - INFO - Best Result:
2024-08-05 20:07:06 - INFO - 	Hit5: 10.8788	MRR5: 6.8402	Recall5: 10.8788	Precision5: 2.1758	Epoch: 24, 21, 24, 24
2024-08-05 20:07:06 - INFO - Current Result:
2024-08-05 20:07:06 - INFO - \Hit10: 14.8038	MRR10: 7.3554	Recall10: 14.8038	Precision10: 1.4804
2024-08-05 20:07:06 - INFO - Best Result:
2024-08-05 20:07:06 - INFO - 	Hit10: 15.1024	MRR10: 7.4015	Recall10: 15.1024	Precision10: 1.5102	Epoch: 11, 21, 11, 11
2024-08-05 20:07:06 - INFO - Current Result:
2024-08-05 20:07:06 - INFO - \Hit15: 17.9181	MRR15: 7.6001	Recall15: 17.9181	Precision15: 1.1945
2024-08-05 20:07:06 - INFO - Best Result:
2024-08-05 20:07:06 - INFO - 	Hit15: 18.2167	MRR15: 7.6312	Recall15: 18.2167	Precision15: 1.2144	Epoch: 11, 21, 11, 11
2024-08-05 20:07:06 - INFO - Current Result:
2024-08-05 20:07:06 - INFO - \Hit20: 20.4778	MRR20: 7.7433	Recall20: 20.4778	Precision20: 1.0239
2024-08-05 20:07:06 - INFO - Best Result:
2024-08-05 20:07:06 - INFO - 	Hit20: 21.3737	MRR20: 7.7872	Recall20: 21.3737	Precision20: 1.0687	Epoch: 13, 21, 13, 13
2024-08-05 20:07:06 - INFO - EPOCH:27
2024-08-05 20:07:06 - INFO - Time:2024/08/05 20:07:06
2024-08-05 20:07:36 - INFO - loss: 406.7437438964844; rec_loss: 406.7437438964844; intent_loss: 0.0003394937957637012 
2024-08-05 20:07:36 - INFO - Current Result:
2024-08-05 20:07:36 - INFO - \Hit5: 10.7082	MRR5: 6.8266	Recall5: 10.7082	Precision5: 2.1416
2024-08-05 20:07:36 - INFO - Best Result:
2024-08-05 20:07:36 - INFO - 	Hit5: 10.8788	MRR5: 6.8402	Recall5: 10.8788	Precision5: 2.1758	Epoch: 24, 21, 24, 24
2024-08-05 20:07:36 - INFO - Current Result:
2024-08-05 20:07:36 - INFO - \Hit10: 14.9744	MRR10: 7.3851	Recall10: 14.9744	Precision10: 1.4974
2024-08-05 20:07:36 - INFO - Best Result:
2024-08-05 20:07:36 - INFO - 	Hit10: 15.1024	MRR10: 7.4015	Recall10: 15.1024	Precision10: 1.5102	Epoch: 11, 21, 11, 11
2024-08-05 20:07:36 - INFO - Current Result:
2024-08-05 20:07:36 - INFO - \Hit15: 18.0887	MRR15: 7.6261	Recall15: 18.0887	Precision15: 1.2059
2024-08-05 20:07:36 - INFO - Best Result:
2024-08-05 20:07:36 - INFO - 	Hit15: 18.2167	MRR15: 7.6312	Recall15: 18.2167	Precision15: 1.2144	Epoch: 11, 21, 11, 11
2024-08-05 20:07:36 - INFO - Current Result:
2024-08-05 20:07:36 - INFO - \Hit20: 20.4778	MRR20: 7.7596	Recall20: 20.4778	Precision20: 1.0239
2024-08-05 20:07:36 - INFO - Best Result:
2024-08-05 20:07:36 - INFO - 	Hit20: 21.3737	MRR20: 7.7872	Recall20: 21.3737	Precision20: 1.0687	Epoch: 13, 21, 13, 13
2024-08-05 20:07:36 - INFO - EPOCH:28
2024-08-05 20:07:36 - INFO - Time:2024/08/05 20:07:36
2024-08-05 20:08:06 - INFO - loss: 408.4473571777344; rec_loss: 408.4473571777344; intent_loss: 0.00033949484350159764 
2024-08-05 20:08:06 - INFO - Current Result:
2024-08-05 20:08:06 - INFO - \Hit5: 10.7082	MRR5: 6.8167	Recall5: 10.7082	Precision5: 2.1416
2024-08-05 20:08:06 - INFO - Best Result:
2024-08-05 20:08:06 - INFO - 	Hit5: 10.8788	MRR5: 6.8402	Recall5: 10.8788	Precision5: 2.1758	Epoch: 24, 21, 24, 24
2024-08-05 20:08:06 - INFO - Current Result:
2024-08-05 20:08:06 - INFO - \Hit10: 14.8038	MRR10: 7.3587	Recall10: 14.8038	Precision10: 1.4804
2024-08-05 20:08:06 - INFO - Best Result:
2024-08-05 20:08:06 - INFO - 	Hit10: 15.1024	MRR10: 7.4015	Recall10: 15.1024	Precision10: 1.5102	Epoch: 11, 21, 11, 11
2024-08-05 20:08:06 - INFO - Current Result:
2024-08-05 20:08:06 - INFO - \Hit15: 18.0034	MRR15: 7.6105	Recall15: 18.0034	Precision15: 1.2002
2024-08-05 20:08:06 - INFO - Best Result:
2024-08-05 20:08:06 - INFO - 	Hit15: 18.2167	MRR15: 7.6312	Recall15: 18.2167	Precision15: 1.2144	Epoch: 11, 21, 11, 11
2024-08-05 20:08:06 - INFO - Current Result:
2024-08-05 20:08:06 - INFO - \Hit20: 20.3925	MRR20: 7.7451	Recall20: 20.3925	Precision20: 1.0196
2024-08-05 20:08:06 - INFO - Best Result:
2024-08-05 20:08:06 - INFO - 	Hit20: 21.3737	MRR20: 7.7872	Recall20: 21.3737	Precision20: 1.0687	Epoch: 13, 21, 13, 13
2024-08-05 20:08:06 - INFO - EPOCH:29
2024-08-05 20:08:06 - INFO - Time:2024/08/05 20:08:06
2024-08-05 20:08:40 - INFO - loss: 405.7762451171875; rec_loss: 405.7762451171875; intent_loss: 0.00033949571661651134 
2024-08-05 20:08:40 - INFO - Current Result:
2024-08-05 20:08:40 - INFO - \Hit5: 10.7082	MRR5: 6.7911	Recall5: 10.7082	Precision5: 2.1416
2024-08-05 20:08:40 - INFO - Best Result:
2024-08-05 20:08:40 - INFO - 	Hit5: 10.8788	MRR5: 6.8402	Recall5: 10.8788	Precision5: 2.1758	Epoch: 24, 21, 24, 24
2024-08-05 20:08:40 - INFO - Current Result:
2024-08-05 20:08:40 - INFO - \Hit10: 14.8038	MRR10: 7.3349	Recall10: 14.8038	Precision10: 1.4804
2024-08-05 20:08:40 - INFO - Best Result:
2024-08-05 20:08:40 - INFO - 	Hit10: 15.1024	MRR10: 7.4015	Recall10: 15.1024	Precision10: 1.5102	Epoch: 11, 21, 11, 11
2024-08-05 20:08:40 - INFO - Current Result:
2024-08-05 20:08:40 - INFO - \Hit15: 18.0461	MRR15: 7.5881	Recall15: 18.0461	Precision15: 1.2031
2024-08-05 20:08:40 - INFO - Best Result:
2024-08-05 20:08:40 - INFO - 	Hit15: 18.2167	MRR15: 7.6312	Recall15: 18.2167	Precision15: 1.2144	Epoch: 11, 21, 11, 11
2024-08-05 20:08:40 - INFO - Current Result:
2024-08-05 20:08:40 - INFO - \Hit20: 20.5205	MRR20: 7.7258	Recall20: 20.5205	Precision20: 1.0260
2024-08-05 20:08:40 - INFO - Best Result:
2024-08-05 20:08:40 - INFO - 	Hit20: 21.3737	MRR20: 7.7872	Recall20: 21.3737	Precision20: 1.0687	Epoch: 13, 21, 13, 13
2024-08-05 20:08:40 - INFO - EPOCH:30
2024-08-05 20:08:40 - INFO - Time:2024/08/05 20:08:40
2024-08-05 20:09:16 - INFO - loss: 406.15228271484375; rec_loss: 406.15228271484375; intent_loss: 0.0003394964733161032 
2024-08-05 20:09:16 - INFO - Current Result:
2024-08-05 20:09:16 - INFO - \Hit5: 10.6655	MRR5: 6.8039	Recall5: 10.6655	Precision5: 2.1331
2024-08-05 20:09:16 - INFO - Best Result:
2024-08-05 20:09:16 - INFO - 	Hit5: 10.8788	MRR5: 6.8402	Recall5: 10.8788	Precision5: 2.1758	Epoch: 24, 21, 24, 24
2024-08-05 20:09:16 - INFO - Current Result:
2024-08-05 20:09:16 - INFO - \Hit10: 14.8891	MRR10: 7.3608	Recall10: 14.8891	Precision10: 1.4889
2024-08-05 20:09:16 - INFO - Best Result:
2024-08-05 20:09:16 - INFO - 	Hit10: 15.1024	MRR10: 7.4015	Recall10: 15.1024	Precision10: 1.5102	Epoch: 11, 21, 11, 11
2024-08-05 20:09:16 - INFO - Current Result:
2024-08-05 20:09:16 - INFO - \Hit15: 18.0461	MRR15: 7.6061	Recall15: 18.0461	Precision15: 1.2031
2024-08-05 20:09:16 - INFO - Best Result:
2024-08-05 20:09:16 - INFO - 	Hit15: 18.2167	MRR15: 7.6312	Recall15: 18.2167	Precision15: 1.2144	Epoch: 11, 21, 11, 11
2024-08-05 20:09:16 - INFO - Current Result:
2024-08-05 20:09:16 - INFO - \Hit20: 20.4778	MRR20: 7.7417	Recall20: 20.4778	Precision20: 1.0239
2024-08-05 20:09:16 - INFO - Best Result:
2024-08-05 20:09:16 - INFO - 	Hit20: 21.3737	MRR20: 7.7872	Recall20: 21.3737	Precision20: 1.0687	Epoch: 13, 21, 13, 13
2024-08-05 20:09:16 - INFO - EPOCH:31
2024-08-05 20:09:16 - INFO - Time:2024/08/05 20:09:16
2024-08-05 20:09:55 - INFO - loss: 405.5079650878906; rec_loss: 405.5079650878906; intent_loss: 0.0003394965606275946 
2024-08-05 20:09:55 - INFO - Current Result:
2024-08-05 20:09:55 - INFO - \Hit5: 10.7082	MRR5: 6.8053	Recall5: 10.7082	Precision5: 2.1416
2024-08-05 20:09:55 - INFO - Best Result:
2024-08-05 20:09:55 - INFO - 	Hit5: 10.8788	MRR5: 6.8402	Recall5: 10.8788	Precision5: 2.1758	Epoch: 24, 21, 24, 24
2024-08-05 20:09:55 - INFO - Current Result:
2024-08-05 20:09:55 - INFO - \Hit10: 14.8464	MRR10: 7.3515	Recall10: 14.8464	Precision10: 1.4846
2024-08-05 20:09:55 - INFO - Best Result:
2024-08-05 20:09:55 - INFO - 	Hit10: 15.1024	MRR10: 7.4015	Recall10: 15.1024	Precision10: 1.5102	Epoch: 11, 21, 11, 11
2024-08-05 20:09:55 - INFO - Current Result:
2024-08-05 20:09:55 - INFO - \Hit15: 18.0887	MRR15: 7.6040	Recall15: 18.0887	Precision15: 1.2059
2024-08-05 20:09:55 - INFO - Best Result:
2024-08-05 20:09:55 - INFO - 	Hit15: 18.2167	MRR15: 7.6312	Recall15: 18.2167	Precision15: 1.2144	Epoch: 11, 21, 11, 11
2024-08-05 20:09:55 - INFO - Current Result:
2024-08-05 20:09:55 - INFO - \Hit20: 20.4352	MRR20: 7.7346	Recall20: 20.4352	Precision20: 1.0218
2024-08-05 20:09:55 - INFO - Best Result:
2024-08-05 20:09:55 - INFO - 	Hit20: 21.3737	MRR20: 7.7872	Recall20: 21.3737	Precision20: 1.0687	Epoch: 13, 21, 13, 13
2024-08-05 20:09:55 - INFO - EPOCH:32
2024-08-05 20:09:55 - INFO - Time:2024/08/05 20:09:55
2024-08-05 20:10:34 - INFO - loss: 405.078369140625; rec_loss: 405.078369140625; intent_loss: 0.0003394968807697296 
2024-08-05 20:10:34 - INFO - Current Result:
2024-08-05 20:10:34 - INFO - \Hit5: 10.7082	MRR5: 6.8266	Recall5: 10.7082	Precision5: 2.1416
2024-08-05 20:10:34 - INFO - Best Result:
2024-08-05 20:10:34 - INFO - 	Hit5: 10.8788	MRR5: 6.8402	Recall5: 10.8788	Precision5: 2.1758	Epoch: 24, 21, 24, 24
2024-08-05 20:10:34 - INFO - Current Result:
2024-08-05 20:10:34 - INFO - \Hit10: 14.9744	MRR10: 7.3875	Recall10: 14.9744	Precision10: 1.4974
2024-08-05 20:10:34 - INFO - Best Result:
2024-08-05 20:10:34 - INFO - 	Hit10: 15.1024	MRR10: 7.4015	Recall10: 15.1024	Precision10: 1.5102	Epoch: 11, 21, 11, 11
2024-08-05 20:10:34 - INFO - Current Result:
2024-08-05 20:10:34 - INFO - \Hit15: 18.0034	MRR15: 7.6233	Recall15: 18.0034	Precision15: 1.2002
2024-08-05 20:10:34 - INFO - Best Result:
2024-08-05 20:10:34 - INFO - 	Hit15: 18.2167	MRR15: 7.6312	Recall15: 18.2167	Precision15: 1.2144	Epoch: 11, 21, 11, 11
2024-08-05 20:10:34 - INFO - Current Result:
2024-08-05 20:10:34 - INFO - \Hit20: 20.4778	MRR20: 7.7619	Recall20: 20.4778	Precision20: 1.0239
2024-08-05 20:10:34 - INFO - Best Result:
2024-08-05 20:10:34 - INFO - 	Hit20: 21.3737	MRR20: 7.7872	Recall20: 21.3737	Precision20: 1.0687	Epoch: 13, 21, 13, 13
2024-08-05 20:10:34 - INFO - EPOCH:33
2024-08-05 20:10:34 - INFO - Time:2024/08/05 20:10:34
2024-08-05 20:11:11 - INFO - loss: 407.66278076171875; rec_loss: 407.66278076171875; intent_loss: 0.0003394970262888819 
2024-08-05 20:11:11 - INFO - Current Result:
2024-08-05 20:11:11 - INFO - \Hit5: 10.6655	MRR5: 6.7968	Recall5: 10.6655	Precision5: 2.1331
2024-08-05 20:11:11 - INFO - Best Result:
2024-08-05 20:11:11 - INFO - 	Hit5: 10.8788	MRR5: 6.8402	Recall5: 10.8788	Precision5: 2.1758	Epoch: 24, 21, 24, 24
2024-08-05 20:11:11 - INFO - Current Result:
2024-08-05 20:11:11 - INFO - \Hit10: 14.9317	MRR10: 7.3600	Recall10: 14.9317	Precision10: 1.4932
2024-08-05 20:11:11 - INFO - Best Result:
2024-08-05 20:11:11 - INFO - 	Hit10: 15.1024	MRR10: 7.4015	Recall10: 15.1024	Precision10: 1.5102	Epoch: 11, 21, 11, 11
2024-08-05 20:11:11 - INFO - Current Result:
2024-08-05 20:11:11 - INFO - \Hit15: 18.0461	MRR15: 7.6025	Recall15: 18.0461	Precision15: 1.2031
2024-08-05 20:11:11 - INFO - Best Result:
2024-08-05 20:11:11 - INFO - 	Hit15: 18.2167	MRR15: 7.6312	Recall15: 18.2167	Precision15: 1.2144	Epoch: 11, 21, 11, 11
2024-08-05 20:11:11 - INFO - Current Result:
2024-08-05 20:11:11 - INFO - \Hit20: 20.4778	MRR20: 7.7384	Recall20: 20.4778	Precision20: 1.0239
2024-08-05 20:11:11 - INFO - Best Result:
2024-08-05 20:11:11 - INFO - 	Hit20: 21.3737	MRR20: 7.7872	Recall20: 21.3737	Precision20: 1.0687	Epoch: 13, 21, 13, 13
2024-08-05 20:11:11 - INFO - EPOCH:34
2024-08-05 20:11:11 - INFO - Time:2024/08/05 20:11:11
2024-08-05 20:11:51 - INFO - loss: 406.3866271972656; rec_loss: 406.3866271972656; intent_loss: 0.0003394972300156951 
2024-08-05 20:11:51 - INFO - Current Result:
2024-08-05 20:11:51 - INFO - \Hit5: 10.7082	MRR5: 6.8032	Recall5: 10.7082	Precision5: 2.1416
2024-08-05 20:11:51 - INFO - Best Result:
2024-08-05 20:11:51 - INFO - 	Hit5: 10.8788	MRR5: 6.8402	Recall5: 10.8788	Precision5: 2.1758	Epoch: 24, 21, 24, 24
2024-08-05 20:11:51 - INFO - Current Result:
2024-08-05 20:11:51 - INFO - \Hit10: 15.0171	MRR10: 7.3684	Recall10: 15.0171	Precision10: 1.5017
2024-08-05 20:11:51 - INFO - Best Result:
2024-08-05 20:11:51 - INFO - 	Hit10: 15.1024	MRR10: 7.4015	Recall10: 15.1024	Precision10: 1.5102	Epoch: 11, 21, 11, 11
2024-08-05 20:11:51 - INFO - Current Result:
2024-08-05 20:11:51 - INFO - \Hit15: 18.0034	MRR15: 7.5998	Recall15: 18.0034	Precision15: 1.2002
2024-08-05 20:11:51 - INFO - Best Result:
2024-08-05 20:11:51 - INFO - 	Hit15: 18.2167	MRR15: 7.6312	Recall15: 18.2167	Precision15: 1.2144	Epoch: 11, 21, 11, 11
2024-08-05 20:11:51 - INFO - Current Result:
2024-08-05 20:11:51 - INFO - \Hit20: 20.4778	MRR20: 7.7384	Recall20: 20.4778	Precision20: 1.0239
2024-08-05 20:11:51 - INFO - Best Result:
2024-08-05 20:11:51 - INFO - 	Hit20: 21.3737	MRR20: 7.7872	Recall20: 21.3737	Precision20: 1.0687	Epoch: 13, 21, 13, 13
2024-08-05 20:11:51 - INFO - EPOCH:35
2024-08-05 20:11:51 - INFO - Time:2024/08/05 20:11:51
2024-08-05 20:12:32 - INFO - loss: 408.36480712890625; rec_loss: 408.36480712890625; intent_loss: 0.0003394974337425083 
2024-08-05 20:12:32 - INFO - Current Result:
2024-08-05 20:12:32 - INFO - \Hit5: 10.7082	MRR5: 6.8053	Recall5: 10.7082	Precision5: 2.1416
2024-08-05 20:12:32 - INFO - Best Result:
2024-08-05 20:12:32 - INFO - 	Hit5: 10.8788	MRR5: 6.8402	Recall5: 10.8788	Precision5: 2.1758	Epoch: 24, 21, 24, 24
2024-08-05 20:12:32 - INFO - Current Result:
2024-08-05 20:12:32 - INFO - \Hit10: 15.0171	MRR10: 7.3705	Recall10: 15.0171	Precision10: 1.5017
2024-08-05 20:12:32 - INFO - Best Result:
2024-08-05 20:12:32 - INFO - 	Hit10: 15.1024	MRR10: 7.4015	Recall10: 15.1024	Precision10: 1.5102	Epoch: 11, 21, 11, 11
2024-08-05 20:12:32 - INFO - Current Result:
2024-08-05 20:12:32 - INFO - \Hit15: 18.0034	MRR15: 7.6019	Recall15: 18.0034	Precision15: 1.2002
2024-08-05 20:12:32 - INFO - Best Result:
2024-08-05 20:12:32 - INFO - 	Hit15: 18.2167	MRR15: 7.6312	Recall15: 18.2167	Precision15: 1.2144	Epoch: 11, 21, 11, 11
2024-08-05 20:12:32 - INFO - Current Result:
2024-08-05 20:12:32 - INFO - \Hit20: 20.4778	MRR20: 7.7406	Recall20: 20.4778	Precision20: 1.0239
2024-08-05 20:12:32 - INFO - Best Result:
2024-08-05 20:12:32 - INFO - 	Hit20: 21.3737	MRR20: 7.7872	Recall20: 21.3737	Precision20: 1.0687	Epoch: 13, 21, 13, 13
2024-08-05 20:12:32 - INFO - EPOCH:36
2024-08-05 20:12:32 - INFO - Time:2024/08/05 20:12:32
2024-08-05 20:13:13 - INFO - loss: 405.59002685546875; rec_loss: 405.59002685546875; intent_loss: 0.00033949746284633875 
2024-08-05 20:13:13 - INFO - Current Result:
2024-08-05 20:13:13 - INFO - \Hit5: 10.7509	MRR5: 6.8139	Recall5: 10.7509	Precision5: 2.1502
2024-08-05 20:13:13 - INFO - Best Result:
2024-08-05 20:13:13 - INFO - 	Hit5: 10.8788	MRR5: 6.8402	Recall5: 10.8788	Precision5: 2.1758	Epoch: 24, 21, 24, 24
2024-08-05 20:13:13 - INFO - Current Result:
2024-08-05 20:13:13 - INFO - \Hit10: 14.9744	MRR10: 7.3653	Recall10: 14.9744	Precision10: 1.4974
2024-08-05 20:13:13 - INFO - Best Result:
2024-08-05 20:13:13 - INFO - 	Hit10: 15.1024	MRR10: 7.4015	Recall10: 15.1024	Precision10: 1.5102	Epoch: 11, 21, 11, 11
2024-08-05 20:13:13 - INFO - Current Result:
2024-08-05 20:13:13 - INFO - \Hit15: 18.0034	MRR15: 7.6002	Recall15: 18.0034	Precision15: 1.2002
2024-08-05 20:13:13 - INFO - Best Result:
2024-08-05 20:13:13 - INFO - 	Hit15: 18.2167	MRR15: 7.6312	Recall15: 18.2167	Precision15: 1.2144	Epoch: 11, 21, 11, 11
2024-08-05 20:13:13 - INFO - Current Result:
2024-08-05 20:13:13 - INFO - \Hit20: 20.4778	MRR20: 7.7388	Recall20: 20.4778	Precision20: 1.0239
2024-08-05 20:13:13 - INFO - Best Result:
2024-08-05 20:13:13 - INFO - 	Hit20: 21.3737	MRR20: 7.7872	Recall20: 21.3737	Precision20: 1.0687	Epoch: 13, 21, 13, 13
2024-08-05 20:13:13 - INFO - EPOCH:37
2024-08-05 20:13:13 - INFO - Time:2024/08/05 20:13:13
2024-08-05 20:13:53 - INFO - loss: 407.47247314453125; rec_loss: 407.47247314453125; intent_loss: 0.0003394974919501692 
2024-08-05 20:13:53 - INFO - Current Result:
2024-08-05 20:13:53 - INFO - \Hit5: 10.7082	MRR5: 6.8053	Recall5: 10.7082	Precision5: 2.1416
2024-08-05 20:13:53 - INFO - Best Result:
2024-08-05 20:13:53 - INFO - 	Hit5: 10.8788	MRR5: 6.8402	Recall5: 10.8788	Precision5: 2.1758	Epoch: 24, 21, 24, 24
2024-08-05 20:13:53 - INFO - Current Result:
2024-08-05 20:13:53 - INFO - \Hit10: 15.0171	MRR10: 7.3705	Recall10: 15.0171	Precision10: 1.5017
2024-08-05 20:13:53 - INFO - Best Result:
2024-08-05 20:13:53 - INFO - 	Hit10: 15.1024	MRR10: 7.4015	Recall10: 15.1024	Precision10: 1.5102	Epoch: 11, 21, 11, 11
2024-08-05 20:13:53 - INFO - Current Result:
2024-08-05 20:13:53 - INFO - \Hit15: 18.0034	MRR15: 7.6015	Recall15: 18.0034	Precision15: 1.2002
2024-08-05 20:13:53 - INFO - Best Result:
2024-08-05 20:13:53 - INFO - 	Hit15: 18.2167	MRR15: 7.6312	Recall15: 18.2167	Precision15: 1.2144	Epoch: 11, 21, 11, 11
2024-08-05 20:13:53 - INFO - Current Result:
2024-08-05 20:13:53 - INFO - \Hit20: 20.4352	MRR20: 7.7382	Recall20: 20.4352	Precision20: 1.0218
2024-08-05 20:13:53 - INFO - Best Result:
2024-08-05 20:13:53 - INFO - 	Hit20: 21.3737	MRR20: 7.7872	Recall20: 21.3737	Precision20: 1.0687	Epoch: 13, 21, 13, 13
2024-08-05 20:13:53 - INFO - EPOCH:38
2024-08-05 20:13:53 - INFO - Time:2024/08/05 20:13:53
2024-08-05 20:14:30 - INFO - loss: 407.18658447265625; rec_loss: 407.18658447265625; intent_loss: 0.0003394975792616606 
2024-08-05 20:14:30 - INFO - Current Result:
2024-08-05 20:14:30 - INFO - \Hit5: 10.6655	MRR5: 6.7968	Recall5: 10.6655	Precision5: 2.1331
2024-08-05 20:14:30 - INFO - Best Result:
2024-08-05 20:14:30 - INFO - 	Hit5: 10.8788	MRR5: 6.8402	Recall5: 10.8788	Precision5: 2.1758	Epoch: 24, 21, 24, 24
2024-08-05 20:14:30 - INFO - Current Result:
2024-08-05 20:14:30 - INFO - \Hit10: 15.0171	MRR10: 7.3691	Recall10: 15.0171	Precision10: 1.5017
2024-08-05 20:14:30 - INFO - Best Result:
2024-08-05 20:14:30 - INFO - 	Hit10: 15.1024	MRR10: 7.4015	Recall10: 15.1024	Precision10: 1.5102	Epoch: 11, 21, 11, 11
2024-08-05 20:14:30 - INFO - Current Result:
2024-08-05 20:14:30 - INFO - \Hit15: 18.0034	MRR15: 7.6003	Recall15: 18.0034	Precision15: 1.2002
2024-08-05 20:14:30 - INFO - Best Result:
2024-08-05 20:14:30 - INFO - 	Hit15: 18.2167	MRR15: 7.6312	Recall15: 18.2167	Precision15: 1.2144	Epoch: 11, 21, 11, 11
2024-08-05 20:14:30 - INFO - Current Result:
2024-08-05 20:14:30 - INFO - \Hit20: 20.4352	MRR20: 7.7368	Recall20: 20.4352	Precision20: 1.0218
2024-08-05 20:14:30 - INFO - Best Result:
2024-08-05 20:14:30 - INFO - 	Hit20: 21.3737	MRR20: 7.7872	Recall20: 21.3737	Precision20: 1.0687	Epoch: 13, 21, 13, 13
2024-08-05 20:14:30 - INFO - EPOCH:39
2024-08-05 20:14:30 - INFO - Time:2024/08/05 20:14:30
2024-08-05 20:14:55 - INFO - loss: 405.076171875; rec_loss: 405.076171875; intent_loss: 0.0003394975792616606 
2024-08-05 20:14:55 - INFO - Current Result:
2024-08-05 20:14:55 - INFO - \Hit5: 10.7082	MRR5: 6.8053	Recall5: 10.7082	Precision5: 2.1416
2024-08-05 20:14:55 - INFO - Best Result:
2024-08-05 20:14:55 - INFO - 	Hit5: 10.8788	MRR5: 6.8402	Recall5: 10.8788	Precision5: 2.1758	Epoch: 24, 21, 24, 24
2024-08-05 20:14:55 - INFO - Current Result:
2024-08-05 20:14:55 - INFO - \Hit10: 15.0171	MRR10: 7.3705	Recall10: 15.0171	Precision10: 1.5017
2024-08-05 20:14:55 - INFO - Best Result:
2024-08-05 20:14:55 - INFO - 	Hit10: 15.1024	MRR10: 7.4015	Recall10: 15.1024	Precision10: 1.5102	Epoch: 11, 21, 11, 11
2024-08-05 20:14:55 - INFO - Current Result:
2024-08-05 20:14:55 - INFO - \Hit15: 18.0034	MRR15: 7.6020	Recall15: 18.0034	Precision15: 1.2002
2024-08-05 20:14:55 - INFO - Best Result:
2024-08-05 20:14:55 - INFO - 	Hit15: 18.2167	MRR15: 7.6312	Recall15: 18.2167	Precision15: 1.2144	Epoch: 11, 21, 11, 11
2024-08-05 20:14:55 - INFO - Current Result:
2024-08-05 20:14:55 - INFO - \Hit20: 20.4352	MRR20: 7.7384	Recall20: 20.4352	Precision20: 1.0218
2024-08-05 20:14:55 - INFO - Best Result:
2024-08-05 20:14:55 - INFO - 	Hit20: 21.3737	MRR20: 7.7872	Recall20: 21.3737	Precision20: 1.0687	Epoch: 13, 21, 13, 13
2024-08-05 20:14:55 - INFO - EPOCH:40
2024-08-05 20:14:55 - INFO - Time:2024/08/05 20:14:55
2024-08-05 20:15:19 - INFO - loss: 407.75408935546875; rec_loss: 407.75408935546875; intent_loss: 0.0003394975792616606 
2024-08-05 20:15:19 - INFO - Current Result:
2024-08-05 20:15:19 - INFO - \Hit5: 10.7082	MRR5: 6.8053	Recall5: 10.7082	Precision5: 2.1416
2024-08-05 20:15:19 - INFO - Best Result:
2024-08-05 20:15:19 - INFO - 	Hit5: 10.8788	MRR5: 6.8402	Recall5: 10.8788	Precision5: 2.1758	Epoch: 24, 21, 24, 24
2024-08-05 20:15:19 - INFO - Current Result:
2024-08-05 20:15:19 - INFO - \Hit10: 15.0171	MRR10: 7.3705	Recall10: 15.0171	Precision10: 1.5017
2024-08-05 20:15:19 - INFO - Best Result:
2024-08-05 20:15:19 - INFO - 	Hit10: 15.1024	MRR10: 7.4015	Recall10: 15.1024	Precision10: 1.5102	Epoch: 11, 21, 11, 11
2024-08-05 20:15:19 - INFO - Current Result:
2024-08-05 20:15:19 - INFO - \Hit15: 18.0034	MRR15: 7.6017	Recall15: 18.0034	Precision15: 1.2002
2024-08-05 20:15:19 - INFO - Best Result:
2024-08-05 20:15:19 - INFO - 	Hit15: 18.2167	MRR15: 7.6312	Recall15: 18.2167	Precision15: 1.2144	Epoch: 11, 21, 11, 11
2024-08-05 20:15:19 - INFO - Current Result:
2024-08-05 20:15:19 - INFO - \Hit20: 20.4352	MRR20: 7.7381	Recall20: 20.4352	Precision20: 1.0218
2024-08-05 20:15:19 - INFO - Best Result:
2024-08-05 20:15:19 - INFO - 	Hit20: 21.3737	MRR20: 7.7872	Recall20: 21.3737	Precision20: 1.0687	Epoch: 13, 21, 13, 13
2024-08-05 20:15:19 - INFO - EPOCH:41
2024-08-05 20:15:19 - INFO - Time:2024/08/05 20:15:19
2024-08-05 20:15:43 - INFO - loss: 405.89532470703125; rec_loss: 405.89532470703125; intent_loss: 0.00033949760836549103 
2024-08-05 20:15:43 - INFO - Current Result:
2024-08-05 20:15:43 - INFO - \Hit5: 10.7082	MRR5: 6.8053	Recall5: 10.7082	Precision5: 2.1416
2024-08-05 20:15:43 - INFO - Best Result:
2024-08-05 20:15:43 - INFO - 	Hit5: 10.8788	MRR5: 6.8402	Recall5: 10.8788	Precision5: 2.1758	Epoch: 24, 21, 24, 24
2024-08-05 20:15:43 - INFO - Current Result:
2024-08-05 20:15:43 - INFO - \Hit10: 15.0171	MRR10: 7.3705	Recall10: 15.0171	Precision10: 1.5017
2024-08-05 20:15:43 - INFO - Best Result:
2024-08-05 20:15:43 - INFO - 	Hit10: 15.1024	MRR10: 7.4015	Recall10: 15.1024	Precision10: 1.5102	Epoch: 11, 21, 11, 11
2024-08-05 20:15:43 - INFO - Current Result:
2024-08-05 20:15:43 - INFO - \Hit15: 18.0034	MRR15: 7.6017	Recall15: 18.0034	Precision15: 1.2002
2024-08-05 20:15:43 - INFO - Best Result:
2024-08-05 20:15:43 - INFO - 	Hit15: 18.2167	MRR15: 7.6312	Recall15: 18.2167	Precision15: 1.2144	Epoch: 11, 21, 11, 11
2024-08-05 20:15:43 - INFO - Current Result:
2024-08-05 20:15:43 - INFO - \Hit20: 20.4352	MRR20: 7.7381	Recall20: 20.4352	Precision20: 1.0218
2024-08-05 20:15:43 - INFO - Best Result:
2024-08-05 20:15:43 - INFO - 	Hit20: 21.3737	MRR20: 7.7872	Recall20: 21.3737	Precision20: 1.0687	Epoch: 13, 21, 13, 13
2024-08-05 20:15:43 - INFO - EPOCH:42
2024-08-05 20:15:43 - INFO - Time:2024/08/05 20:15:43
2024-08-05 20:16:08 - INFO - loss: 408.13275146484375; rec_loss: 408.13275146484375; intent_loss: 0.00033949760836549103 
2024-08-05 20:16:08 - INFO - Current Result:
2024-08-05 20:16:08 - INFO - \Hit5: 10.7082	MRR5: 6.8053	Recall5: 10.7082	Precision5: 2.1416
2024-08-05 20:16:08 - INFO - Best Result:
2024-08-05 20:16:08 - INFO - 	Hit5: 10.8788	MRR5: 6.8402	Recall5: 10.8788	Precision5: 2.1758	Epoch: 24, 21, 24, 24
2024-08-05 20:16:08 - INFO - Current Result:
2024-08-05 20:16:08 - INFO - \Hit10: 15.0171	MRR10: 7.3705	Recall10: 15.0171	Precision10: 1.5017
2024-08-05 20:16:08 - INFO - Best Result:
2024-08-05 20:16:08 - INFO - 	Hit10: 15.1024	MRR10: 7.4015	Recall10: 15.1024	Precision10: 1.5102	Epoch: 11, 21, 11, 11
2024-08-05 20:16:08 - INFO - Current Result:
2024-08-05 20:16:08 - INFO - \Hit15: 18.0034	MRR15: 7.6017	Recall15: 18.0034	Precision15: 1.2002
2024-08-05 20:16:08 - INFO - Best Result:
2024-08-05 20:16:08 - INFO - 	Hit15: 18.2167	MRR15: 7.6312	Recall15: 18.2167	Precision15: 1.2144	Epoch: 11, 21, 11, 11
2024-08-05 20:16:08 - INFO - Current Result:
2024-08-05 20:16:08 - INFO - \Hit20: 20.4352	MRR20: 7.7381	Recall20: 20.4352	Precision20: 1.0218
2024-08-05 20:16:08 - INFO - Best Result:
2024-08-05 20:16:08 - INFO - 	Hit20: 21.3737	MRR20: 7.7872	Recall20: 21.3737	Precision20: 1.0687	Epoch: 13, 21, 13, 13
2024-08-05 20:16:08 - INFO - EPOCH:43
2024-08-05 20:16:08 - INFO - Time:2024/08/05 20:16:08
2024-08-05 20:16:33 - INFO - loss: 406.4115295410156; rec_loss: 406.4115295410156; intent_loss: 0.00033949760836549103 
2024-08-05 20:16:33 - INFO - Current Result:
2024-08-05 20:16:33 - INFO - \Hit5: 10.7082	MRR5: 6.8053	Recall5: 10.7082	Precision5: 2.1416
2024-08-05 20:16:33 - INFO - Best Result:
2024-08-05 20:16:33 - INFO - 	Hit5: 10.8788	MRR5: 6.8402	Recall5: 10.8788	Precision5: 2.1758	Epoch: 24, 21, 24, 24
2024-08-05 20:16:33 - INFO - Current Result:
2024-08-05 20:16:33 - INFO - \Hit10: 15.0171	MRR10: 7.3705	Recall10: 15.0171	Precision10: 1.5017
2024-08-05 20:16:33 - INFO - Best Result:
2024-08-05 20:16:33 - INFO - 	Hit10: 15.1024	MRR10: 7.4015	Recall10: 15.1024	Precision10: 1.5102	Epoch: 11, 21, 11, 11
2024-08-05 20:16:33 - INFO - Current Result:
2024-08-05 20:16:33 - INFO - \Hit15: 18.0034	MRR15: 7.6017	Recall15: 18.0034	Precision15: 1.2002
2024-08-05 20:16:33 - INFO - Best Result:
2024-08-05 20:16:33 - INFO - 	Hit15: 18.2167	MRR15: 7.6312	Recall15: 18.2167	Precision15: 1.2144	Epoch: 11, 21, 11, 11
2024-08-05 20:16:33 - INFO - Current Result:
2024-08-05 20:16:33 - INFO - \Hit20: 20.4352	MRR20: 7.7381	Recall20: 20.4352	Precision20: 1.0218
2024-08-05 20:16:33 - INFO - Best Result:
2024-08-05 20:16:33 - INFO - 	Hit20: 21.3737	MRR20: 7.7872	Recall20: 21.3737	Precision20: 1.0687	Epoch: 13, 21, 13, 13
2024-08-05 20:16:33 - INFO - EPOCH:44
2024-08-05 20:16:33 - INFO - Time:2024/08/05 20:16:33
2024-08-05 20:17:00 - INFO - loss: 407.3155822753906; rec_loss: 407.3155822753906; intent_loss: 0.00033949760836549103 
2024-08-05 20:17:00 - INFO - Current Result:
2024-08-05 20:17:00 - INFO - \Hit5: 10.7082	MRR5: 6.8053	Recall5: 10.7082	Precision5: 2.1416
2024-08-05 20:17:00 - INFO - Best Result:
2024-08-05 20:17:00 - INFO - 	Hit5: 10.8788	MRR5: 6.8402	Recall5: 10.8788	Precision5: 2.1758	Epoch: 24, 21, 24, 24
2024-08-05 20:17:00 - INFO - Current Result:
2024-08-05 20:17:00 - INFO - \Hit10: 15.0171	MRR10: 7.3705	Recall10: 15.0171	Precision10: 1.5017
2024-08-05 20:17:00 - INFO - Best Result:
2024-08-05 20:17:00 - INFO - 	Hit10: 15.1024	MRR10: 7.4015	Recall10: 15.1024	Precision10: 1.5102	Epoch: 11, 21, 11, 11
2024-08-05 20:17:00 - INFO - Current Result:
2024-08-05 20:17:00 - INFO - \Hit15: 18.0034	MRR15: 7.6017	Recall15: 18.0034	Precision15: 1.2002
2024-08-05 20:17:00 - INFO - Best Result:
2024-08-05 20:17:00 - INFO - 	Hit15: 18.2167	MRR15: 7.6312	Recall15: 18.2167	Precision15: 1.2144	Epoch: 11, 21, 11, 11
2024-08-05 20:17:00 - INFO - Current Result:
2024-08-05 20:17:00 - INFO - \Hit20: 20.4352	MRR20: 7.7381	Recall20: 20.4352	Precision20: 1.0218
2024-08-05 20:17:00 - INFO - Best Result:
2024-08-05 20:17:00 - INFO - 	Hit20: 21.3737	MRR20: 7.7872	Recall20: 21.3737	Precision20: 1.0687	Epoch: 13, 21, 13, 13
2024-08-05 20:17:00 - INFO - EPOCH:45
2024-08-05 20:17:00 - INFO - Time:2024/08/05 20:17:00
2024-08-05 20:17:30 - INFO - loss: 406.7725830078125; rec_loss: 406.7725830078125; intent_loss: 0.00033949760836549103 
2024-08-05 20:17:30 - INFO - Current Result:
2024-08-05 20:17:30 - INFO - \Hit5: 10.7082	MRR5: 6.8053	Recall5: 10.7082	Precision5: 2.1416
2024-08-05 20:17:30 - INFO - Best Result:
2024-08-05 20:17:30 - INFO - 	Hit5: 10.8788	MRR5: 6.8402	Recall5: 10.8788	Precision5: 2.1758	Epoch: 24, 21, 24, 24
2024-08-05 20:17:30 - INFO - Current Result:
2024-08-05 20:17:30 - INFO - \Hit10: 15.0171	MRR10: 7.3705	Recall10: 15.0171	Precision10: 1.5017
2024-08-05 20:17:30 - INFO - Best Result:
2024-08-05 20:17:30 - INFO - 	Hit10: 15.1024	MRR10: 7.4015	Recall10: 15.1024	Precision10: 1.5102	Epoch: 11, 21, 11, 11
2024-08-05 20:17:30 - INFO - Current Result:
2024-08-05 20:17:30 - INFO - \Hit15: 18.0034	MRR15: 7.6017	Recall15: 18.0034	Precision15: 1.2002
2024-08-05 20:17:30 - INFO - Best Result:
2024-08-05 20:17:30 - INFO - 	Hit15: 18.2167	MRR15: 7.6312	Recall15: 18.2167	Precision15: 1.2144	Epoch: 11, 21, 11, 11
2024-08-05 20:17:30 - INFO - Current Result:
2024-08-05 20:17:30 - INFO - \Hit20: 20.4352	MRR20: 7.7381	Recall20: 20.4352	Precision20: 1.0218
2024-08-05 20:17:30 - INFO - Best Result:
2024-08-05 20:17:30 - INFO - 	Hit20: 21.3737	MRR20: 7.7872	Recall20: 21.3737	Precision20: 1.0687	Epoch: 13, 21, 13, 13
2024-08-05 20:17:30 - INFO - EPOCH:46
2024-08-05 20:17:30 - INFO - Time:2024/08/05 20:17:30
2024-08-05 20:18:00 - INFO - loss: 405.83966064453125; rec_loss: 405.83966064453125; intent_loss: 0.00033949760836549103 
2024-08-05 20:18:00 - INFO - Current Result:
2024-08-05 20:18:00 - INFO - \Hit5: 10.7082	MRR5: 6.8053	Recall5: 10.7082	Precision5: 2.1416
2024-08-05 20:18:00 - INFO - Best Result:
2024-08-05 20:18:00 - INFO - 	Hit5: 10.8788	MRR5: 6.8402	Recall5: 10.8788	Precision5: 2.1758	Epoch: 24, 21, 24, 24
2024-08-05 20:18:00 - INFO - Current Result:
2024-08-05 20:18:00 - INFO - \Hit10: 15.0171	MRR10: 7.3705	Recall10: 15.0171	Precision10: 1.5017
2024-08-05 20:18:00 - INFO - Best Result:
2024-08-05 20:18:00 - INFO - 	Hit10: 15.1024	MRR10: 7.4015	Recall10: 15.1024	Precision10: 1.5102	Epoch: 11, 21, 11, 11
2024-08-05 20:18:00 - INFO - Current Result:
2024-08-05 20:18:00 - INFO - \Hit15: 18.0034	MRR15: 7.6017	Recall15: 18.0034	Precision15: 1.2002
2024-08-05 20:18:00 - INFO - Best Result:
2024-08-05 20:18:00 - INFO - 	Hit15: 18.2167	MRR15: 7.6312	Recall15: 18.2167	Precision15: 1.2144	Epoch: 11, 21, 11, 11
2024-08-05 20:18:00 - INFO - Current Result:
2024-08-05 20:18:00 - INFO - \Hit20: 20.4352	MRR20: 7.7381	Recall20: 20.4352	Precision20: 1.0218
2024-08-05 20:18:00 - INFO - Best Result:
2024-08-05 20:18:00 - INFO - 	Hit20: 21.3737	MRR20: 7.7872	Recall20: 21.3737	Precision20: 1.0687	Epoch: 13, 21, 13, 13
2024-08-05 20:18:00 - INFO - EPOCH:47
2024-08-05 20:18:00 - INFO - Time:2024/08/05 20:18:00
2024-08-05 20:18:31 - INFO - loss: 406.04498291015625; rec_loss: 406.04498291015625; intent_loss: 0.00033949760836549103 
2024-08-05 20:18:31 - INFO - Current Result:
2024-08-05 20:18:31 - INFO - \Hit5: 10.7082	MRR5: 6.8053	Recall5: 10.7082	Precision5: 2.1416
2024-08-05 20:18:31 - INFO - Best Result:
2024-08-05 20:18:31 - INFO - 	Hit5: 10.8788	MRR5: 6.8402	Recall5: 10.8788	Precision5: 2.1758	Epoch: 24, 21, 24, 24
2024-08-05 20:18:31 - INFO - Current Result:
2024-08-05 20:18:31 - INFO - \Hit10: 15.0171	MRR10: 7.3705	Recall10: 15.0171	Precision10: 1.5017
2024-08-05 20:18:31 - INFO - Best Result:
2024-08-05 20:18:31 - INFO - 	Hit10: 15.1024	MRR10: 7.4015	Recall10: 15.1024	Precision10: 1.5102	Epoch: 11, 21, 11, 11
2024-08-05 20:18:31 - INFO - Current Result:
2024-08-05 20:18:31 - INFO - \Hit15: 18.0034	MRR15: 7.6017	Recall15: 18.0034	Precision15: 1.2002
2024-08-05 20:18:31 - INFO - Best Result:
2024-08-05 20:18:31 - INFO - 	Hit15: 18.2167	MRR15: 7.6312	Recall15: 18.2167	Precision15: 1.2144	Epoch: 11, 21, 11, 11
2024-08-05 20:18:31 - INFO - Current Result:
2024-08-05 20:18:31 - INFO - \Hit20: 20.4352	MRR20: 7.7381	Recall20: 20.4352	Precision20: 1.0218
2024-08-05 20:18:31 - INFO - Best Result:
2024-08-05 20:18:31 - INFO - 	Hit20: 21.3737	MRR20: 7.7872	Recall20: 21.3737	Precision20: 1.0687	Epoch: 13, 21, 13, 13
2024-08-05 20:18:31 - INFO - EPOCH:48
2024-08-05 20:18:31 - INFO - Time:2024/08/05 20:18:31
2024-08-05 20:19:00 - INFO - loss: 406.92950439453125; rec_loss: 406.92950439453125; intent_loss: 0.00033949760836549103 
2024-08-05 20:19:00 - INFO - Current Result:
2024-08-05 20:19:00 - INFO - \Hit5: 10.7082	MRR5: 6.8053	Recall5: 10.7082	Precision5: 2.1416
2024-08-05 20:19:00 - INFO - Best Result:
2024-08-05 20:19:00 - INFO - 	Hit5: 10.8788	MRR5: 6.8402	Recall5: 10.8788	Precision5: 2.1758	Epoch: 24, 21, 24, 24
2024-08-05 20:19:00 - INFO - Current Result:
2024-08-05 20:19:00 - INFO - \Hit10: 15.0171	MRR10: 7.3705	Recall10: 15.0171	Precision10: 1.5017
2024-08-05 20:19:00 - INFO - Best Result:
2024-08-05 20:19:00 - INFO - 	Hit10: 15.1024	MRR10: 7.4015	Recall10: 15.1024	Precision10: 1.5102	Epoch: 11, 21, 11, 11
2024-08-05 20:19:00 - INFO - Current Result:
2024-08-05 20:19:00 - INFO - \Hit15: 18.0034	MRR15: 7.6017	Recall15: 18.0034	Precision15: 1.2002
2024-08-05 20:19:00 - INFO - Best Result:
2024-08-05 20:19:00 - INFO - 	Hit15: 18.2167	MRR15: 7.6312	Recall15: 18.2167	Precision15: 1.2144	Epoch: 11, 21, 11, 11
2024-08-05 20:19:00 - INFO - Current Result:
2024-08-05 20:19:00 - INFO - \Hit20: 20.4352	MRR20: 7.7381	Recall20: 20.4352	Precision20: 1.0218
2024-08-05 20:19:00 - INFO - Best Result:
2024-08-05 20:19:00 - INFO - 	Hit20: 21.3737	MRR20: 7.7872	Recall20: 21.3737	Precision20: 1.0687	Epoch: 13, 21, 13, 13
2024-08-05 20:19:00 - INFO - EPOCH:49
2024-08-05 20:19:00 - INFO - Time:2024/08/05 20:19:00
2024-08-05 20:19:30 - INFO - loss: 405.95819091796875; rec_loss: 405.95819091796875; intent_loss: 0.00033949760836549103 
2024-08-05 20:19:30 - INFO - Current Result:
2024-08-05 20:19:30 - INFO - \Hit5: 10.7082	MRR5: 6.8053	Recall5: 10.7082	Precision5: 2.1416
2024-08-05 20:19:30 - INFO - Best Result:
2024-08-05 20:19:30 - INFO - 	Hit5: 10.8788	MRR5: 6.8402	Recall5: 10.8788	Precision5: 2.1758	Epoch: 24, 21, 24, 24
2024-08-05 20:19:30 - INFO - Current Result:
2024-08-05 20:19:30 - INFO - \Hit10: 15.0171	MRR10: 7.3705	Recall10: 15.0171	Precision10: 1.5017
2024-08-05 20:19:30 - INFO - Best Result:
2024-08-05 20:19:30 - INFO - 	Hit10: 15.1024	MRR10: 7.4015	Recall10: 15.1024	Precision10: 1.5102	Epoch: 11, 21, 11, 11
2024-08-05 20:19:30 - INFO - Current Result:
2024-08-05 20:19:30 - INFO - \Hit15: 18.0034	MRR15: 7.6017	Recall15: 18.0034	Precision15: 1.2002
2024-08-05 20:19:30 - INFO - Best Result:
2024-08-05 20:19:30 - INFO - 	Hit15: 18.2167	MRR15: 7.6312	Recall15: 18.2167	Precision15: 1.2144	Epoch: 11, 21, 11, 11
2024-08-05 20:19:30 - INFO - Current Result:
2024-08-05 20:19:30 - INFO - \Hit20: 20.4352	MRR20: 7.7381	Recall20: 20.4352	Precision20: 1.0218
2024-08-05 20:19:30 - INFO - Best Result:
2024-08-05 20:19:30 - INFO - 	Hit20: 21.3737	MRR20: 7.7872	Recall20: 21.3737	Precision20: 1.0687	Epoch: 13, 21, 13, 13
2024-08-05 20:19:30 - INFO - -------------------------------------------------------
2024-08-05 20:19:30 - INFO - Run time: 1841.169758 s
