2024-08-05 19:46:17 - INFO - *******start1***********
2024-08-05 19:46:17 - INFO - start time: 2024-08-05 19:46:17
2024-08-05 19:46:17 - INFO - 文本内容 + 文本处理方式:title_vecs.npy
2024-08-05 19:46:17 - INFO - >>SEED:2024
2024-08-05 19:46:17 - INFO - ===========config================
2024-08-05 19:46:17 - INFO - model:Intent_UniGCNII
2024-08-05 19:46:17 - INFO - if_gcn:False
2024-08-05 19:46:17 - INFO - dataset:blockchain
2024-08-05 19:46:17 - INFO - gpu:0
2024-08-05 19:46:17 - INFO - Disentangle:True
2024-08-05 19:46:17 - INFO - Intent factors:7
2024-08-05 19:46:17 - INFO - journal vec:True
2024-08-05 19:46:17 - INFO - title vec:True
2024-08-05 19:46:17 - INFO - Test Topks[5, 10, 15, 20]:
2024-08-05 19:46:17 - INFO - hiddenSize:448
2024-08-05 19:46:17 - INFO - n_factor:7
2024-08-05 19:46:17 - INFO - lr:0.005
2024-08-05 19:46:17 - INFO - batch_size:512
2024-08-05 19:46:17 - INFO - lamda_1:0.85
2024-08-05 19:46:17 - INFO - if co_show:False
2024-08-05 19:46:17 - INFO - if citation:True
2024-08-05 19:46:17 - INFO - integrate_model:transformer
2024-08-05 19:46:17 - INFO - select relative paper for intent:0.4
2024-08-05 19:46:17 - INFO - Hidden number for GNN:256
2024-08-05 19:46:17 - INFO - aux loss weight:1e-05
2024-08-05 19:46:17 - INFO - ===========end===================
2024-08-05 19:46:23 - INFO - EPOCH:0
2024-08-05 19:46:23 - INFO - Time:2024/08/05 19:46:23
2024-08-05 19:46:34 - INFO - loss: 151.921875; rec_loss: 151.921875; intent_loss: 0.0003139300679322332 
2024-08-05 19:46:34 - INFO - Current Result:
2024-08-05 19:46:34 - INFO - \Hit5: 12.8413	MRR5: 7.7681	Recall5: 12.8413	Precision5: 2.5683
2024-08-05 19:46:34 - INFO - Best Result:
2024-08-05 19:46:34 - INFO - 	Hit5: 12.8413	MRR5: 7.7681	Recall5: 12.8413	Precision5: 2.5683	Epoch: 0, 0, 0, 0
2024-08-05 19:46:34 - INFO - Current Result:
2024-08-05 19:46:34 - INFO - \Hit10: 18.4727	MRR10: 8.5178	Recall10: 18.4727	Precision10: 1.8473
2024-08-05 19:46:34 - INFO - Best Result:
2024-08-05 19:46:34 - INFO - 	Hit10: 18.4727	MRR10: 8.5178	Recall10: 18.4727	Precision10: 1.8473	Epoch: 0, 0, 0, 0
2024-08-05 19:46:34 - INFO - Current Result:
2024-08-05 19:46:34 - INFO - \Hit15: 20.9044	MRR15: 8.7121	Recall15: 20.9044	Precision15: 1.3936
2024-08-05 19:46:34 - INFO - Best Result:
2024-08-05 19:46:34 - INFO - 	Hit15: 20.9044	MRR15: 8.7121	Recall15: 20.9044	Precision15: 1.3936	Epoch: 0, 0, 0, 0
2024-08-05 19:46:34 - INFO - Current Result:
2024-08-05 19:46:34 - INFO - \Hit20: 23.8481	MRR20: 8.8757	Recall20: 23.8481	Precision20: 1.1924
2024-08-05 19:46:34 - INFO - Best Result:
2024-08-05 19:46:34 - INFO - 	Hit20: 23.8481	MRR20: 8.8757	Recall20: 23.8481	Precision20: 1.1924	Epoch: 0, 0, 0, 0
2024-08-05 19:46:34 - INFO - EPOCH:1
2024-08-05 19:46:34 - INFO - Time:2024/08/05 19:46:34
2024-08-05 19:46:44 - INFO - loss: 121.35636138916016; rec_loss: 121.35636138916016; intent_loss: 8.901836554287001e-05 
2024-08-05 19:46:44 - INFO - Current Result:
2024-08-05 19:46:44 - INFO - \Hit5: 15.1451	MRR5: 8.8147	Recall5: 15.1451	Precision5: 3.0290
2024-08-05 19:46:44 - INFO - Best Result:
2024-08-05 19:46:44 - INFO - 	Hit5: 15.1451	MRR5: 8.8147	Recall5: 15.1451	Precision5: 3.0290	Epoch: 1, 1, 1, 1
2024-08-05 19:46:44 - INFO - Current Result:
2024-08-05 19:46:44 - INFO - \Hit10: 22.2696	MRR10: 9.7347	Recall10: 22.2696	Precision10: 2.2270
2024-08-05 19:46:44 - INFO - Best Result:
2024-08-05 19:46:44 - INFO - 	Hit10: 22.2696	MRR10: 9.7347	Recall10: 22.2696	Precision10: 2.2270	Epoch: 1, 1, 1, 1
2024-08-05 19:46:44 - INFO - Current Result:
2024-08-05 19:46:44 - INFO - \Hit15: 26.4932	MRR15: 10.0655	Recall15: 26.4932	Precision15: 1.7662
2024-08-05 19:46:44 - INFO - Best Result:
2024-08-05 19:46:44 - INFO - 	Hit15: 26.4932	MRR15: 10.0655	Recall15: 26.4932	Precision15: 1.7662	Epoch: 1, 1, 1, 1
2024-08-05 19:46:44 - INFO - Current Result:
2024-08-05 19:46:44 - INFO - \Hit20: 29.4795	MRR20: 10.2310	Recall20: 29.4795	Precision20: 1.4740
2024-08-05 19:46:44 - INFO - Best Result:
2024-08-05 19:46:44 - INFO - 	Hit20: 29.4795	MRR20: 10.2310	Recall20: 29.4795	Precision20: 1.4740	Epoch: 1, 1, 1, 1
2024-08-05 19:46:44 - INFO - EPOCH:2
2024-08-05 19:46:44 - INFO - Time:2024/08/05 19:46:44
2024-08-05 19:46:54 - INFO - loss: 108.17521667480469; rec_loss: 108.17521667480469; intent_loss: 4.0650855225976557e-05 
2024-08-05 19:46:54 - INFO - Current Result:
2024-08-05 19:46:54 - INFO - \Hit5: 17.3208	MRR5: 10.4750	Recall5: 17.3208	Precision5: 3.4642
2024-08-05 19:46:54 - INFO - Best Result:
2024-08-05 19:46:54 - INFO - 	Hit5: 17.3208	MRR5: 10.4750	Recall5: 17.3208	Precision5: 3.4642	Epoch: 2, 2, 2, 2
2024-08-05 19:46:54 - INFO - Current Result:
2024-08-05 19:46:54 - INFO - \Hit10: 24.1041	MRR10: 11.3526	Recall10: 24.1041	Precision10: 2.4104
2024-08-05 19:46:54 - INFO - Best Result:
2024-08-05 19:46:54 - INFO - 	Hit10: 24.1041	MRR10: 11.3526	Recall10: 24.1041	Precision10: 2.4104	Epoch: 2, 2, 2, 2
2024-08-05 19:46:54 - INFO - Current Result:
2024-08-05 19:46:54 - INFO - \Hit15: 29.0956	MRR15: 11.7467	Recall15: 29.0956	Precision15: 1.9397
2024-08-05 19:46:54 - INFO - Best Result:
2024-08-05 19:46:54 - INFO - 	Hit15: 29.0956	MRR15: 11.7467	Recall15: 29.0956	Precision15: 1.9397	Epoch: 2, 2, 2, 2
2024-08-05 19:46:54 - INFO - Current Result:
2024-08-05 19:46:54 - INFO - \Hit20: 32.7218	MRR20: 11.9477	Recall20: 32.7218	Precision20: 1.6361
2024-08-05 19:46:54 - INFO - Best Result:
2024-08-05 19:46:54 - INFO - 	Hit20: 32.7218	MRR20: 11.9477	Recall20: 32.7218	Precision20: 1.6361	Epoch: 2, 2, 2, 2
2024-08-05 19:46:54 - INFO - EPOCH:3
2024-08-05 19:46:54 - INFO - Time:2024/08/05 19:46:54
2024-08-05 19:47:04 - INFO - loss: 92.1664810180664; rec_loss: 92.1664810180664; intent_loss: 4.582608744385652e-05 
2024-08-05 19:47:04 - INFO - Current Result:
2024-08-05 19:47:04 - INFO - \Hit5: 15.3157	MRR5: 9.5307	Recall5: 15.3157	Precision5: 3.0631
2024-08-05 19:47:04 - INFO - Best Result:
2024-08-05 19:47:04 - INFO - 	Hit5: 17.3208	MRR5: 10.4750	Recall5: 17.3208	Precision5: 3.4642	Epoch: 2, 2, 2, 2
2024-08-05 19:47:04 - INFO - Current Result:
2024-08-05 19:47:04 - INFO - \Hit10: 21.2457	MRR10: 10.3019	Recall10: 21.2457	Precision10: 2.1246
2024-08-05 19:47:04 - INFO - Best Result:
2024-08-05 19:47:04 - INFO - 	Hit10: 24.1041	MRR10: 11.3526	Recall10: 24.1041	Precision10: 2.4104	Epoch: 2, 2, 2, 2
2024-08-05 19:47:04 - INFO - Current Result:
2024-08-05 19:47:04 - INFO - \Hit15: 25.7679	MRR15: 10.6538	Recall15: 25.7679	Precision15: 1.7179
2024-08-05 19:47:04 - INFO - Best Result:
2024-08-05 19:47:04 - INFO - 	Hit15: 29.0956	MRR15: 11.7467	Recall15: 29.0956	Precision15: 1.9397	Epoch: 2, 2, 2, 2
2024-08-05 19:47:04 - INFO - Current Result:
2024-08-05 19:47:04 - INFO - \Hit20: 29.0529	MRR20: 10.8395	Recall20: 29.0529	Precision20: 1.4526
2024-08-05 19:47:04 - INFO - Best Result:
2024-08-05 19:47:04 - INFO - 	Hit20: 32.7218	MRR20: 11.9477	Recall20: 32.7218	Precision20: 1.6361	Epoch: 2, 2, 2, 2
2024-08-05 19:47:04 - INFO - EPOCH:4
2024-08-05 19:47:04 - INFO - Time:2024/08/05 19:47:04
2024-08-05 19:47:15 - INFO - loss: 76.44470977783203; rec_loss: 76.44470977783203; intent_loss: 8.938669634517282e-05 
2024-08-05 19:47:15 - INFO - Current Result:
2024-08-05 19:47:15 - INFO - \Hit5: 16.7662	MRR5: 10.2851	Recall5: 16.7662	Precision5: 3.3532
2024-08-05 19:47:15 - INFO - Best Result:
2024-08-05 19:47:15 - INFO - 	Hit5: 17.3208	MRR5: 10.4750	Recall5: 17.3208	Precision5: 3.4642	Epoch: 2, 2, 2, 2
2024-08-05 19:47:15 - INFO - Current Result:
2024-08-05 19:47:15 - INFO - \Hit10: 24.3601	MRR10: 11.2754	Recall10: 24.3601	Precision10: 2.4360
2024-08-05 19:47:15 - INFO - Best Result:
2024-08-05 19:47:15 - INFO - 	Hit10: 24.3601	MRR10: 11.3526	Recall10: 24.3601	Precision10: 2.4360	Epoch: 4, 2, 4, 4
2024-08-05 19:47:15 - INFO - Current Result:
2024-08-05 19:47:15 - INFO - \Hit15: 28.6689	MRR15: 11.6135	Recall15: 28.6689	Precision15: 1.9113
2024-08-05 19:47:15 - INFO - Best Result:
2024-08-05 19:47:15 - INFO - 	Hit15: 29.0956	MRR15: 11.7467	Recall15: 29.0956	Precision15: 1.9397	Epoch: 2, 2, 2, 2
2024-08-05 19:47:15 - INFO - Current Result:
2024-08-05 19:47:15 - INFO - \Hit20: 32.1672	MRR20: 11.8084	Recall20: 32.1672	Precision20: 1.6084
2024-08-05 19:47:15 - INFO - Best Result:
2024-08-05 19:47:15 - INFO - 	Hit20: 32.7218	MRR20: 11.9477	Recall20: 32.7218	Precision20: 1.6361	Epoch: 2, 2, 2, 2
2024-08-05 19:47:15 - INFO - EPOCH:5
2024-08-05 19:47:15 - INFO - Time:2024/08/05 19:47:15
2024-08-05 19:47:26 - INFO - loss: 56.54941940307617; rec_loss: 56.54941940307617; intent_loss: 8.938978135120124e-05 
2024-08-05 19:47:26 - INFO - Current Result:
2024-08-05 19:47:26 - INFO - \Hit5: 17.6195	MRR5: 10.6357	Recall5: 17.6195	Precision5: 3.5239
2024-08-05 19:47:26 - INFO - Best Result:
2024-08-05 19:47:26 - INFO - 	Hit5: 17.6195	MRR5: 10.6357	Recall5: 17.6195	Precision5: 3.5239	Epoch: 5, 5, 5, 5
2024-08-05 19:47:26 - INFO - Current Result:
2024-08-05 19:47:26 - INFO - \Hit10: 25.2986	MRR10: 11.6550	Recall10: 25.2986	Precision10: 2.5299
2024-08-05 19:47:26 - INFO - Best Result:
2024-08-05 19:47:26 - INFO - 	Hit10: 25.2986	MRR10: 11.6550	Recall10: 25.2986	Precision10: 2.5299	Epoch: 5, 5, 5, 5
2024-08-05 19:47:26 - INFO - Current Result:
2024-08-05 19:47:26 - INFO - \Hit15: 30.3754	MRR15: 12.0608	Recall15: 30.3754	Precision15: 2.0250
2024-08-05 19:47:26 - INFO - Best Result:
2024-08-05 19:47:26 - INFO - 	Hit15: 30.3754	MRR15: 12.0608	Recall15: 30.3754	Precision15: 2.0250	Epoch: 5, 5, 5, 5
2024-08-05 19:47:26 - INFO - Current Result:
2024-08-05 19:47:26 - INFO - \Hit20: 34.1297	MRR20: 12.2686	Recall20: 34.1297	Precision20: 1.7065
2024-08-05 19:47:26 - INFO - Best Result:
2024-08-05 19:47:26 - INFO - 	Hit20: 34.1297	MRR20: 12.2686	Recall20: 34.1297	Precision20: 1.7065	Epoch: 5, 5, 5, 5
2024-08-05 19:47:26 - INFO - EPOCH:6
2024-08-05 19:47:26 - INFO - Time:2024/08/05 19:47:26
2024-08-05 19:47:40 - INFO - loss: 49.81927490234375; rec_loss: 49.81927490234375; intent_loss: 7.888506661402062e-05 
2024-08-05 19:47:40 - INFO - Current Result:
2024-08-05 19:47:40 - INFO - \Hit5: 18.6433	MRR5: 11.0139	Recall5: 18.6433	Precision5: 3.7287
2024-08-05 19:47:40 - INFO - Best Result:
2024-08-05 19:47:40 - INFO - 	Hit5: 18.6433	MRR5: 11.0139	Recall5: 18.6433	Precision5: 3.7287	Epoch: 6, 6, 6, 6
2024-08-05 19:47:40 - INFO - Current Result:
2024-08-05 19:47:40 - INFO - \Hit10: 25.4266	MRR10: 11.9266	Recall10: 25.4266	Precision10: 2.5427
2024-08-05 19:47:40 - INFO - Best Result:
2024-08-05 19:47:40 - INFO - 	Hit10: 25.4266	MRR10: 11.9266	Recall10: 25.4266	Precision10: 2.5427	Epoch: 6, 6, 6, 6
2024-08-05 19:47:40 - INFO - Current Result:
2024-08-05 19:47:40 - INFO - \Hit15: 30.5887	MRR15: 12.3268	Recall15: 30.5887	Precision15: 2.0392
2024-08-05 19:47:40 - INFO - Best Result:
2024-08-05 19:47:40 - INFO - 	Hit15: 30.5887	MRR15: 12.3268	Recall15: 30.5887	Precision15: 2.0392	Epoch: 6, 6, 6, 6
2024-08-05 19:47:40 - INFO - Current Result:
2024-08-05 19:47:40 - INFO - \Hit20: 34.2577	MRR20: 12.5349	Recall20: 34.2577	Precision20: 1.7129
2024-08-05 19:47:40 - INFO - Best Result:
2024-08-05 19:47:40 - INFO - 	Hit20: 34.2577	MRR20: 12.5349	Recall20: 34.2577	Precision20: 1.7129	Epoch: 6, 6, 6, 6
2024-08-05 19:47:40 - INFO - EPOCH:7
2024-08-05 19:47:40 - INFO - Time:2024/08/05 19:47:40
2024-08-05 19:47:58 - INFO - loss: 45.57530975341797; rec_loss: 45.57530975341797; intent_loss: 7.02177276252769e-05 
2024-08-05 19:47:58 - INFO - Current Result:
2024-08-05 19:47:58 - INFO - \Hit5: 18.3874	MRR5: 11.0097	Recall5: 18.3874	Precision5: 3.6775
2024-08-05 19:47:58 - INFO - Best Result:
2024-08-05 19:47:58 - INFO - 	Hit5: 18.6433	MRR5: 11.0139	Recall5: 18.6433	Precision5: 3.7287	Epoch: 6, 6, 6, 6
2024-08-05 19:47:58 - INFO - Current Result:
2024-08-05 19:47:58 - INFO - \Hit10: 25.8959	MRR10: 12.0101	Recall10: 25.8959	Precision10: 2.5896
2024-08-05 19:47:58 - INFO - Best Result:
2024-08-05 19:47:58 - INFO - 	Hit10: 25.8959	MRR10: 12.0101	Recall10: 25.8959	Precision10: 2.5896	Epoch: 7, 7, 7, 7
2024-08-05 19:47:58 - INFO - Current Result:
2024-08-05 19:47:58 - INFO - \Hit15: 30.2474	MRR15: 12.3508	Recall15: 30.2474	Precision15: 2.0165
2024-08-05 19:47:58 - INFO - Best Result:
2024-08-05 19:47:58 - INFO - 	Hit15: 30.5887	MRR15: 12.3508	Recall15: 30.5887	Precision15: 2.0392	Epoch: 6, 7, 6, 6
2024-08-05 19:47:58 - INFO - Current Result:
2024-08-05 19:47:58 - INFO - \Hit20: 34.4283	MRR20: 12.5862	Recall20: 34.4283	Precision20: 1.7214
2024-08-05 19:47:58 - INFO - Best Result:
2024-08-05 19:47:58 - INFO - 	Hit20: 34.4283	MRR20: 12.5862	Recall20: 34.4283	Precision20: 1.7214	Epoch: 7, 7, 7, 7
2024-08-05 19:47:58 - INFO - EPOCH:8
2024-08-05 19:47:58 - INFO - Time:2024/08/05 19:47:58
2024-08-05 19:48:18 - INFO - loss: 41.89582061767578; rec_loss: 41.89582061767578; intent_loss: 6.260643567657098e-05 
2024-08-05 19:48:18 - INFO - Current Result:
2024-08-05 19:48:18 - INFO - \Hit5: 17.7901	MRR5: 10.7324	Recall5: 17.7901	Precision5: 3.5580
2024-08-05 19:48:18 - INFO - Best Result:
2024-08-05 19:48:18 - INFO - 	Hit5: 18.6433	MRR5: 11.0139	Recall5: 18.6433	Precision5: 3.7287	Epoch: 6, 6, 6, 6
2024-08-05 19:48:18 - INFO - Current Result:
2024-08-05 19:48:18 - INFO - \Hit10: 25.2560	MRR10: 11.7293	Recall10: 25.2560	Precision10: 2.5256
2024-08-05 19:48:18 - INFO - Best Result:
2024-08-05 19:48:18 - INFO - 	Hit10: 25.8959	MRR10: 12.0101	Recall10: 25.8959	Precision10: 2.5896	Epoch: 7, 7, 7, 7
2024-08-05 19:48:18 - INFO - Current Result:
2024-08-05 19:48:18 - INFO - \Hit15: 30.1195	MRR15: 12.1095	Recall15: 30.1195	Precision15: 2.0080
2024-08-05 19:48:18 - INFO - Best Result:
2024-08-05 19:48:18 - INFO - 	Hit15: 30.5887	MRR15: 12.3508	Recall15: 30.5887	Precision15: 2.0392	Epoch: 6, 7, 6, 6
2024-08-05 19:48:18 - INFO - Current Result:
2024-08-05 19:48:18 - INFO - \Hit20: 33.8737	MRR20: 12.3222	Recall20: 33.8737	Precision20: 1.6937
2024-08-05 19:48:18 - INFO - Best Result:
2024-08-05 19:48:18 - INFO - 	Hit20: 34.4283	MRR20: 12.5862	Recall20: 34.4283	Precision20: 1.7214	Epoch: 7, 7, 7, 7
2024-08-05 19:48:18 - INFO - EPOCH:9
2024-08-05 19:48:18 - INFO - Time:2024/08/05 19:48:18
2024-08-05 19:48:37 - INFO - loss: 39.11955642700195; rec_loss: 39.11955642700195; intent_loss: 5.801889346912503e-05 
2024-08-05 19:48:37 - INFO - Current Result:
2024-08-05 19:48:37 - INFO - \Hit5: 18.0034	MRR5: 10.6342	Recall5: 18.0034	Precision5: 3.6007
2024-08-05 19:48:37 - INFO - Best Result:
2024-08-05 19:48:37 - INFO - 	Hit5: 18.6433	MRR5: 11.0139	Recall5: 18.6433	Precision5: 3.7287	Epoch: 6, 6, 6, 6
2024-08-05 19:48:37 - INFO - Current Result:
2024-08-05 19:48:37 - INFO - \Hit10: 25.3413	MRR10: 11.6474	Recall10: 25.3413	Precision10: 2.5341
2024-08-05 19:48:37 - INFO - Best Result:
2024-08-05 19:48:37 - INFO - 	Hit10: 25.8959	MRR10: 12.0101	Recall10: 25.8959	Precision10: 2.5896	Epoch: 7, 7, 7, 7
2024-08-05 19:48:37 - INFO - Current Result:
2024-08-05 19:48:37 - INFO - \Hit15: 30.3328	MRR15: 12.0401	Recall15: 30.3328	Precision15: 2.0222
2024-08-05 19:48:37 - INFO - Best Result:
2024-08-05 19:48:37 - INFO - 	Hit15: 30.5887	MRR15: 12.3508	Recall15: 30.5887	Precision15: 2.0392	Epoch: 6, 7, 6, 6
2024-08-05 19:48:37 - INFO - Current Result:
2024-08-05 19:48:37 - INFO - \Hit20: 34.1724	MRR20: 12.2574	Recall20: 34.1724	Precision20: 1.7086
2024-08-05 19:48:37 - INFO - Best Result:
2024-08-05 19:48:37 - INFO - 	Hit20: 34.4283	MRR20: 12.5862	Recall20: 34.4283	Precision20: 1.7214	Epoch: 7, 7, 7, 7
2024-08-05 19:48:37 - INFO - EPOCH:10
2024-08-05 19:48:37 - INFO - Time:2024/08/05 19:48:37
2024-08-05 19:48:59 - INFO - loss: 35.461483001708984; rec_loss: 35.461483001708984; intent_loss: 5.7037832448258996e-05 
2024-08-05 19:48:59 - INFO - Current Result:
2024-08-05 19:48:59 - INFO - \Hit5: 18.1741	MRR5: 10.7480	Recall5: 18.1741	Precision5: 3.6348
2024-08-05 19:48:59 - INFO - Best Result:
2024-08-05 19:48:59 - INFO - 	Hit5: 18.6433	MRR5: 11.0139	Recall5: 18.6433	Precision5: 3.7287	Epoch: 6, 6, 6, 6
2024-08-05 19:48:59 - INFO - Current Result:
2024-08-05 19:48:59 - INFO - \Hit10: 25.3840	MRR10: 11.7283	Recall10: 25.3840	Precision10: 2.5384
2024-08-05 19:48:59 - INFO - Best Result:
2024-08-05 19:48:59 - INFO - 	Hit10: 25.8959	MRR10: 12.0101	Recall10: 25.8959	Precision10: 2.5896	Epoch: 7, 7, 7, 7
2024-08-05 19:48:59 - INFO - Current Result:
2024-08-05 19:48:59 - INFO - \Hit15: 30.5461	MRR15: 12.1297	Recall15: 30.5461	Precision15: 2.0364
2024-08-05 19:48:59 - INFO - Best Result:
2024-08-05 19:48:59 - INFO - 	Hit15: 30.5887	MRR15: 12.3508	Recall15: 30.5887	Precision15: 2.0392	Epoch: 6, 7, 6, 6
2024-08-05 19:48:59 - INFO - Current Result:
2024-08-05 19:48:59 - INFO - \Hit20: 33.9164	MRR20: 12.3213	Recall20: 33.9164	Precision20: 1.6958
2024-08-05 19:48:59 - INFO - Best Result:
2024-08-05 19:48:59 - INFO - 	Hit20: 34.4283	MRR20: 12.5862	Recall20: 34.4283	Precision20: 1.7214	Epoch: 7, 7, 7, 7
2024-08-05 19:48:59 - INFO - EPOCH:11
2024-08-05 19:48:59 - INFO - Time:2024/08/05 19:48:59
2024-08-05 19:49:28 - INFO - loss: 34.70606994628906; rec_loss: 34.70606994628906; intent_loss: 5.7495937653584406e-05 
2024-08-05 19:49:28 - INFO - Current Result:
2024-08-05 19:49:28 - INFO - \Hit5: 18.0034	MRR5: 10.8532	Recall5: 18.0034	Precision5: 3.6007
2024-08-05 19:49:28 - INFO - Best Result:
2024-08-05 19:49:28 - INFO - 	Hit5: 18.6433	MRR5: 11.0139	Recall5: 18.6433	Precision5: 3.7287	Epoch: 6, 6, 6, 6
2024-08-05 19:49:28 - INFO - Current Result:
2024-08-05 19:49:28 - INFO - \Hit10: 25.8959	MRR10: 11.8999	Recall10: 25.8959	Precision10: 2.5896
2024-08-05 19:49:28 - INFO - Best Result:
2024-08-05 19:49:28 - INFO - 	Hit10: 25.8959	MRR10: 12.0101	Recall10: 25.8959	Precision10: 2.5896	Epoch: 7, 7, 7, 7
2024-08-05 19:49:28 - INFO - Current Result:
2024-08-05 19:49:28 - INFO - \Hit15: 30.5461	MRR15: 12.2590	Recall15: 30.5461	Precision15: 2.0364
2024-08-05 19:49:28 - INFO - Best Result:
2024-08-05 19:49:28 - INFO - 	Hit15: 30.5887	MRR15: 12.3508	Recall15: 30.5887	Precision15: 2.0392	Epoch: 6, 7, 6, 6
2024-08-05 19:49:28 - INFO - Current Result:
2024-08-05 19:49:28 - INFO - \Hit20: 33.9164	MRR20: 12.4496	Recall20: 33.9164	Precision20: 1.6958
2024-08-05 19:49:28 - INFO - Best Result:
2024-08-05 19:49:28 - INFO - 	Hit20: 34.4283	MRR20: 12.5862	Recall20: 34.4283	Precision20: 1.7214	Epoch: 7, 7, 7, 7
2024-08-05 19:49:28 - INFO - EPOCH:12
2024-08-05 19:49:28 - INFO - Time:2024/08/05 19:49:28
2024-08-05 19:50:03 - INFO - loss: 34.11034393310547; rec_loss: 34.11034393310547; intent_loss: 5.622379103442654e-05 
2024-08-05 19:50:03 - INFO - Current Result:
2024-08-05 19:50:03 - INFO - \Hit5: 18.3874	MRR5: 10.9471	Recall5: 18.3874	Precision5: 3.6775
2024-08-05 19:50:03 - INFO - Best Result:
2024-08-05 19:50:03 - INFO - 	Hit5: 18.6433	MRR5: 11.0139	Recall5: 18.6433	Precision5: 3.7287	Epoch: 6, 6, 6, 6
2024-08-05 19:50:03 - INFO - Current Result:
2024-08-05 19:50:03 - INFO - \Hit10: 26.0666	MRR10: 11.9587	Recall10: 26.0666	Precision10: 2.6067
2024-08-05 19:50:03 - INFO - Best Result:
2024-08-05 19:50:03 - INFO - 	Hit10: 26.0666	MRR10: 12.0101	Recall10: 26.0666	Precision10: 2.6067	Epoch: 12, 7, 12, 12
2024-08-05 19:50:03 - INFO - Current Result:
2024-08-05 19:50:03 - INFO - \Hit15: 30.5461	MRR15: 12.3049	Recall15: 30.5461	Precision15: 2.0364
2024-08-05 19:50:03 - INFO - Best Result:
2024-08-05 19:50:03 - INFO - 	Hit15: 30.5887	MRR15: 12.3508	Recall15: 30.5887	Precision15: 2.0392	Epoch: 6, 7, 6, 6
2024-08-05 19:50:03 - INFO - Current Result:
2024-08-05 19:50:03 - INFO - \Hit20: 33.9590	MRR20: 12.4958	Recall20: 33.9590	Precision20: 1.6980
2024-08-05 19:50:03 - INFO - Best Result:
2024-08-05 19:50:03 - INFO - 	Hit20: 34.4283	MRR20: 12.5862	Recall20: 34.4283	Precision20: 1.7214	Epoch: 7, 7, 7, 7
2024-08-05 19:50:03 - INFO - EPOCH:13
2024-08-05 19:50:03 - INFO - Time:2024/08/05 19:50:03
2024-08-05 19:50:44 - INFO - loss: 33.57822036743164; rec_loss: 33.57822036743164; intent_loss: 5.6050248531391844e-05 
2024-08-05 19:50:44 - INFO - Current Result:
2024-08-05 19:50:44 - INFO - \Hit5: 18.0887	MRR5: 10.8077	Recall5: 18.0887	Precision5: 3.6177
2024-08-05 19:50:44 - INFO - Best Result:
2024-08-05 19:50:44 - INFO - 	Hit5: 18.6433	MRR5: 11.0139	Recall5: 18.6433	Precision5: 3.7287	Epoch: 6, 6, 6, 6
2024-08-05 19:50:44 - INFO - Current Result:
2024-08-05 19:50:44 - INFO - \Hit10: 25.9386	MRR10: 11.8688	Recall10: 25.9386	Precision10: 2.5939
2024-08-05 19:50:44 - INFO - Best Result:
2024-08-05 19:50:44 - INFO - 	Hit10: 26.0666	MRR10: 12.0101	Recall10: 26.0666	Precision10: 2.6067	Epoch: 12, 7, 12, 12
2024-08-05 19:50:44 - INFO - Current Result:
2024-08-05 19:50:44 - INFO - \Hit15: 30.3328	MRR15: 12.2084	Recall15: 30.3328	Precision15: 2.0222
2024-08-05 19:50:44 - INFO - Best Result:
2024-08-05 19:50:44 - INFO - 	Hit15: 30.5887	MRR15: 12.3508	Recall15: 30.5887	Precision15: 2.0392	Epoch: 6, 7, 6, 6
2024-08-05 19:50:44 - INFO - Current Result:
2024-08-05 19:50:44 - INFO - \Hit20: 34.1724	MRR20: 12.4244	Recall20: 34.1724	Precision20: 1.7086
2024-08-05 19:50:44 - INFO - Best Result:
2024-08-05 19:50:44 - INFO - 	Hit20: 34.4283	MRR20: 12.5862	Recall20: 34.4283	Precision20: 1.7214	Epoch: 7, 7, 7, 7
2024-08-05 19:50:44 - INFO - EPOCH:14
2024-08-05 19:50:44 - INFO - Time:2024/08/05 19:50:44
2024-08-05 19:51:30 - INFO - loss: 32.96449279785156; rec_loss: 32.96449279785156; intent_loss: 5.6692708312766626e-05 
2024-08-05 19:51:30 - INFO - Current Result:
2024-08-05 19:51:30 - INFO - \Hit5: 18.0887	MRR5: 10.6805	Recall5: 18.0887	Precision5: 3.6177
2024-08-05 19:51:30 - INFO - Best Result:
2024-08-05 19:51:30 - INFO - 	Hit5: 18.6433	MRR5: 11.0139	Recall5: 18.6433	Precision5: 3.7287	Epoch: 6, 6, 6, 6
2024-08-05 19:51:30 - INFO - Current Result:
2024-08-05 19:51:30 - INFO - \Hit10: 25.8532	MRR10: 11.7307	Recall10: 25.8532	Precision10: 2.5853
2024-08-05 19:51:30 - INFO - Best Result:
2024-08-05 19:51:30 - INFO - 	Hit10: 26.0666	MRR10: 12.0101	Recall10: 26.0666	Precision10: 2.6067	Epoch: 12, 7, 12, 12
2024-08-05 19:51:30 - INFO - Current Result:
2024-08-05 19:51:30 - INFO - \Hit15: 30.2048	MRR15: 12.0666	Recall15: 30.2048	Precision15: 2.0137
2024-08-05 19:51:30 - INFO - Best Result:
2024-08-05 19:51:30 - INFO - 	Hit15: 30.5887	MRR15: 12.3508	Recall15: 30.5887	Precision15: 2.0392	Epoch: 6, 7, 6, 6
2024-08-05 19:51:30 - INFO - Current Result:
2024-08-05 19:51:30 - INFO - \Hit20: 33.8737	MRR20: 12.2741	Recall20: 33.8737	Precision20: 1.6937
2024-08-05 19:51:30 - INFO - Best Result:
2024-08-05 19:51:30 - INFO - 	Hit20: 34.4283	MRR20: 12.5862	Recall20: 34.4283	Precision20: 1.7214	Epoch: 7, 7, 7, 7
2024-08-05 19:51:30 - INFO - EPOCH:15
2024-08-05 19:51:30 - INFO - Time:2024/08/05 19:51:30
2024-08-05 19:52:13 - INFO - loss: 32.347450256347656; rec_loss: 32.347450256347656; intent_loss: 5.5641216022195294e-05 
2024-08-05 19:52:13 - INFO - Current Result:
2024-08-05 19:52:13 - INFO - \Hit5: 18.0034	MRR5: 10.7509	Recall5: 18.0034	Precision5: 3.6007
2024-08-05 19:52:13 - INFO - Best Result:
2024-08-05 19:52:13 - INFO - 	Hit5: 18.6433	MRR5: 11.0139	Recall5: 18.6433	Precision5: 3.7287	Epoch: 6, 6, 6, 6
2024-08-05 19:52:13 - INFO - Current Result:
2024-08-05 19:52:13 - INFO - \Hit10: 25.8532	MRR10: 11.8156	Recall10: 25.8532	Precision10: 2.5853
2024-08-05 19:52:13 - INFO - Best Result:
2024-08-05 19:52:13 - INFO - 	Hit10: 26.0666	MRR10: 12.0101	Recall10: 26.0666	Precision10: 2.6067	Epoch: 12, 7, 12, 12
2024-08-05 19:52:13 - INFO - Current Result:
2024-08-05 19:52:13 - INFO - \Hit15: 30.2901	MRR15: 12.1573	Recall15: 30.2901	Precision15: 2.0193
2024-08-05 19:52:13 - INFO - Best Result:
2024-08-05 19:52:13 - INFO - 	Hit15: 30.5887	MRR15: 12.3508	Recall15: 30.5887	Precision15: 2.0392	Epoch: 6, 7, 6, 6
2024-08-05 19:52:13 - INFO - Current Result:
2024-08-05 19:52:13 - INFO - \Hit20: 33.8311	MRR20: 12.3570	Recall20: 33.8311	Precision20: 1.6916
2024-08-05 19:52:13 - INFO - Best Result:
2024-08-05 19:52:13 - INFO - 	Hit20: 34.4283	MRR20: 12.5862	Recall20: 34.4283	Precision20: 1.7214	Epoch: 7, 7, 7, 7
2024-08-05 19:52:13 - INFO - EPOCH:16
2024-08-05 19:52:13 - INFO - Time:2024/08/05 19:52:13
2024-08-05 19:52:58 - INFO - loss: 32.12981414794922; rec_loss: 32.12981414794922; intent_loss: 5.565314131672494e-05 
2024-08-05 19:52:58 - INFO - Current Result:
2024-08-05 19:52:58 - INFO - \Hit5: 18.0461	MRR5: 10.7537	Recall5: 18.0461	Precision5: 3.6092
2024-08-05 19:52:58 - INFO - Best Result:
2024-08-05 19:52:58 - INFO - 	Hit5: 18.6433	MRR5: 11.0139	Recall5: 18.6433	Precision5: 3.7287	Epoch: 6, 6, 6, 6
2024-08-05 19:52:58 - INFO - Current Result:
2024-08-05 19:52:58 - INFO - \Hit10: 25.8959	MRR10: 11.8094	Recall10: 25.8959	Precision10: 2.5896
2024-08-05 19:52:58 - INFO - Best Result:
2024-08-05 19:52:58 - INFO - 	Hit10: 26.0666	MRR10: 12.0101	Recall10: 26.0666	Precision10: 2.6067	Epoch: 12, 7, 12, 12
2024-08-05 19:52:58 - INFO - Current Result:
2024-08-05 19:52:58 - INFO - \Hit15: 30.2901	MRR15: 12.1475	Recall15: 30.2901	Precision15: 2.0193
2024-08-05 19:52:58 - INFO - Best Result:
2024-08-05 19:52:58 - INFO - 	Hit15: 30.5887	MRR15: 12.3508	Recall15: 30.5887	Precision15: 2.0392	Epoch: 6, 7, 6, 6
2024-08-05 19:52:58 - INFO - Current Result:
2024-08-05 19:52:58 - INFO - \Hit20: 33.8737	MRR20: 12.3505	Recall20: 33.8737	Precision20: 1.6937
2024-08-05 19:52:58 - INFO - Best Result:
2024-08-05 19:52:58 - INFO - 	Hit20: 34.4283	MRR20: 12.5862	Recall20: 34.4283	Precision20: 1.7214	Epoch: 7, 7, 7, 7
2024-08-05 19:52:58 - INFO - EPOCH:17
2024-08-05 19:52:58 - INFO - Time:2024/08/05 19:52:58
2024-08-05 19:53:44 - INFO - loss: 32.21220397949219; rec_loss: 32.21220397949219; intent_loss: 5.594109825324267e-05 
2024-08-05 19:53:44 - INFO - Current Result:
2024-08-05 19:53:44 - INFO - \Hit5: 18.2167	MRR5: 10.8177	Recall5: 18.2167	Precision5: 3.6433
2024-08-05 19:53:44 - INFO - Best Result:
2024-08-05 19:53:44 - INFO - 	Hit5: 18.6433	MRR5: 11.0139	Recall5: 18.6433	Precision5: 3.7287	Epoch: 6, 6, 6, 6
2024-08-05 19:53:44 - INFO - Current Result:
2024-08-05 19:53:44 - INFO - \Hit10: 25.8106	MRR10: 11.8411	Recall10: 25.8106	Precision10: 2.5811
2024-08-05 19:53:44 - INFO - Best Result:
2024-08-05 19:53:44 - INFO - 	Hit10: 26.0666	MRR10: 12.0101	Recall10: 26.0666	Precision10: 2.6067	Epoch: 12, 7, 12, 12
2024-08-05 19:53:44 - INFO - Current Result:
2024-08-05 19:53:44 - INFO - \Hit15: 30.2048	MRR15: 12.1796	Recall15: 30.2048	Precision15: 2.0137
2024-08-05 19:53:44 - INFO - Best Result:
2024-08-05 19:53:44 - INFO - 	Hit15: 30.5887	MRR15: 12.3508	Recall15: 30.5887	Precision15: 2.0392	Epoch: 6, 7, 6, 6
2024-08-05 19:53:44 - INFO - Current Result:
2024-08-05 19:53:44 - INFO - \Hit20: 33.8737	MRR20: 12.3866	Recall20: 33.8737	Precision20: 1.6937
2024-08-05 19:53:44 - INFO - Best Result:
2024-08-05 19:53:44 - INFO - 	Hit20: 34.4283	MRR20: 12.5862	Recall20: 34.4283	Precision20: 1.7214	Epoch: 7, 7, 7, 7
2024-08-05 19:53:44 - INFO - EPOCH:18
2024-08-05 19:53:44 - INFO - Time:2024/08/05 19:53:44
2024-08-05 19:54:27 - INFO - loss: 31.99492835998535; rec_loss: 31.99492835998535; intent_loss: 5.522812352865003e-05 
2024-08-05 19:54:27 - INFO - Current Result:
2024-08-05 19:54:27 - INFO - \Hit5: 18.1314	MRR5: 10.7544	Recall5: 18.1314	Precision5: 3.6263
2024-08-05 19:54:27 - INFO - Best Result:
2024-08-05 19:54:27 - INFO - 	Hit5: 18.6433	MRR5: 11.0139	Recall5: 18.6433	Precision5: 3.7287	Epoch: 6, 6, 6, 6
2024-08-05 19:54:27 - INFO - Current Result:
2024-08-05 19:54:27 - INFO - \Hit10: 25.8106	MRR10: 11.7933	Recall10: 25.8106	Precision10: 2.5811
2024-08-05 19:54:27 - INFO - Best Result:
2024-08-05 19:54:27 - INFO - 	Hit10: 26.0666	MRR10: 12.0101	Recall10: 26.0666	Precision10: 2.6067	Epoch: 12, 7, 12, 12
2024-08-05 19:54:27 - INFO - Current Result:
2024-08-05 19:54:27 - INFO - \Hit15: 30.2474	MRR15: 12.1347	Recall15: 30.2474	Precision15: 2.0165
2024-08-05 19:54:27 - INFO - Best Result:
2024-08-05 19:54:27 - INFO - 	Hit15: 30.5887	MRR15: 12.3508	Recall15: 30.5887	Precision15: 2.0392	Epoch: 6, 7, 6, 6
2024-08-05 19:54:27 - INFO - Current Result:
2024-08-05 19:54:27 - INFO - \Hit20: 33.8737	MRR20: 12.3395	Recall20: 33.8737	Precision20: 1.6937
2024-08-05 19:54:27 - INFO - Best Result:
2024-08-05 19:54:27 - INFO - 	Hit20: 34.4283	MRR20: 12.5862	Recall20: 34.4283	Precision20: 1.7214	Epoch: 7, 7, 7, 7
2024-08-05 19:54:27 - INFO - EPOCH:19
2024-08-05 19:54:27 - INFO - Time:2024/08/05 19:54:27
2024-08-05 19:55:14 - INFO - loss: 32.02429962158203; rec_loss: 32.02429962158203; intent_loss: 5.565673200180754e-05 
2024-08-05 19:55:14 - INFO - Current Result:
2024-08-05 19:55:14 - INFO - \Hit5: 18.1741	MRR5: 10.8212	Recall5: 18.1741	Precision5: 3.6348
2024-08-05 19:55:14 - INFO - Best Result:
2024-08-05 19:55:14 - INFO - 	Hit5: 18.6433	MRR5: 11.0139	Recall5: 18.6433	Precision5: 3.7287	Epoch: 6, 6, 6, 6
2024-08-05 19:55:14 - INFO - Current Result:
2024-08-05 19:55:14 - INFO - \Hit10: 25.7679	MRR10: 11.8525	Recall10: 25.7679	Precision10: 2.5768
2024-08-05 19:55:14 - INFO - Best Result:
2024-08-05 19:55:14 - INFO - 	Hit10: 26.0666	MRR10: 12.0101	Recall10: 26.0666	Precision10: 2.6067	Epoch: 12, 7, 12, 12
2024-08-05 19:55:14 - INFO - Current Result:
2024-08-05 19:55:14 - INFO - \Hit15: 30.3328	MRR15: 12.2037	Recall15: 30.3328	Precision15: 2.0222
2024-08-05 19:55:14 - INFO - Best Result:
2024-08-05 19:55:14 - INFO - 	Hit15: 30.5887	MRR15: 12.3508	Recall15: 30.5887	Precision15: 2.0392	Epoch: 6, 7, 6, 6
2024-08-05 19:55:14 - INFO - Current Result:
2024-08-05 19:55:14 - INFO - \Hit20: 34.0017	MRR20: 12.4098	Recall20: 34.0017	Precision20: 1.7001
2024-08-05 19:55:14 - INFO - Best Result:
2024-08-05 19:55:14 - INFO - 	Hit20: 34.4283	MRR20: 12.5862	Recall20: 34.4283	Precision20: 1.7214	Epoch: 7, 7, 7, 7
2024-08-05 19:55:14 - INFO - EPOCH:20
2024-08-05 19:55:14 - INFO - Time:2024/08/05 19:55:14
2024-08-05 19:55:54 - INFO - loss: 31.974288940429688; rec_loss: 31.974288940429688; intent_loss: 5.521411003428511e-05 
2024-08-05 19:55:54 - INFO - Current Result:
2024-08-05 19:55:54 - INFO - \Hit5: 18.3020	MRR5: 10.8724	Recall5: 18.3020	Precision5: 3.6604
2024-08-05 19:55:54 - INFO - Best Result:
2024-08-05 19:55:54 - INFO - 	Hit5: 18.6433	MRR5: 11.0139	Recall5: 18.6433	Precision5: 3.7287	Epoch: 6, 6, 6, 6
2024-08-05 19:55:54 - INFO - Current Result:
2024-08-05 19:55:54 - INFO - \Hit10: 25.7253	MRR10: 11.8771	Recall10: 25.7253	Precision10: 2.5725
2024-08-05 19:55:54 - INFO - Best Result:
2024-08-05 19:55:54 - INFO - 	Hit10: 26.0666	MRR10: 12.0101	Recall10: 26.0666	Precision10: 2.6067	Epoch: 12, 7, 12, 12
2024-08-05 19:55:54 - INFO - Current Result:
2024-08-05 19:55:54 - INFO - \Hit15: 30.2474	MRR15: 12.2259	Recall15: 30.2474	Precision15: 2.0165
2024-08-05 19:55:54 - INFO - Best Result:
2024-08-05 19:55:54 - INFO - 	Hit15: 30.5887	MRR15: 12.3508	Recall15: 30.5887	Precision15: 2.0392	Epoch: 6, 7, 6, 6
2024-08-05 19:55:54 - INFO - Current Result:
2024-08-05 19:55:54 - INFO - \Hit20: 34.0017	MRR20: 12.4369	Recall20: 34.0017	Precision20: 1.7001
2024-08-05 19:55:54 - INFO - Best Result:
2024-08-05 19:55:54 - INFO - 	Hit20: 34.4283	MRR20: 12.5862	Recall20: 34.4283	Precision20: 1.7214	Epoch: 7, 7, 7, 7
2024-08-05 19:55:54 - INFO - EPOCH:21
2024-08-05 19:55:54 - INFO - Time:2024/08/05 19:55:54
2024-08-05 19:56:33 - INFO - loss: 31.691566467285156; rec_loss: 31.691566467285156; intent_loss: 5.566197432926856e-05 
2024-08-05 19:56:33 - INFO - Current Result:
2024-08-05 19:56:33 - INFO - \Hit5: 18.3020	MRR5: 10.8888	Recall5: 18.3020	Precision5: 3.6604
2024-08-05 19:56:33 - INFO - Best Result:
2024-08-05 19:56:33 - INFO - 	Hit5: 18.6433	MRR5: 11.0139	Recall5: 18.6433	Precision5: 3.7287	Epoch: 6, 6, 6, 6
2024-08-05 19:56:33 - INFO - Current Result:
2024-08-05 19:56:33 - INFO - \Hit10: 25.7253	MRR10: 11.8917	Recall10: 25.7253	Precision10: 2.5725
2024-08-05 19:56:33 - INFO - Best Result:
2024-08-05 19:56:33 - INFO - 	Hit10: 26.0666	MRR10: 12.0101	Recall10: 26.0666	Precision10: 2.6067	Epoch: 12, 7, 12, 12
2024-08-05 19:56:33 - INFO - Current Result:
2024-08-05 19:56:33 - INFO - \Hit15: 30.2474	MRR15: 12.2403	Recall15: 30.2474	Precision15: 2.0165
2024-08-05 19:56:33 - INFO - Best Result:
2024-08-05 19:56:33 - INFO - 	Hit15: 30.5887	MRR15: 12.3508	Recall15: 30.5887	Precision15: 2.0392	Epoch: 6, 7, 6, 6
2024-08-05 19:56:33 - INFO - Current Result:
2024-08-05 19:56:33 - INFO - \Hit20: 34.0017	MRR20: 12.4516	Recall20: 34.0017	Precision20: 1.7001
2024-08-05 19:56:33 - INFO - Best Result:
2024-08-05 19:56:33 - INFO - 	Hit20: 34.4283	MRR20: 12.5862	Recall20: 34.4283	Precision20: 1.7214	Epoch: 7, 7, 7, 7
2024-08-05 19:56:33 - INFO - EPOCH:22
2024-08-05 19:56:33 - INFO - Time:2024/08/05 19:56:33
2024-08-05 19:57:12 - INFO - loss: 31.983102798461914; rec_loss: 31.983102798461914; intent_loss: 5.512536517926492e-05 
2024-08-05 19:57:12 - INFO - Current Result:
2024-08-05 19:57:12 - INFO - \Hit5: 18.3020	MRR5: 10.8845	Recall5: 18.3020	Precision5: 3.6604
2024-08-05 19:57:12 - INFO - Best Result:
2024-08-05 19:57:12 - INFO - 	Hit5: 18.6433	MRR5: 11.0139	Recall5: 18.6433	Precision5: 3.7287	Epoch: 6, 6, 6, 6
2024-08-05 19:57:12 - INFO - Current Result:
2024-08-05 19:57:12 - INFO - \Hit10: 25.7253	MRR10: 11.8898	Recall10: 25.7253	Precision10: 2.5725
2024-08-05 19:57:12 - INFO - Best Result:
2024-08-05 19:57:12 - INFO - 	Hit10: 26.0666	MRR10: 12.0101	Recall10: 26.0666	Precision10: 2.6067	Epoch: 12, 7, 12, 12
2024-08-05 19:57:12 - INFO - Current Result:
2024-08-05 19:57:12 - INFO - \Hit15: 30.3328	MRR15: 12.2440	Recall15: 30.3328	Precision15: 2.0222
2024-08-05 19:57:12 - INFO - Best Result:
2024-08-05 19:57:12 - INFO - 	Hit15: 30.5887	MRR15: 12.3508	Recall15: 30.5887	Precision15: 2.0392	Epoch: 6, 7, 6, 6
2024-08-05 19:57:12 - INFO - Current Result:
2024-08-05 19:57:12 - INFO - \Hit20: 34.0017	MRR20: 12.4501	Recall20: 34.0017	Precision20: 1.7001
2024-08-05 19:57:12 - INFO - Best Result:
2024-08-05 19:57:12 - INFO - 	Hit20: 34.4283	MRR20: 12.5862	Recall20: 34.4283	Precision20: 1.7214	Epoch: 7, 7, 7, 7
2024-08-05 19:57:12 - INFO - EPOCH:23
2024-08-05 19:57:12 - INFO - Time:2024/08/05 19:57:12
2024-08-05 19:57:55 - INFO - loss: 31.789758682250977; rec_loss: 31.789758682250977; intent_loss: 5.514923395821825e-05 
2024-08-05 19:57:55 - INFO - Current Result:
2024-08-05 19:57:55 - INFO - \Hit5: 18.2594	MRR5: 10.8938	Recall5: 18.2594	Precision5: 3.6519
2024-08-05 19:57:55 - INFO - Best Result:
2024-08-05 19:57:55 - INFO - 	Hit5: 18.6433	MRR5: 11.0139	Recall5: 18.6433	Precision5: 3.7287	Epoch: 6, 6, 6, 6
2024-08-05 19:57:55 - INFO - Current Result:
2024-08-05 19:57:55 - INFO - \Hit10: 25.7253	MRR10: 11.9036	Recall10: 25.7253	Precision10: 2.5725
2024-08-05 19:57:55 - INFO - Best Result:
2024-08-05 19:57:55 - INFO - 	Hit10: 26.0666	MRR10: 12.0101	Recall10: 26.0666	Precision10: 2.6067	Epoch: 12, 7, 12, 12
2024-08-05 19:57:55 - INFO - Current Result:
2024-08-05 19:57:55 - INFO - \Hit15: 30.3328	MRR15: 12.2585	Recall15: 30.3328	Precision15: 2.0222
2024-08-05 19:57:55 - INFO - Best Result:
2024-08-05 19:57:55 - INFO - 	Hit15: 30.5887	MRR15: 12.3508	Recall15: 30.5887	Precision15: 2.0392	Epoch: 6, 7, 6, 6
2024-08-05 19:57:55 - INFO - Current Result:
2024-08-05 19:57:55 - INFO - \Hit20: 34.0017	MRR20: 12.4643	Recall20: 34.0017	Precision20: 1.7001
2024-08-05 19:57:55 - INFO - Best Result:
2024-08-05 19:57:55 - INFO - 	Hit20: 34.4283	MRR20: 12.5862	Recall20: 34.4283	Precision20: 1.7214	Epoch: 7, 7, 7, 7
2024-08-05 19:57:55 - INFO - EPOCH:24
2024-08-05 19:57:55 - INFO - Time:2024/08/05 19:57:55
2024-08-05 19:58:40 - INFO - loss: 31.731082916259766; rec_loss: 31.731082916259766; intent_loss: 5.514937947737053e-05 
2024-08-05 19:58:40 - INFO - Current Result:
2024-08-05 19:58:40 - INFO - \Hit5: 18.1741	MRR5: 10.8838	Recall5: 18.1741	Precision5: 3.6348
2024-08-05 19:58:40 - INFO - Best Result:
2024-08-05 19:58:40 - INFO - 	Hit5: 18.6433	MRR5: 11.0139	Recall5: 18.6433	Precision5: 3.7287	Epoch: 6, 6, 6, 6
2024-08-05 19:58:40 - INFO - Current Result:
2024-08-05 19:58:40 - INFO - \Hit10: 25.7679	MRR10: 11.9116	Recall10: 25.7679	Precision10: 2.5768
2024-08-05 19:58:40 - INFO - Best Result:
2024-08-05 19:58:40 - INFO - 	Hit10: 26.0666	MRR10: 12.0101	Recall10: 26.0666	Precision10: 2.6067	Epoch: 12, 7, 12, 12
2024-08-05 19:58:40 - INFO - Current Result:
2024-08-05 19:58:40 - INFO - \Hit15: 30.3328	MRR15: 12.2628	Recall15: 30.3328	Precision15: 2.0222
2024-08-05 19:58:40 - INFO - Best Result:
2024-08-05 19:58:40 - INFO - 	Hit15: 30.5887	MRR15: 12.3508	Recall15: 30.5887	Precision15: 2.0392	Epoch: 6, 7, 6, 6
2024-08-05 19:58:40 - INFO - Current Result:
2024-08-05 19:58:40 - INFO - \Hit20: 34.0444	MRR20: 12.4711	Recall20: 34.0444	Precision20: 1.7022
2024-08-05 19:58:40 - INFO - Best Result:
2024-08-05 19:58:40 - INFO - 	Hit20: 34.4283	MRR20: 12.5862	Recall20: 34.4283	Precision20: 1.7214	Epoch: 7, 7, 7, 7
2024-08-05 19:58:40 - INFO - EPOCH:25
2024-08-05 19:58:40 - INFO - Time:2024/08/05 19:58:40
2024-08-05 19:59:25 - INFO - loss: 31.763885498046875; rec_loss: 31.763885498046875; intent_loss: 5.508478716365062e-05 
2024-08-05 19:59:25 - INFO - Current Result:
2024-08-05 19:59:25 - INFO - \Hit5: 18.1741	MRR5: 10.8909	Recall5: 18.1741	Precision5: 3.6348
2024-08-05 19:59:25 - INFO - Best Result:
2024-08-05 19:59:25 - INFO - 	Hit5: 18.6433	MRR5: 11.0139	Recall5: 18.6433	Precision5: 3.7287	Epoch: 6, 6, 6, 6
2024-08-05 19:59:25 - INFO - Current Result:
2024-08-05 19:59:25 - INFO - \Hit10: 25.7253	MRR10: 11.9144	Recall10: 25.7253	Precision10: 2.5725
2024-08-05 19:59:25 - INFO - Best Result:
2024-08-05 19:59:25 - INFO - 	Hit10: 26.0666	MRR10: 12.0101	Recall10: 26.0666	Precision10: 2.6067	Epoch: 12, 7, 12, 12
2024-08-05 19:59:25 - INFO - Current Result:
2024-08-05 19:59:25 - INFO - \Hit15: 30.3328	MRR15: 12.2692	Recall15: 30.3328	Precision15: 2.0222
2024-08-05 19:59:25 - INFO - Best Result:
2024-08-05 19:59:25 - INFO - 	Hit15: 30.5887	MRR15: 12.3508	Recall15: 30.5887	Precision15: 2.0392	Epoch: 6, 7, 6, 6
2024-08-05 19:59:25 - INFO - Current Result:
2024-08-05 19:59:25 - INFO - \Hit20: 34.0444	MRR20: 12.4772	Recall20: 34.0444	Precision20: 1.7022
2024-08-05 19:59:25 - INFO - Best Result:
2024-08-05 19:59:25 - INFO - 	Hit20: 34.4283	MRR20: 12.5862	Recall20: 34.4283	Precision20: 1.7214	Epoch: 7, 7, 7, 7
2024-08-05 19:59:25 - INFO - EPOCH:26
2024-08-05 19:59:25 - INFO - Time:2024/08/05 19:59:25
2024-08-05 20:00:10 - INFO - loss: 31.759727478027344; rec_loss: 31.759727478027344; intent_loss: 5.514046279131435e-05 
2024-08-05 20:00:10 - INFO - Current Result:
2024-08-05 20:00:10 - INFO - \Hit5: 18.1741	MRR5: 10.8838	Recall5: 18.1741	Precision5: 3.6348
2024-08-05 20:00:10 - INFO - Best Result:
2024-08-05 20:00:10 - INFO - 	Hit5: 18.6433	MRR5: 11.0139	Recall5: 18.6433	Precision5: 3.7287	Epoch: 6, 6, 6, 6
2024-08-05 20:00:10 - INFO - Current Result:
2024-08-05 20:00:10 - INFO - \Hit10: 25.7679	MRR10: 11.9123	Recall10: 25.7679	Precision10: 2.5768
2024-08-05 20:00:10 - INFO - Best Result:
2024-08-05 20:00:10 - INFO - 	Hit10: 26.0666	MRR10: 12.0101	Recall10: 26.0666	Precision10: 2.6067	Epoch: 12, 7, 12, 12
2024-08-05 20:00:10 - INFO - Current Result:
2024-08-05 20:00:10 - INFO - \Hit15: 30.3328	MRR15: 12.2632	Recall15: 30.3328	Precision15: 2.0222
2024-08-05 20:00:10 - INFO - Best Result:
2024-08-05 20:00:10 - INFO - 	Hit15: 30.5887	MRR15: 12.3508	Recall15: 30.5887	Precision15: 2.0392	Epoch: 6, 7, 6, 6
2024-08-05 20:00:10 - INFO - Current Result:
2024-08-05 20:00:10 - INFO - \Hit20: 34.0444	MRR20: 12.4714	Recall20: 34.0444	Precision20: 1.7022
2024-08-05 20:00:10 - INFO - Best Result:
2024-08-05 20:00:10 - INFO - 	Hit20: 34.4283	MRR20: 12.5862	Recall20: 34.4283	Precision20: 1.7214	Epoch: 7, 7, 7, 7
2024-08-05 20:00:10 - INFO - EPOCH:27
2024-08-05 20:00:10 - INFO - Time:2024/08/05 20:00:10
2024-08-05 20:00:51 - INFO - loss: 31.832929611206055; rec_loss: 31.832929611206055; intent_loss: 5.51092998648528e-05 
2024-08-05 20:00:51 - INFO - Current Result:
2024-08-05 20:00:51 - INFO - \Hit5: 18.1741	MRR5: 10.8909	Recall5: 18.1741	Precision5: 3.6348
2024-08-05 20:00:51 - INFO - Best Result:
2024-08-05 20:00:51 - INFO - 	Hit5: 18.6433	MRR5: 11.0139	Recall5: 18.6433	Precision5: 3.7287	Epoch: 6, 6, 6, 6
2024-08-05 20:00:51 - INFO - Current Result:
2024-08-05 20:00:51 - INFO - \Hit10: 25.7253	MRR10: 11.9134	Recall10: 25.7253	Precision10: 2.5725
2024-08-05 20:00:51 - INFO - Best Result:
2024-08-05 20:00:51 - INFO - 	Hit10: 26.0666	MRR10: 12.0101	Recall10: 26.0666	Precision10: 2.6067	Epoch: 12, 7, 12, 12
2024-08-05 20:00:51 - INFO - Current Result:
2024-08-05 20:00:51 - INFO - \Hit15: 30.3328	MRR15: 12.2682	Recall15: 30.3328	Precision15: 2.0222
2024-08-05 20:00:51 - INFO - Best Result:
2024-08-05 20:00:51 - INFO - 	Hit15: 30.5887	MRR15: 12.3508	Recall15: 30.5887	Precision15: 2.0392	Epoch: 6, 7, 6, 6
2024-08-05 20:00:51 - INFO - Current Result:
2024-08-05 20:00:51 - INFO - \Hit20: 34.0444	MRR20: 12.4762	Recall20: 34.0444	Precision20: 1.7022
2024-08-05 20:00:51 - INFO - Best Result:
2024-08-05 20:00:51 - INFO - 	Hit20: 34.4283	MRR20: 12.5862	Recall20: 34.4283	Precision20: 1.7214	Epoch: 7, 7, 7, 7
2024-08-05 20:00:51 - INFO - EPOCH:28
2024-08-05 20:00:51 - INFO - Time:2024/08/05 20:00:51
2024-08-05 20:01:23 - INFO - loss: 31.830123901367188; rec_loss: 31.830123901367188; intent_loss: 5.501917257788591e-05 
2024-08-05 20:01:23 - INFO - Current Result:
2024-08-05 20:01:23 - INFO - \Hit5: 18.1741	MRR5: 10.8625	Recall5: 18.1741	Precision5: 3.6348
2024-08-05 20:01:23 - INFO - Best Result:
2024-08-05 20:01:23 - INFO - 	Hit5: 18.6433	MRR5: 11.0139	Recall5: 18.6433	Precision5: 3.7287	Epoch: 6, 6, 6, 6
2024-08-05 20:01:23 - INFO - Current Result:
2024-08-05 20:01:23 - INFO - \Hit10: 25.7679	MRR10: 11.8892	Recall10: 25.7679	Precision10: 2.5768
2024-08-05 20:01:23 - INFO - Best Result:
2024-08-05 20:01:23 - INFO - 	Hit10: 26.0666	MRR10: 12.0101	Recall10: 26.0666	Precision10: 2.6067	Epoch: 12, 7, 12, 12
2024-08-05 20:01:23 - INFO - Current Result:
2024-08-05 20:01:23 - INFO - \Hit15: 30.3328	MRR15: 12.2401	Recall15: 30.3328	Precision15: 2.0222
2024-08-05 20:01:23 - INFO - Best Result:
2024-08-05 20:01:23 - INFO - 	Hit15: 30.5887	MRR15: 12.3508	Recall15: 30.5887	Precision15: 2.0392	Epoch: 6, 7, 6, 6
2024-08-05 20:01:23 - INFO - Current Result:
2024-08-05 20:01:23 - INFO - \Hit20: 34.0444	MRR20: 12.4482	Recall20: 34.0444	Precision20: 1.7022
2024-08-05 20:01:23 - INFO - Best Result:
2024-08-05 20:01:23 - INFO - 	Hit20: 34.4283	MRR20: 12.5862	Recall20: 34.4283	Precision20: 1.7214	Epoch: 7, 7, 7, 7
2024-08-05 20:01:23 - INFO - EPOCH:29
2024-08-05 20:01:23 - INFO - Time:2024/08/05 20:01:23
2024-08-05 20:02:12 - INFO - loss: 31.733142852783203; rec_loss: 31.733142852783203; intent_loss: 5.561234138440341e-05 
2024-08-05 20:02:12 - INFO - Current Result:
2024-08-05 20:02:12 - INFO - \Hit5: 18.1741	MRR5: 10.8696	Recall5: 18.1741	Precision5: 3.6348
2024-08-05 20:02:12 - INFO - Best Result:
2024-08-05 20:02:12 - INFO - 	Hit5: 18.6433	MRR5: 11.0139	Recall5: 18.6433	Precision5: 3.7287	Epoch: 6, 6, 6, 6
2024-08-05 20:02:12 - INFO - Current Result:
2024-08-05 20:02:12 - INFO - \Hit10: 25.7679	MRR10: 11.8991	Recall10: 25.7679	Precision10: 2.5768
2024-08-05 20:02:12 - INFO - Best Result:
2024-08-05 20:02:12 - INFO - 	Hit10: 26.0666	MRR10: 12.0101	Recall10: 26.0666	Precision10: 2.6067	Epoch: 12, 7, 12, 12
2024-08-05 20:02:12 - INFO - Current Result:
2024-08-05 20:02:12 - INFO - \Hit15: 30.3328	MRR15: 12.2500	Recall15: 30.3328	Precision15: 2.0222
2024-08-05 20:02:12 - INFO - Best Result:
2024-08-05 20:02:12 - INFO - 	Hit15: 30.5887	MRR15: 12.3508	Recall15: 30.5887	Precision15: 2.0392	Epoch: 6, 7, 6, 6
2024-08-05 20:02:12 - INFO - Current Result:
2024-08-05 20:02:12 - INFO - \Hit20: 34.0444	MRR20: 12.4582	Recall20: 34.0444	Precision20: 1.7022
2024-08-05 20:02:12 - INFO - Best Result:
2024-08-05 20:02:12 - INFO - 	Hit20: 34.4283	MRR20: 12.5862	Recall20: 34.4283	Precision20: 1.7214	Epoch: 7, 7, 7, 7
2024-08-05 20:02:12 - INFO - EPOCH:30
2024-08-05 20:02:12 - INFO - Time:2024/08/05 20:02:12
2024-08-05 20:02:59 - INFO - loss: 31.705949783325195; rec_loss: 31.705949783325195; intent_loss: 5.505045555764809e-05 
2024-08-05 20:02:59 - INFO - Current Result:
2024-08-05 20:02:59 - INFO - \Hit5: 18.1741	MRR5: 10.8696	Recall5: 18.1741	Precision5: 3.6348
2024-08-05 20:02:59 - INFO - Best Result:
2024-08-05 20:02:59 - INFO - 	Hit5: 18.6433	MRR5: 11.0139	Recall5: 18.6433	Precision5: 3.7287	Epoch: 6, 6, 6, 6
2024-08-05 20:02:59 - INFO - Current Result:
2024-08-05 20:02:59 - INFO - \Hit10: 25.7679	MRR10: 11.8991	Recall10: 25.7679	Precision10: 2.5768
2024-08-05 20:02:59 - INFO - Best Result:
2024-08-05 20:02:59 - INFO - 	Hit10: 26.0666	MRR10: 12.0101	Recall10: 26.0666	Precision10: 2.6067	Epoch: 12, 7, 12, 12
2024-08-05 20:02:59 - INFO - Current Result:
2024-08-05 20:02:59 - INFO - \Hit15: 30.3328	MRR15: 12.2500	Recall15: 30.3328	Precision15: 2.0222
2024-08-05 20:02:59 - INFO - Best Result:
2024-08-05 20:02:59 - INFO - 	Hit15: 30.5887	MRR15: 12.3508	Recall15: 30.5887	Precision15: 2.0392	Epoch: 6, 7, 6, 6
2024-08-05 20:02:59 - INFO - Current Result:
2024-08-05 20:02:59 - INFO - \Hit20: 34.0444	MRR20: 12.4581	Recall20: 34.0444	Precision20: 1.7022
2024-08-05 20:02:59 - INFO - Best Result:
2024-08-05 20:02:59 - INFO - 	Hit20: 34.4283	MRR20: 12.5862	Recall20: 34.4283	Precision20: 1.7214	Epoch: 7, 7, 7, 7
2024-08-05 20:02:59 - INFO - EPOCH:31
2024-08-05 20:02:59 - INFO - Time:2024/08/05 20:02:59
2024-08-05 20:03:46 - INFO - loss: 31.77698516845703; rec_loss: 31.77698516845703; intent_loss: 5.505079752765596e-05 
2024-08-05 20:03:46 - INFO - Current Result:
2024-08-05 20:03:46 - INFO - \Hit5: 18.1741	MRR5: 10.8696	Recall5: 18.1741	Precision5: 3.6348
2024-08-05 20:03:46 - INFO - Best Result:
2024-08-05 20:03:46 - INFO - 	Hit5: 18.6433	MRR5: 11.0139	Recall5: 18.6433	Precision5: 3.7287	Epoch: 6, 6, 6, 6
2024-08-05 20:03:46 - INFO - Current Result:
2024-08-05 20:03:46 - INFO - \Hit10: 25.7679	MRR10: 11.8991	Recall10: 25.7679	Precision10: 2.5768
2024-08-05 20:03:46 - INFO - Best Result:
2024-08-05 20:03:46 - INFO - 	Hit10: 26.0666	MRR10: 12.0101	Recall10: 26.0666	Precision10: 2.6067	Epoch: 12, 7, 12, 12
2024-08-05 20:03:46 - INFO - Current Result:
2024-08-05 20:03:46 - INFO - \Hit15: 30.3328	MRR15: 12.2500	Recall15: 30.3328	Precision15: 2.0222
2024-08-05 20:03:46 - INFO - Best Result:
2024-08-05 20:03:46 - INFO - 	Hit15: 30.5887	MRR15: 12.3508	Recall15: 30.5887	Precision15: 2.0392	Epoch: 6, 7, 6, 6
2024-08-05 20:03:46 - INFO - Current Result:
2024-08-05 20:03:46 - INFO - \Hit20: 34.0444	MRR20: 12.4581	Recall20: 34.0444	Precision20: 1.7022
2024-08-05 20:03:46 - INFO - Best Result:
2024-08-05 20:03:46 - INFO - 	Hit20: 34.4283	MRR20: 12.5862	Recall20: 34.4283	Precision20: 1.7214	Epoch: 7, 7, 7, 7
2024-08-05 20:03:46 - INFO - EPOCH:32
2024-08-05 20:03:46 - INFO - Time:2024/08/05 20:03:46
2024-08-05 20:04:15 - INFO - loss: 31.700632095336914; rec_loss: 31.700632095336914; intent_loss: 5.505028093466535e-05 
2024-08-05 20:04:15 - INFO - Current Result:
2024-08-05 20:04:15 - INFO - \Hit5: 18.1741	MRR5: 10.8696	Recall5: 18.1741	Precision5: 3.6348
2024-08-05 20:04:15 - INFO - Best Result:
2024-08-05 20:04:15 - INFO - 	Hit5: 18.6433	MRR5: 11.0139	Recall5: 18.6433	Precision5: 3.7287	Epoch: 6, 6, 6, 6
2024-08-05 20:04:15 - INFO - Current Result:
2024-08-05 20:04:15 - INFO - \Hit10: 25.7679	MRR10: 11.8991	Recall10: 25.7679	Precision10: 2.5768
2024-08-05 20:04:15 - INFO - Best Result:
2024-08-05 20:04:15 - INFO - 	Hit10: 26.0666	MRR10: 12.0101	Recall10: 26.0666	Precision10: 2.6067	Epoch: 12, 7, 12, 12
2024-08-05 20:04:15 - INFO - Current Result:
2024-08-05 20:04:15 - INFO - \Hit15: 30.3328	MRR15: 12.2500	Recall15: 30.3328	Precision15: 2.0222
2024-08-05 20:04:15 - INFO - Best Result:
2024-08-05 20:04:15 - INFO - 	Hit15: 30.5887	MRR15: 12.3508	Recall15: 30.5887	Precision15: 2.0392	Epoch: 6, 7, 6, 6
2024-08-05 20:04:15 - INFO - Current Result:
2024-08-05 20:04:15 - INFO - \Hit20: 34.0444	MRR20: 12.4581	Recall20: 34.0444	Precision20: 1.7022
2024-08-05 20:04:15 - INFO - Best Result:
2024-08-05 20:04:15 - INFO - 	Hit20: 34.4283	MRR20: 12.5862	Recall20: 34.4283	Precision20: 1.7214	Epoch: 7, 7, 7, 7
2024-08-05 20:04:15 - INFO - EPOCH:33
2024-08-05 20:04:15 - INFO - Time:2024/08/05 20:04:15
2024-08-05 20:04:49 - INFO - loss: 31.768253326416016; rec_loss: 31.768253326416016; intent_loss: 5.5640928621869534e-05 
2024-08-05 20:04:50 - INFO - Current Result:
2024-08-05 20:04:50 - INFO - \Hit5: 18.1741	MRR5: 10.8696	Recall5: 18.1741	Precision5: 3.6348
2024-08-05 20:04:50 - INFO - Best Result:
2024-08-05 20:04:50 - INFO - 	Hit5: 18.6433	MRR5: 11.0139	Recall5: 18.6433	Precision5: 3.7287	Epoch: 6, 6, 6, 6
2024-08-05 20:04:50 - INFO - Current Result:
2024-08-05 20:04:50 - INFO - \Hit10: 25.7679	MRR10: 11.8991	Recall10: 25.7679	Precision10: 2.5768
2024-08-05 20:04:50 - INFO - Best Result:
2024-08-05 20:04:50 - INFO - 	Hit10: 26.0666	MRR10: 12.0101	Recall10: 26.0666	Precision10: 2.6067	Epoch: 12, 7, 12, 12
2024-08-05 20:04:50 - INFO - Current Result:
2024-08-05 20:04:50 - INFO - \Hit15: 30.3328	MRR15: 12.2500	Recall15: 30.3328	Precision15: 2.0222
2024-08-05 20:04:50 - INFO - Best Result:
2024-08-05 20:04:50 - INFO - 	Hit15: 30.5887	MRR15: 12.3508	Recall15: 30.5887	Precision15: 2.0392	Epoch: 6, 7, 6, 6
2024-08-05 20:04:50 - INFO - Current Result:
2024-08-05 20:04:50 - INFO - \Hit20: 34.0444	MRR20: 12.4582	Recall20: 34.0444	Precision20: 1.7022
2024-08-05 20:04:50 - INFO - Best Result:
2024-08-05 20:04:50 - INFO - 	Hit20: 34.4283	MRR20: 12.5862	Recall20: 34.4283	Precision20: 1.7214	Epoch: 7, 7, 7, 7
2024-08-05 20:04:50 - INFO - EPOCH:34
2024-08-05 20:04:50 - INFO - Time:2024/08/05 20:04:50
2024-08-05 20:05:26 - INFO - loss: 31.587173461914062; rec_loss: 31.587173461914062; intent_loss: 5.504762884811498e-05 
2024-08-05 20:05:26 - INFO - Current Result:
2024-08-05 20:05:26 - INFO - \Hit5: 18.1741	MRR5: 10.8696	Recall5: 18.1741	Precision5: 3.6348
2024-08-05 20:05:26 - INFO - Best Result:
2024-08-05 20:05:26 - INFO - 	Hit5: 18.6433	MRR5: 11.0139	Recall5: 18.6433	Precision5: 3.7287	Epoch: 6, 6, 6, 6
2024-08-05 20:05:26 - INFO - Current Result:
2024-08-05 20:05:26 - INFO - \Hit10: 25.7679	MRR10: 11.8991	Recall10: 25.7679	Precision10: 2.5768
2024-08-05 20:05:26 - INFO - Best Result:
2024-08-05 20:05:26 - INFO - 	Hit10: 26.0666	MRR10: 12.0101	Recall10: 26.0666	Precision10: 2.6067	Epoch: 12, 7, 12, 12
2024-08-05 20:05:26 - INFO - Current Result:
2024-08-05 20:05:26 - INFO - \Hit15: 30.3328	MRR15: 12.2500	Recall15: 30.3328	Precision15: 2.0222
2024-08-05 20:05:26 - INFO - Best Result:
2024-08-05 20:05:26 - INFO - 	Hit15: 30.5887	MRR15: 12.3508	Recall15: 30.5887	Precision15: 2.0392	Epoch: 6, 7, 6, 6
2024-08-05 20:05:26 - INFO - Current Result:
2024-08-05 20:05:26 - INFO - \Hit20: 34.0444	MRR20: 12.4581	Recall20: 34.0444	Precision20: 1.7022
2024-08-05 20:05:26 - INFO - Best Result:
2024-08-05 20:05:26 - INFO - 	Hit20: 34.4283	MRR20: 12.5862	Recall20: 34.4283	Precision20: 1.7214	Epoch: 7, 7, 7, 7
2024-08-05 20:05:26 - INFO - EPOCH:35
2024-08-05 20:05:26 - INFO - Time:2024/08/05 20:05:26
2024-08-05 20:06:03 - INFO - loss: 31.660442352294922; rec_loss: 31.660442352294922; intent_loss: 5.5047501518856734e-05 
2024-08-05 20:06:03 - INFO - Current Result:
2024-08-05 20:06:03 - INFO - \Hit5: 18.1741	MRR5: 10.8696	Recall5: 18.1741	Precision5: 3.6348
2024-08-05 20:06:03 - INFO - Best Result:
2024-08-05 20:06:03 - INFO - 	Hit5: 18.6433	MRR5: 11.0139	Recall5: 18.6433	Precision5: 3.7287	Epoch: 6, 6, 6, 6
2024-08-05 20:06:03 - INFO - Current Result:
2024-08-05 20:06:03 - INFO - \Hit10: 25.7679	MRR10: 11.8991	Recall10: 25.7679	Precision10: 2.5768
2024-08-05 20:06:03 - INFO - Best Result:
2024-08-05 20:06:03 - INFO - 	Hit10: 26.0666	MRR10: 12.0101	Recall10: 26.0666	Precision10: 2.6067	Epoch: 12, 7, 12, 12
2024-08-05 20:06:03 - INFO - Current Result:
2024-08-05 20:06:03 - INFO - \Hit15: 30.3328	MRR15: 12.2500	Recall15: 30.3328	Precision15: 2.0222
2024-08-05 20:06:03 - INFO - Best Result:
2024-08-05 20:06:03 - INFO - 	Hit15: 30.5887	MRR15: 12.3508	Recall15: 30.5887	Precision15: 2.0392	Epoch: 6, 7, 6, 6
2024-08-05 20:06:03 - INFO - Current Result:
2024-08-05 20:06:03 - INFO - \Hit20: 34.0444	MRR20: 12.4581	Recall20: 34.0444	Precision20: 1.7022
2024-08-05 20:06:03 - INFO - Best Result:
2024-08-05 20:06:03 - INFO - 	Hit20: 34.4283	MRR20: 12.5862	Recall20: 34.4283	Precision20: 1.7214	Epoch: 7, 7, 7, 7
2024-08-05 20:06:03 - INFO - EPOCH:36
2024-08-05 20:06:03 - INFO - Time:2024/08/05 20:06:03
2024-08-05 20:06:40 - INFO - loss: 31.593019485473633; rec_loss: 31.593019485473633; intent_loss: 5.502444400917739e-05 
2024-08-05 20:06:40 - INFO - Current Result:
2024-08-05 20:06:40 - INFO - \Hit5: 18.1741	MRR5: 10.8696	Recall5: 18.1741	Precision5: 3.6348
2024-08-05 20:06:40 - INFO - Best Result:
2024-08-05 20:06:40 - INFO - 	Hit5: 18.6433	MRR5: 11.0139	Recall5: 18.6433	Precision5: 3.7287	Epoch: 6, 6, 6, 6
2024-08-05 20:06:40 - INFO - Current Result:
2024-08-05 20:06:40 - INFO - \Hit10: 25.7679	MRR10: 11.8973	Recall10: 25.7679	Precision10: 2.5768
2024-08-05 20:06:40 - INFO - Best Result:
2024-08-05 20:06:40 - INFO - 	Hit10: 26.0666	MRR10: 12.0101	Recall10: 26.0666	Precision10: 2.6067	Epoch: 12, 7, 12, 12
2024-08-05 20:06:40 - INFO - Current Result:
2024-08-05 20:06:40 - INFO - \Hit15: 30.3328	MRR15: 12.2482	Recall15: 30.3328	Precision15: 2.0222
2024-08-05 20:06:40 - INFO - Best Result:
2024-08-05 20:06:40 - INFO - 	Hit15: 30.5887	MRR15: 12.3508	Recall15: 30.5887	Precision15: 2.0392	Epoch: 6, 7, 6, 6
2024-08-05 20:06:40 - INFO - Current Result:
2024-08-05 20:06:40 - INFO - \Hit20: 34.0444	MRR20: 12.4564	Recall20: 34.0444	Precision20: 1.7022
2024-08-05 20:06:40 - INFO - Best Result:
2024-08-05 20:06:40 - INFO - 	Hit20: 34.4283	MRR20: 12.5862	Recall20: 34.4283	Precision20: 1.7214	Epoch: 7, 7, 7, 7
2024-08-05 20:06:40 - INFO - EPOCH:37
2024-08-05 20:06:40 - INFO - Time:2024/08/05 20:06:40
2024-08-05 20:07:16 - INFO - loss: 31.716598510742188; rec_loss: 31.716598510742188; intent_loss: 5.5005872127367184e-05 
2024-08-05 20:07:16 - INFO - Current Result:
2024-08-05 20:07:16 - INFO - \Hit5: 18.1741	MRR5: 10.8696	Recall5: 18.1741	Precision5: 3.6348
2024-08-05 20:07:16 - INFO - Best Result:
2024-08-05 20:07:16 - INFO - 	Hit5: 18.6433	MRR5: 11.0139	Recall5: 18.6433	Precision5: 3.7287	Epoch: 6, 6, 6, 6
2024-08-05 20:07:16 - INFO - Current Result:
2024-08-05 20:07:16 - INFO - \Hit10: 25.7679	MRR10: 11.8973	Recall10: 25.7679	Precision10: 2.5768
2024-08-05 20:07:16 - INFO - Best Result:
2024-08-05 20:07:16 - INFO - 	Hit10: 26.0666	MRR10: 12.0101	Recall10: 26.0666	Precision10: 2.6067	Epoch: 12, 7, 12, 12
2024-08-05 20:07:16 - INFO - Current Result:
2024-08-05 20:07:16 - INFO - \Hit15: 30.3328	MRR15: 12.2482	Recall15: 30.3328	Precision15: 2.0222
2024-08-05 20:07:16 - INFO - Best Result:
2024-08-05 20:07:16 - INFO - 	Hit15: 30.5887	MRR15: 12.3508	Recall15: 30.5887	Precision15: 2.0392	Epoch: 6, 7, 6, 6
2024-08-05 20:07:16 - INFO - Current Result:
2024-08-05 20:07:16 - INFO - \Hit20: 34.0444	MRR20: 12.4564	Recall20: 34.0444	Precision20: 1.7022
2024-08-05 20:07:16 - INFO - Best Result:
2024-08-05 20:07:16 - INFO - 	Hit20: 34.4283	MRR20: 12.5862	Recall20: 34.4283	Precision20: 1.7214	Epoch: 7, 7, 7, 7
2024-08-05 20:07:16 - INFO - EPOCH:38
2024-08-05 20:07:16 - INFO - Time:2024/08/05 20:07:16
2024-08-05 20:07:52 - INFO - loss: 31.58068084716797; rec_loss: 31.58068084716797; intent_loss: 5.500354018295184e-05 
2024-08-05 20:07:52 - INFO - Current Result:
2024-08-05 20:07:52 - INFO - \Hit5: 18.1741	MRR5: 10.8696	Recall5: 18.1741	Precision5: 3.6348
2024-08-05 20:07:52 - INFO - Best Result:
2024-08-05 20:07:52 - INFO - 	Hit5: 18.6433	MRR5: 11.0139	Recall5: 18.6433	Precision5: 3.7287	Epoch: 6, 6, 6, 6
2024-08-05 20:07:52 - INFO - Current Result:
2024-08-05 20:07:52 - INFO - \Hit10: 25.7679	MRR10: 11.8973	Recall10: 25.7679	Precision10: 2.5768
2024-08-05 20:07:52 - INFO - Best Result:
2024-08-05 20:07:52 - INFO - 	Hit10: 26.0666	MRR10: 12.0101	Recall10: 26.0666	Precision10: 2.6067	Epoch: 12, 7, 12, 12
2024-08-05 20:07:52 - INFO - Current Result:
2024-08-05 20:07:52 - INFO - \Hit15: 30.3328	MRR15: 12.2482	Recall15: 30.3328	Precision15: 2.0222
2024-08-05 20:07:52 - INFO - Best Result:
2024-08-05 20:07:52 - INFO - 	Hit15: 30.5887	MRR15: 12.3508	Recall15: 30.5887	Precision15: 2.0392	Epoch: 6, 7, 6, 6
2024-08-05 20:07:52 - INFO - Current Result:
2024-08-05 20:07:52 - INFO - \Hit20: 34.0444	MRR20: 12.4564	Recall20: 34.0444	Precision20: 1.7022
2024-08-05 20:07:52 - INFO - Best Result:
2024-08-05 20:07:52 - INFO - 	Hit20: 34.4283	MRR20: 12.5862	Recall20: 34.4283	Precision20: 1.7214	Epoch: 7, 7, 7, 7
2024-08-05 20:07:52 - INFO - EPOCH:39
2024-08-05 20:07:52 - INFO - Time:2024/08/05 20:07:52
2024-08-05 20:08:31 - INFO - loss: 31.637630462646484; rec_loss: 31.637630462646484; intent_loss: 5.5003329180181026e-05 
2024-08-05 20:08:31 - INFO - Current Result:
2024-08-05 20:08:31 - INFO - \Hit5: 18.1741	MRR5: 10.8696	Recall5: 18.1741	Precision5: 3.6348
2024-08-05 20:08:31 - INFO - Best Result:
2024-08-05 20:08:31 - INFO - 	Hit5: 18.6433	MRR5: 11.0139	Recall5: 18.6433	Precision5: 3.7287	Epoch: 6, 6, 6, 6
2024-08-05 20:08:31 - INFO - Current Result:
2024-08-05 20:08:31 - INFO - \Hit10: 25.7679	MRR10: 11.8973	Recall10: 25.7679	Precision10: 2.5768
2024-08-05 20:08:31 - INFO - Best Result:
2024-08-05 20:08:31 - INFO - 	Hit10: 26.0666	MRR10: 12.0101	Recall10: 26.0666	Precision10: 2.6067	Epoch: 12, 7, 12, 12
2024-08-05 20:08:31 - INFO - Current Result:
2024-08-05 20:08:31 - INFO - \Hit15: 30.3328	MRR15: 12.2482	Recall15: 30.3328	Precision15: 2.0222
2024-08-05 20:08:31 - INFO - Best Result:
2024-08-05 20:08:31 - INFO - 	Hit15: 30.5887	MRR15: 12.3508	Recall15: 30.5887	Precision15: 2.0392	Epoch: 6, 7, 6, 6
2024-08-05 20:08:31 - INFO - Current Result:
2024-08-05 20:08:31 - INFO - \Hit20: 34.0444	MRR20: 12.4564	Recall20: 34.0444	Precision20: 1.7022
2024-08-05 20:08:31 - INFO - Best Result:
2024-08-05 20:08:31 - INFO - 	Hit20: 34.4283	MRR20: 12.5862	Recall20: 34.4283	Precision20: 1.7214	Epoch: 7, 7, 7, 7
2024-08-05 20:08:31 - INFO - EPOCH:40
2024-08-05 20:08:31 - INFO - Time:2024/08/05 20:08:31
2024-08-05 20:09:06 - INFO - loss: 31.723726272583008; rec_loss: 31.723726272583008; intent_loss: 5.5003256420604885e-05 
2024-08-05 20:09:06 - INFO - Current Result:
2024-08-05 20:09:06 - INFO - \Hit5: 18.1741	MRR5: 10.8696	Recall5: 18.1741	Precision5: 3.6348
2024-08-05 20:09:06 - INFO - Best Result:
2024-08-05 20:09:06 - INFO - 	Hit5: 18.6433	MRR5: 11.0139	Recall5: 18.6433	Precision5: 3.7287	Epoch: 6, 6, 6, 6
2024-08-05 20:09:06 - INFO - Current Result:
2024-08-05 20:09:06 - INFO - \Hit10: 25.7679	MRR10: 11.8973	Recall10: 25.7679	Precision10: 2.5768
2024-08-05 20:09:06 - INFO - Best Result:
2024-08-05 20:09:06 - INFO - 	Hit10: 26.0666	MRR10: 12.0101	Recall10: 26.0666	Precision10: 2.6067	Epoch: 12, 7, 12, 12
2024-08-05 20:09:06 - INFO - Current Result:
2024-08-05 20:09:06 - INFO - \Hit15: 30.3328	MRR15: 12.2482	Recall15: 30.3328	Precision15: 2.0222
2024-08-05 20:09:06 - INFO - Best Result:
2024-08-05 20:09:06 - INFO - 	Hit15: 30.5887	MRR15: 12.3508	Recall15: 30.5887	Precision15: 2.0392	Epoch: 6, 7, 6, 6
2024-08-05 20:09:06 - INFO - Current Result:
2024-08-05 20:09:06 - INFO - \Hit20: 34.0444	MRR20: 12.4564	Recall20: 34.0444	Precision20: 1.7022
2024-08-05 20:09:06 - INFO - Best Result:
2024-08-05 20:09:06 - INFO - 	Hit20: 34.4283	MRR20: 12.5862	Recall20: 34.4283	Precision20: 1.7214	Epoch: 7, 7, 7, 7
2024-08-05 20:09:06 - INFO - EPOCH:41
2024-08-05 20:09:06 - INFO - Time:2024/08/05 20:09:06
2024-08-05 20:09:35 - INFO - loss: 31.69842529296875; rec_loss: 31.69842529296875; intent_loss: 5.500325278262608e-05 
2024-08-05 20:09:35 - INFO - Current Result:
2024-08-05 20:09:35 - INFO - \Hit5: 18.1741	MRR5: 10.8696	Recall5: 18.1741	Precision5: 3.6348
2024-08-05 20:09:35 - INFO - Best Result:
2024-08-05 20:09:35 - INFO - 	Hit5: 18.6433	MRR5: 11.0139	Recall5: 18.6433	Precision5: 3.7287	Epoch: 6, 6, 6, 6
2024-08-05 20:09:35 - INFO - Current Result:
2024-08-05 20:09:35 - INFO - \Hit10: 25.7679	MRR10: 11.8973	Recall10: 25.7679	Precision10: 2.5768
2024-08-05 20:09:35 - INFO - Best Result:
2024-08-05 20:09:35 - INFO - 	Hit10: 26.0666	MRR10: 12.0101	Recall10: 26.0666	Precision10: 2.6067	Epoch: 12, 7, 12, 12
2024-08-05 20:09:35 - INFO - Current Result:
2024-08-05 20:09:35 - INFO - \Hit15: 30.3328	MRR15: 12.2482	Recall15: 30.3328	Precision15: 2.0222
2024-08-05 20:09:35 - INFO - Best Result:
2024-08-05 20:09:35 - INFO - 	Hit15: 30.5887	MRR15: 12.3508	Recall15: 30.5887	Precision15: 2.0392	Epoch: 6, 7, 6, 6
2024-08-05 20:09:35 - INFO - Current Result:
2024-08-05 20:09:35 - INFO - \Hit20: 34.0444	MRR20: 12.4564	Recall20: 34.0444	Precision20: 1.7022
2024-08-05 20:09:35 - INFO - Best Result:
2024-08-05 20:09:35 - INFO - 	Hit20: 34.4283	MRR20: 12.5862	Recall20: 34.4283	Precision20: 1.7214	Epoch: 7, 7, 7, 7
2024-08-05 20:09:35 - INFO - EPOCH:42
2024-08-05 20:09:35 - INFO - Time:2024/08/05 20:09:35
2024-08-05 20:10:04 - INFO - loss: 31.593881607055664; rec_loss: 31.593881607055664; intent_loss: 5.500323823071085e-05 
2024-08-05 20:10:04 - INFO - Current Result:
2024-08-05 20:10:04 - INFO - \Hit5: 18.1741	MRR5: 10.8696	Recall5: 18.1741	Precision5: 3.6348
2024-08-05 20:10:04 - INFO - Best Result:
2024-08-05 20:10:04 - INFO - 	Hit5: 18.6433	MRR5: 11.0139	Recall5: 18.6433	Precision5: 3.7287	Epoch: 6, 6, 6, 6
2024-08-05 20:10:04 - INFO - Current Result:
2024-08-05 20:10:04 - INFO - \Hit10: 25.7679	MRR10: 11.8973	Recall10: 25.7679	Precision10: 2.5768
2024-08-05 20:10:04 - INFO - Best Result:
2024-08-05 20:10:04 - INFO - 	Hit10: 26.0666	MRR10: 12.0101	Recall10: 26.0666	Precision10: 2.6067	Epoch: 12, 7, 12, 12
2024-08-05 20:10:04 - INFO - Current Result:
2024-08-05 20:10:04 - INFO - \Hit15: 30.3328	MRR15: 12.2482	Recall15: 30.3328	Precision15: 2.0222
2024-08-05 20:10:04 - INFO - Best Result:
2024-08-05 20:10:04 - INFO - 	Hit15: 30.5887	MRR15: 12.3508	Recall15: 30.5887	Precision15: 2.0392	Epoch: 6, 7, 6, 6
2024-08-05 20:10:04 - INFO - Current Result:
2024-08-05 20:10:04 - INFO - \Hit20: 34.0444	MRR20: 12.4564	Recall20: 34.0444	Precision20: 1.7022
2024-08-05 20:10:04 - INFO - Best Result:
2024-08-05 20:10:04 - INFO - 	Hit20: 34.4283	MRR20: 12.5862	Recall20: 34.4283	Precision20: 1.7214	Epoch: 7, 7, 7, 7
2024-08-05 20:10:04 - INFO - EPOCH:43
2024-08-05 20:10:04 - INFO - Time:2024/08/05 20:10:04
2024-08-05 20:10:37 - INFO - loss: 31.59449005126953; rec_loss: 31.59449005126953; intent_loss: 5.5003241868689656e-05 
2024-08-05 20:10:37 - INFO - Current Result:
2024-08-05 20:10:37 - INFO - \Hit5: 18.1741	MRR5: 10.8696	Recall5: 18.1741	Precision5: 3.6348
2024-08-05 20:10:37 - INFO - Best Result:
2024-08-05 20:10:37 - INFO - 	Hit5: 18.6433	MRR5: 11.0139	Recall5: 18.6433	Precision5: 3.7287	Epoch: 6, 6, 6, 6
2024-08-05 20:10:37 - INFO - Current Result:
2024-08-05 20:10:37 - INFO - \Hit10: 25.7679	MRR10: 11.8973	Recall10: 25.7679	Precision10: 2.5768
2024-08-05 20:10:37 - INFO - Best Result:
2024-08-05 20:10:37 - INFO - 	Hit10: 26.0666	MRR10: 12.0101	Recall10: 26.0666	Precision10: 2.6067	Epoch: 12, 7, 12, 12
2024-08-05 20:10:37 - INFO - Current Result:
2024-08-05 20:10:37 - INFO - \Hit15: 30.3328	MRR15: 12.2482	Recall15: 30.3328	Precision15: 2.0222
2024-08-05 20:10:37 - INFO - Best Result:
2024-08-05 20:10:37 - INFO - 	Hit15: 30.5887	MRR15: 12.3508	Recall15: 30.5887	Precision15: 2.0392	Epoch: 6, 7, 6, 6
2024-08-05 20:10:37 - INFO - Current Result:
2024-08-05 20:10:37 - INFO - \Hit20: 34.0444	MRR20: 12.4564	Recall20: 34.0444	Precision20: 1.7022
2024-08-05 20:10:37 - INFO - Best Result:
2024-08-05 20:10:37 - INFO - 	Hit20: 34.4283	MRR20: 12.5862	Recall20: 34.4283	Precision20: 1.7214	Epoch: 7, 7, 7, 7
2024-08-05 20:10:37 - INFO - EPOCH:44
2024-08-05 20:10:37 - INFO - Time:2024/08/05 20:10:37
2024-08-05 20:11:14 - INFO - loss: 31.586530685424805; rec_loss: 31.586530685424805; intent_loss: 5.500324914464727e-05 
2024-08-05 20:11:14 - INFO - Current Result:
2024-08-05 20:11:14 - INFO - \Hit5: 18.1741	MRR5: 10.8696	Recall5: 18.1741	Precision5: 3.6348
2024-08-05 20:11:14 - INFO - Best Result:
2024-08-05 20:11:14 - INFO - 	Hit5: 18.6433	MRR5: 11.0139	Recall5: 18.6433	Precision5: 3.7287	Epoch: 6, 6, 6, 6
2024-08-05 20:11:14 - INFO - Current Result:
2024-08-05 20:11:14 - INFO - \Hit10: 25.7679	MRR10: 11.8973	Recall10: 25.7679	Precision10: 2.5768
2024-08-05 20:11:14 - INFO - Best Result:
2024-08-05 20:11:14 - INFO - 	Hit10: 26.0666	MRR10: 12.0101	Recall10: 26.0666	Precision10: 2.6067	Epoch: 12, 7, 12, 12
2024-08-05 20:11:14 - INFO - Current Result:
2024-08-05 20:11:14 - INFO - \Hit15: 30.3328	MRR15: 12.2482	Recall15: 30.3328	Precision15: 2.0222
2024-08-05 20:11:14 - INFO - Best Result:
2024-08-05 20:11:14 - INFO - 	Hit15: 30.5887	MRR15: 12.3508	Recall15: 30.5887	Precision15: 2.0392	Epoch: 6, 7, 6, 6
2024-08-05 20:11:14 - INFO - Current Result:
2024-08-05 20:11:14 - INFO - \Hit20: 34.0444	MRR20: 12.4564	Recall20: 34.0444	Precision20: 1.7022
2024-08-05 20:11:14 - INFO - Best Result:
2024-08-05 20:11:14 - INFO - 	Hit20: 34.4283	MRR20: 12.5862	Recall20: 34.4283	Precision20: 1.7214	Epoch: 7, 7, 7, 7
2024-08-05 20:11:14 - INFO - EPOCH:45
2024-08-05 20:11:14 - INFO - Time:2024/08/05 20:11:14
2024-08-05 20:11:52 - INFO - loss: 31.643293380737305; rec_loss: 31.643293380737305; intent_loss: 5.500325278262608e-05 
2024-08-05 20:11:52 - INFO - Current Result:
2024-08-05 20:11:52 - INFO - \Hit5: 18.1741	MRR5: 10.8696	Recall5: 18.1741	Precision5: 3.6348
2024-08-05 20:11:52 - INFO - Best Result:
2024-08-05 20:11:52 - INFO - 	Hit5: 18.6433	MRR5: 11.0139	Recall5: 18.6433	Precision5: 3.7287	Epoch: 6, 6, 6, 6
2024-08-05 20:11:52 - INFO - Current Result:
2024-08-05 20:11:52 - INFO - \Hit10: 25.7679	MRR10: 11.8973	Recall10: 25.7679	Precision10: 2.5768
2024-08-05 20:11:52 - INFO - Best Result:
2024-08-05 20:11:52 - INFO - 	Hit10: 26.0666	MRR10: 12.0101	Recall10: 26.0666	Precision10: 2.6067	Epoch: 12, 7, 12, 12
2024-08-05 20:11:52 - INFO - Current Result:
2024-08-05 20:11:52 - INFO - \Hit15: 30.3328	MRR15: 12.2482	Recall15: 30.3328	Precision15: 2.0222
2024-08-05 20:11:52 - INFO - Best Result:
2024-08-05 20:11:52 - INFO - 	Hit15: 30.5887	MRR15: 12.3508	Recall15: 30.5887	Precision15: 2.0392	Epoch: 6, 7, 6, 6
2024-08-05 20:11:52 - INFO - Current Result:
2024-08-05 20:11:52 - INFO - \Hit20: 34.0444	MRR20: 12.4564	Recall20: 34.0444	Precision20: 1.7022
2024-08-05 20:11:52 - INFO - Best Result:
2024-08-05 20:11:52 - INFO - 	Hit20: 34.4283	MRR20: 12.5862	Recall20: 34.4283	Precision20: 1.7214	Epoch: 7, 7, 7, 7
2024-08-05 20:11:52 - INFO - EPOCH:46
2024-08-05 20:11:52 - INFO - Time:2024/08/05 20:11:52
2024-08-05 20:12:32 - INFO - loss: 31.719852447509766; rec_loss: 31.719852447509766; intent_loss: 5.500324914464727e-05 
2024-08-05 20:12:32 - INFO - Current Result:
2024-08-05 20:12:32 - INFO - \Hit5: 18.1741	MRR5: 10.8696	Recall5: 18.1741	Precision5: 3.6348
2024-08-05 20:12:32 - INFO - Best Result:
2024-08-05 20:12:32 - INFO - 	Hit5: 18.6433	MRR5: 11.0139	Recall5: 18.6433	Precision5: 3.7287	Epoch: 6, 6, 6, 6
2024-08-05 20:12:32 - INFO - Current Result:
2024-08-05 20:12:32 - INFO - \Hit10: 25.7679	MRR10: 11.8973	Recall10: 25.7679	Precision10: 2.5768
2024-08-05 20:12:32 - INFO - Best Result:
2024-08-05 20:12:32 - INFO - 	Hit10: 26.0666	MRR10: 12.0101	Recall10: 26.0666	Precision10: 2.6067	Epoch: 12, 7, 12, 12
2024-08-05 20:12:32 - INFO - Current Result:
2024-08-05 20:12:32 - INFO - \Hit15: 30.3328	MRR15: 12.2482	Recall15: 30.3328	Precision15: 2.0222
2024-08-05 20:12:32 - INFO - Best Result:
2024-08-05 20:12:32 - INFO - 	Hit15: 30.5887	MRR15: 12.3508	Recall15: 30.5887	Precision15: 2.0392	Epoch: 6, 7, 6, 6
2024-08-05 20:12:32 - INFO - Current Result:
2024-08-05 20:12:32 - INFO - \Hit20: 34.0444	MRR20: 12.4564	Recall20: 34.0444	Precision20: 1.7022
2024-08-05 20:12:32 - INFO - Best Result:
2024-08-05 20:12:32 - INFO - 	Hit20: 34.4283	MRR20: 12.5862	Recall20: 34.4283	Precision20: 1.7214	Epoch: 7, 7, 7, 7
2024-08-05 20:12:32 - INFO - EPOCH:47
2024-08-05 20:12:32 - INFO - Time:2024/08/05 20:12:32
2024-08-05 20:13:14 - INFO - loss: 31.713600158691406; rec_loss: 31.713600158691406; intent_loss: 5.5003241868689656e-05 
2024-08-05 20:13:14 - INFO - Current Result:
2024-08-05 20:13:14 - INFO - \Hit5: 18.1741	MRR5: 10.8696	Recall5: 18.1741	Precision5: 3.6348
2024-08-05 20:13:14 - INFO - Best Result:
2024-08-05 20:13:14 - INFO - 	Hit5: 18.6433	MRR5: 11.0139	Recall5: 18.6433	Precision5: 3.7287	Epoch: 6, 6, 6, 6
2024-08-05 20:13:14 - INFO - Current Result:
2024-08-05 20:13:14 - INFO - \Hit10: 25.7679	MRR10: 11.8973	Recall10: 25.7679	Precision10: 2.5768
2024-08-05 20:13:14 - INFO - Best Result:
2024-08-05 20:13:14 - INFO - 	Hit10: 26.0666	MRR10: 12.0101	Recall10: 26.0666	Precision10: 2.6067	Epoch: 12, 7, 12, 12
2024-08-05 20:13:14 - INFO - Current Result:
2024-08-05 20:13:14 - INFO - \Hit15: 30.3328	MRR15: 12.2482	Recall15: 30.3328	Precision15: 2.0222
2024-08-05 20:13:14 - INFO - Best Result:
2024-08-05 20:13:14 - INFO - 	Hit15: 30.5887	MRR15: 12.3508	Recall15: 30.5887	Precision15: 2.0392	Epoch: 6, 7, 6, 6
2024-08-05 20:13:14 - INFO - Current Result:
2024-08-05 20:13:14 - INFO - \Hit20: 34.0444	MRR20: 12.4564	Recall20: 34.0444	Precision20: 1.7022
2024-08-05 20:13:14 - INFO - Best Result:
2024-08-05 20:13:14 - INFO - 	Hit20: 34.4283	MRR20: 12.5862	Recall20: 34.4283	Precision20: 1.7214	Epoch: 7, 7, 7, 7
2024-08-05 20:13:14 - INFO - EPOCH:48
2024-08-05 20:13:14 - INFO - Time:2024/08/05 20:13:14
2024-08-05 20:13:53 - INFO - loss: 31.705429077148438; rec_loss: 31.705429077148438; intent_loss: 5.500323823071085e-05 
2024-08-05 20:13:53 - INFO - Current Result:
2024-08-05 20:13:53 - INFO - \Hit5: 18.1741	MRR5: 10.8696	Recall5: 18.1741	Precision5: 3.6348
2024-08-05 20:13:53 - INFO - Best Result:
2024-08-05 20:13:53 - INFO - 	Hit5: 18.6433	MRR5: 11.0139	Recall5: 18.6433	Precision5: 3.7287	Epoch: 6, 6, 6, 6
2024-08-05 20:13:53 - INFO - Current Result:
2024-08-05 20:13:53 - INFO - \Hit10: 25.7679	MRR10: 11.8973	Recall10: 25.7679	Precision10: 2.5768
2024-08-05 20:13:53 - INFO - Best Result:
2024-08-05 20:13:53 - INFO - 	Hit10: 26.0666	MRR10: 12.0101	Recall10: 26.0666	Precision10: 2.6067	Epoch: 12, 7, 12, 12
2024-08-05 20:13:53 - INFO - Current Result:
2024-08-05 20:13:53 - INFO - \Hit15: 30.3328	MRR15: 12.2482	Recall15: 30.3328	Precision15: 2.0222
2024-08-05 20:13:53 - INFO - Best Result:
2024-08-05 20:13:53 - INFO - 	Hit15: 30.5887	MRR15: 12.3508	Recall15: 30.5887	Precision15: 2.0392	Epoch: 6, 7, 6, 6
2024-08-05 20:13:53 - INFO - Current Result:
2024-08-05 20:13:53 - INFO - \Hit20: 34.0444	MRR20: 12.4564	Recall20: 34.0444	Precision20: 1.7022
2024-08-05 20:13:53 - INFO - Best Result:
2024-08-05 20:13:53 - INFO - 	Hit20: 34.4283	MRR20: 12.5862	Recall20: 34.4283	Precision20: 1.7214	Epoch: 7, 7, 7, 7
2024-08-05 20:13:53 - INFO - EPOCH:49
2024-08-05 20:13:53 - INFO - Time:2024/08/05 20:13:53
2024-08-05 20:14:32 - INFO - loss: 31.6910400390625; rec_loss: 31.6910400390625; intent_loss: 5.500323823071085e-05 
2024-08-05 20:14:32 - INFO - Current Result:
2024-08-05 20:14:32 - INFO - \Hit5: 18.1741	MRR5: 10.8696	Recall5: 18.1741	Precision5: 3.6348
2024-08-05 20:14:32 - INFO - Best Result:
2024-08-05 20:14:32 - INFO - 	Hit5: 18.6433	MRR5: 11.0139	Recall5: 18.6433	Precision5: 3.7287	Epoch: 6, 6, 6, 6
2024-08-05 20:14:32 - INFO - Current Result:
2024-08-05 20:14:32 - INFO - \Hit10: 25.7679	MRR10: 11.8973	Recall10: 25.7679	Precision10: 2.5768
2024-08-05 20:14:32 - INFO - Best Result:
2024-08-05 20:14:32 - INFO - 	Hit10: 26.0666	MRR10: 12.0101	Recall10: 26.0666	Precision10: 2.6067	Epoch: 12, 7, 12, 12
2024-08-05 20:14:32 - INFO - Current Result:
2024-08-05 20:14:32 - INFO - \Hit15: 30.3328	MRR15: 12.2482	Recall15: 30.3328	Precision15: 2.0222
2024-08-05 20:14:32 - INFO - Best Result:
2024-08-05 20:14:32 - INFO - 	Hit15: 30.5887	MRR15: 12.3508	Recall15: 30.5887	Precision15: 2.0392	Epoch: 6, 7, 6, 6
2024-08-05 20:14:32 - INFO - Current Result:
2024-08-05 20:14:32 - INFO - \Hit20: 34.0444	MRR20: 12.4564	Recall20: 34.0444	Precision20: 1.7022
2024-08-05 20:14:32 - INFO - Best Result:
2024-08-05 20:14:32 - INFO - 	Hit20: 34.4283	MRR20: 12.5862	Recall20: 34.4283	Precision20: 1.7214	Epoch: 7, 7, 7, 7
2024-08-05 20:14:32 - INFO - -------------------------------------------------------
2024-08-05 20:14:32 - INFO - Run time: 1689.465966 s
