2024-08-05 19:47:25 - INFO - *******start1***********
2024-08-05 19:47:25 - INFO - start time: 2024-08-05 19:47:25
2024-08-05 19:47:25 - INFO - 文本内容 + 文本处理方式:title_vecs.npy
2024-08-05 19:47:25 - INFO - >>SEED:2024
2024-08-05 19:47:25 - INFO - ===========config================
2024-08-05 19:47:25 - INFO - model:GCN_rec
2024-08-05 19:47:25 - INFO - if_gcn:True
2024-08-05 19:47:25 - INFO - dataset:blockchain
2024-08-05 19:47:25 - INFO - gpu:0
2024-08-05 19:47:25 - INFO - Disentangle:True
2024-08-05 19:47:25 - INFO - Intent factors:7
2024-08-05 19:47:25 - INFO - journal vec:True
2024-08-05 19:47:25 - INFO - title vec:True
2024-08-05 19:47:25 - INFO - Test Topks[5, 10, 15, 20]:
2024-08-05 19:47:25 - INFO - hiddenSize:448
2024-08-05 19:47:25 - INFO - n_factor:7
2024-08-05 19:47:25 - INFO - lr:0.005
2024-08-05 19:47:25 - INFO - batch_size:512
2024-08-05 19:47:25 - INFO - lamda_1:0.85
2024-08-05 19:47:25 - INFO - if co_show:False
2024-08-05 19:47:25 - INFO - if citation:True
2024-08-05 19:47:25 - INFO - integrate_model:transformer
2024-08-05 19:47:25 - INFO - select relative paper for intent:0.4
2024-08-05 19:47:25 - INFO - Hidden number for GNN:256
2024-08-05 19:47:25 - INFO - aux loss weight:1e-05
2024-08-05 19:47:25 - INFO - ===========end===================
2024-08-05 19:47:31 - INFO - EPOCH:0
2024-08-05 19:47:31 - INFO - Time:2024/08/05 19:47:31
2024-08-05 19:47:39 - INFO - loss: 142.0159454345703; rec_loss: 142.0159454345703; intent_loss: 0.0 
2024-08-05 19:47:39 - INFO - Current Result:
2024-08-05 19:47:39 - INFO - \Hit5: 16.1263	MRR5: 9.9403	Recall5: 16.1263	Precision5: 3.2253
2024-08-05 19:47:39 - INFO - Best Result:
2024-08-05 19:47:39 - INFO - 	Hit5: 16.1263	MRR5: 9.9403	Recall5: 16.1263	Precision5: 3.2253	Epoch: 0, 0, 0, 0
2024-08-05 19:47:39 - INFO - Current Result:
2024-08-05 19:47:39 - INFO - \Hit10: 22.9522	MRR10: 10.8487	Recall10: 22.9522	Precision10: 2.2952
2024-08-05 19:47:39 - INFO - Best Result:
2024-08-05 19:47:39 - INFO - 	Hit10: 22.9522	MRR10: 10.8487	Recall10: 22.9522	Precision10: 2.2952	Epoch: 0, 0, 0, 0
2024-08-05 19:47:39 - INFO - Current Result:
2024-08-05 19:47:39 - INFO - \Hit15: 27.4744	MRR15: 11.2007	Recall15: 27.4744	Precision15: 1.8316
2024-08-05 19:47:39 - INFO - Best Result:
2024-08-05 19:47:39 - INFO - 	Hit15: 27.4744	MRR15: 11.2007	Recall15: 27.4744	Precision15: 1.8316	Epoch: 0, 0, 0, 0
2024-08-05 19:47:39 - INFO - Current Result:
2024-08-05 19:47:39 - INFO - \Hit20: 30.8020	MRR20: 11.3880	Recall20: 30.8020	Precision20: 1.5401
2024-08-05 19:47:39 - INFO - Best Result:
2024-08-05 19:47:39 - INFO - 	Hit20: 30.8020	MRR20: 11.3880	Recall20: 30.8020	Precision20: 1.5401	Epoch: 0, 0, 0, 0
2024-08-05 19:47:39 - INFO - EPOCH:1
2024-08-05 19:47:39 - INFO - Time:2024/08/05 19:47:39
2024-08-05 19:47:47 - INFO - loss: 117.4627914428711; rec_loss: 117.4627914428711; intent_loss: 0.0 
2024-08-05 19:47:47 - INFO - Current Result:
2024-08-05 19:47:47 - INFO - \Hit5: 20.0512	MRR5: 12.1232	Recall5: 20.0512	Precision5: 4.0102
2024-08-05 19:47:47 - INFO - Best Result:
2024-08-05 19:47:47 - INFO - 	Hit5: 20.0512	MRR5: 12.1232	Recall5: 20.0512	Precision5: 4.0102	Epoch: 1, 1, 1, 1
2024-08-05 19:47:47 - INFO - Current Result:
2024-08-05 19:47:47 - INFO - \Hit10: 27.6024	MRR10: 13.1471	Recall10: 27.6024	Precision10: 2.7602
2024-08-05 19:47:47 - INFO - Best Result:
2024-08-05 19:47:47 - INFO - 	Hit10: 27.6024	MRR10: 13.1471	Recall10: 27.6024	Precision10: 2.7602	Epoch: 1, 1, 1, 1
2024-08-05 19:47:47 - INFO - Current Result:
2024-08-05 19:47:47 - INFO - \Hit15: 33.2338	MRR15: 13.5897	Recall15: 33.2338	Precision15: 2.2156
2024-08-05 19:47:47 - INFO - Best Result:
2024-08-05 19:47:47 - INFO - 	Hit15: 33.2338	MRR15: 13.5897	Recall15: 33.2338	Precision15: 2.2156	Epoch: 1, 1, 1, 1
2024-08-05 19:47:47 - INFO - Current Result:
2024-08-05 19:47:47 - INFO - \Hit20: 36.7747	MRR20: 13.7888	Recall20: 36.7747	Precision20: 1.8387
2024-08-05 19:47:47 - INFO - Best Result:
2024-08-05 19:47:47 - INFO - 	Hit20: 36.7747	MRR20: 13.7888	Recall20: 36.7747	Precision20: 1.8387	Epoch: 1, 1, 1, 1
2024-08-05 19:47:47 - INFO - EPOCH:2
2024-08-05 19:47:47 - INFO - Time:2024/08/05 19:47:47
2024-08-05 19:47:56 - INFO - loss: 110.0915298461914; rec_loss: 110.0915298461914; intent_loss: 0.0 
2024-08-05 19:47:56 - INFO - Current Result:
2024-08-05 19:47:56 - INFO - \Hit5: 20.7765	MRR5: 12.3741	Recall5: 20.7765	Precision5: 4.1553
2024-08-05 19:47:56 - INFO - Best Result:
2024-08-05 19:47:56 - INFO - 	Hit5: 20.7765	MRR5: 12.3741	Recall5: 20.7765	Precision5: 4.1553	Epoch: 2, 2, 2, 2
2024-08-05 19:47:56 - INFO - Current Result:
2024-08-05 19:47:56 - INFO - \Hit10: 28.9249	MRR10: 13.4431	Recall10: 28.9249	Precision10: 2.8925
2024-08-05 19:47:56 - INFO - Best Result:
2024-08-05 19:47:56 - INFO - 	Hit10: 28.9249	MRR10: 13.4431	Recall10: 28.9249	Precision10: 2.8925	Epoch: 2, 2, 2, 2
2024-08-05 19:47:56 - INFO - Current Result:
2024-08-05 19:47:56 - INFO - \Hit15: 34.7696	MRR15: 13.8997	Recall15: 34.7696	Precision15: 2.3180
2024-08-05 19:47:56 - INFO - Best Result:
2024-08-05 19:47:56 - INFO - 	Hit15: 34.7696	MRR15: 13.8997	Recall15: 34.7696	Precision15: 2.3180	Epoch: 2, 2, 2, 2
2024-08-05 19:47:56 - INFO - Current Result:
2024-08-05 19:47:56 - INFO - \Hit20: 38.2253	MRR20: 14.0942	Recall20: 38.2253	Precision20: 1.9113
2024-08-05 19:47:56 - INFO - Best Result:
2024-08-05 19:47:56 - INFO - 	Hit20: 38.2253	MRR20: 14.0942	Recall20: 38.2253	Precision20: 1.9113	Epoch: 2, 2, 2, 2
2024-08-05 19:47:56 - INFO - EPOCH:3
2024-08-05 19:47:56 - INFO - Time:2024/08/05 19:47:56
2024-08-05 19:48:04 - INFO - loss: 105.53633117675781; rec_loss: 105.53633117675781; intent_loss: 0.0 
2024-08-05 19:48:04 - INFO - Current Result:
2024-08-05 19:48:04 - INFO - \Hit5: 21.8857	MRR5: 13.4492	Recall5: 21.8857	Precision5: 4.3771
2024-08-05 19:48:04 - INFO - Best Result:
2024-08-05 19:48:04 - INFO - 	Hit5: 21.8857	MRR5: 13.4492	Recall5: 21.8857	Precision5: 4.3771	Epoch: 3, 3, 3, 3
2024-08-05 19:48:04 - INFO - Current Result:
2024-08-05 19:48:04 - INFO - \Hit10: 30.8447	MRR10: 14.6294	Recall10: 30.8447	Precision10: 3.0845
2024-08-05 19:48:04 - INFO - Best Result:
2024-08-05 19:48:04 - INFO - 	Hit10: 30.8447	MRR10: 14.6294	Recall10: 30.8447	Precision10: 3.0845	Epoch: 3, 3, 3, 3
2024-08-05 19:48:04 - INFO - Current Result:
2024-08-05 19:48:04 - INFO - \Hit15: 35.2389	MRR15: 14.9697	Recall15: 35.2389	Precision15: 2.3493
2024-08-05 19:48:04 - INFO - Best Result:
2024-08-05 19:48:04 - INFO - 	Hit15: 35.2389	MRR15: 14.9697	Recall15: 35.2389	Precision15: 2.3493	Epoch: 3, 3, 3, 3
2024-08-05 19:48:04 - INFO - Current Result:
2024-08-05 19:48:04 - INFO - \Hit20: 39.5904	MRR20: 15.2168	Recall20: 39.5904	Precision20: 1.9795
2024-08-05 19:48:04 - INFO - Best Result:
2024-08-05 19:48:04 - INFO - 	Hit20: 39.5904	MRR20: 15.2168	Recall20: 39.5904	Precision20: 1.9795	Epoch: 3, 3, 3, 3
2024-08-05 19:48:04 - INFO - EPOCH:4
2024-08-05 19:48:04 - INFO - Time:2024/08/05 19:48:04
2024-08-05 19:48:14 - INFO - loss: 102.32503509521484; rec_loss: 102.32503509521484; intent_loss: 0.0 
2024-08-05 19:48:14 - INFO - Current Result:
2024-08-05 19:48:14 - INFO - \Hit5: 22.6962	MRR5: 13.4741	Recall5: 22.6962	Precision5: 4.5392
2024-08-05 19:48:14 - INFO - Best Result:
2024-08-05 19:48:14 - INFO - 	Hit5: 22.6962	MRR5: 13.4741	Recall5: 22.6962	Precision5: 4.5392	Epoch: 4, 4, 4, 4
2024-08-05 19:48:14 - INFO - Current Result:
2024-08-05 19:48:14 - INFO - \Hit10: 31.3140	MRR10: 14.6229	Recall10: 31.3140	Precision10: 3.1314
2024-08-05 19:48:14 - INFO - Best Result:
2024-08-05 19:48:14 - INFO - 	Hit10: 31.3140	MRR10: 14.6294	Recall10: 31.3140	Precision10: 3.1314	Epoch: 4, 3, 4, 4
2024-08-05 19:48:14 - INFO - Current Result:
2024-08-05 19:48:14 - INFO - \Hit15: 36.3908	MRR15: 15.0134	Recall15: 36.3908	Precision15: 2.4261
2024-08-05 19:48:14 - INFO - Best Result:
2024-08-05 19:48:14 - INFO - 	Hit15: 36.3908	MRR15: 15.0134	Recall15: 36.3908	Precision15: 2.4261	Epoch: 4, 4, 4, 4
2024-08-05 19:48:14 - INFO - Current Result:
2024-08-05 19:48:14 - INFO - \Hit20: 40.3584	MRR20: 15.2361	Recall20: 40.3584	Precision20: 2.0179
2024-08-05 19:48:14 - INFO - Best Result:
2024-08-05 19:48:14 - INFO - 	Hit20: 40.3584	MRR20: 15.2361	Recall20: 40.3584	Precision20: 2.0179	Epoch: 4, 4, 4, 4
2024-08-05 19:48:14 - INFO - EPOCH:5
2024-08-05 19:48:14 - INFO - Time:2024/08/05 19:48:14
2024-08-05 19:48:22 - INFO - loss: 97.27198791503906; rec_loss: 97.27198791503906; intent_loss: 0.0 
2024-08-05 19:48:22 - INFO - Current Result:
2024-08-05 19:48:22 - INFO - \Hit5: 24.1041	MRR5: 14.6964	Recall5: 24.1041	Precision5: 4.8208
2024-08-05 19:48:22 - INFO - Best Result:
2024-08-05 19:48:22 - INFO - 	Hit5: 24.1041	MRR5: 14.6964	Recall5: 24.1041	Precision5: 4.8208	Epoch: 5, 5, 5, 5
2024-08-05 19:48:22 - INFO - Current Result:
2024-08-05 19:48:22 - INFO - \Hit10: 32.3805	MRR10: 15.7843	Recall10: 32.3805	Precision10: 3.2381
2024-08-05 19:48:22 - INFO - Best Result:
2024-08-05 19:48:22 - INFO - 	Hit10: 32.3805	MRR10: 15.7843	Recall10: 32.3805	Precision10: 3.2381	Epoch: 5, 5, 5, 5
2024-08-05 19:48:22 - INFO - Current Result:
2024-08-05 19:48:22 - INFO - \Hit15: 37.9693	MRR15: 16.2200	Recall15: 37.9693	Precision15: 2.5313
2024-08-05 19:48:22 - INFO - Best Result:
2024-08-05 19:48:22 - INFO - 	Hit15: 37.9693	MRR15: 16.2200	Recall15: 37.9693	Precision15: 2.5313	Epoch: 5, 5, 5, 5
2024-08-05 19:48:22 - INFO - Current Result:
2024-08-05 19:48:22 - INFO - \Hit20: 41.7235	MRR20: 16.4312	Recall20: 41.7235	Precision20: 2.0862
2024-08-05 19:48:22 - INFO - Best Result:
2024-08-05 19:48:22 - INFO - 	Hit20: 41.7235	MRR20: 16.4312	Recall20: 41.7235	Precision20: 2.0862	Epoch: 5, 5, 5, 5
2024-08-05 19:48:22 - INFO - EPOCH:6
2024-08-05 19:48:22 - INFO - Time:2024/08/05 19:48:22
2024-08-05 19:48:33 - INFO - loss: 95.79790496826172; rec_loss: 95.79790496826172; intent_loss: 0.0 
2024-08-05 19:48:33 - INFO - Current Result:
2024-08-05 19:48:33 - INFO - \Hit5: 24.4454	MRR5: 14.2307	Recall5: 24.4454	Precision5: 4.8891
2024-08-05 19:48:33 - INFO - Best Result:
2024-08-05 19:48:33 - INFO - 	Hit5: 24.4454	MRR5: 14.6964	Recall5: 24.4454	Precision5: 4.8891	Epoch: 6, 5, 6, 6
2024-08-05 19:48:33 - INFO - Current Result:
2024-08-05 19:48:33 - INFO - \Hit10: 32.9352	MRR10: 15.3475	Recall10: 32.9352	Precision10: 3.2935
2024-08-05 19:48:33 - INFO - Best Result:
2024-08-05 19:48:33 - INFO - 	Hit10: 32.9352	MRR10: 15.7843	Recall10: 32.9352	Precision10: 3.2935	Epoch: 6, 5, 6, 6
2024-08-05 19:48:33 - INFO - Current Result:
2024-08-05 19:48:33 - INFO - \Hit15: 37.5000	MRR15: 15.7080	Recall15: 37.5000	Precision15: 2.5000
2024-08-05 19:48:33 - INFO - Best Result:
2024-08-05 19:48:33 - INFO - 	Hit15: 37.9693	MRR15: 16.2200	Recall15: 37.9693	Precision15: 2.5313	Epoch: 5, 5, 5, 5
2024-08-05 19:48:33 - INFO - Current Result:
2024-08-05 19:48:33 - INFO - \Hit20: 42.1075	MRR20: 15.9667	Recall20: 42.1075	Precision20: 2.1054
2024-08-05 19:48:33 - INFO - Best Result:
2024-08-05 19:48:33 - INFO - 	Hit20: 42.1075	MRR20: 16.4312	Recall20: 42.1075	Precision20: 2.1054	Epoch: 6, 5, 6, 6
2024-08-05 19:48:33 - INFO - EPOCH:7
2024-08-05 19:48:33 - INFO - Time:2024/08/05 19:48:33
2024-08-05 19:48:41 - INFO - loss: 94.94035339355469; rec_loss: 94.94035339355469; intent_loss: 0.0 
2024-08-05 19:48:42 - INFO - Current Result:
2024-08-05 19:48:42 - INFO - \Hit5: 24.2321	MRR5: 14.6786	Recall5: 24.2321	Precision5: 4.8464
2024-08-05 19:48:42 - INFO - Best Result:
2024-08-05 19:48:42 - INFO - 	Hit5: 24.4454	MRR5: 14.6964	Recall5: 24.4454	Precision5: 4.8891	Epoch: 6, 5, 6, 6
2024-08-05 19:48:42 - INFO - Current Result:
2024-08-05 19:48:42 - INFO - \Hit10: 32.5085	MRR10: 15.7874	Recall10: 32.5085	Precision10: 3.2509
2024-08-05 19:48:42 - INFO - Best Result:
2024-08-05 19:48:42 - INFO - 	Hit10: 32.9352	MRR10: 15.7874	Recall10: 32.9352	Precision10: 3.2935	Epoch: 6, 7, 6, 6
2024-08-05 19:48:42 - INFO - Current Result:
2024-08-05 19:48:42 - INFO - \Hit15: 37.6706	MRR15: 16.1945	Recall15: 37.6706	Precision15: 2.5114
2024-08-05 19:48:42 - INFO - Best Result:
2024-08-05 19:48:42 - INFO - 	Hit15: 37.9693	MRR15: 16.2200	Recall15: 37.9693	Precision15: 2.5313	Epoch: 5, 5, 5, 5
2024-08-05 19:48:42 - INFO - Current Result:
2024-08-05 19:48:42 - INFO - \Hit20: 42.3208	MRR20: 16.4566	Recall20: 42.3208	Precision20: 2.1160
2024-08-05 19:48:42 - INFO - Best Result:
2024-08-05 19:48:42 - INFO - 	Hit20: 42.3208	MRR20: 16.4566	Recall20: 42.3208	Precision20: 2.1160	Epoch: 7, 7, 7, 7
2024-08-05 19:48:42 - INFO - EPOCH:8
2024-08-05 19:48:42 - INFO - Time:2024/08/05 19:48:42
2024-08-05 19:48:52 - INFO - loss: 94.14385986328125; rec_loss: 94.14385986328125; intent_loss: 0.0 
2024-08-05 19:48:52 - INFO - Current Result:
2024-08-05 19:48:52 - INFO - \Hit5: 24.4454	MRR5: 14.9609	Recall5: 24.4454	Precision5: 4.8891
2024-08-05 19:48:52 - INFO - Best Result:
2024-08-05 19:48:52 - INFO - 	Hit5: 24.4454	MRR5: 14.9609	Recall5: 24.4454	Precision5: 4.8891	Epoch: 6, 8, 6, 6
2024-08-05 19:48:52 - INFO - Current Result:
2024-08-05 19:48:52 - INFO - \Hit10: 32.7645	MRR10: 16.0754	Recall10: 32.7645	Precision10: 3.2765
2024-08-05 19:48:52 - INFO - Best Result:
2024-08-05 19:48:52 - INFO - 	Hit10: 32.9352	MRR10: 16.0754	Recall10: 32.9352	Precision10: 3.2935	Epoch: 6, 8, 6, 6
2024-08-05 19:48:52 - INFO - Current Result:
2024-08-05 19:48:52 - INFO - \Hit15: 38.3106	MRR15: 16.5087	Recall15: 38.3106	Precision15: 2.5540
2024-08-05 19:48:52 - INFO - Best Result:
2024-08-05 19:48:52 - INFO - 	Hit15: 38.3106	MRR15: 16.5087	Recall15: 38.3106	Precision15: 2.5540	Epoch: 8, 8, 8, 8
2024-08-05 19:48:52 - INFO - Current Result:
2024-08-05 19:48:52 - INFO - \Hit20: 42.2782	MRR20: 16.7304	Recall20: 42.2782	Precision20: 2.1139
2024-08-05 19:48:52 - INFO - Best Result:
2024-08-05 19:48:52 - INFO - 	Hit20: 42.3208	MRR20: 16.7304	Recall20: 42.3208	Precision20: 2.1160	Epoch: 7, 8, 7, 7
2024-08-05 19:48:52 - INFO - EPOCH:9
2024-08-05 19:48:52 - INFO - Time:2024/08/05 19:48:52
2024-08-05 19:49:04 - INFO - loss: 93.25023651123047; rec_loss: 93.25023651123047; intent_loss: 0.0 
2024-08-05 19:49:04 - INFO - Current Result:
2024-08-05 19:49:04 - INFO - \Hit5: 24.0614	MRR5: 14.6950	Recall5: 24.0614	Precision5: 4.8123
2024-08-05 19:49:04 - INFO - Best Result:
2024-08-05 19:49:04 - INFO - 	Hit5: 24.4454	MRR5: 14.9609	Recall5: 24.4454	Precision5: 4.8891	Epoch: 6, 8, 6, 6
2024-08-05 19:49:04 - INFO - Current Result:
2024-08-05 19:49:04 - INFO - \Hit10: 32.4659	MRR10: 15.8147	Recall10: 32.4659	Precision10: 3.2466
2024-08-05 19:49:04 - INFO - Best Result:
2024-08-05 19:49:04 - INFO - 	Hit10: 32.9352	MRR10: 16.0754	Recall10: 32.9352	Precision10: 3.2935	Epoch: 6, 8, 6, 6
2024-08-05 19:49:04 - INFO - Current Result:
2024-08-05 19:49:04 - INFO - \Hit15: 38.3106	MRR15: 16.2740	Recall15: 38.3106	Precision15: 2.5540
2024-08-05 19:49:04 - INFO - Best Result:
2024-08-05 19:49:04 - INFO - 	Hit15: 38.3106	MRR15: 16.5087	Recall15: 38.3106	Precision15: 2.5540	Epoch: 8, 8, 8, 8
2024-08-05 19:49:04 - INFO - Current Result:
2024-08-05 19:49:04 - INFO - \Hit20: 42.1928	MRR20: 16.4900	Recall20: 42.1928	Precision20: 2.1096
2024-08-05 19:49:04 - INFO - Best Result:
2024-08-05 19:49:04 - INFO - 	Hit20: 42.3208	MRR20: 16.7304	Recall20: 42.3208	Precision20: 2.1160	Epoch: 7, 8, 7, 7
2024-08-05 19:49:04 - INFO - EPOCH:10
2024-08-05 19:49:04 - INFO - Time:2024/08/05 19:49:04
2024-08-05 19:49:17 - INFO - loss: 92.2458724975586; rec_loss: 92.2458724975586; intent_loss: 0.0 
2024-08-05 19:49:17 - INFO - Current Result:
2024-08-05 19:49:17 - INFO - \Hit5: 24.4881	MRR5: 14.7838	Recall5: 24.4881	Precision5: 4.8976
2024-08-05 19:49:17 - INFO - Best Result:
2024-08-05 19:49:17 - INFO - 	Hit5: 24.4881	MRR5: 14.9609	Recall5: 24.4881	Precision5: 4.8976	Epoch: 10, 8, 10, 10
2024-08-05 19:49:17 - INFO - Current Result:
2024-08-05 19:49:17 - INFO - \Hit10: 33.1058	MRR10: 15.9353	Recall10: 33.1058	Precision10: 3.3106
2024-08-05 19:49:17 - INFO - Best Result:
2024-08-05 19:49:17 - INFO - 	Hit10: 33.1058	MRR10: 16.0754	Recall10: 33.1058	Precision10: 3.3106	Epoch: 10, 8, 10, 10
2024-08-05 19:49:17 - INFO - Current Result:
2024-08-05 19:49:17 - INFO - \Hit15: 37.9266	MRR15: 16.3164	Recall15: 37.9266	Precision15: 2.5284
2024-08-05 19:49:17 - INFO - Best Result:
2024-08-05 19:49:17 - INFO - 	Hit15: 38.3106	MRR15: 16.5087	Recall15: 38.3106	Precision15: 2.5540	Epoch: 8, 8, 8, 8
2024-08-05 19:49:17 - INFO - Current Result:
2024-08-05 19:49:17 - INFO - \Hit20: 42.0648	MRR20: 16.5506	Recall20: 42.0648	Precision20: 2.1032
2024-08-05 19:49:17 - INFO - Best Result:
2024-08-05 19:49:17 - INFO - 	Hit20: 42.3208	MRR20: 16.7304	Recall20: 42.3208	Precision20: 2.1160	Epoch: 7, 8, 7, 7
2024-08-05 19:49:17 - INFO - EPOCH:11
2024-08-05 19:49:17 - INFO - Time:2024/08/05 19:49:17
2024-08-05 19:49:28 - INFO - loss: 91.87914276123047; rec_loss: 91.87914276123047; intent_loss: 0.0 
2024-08-05 19:49:28 - INFO - Current Result:
2024-08-05 19:49:28 - INFO - \Hit5: 24.4881	MRR5: 14.6374	Recall5: 24.4881	Precision5: 4.8976
2024-08-05 19:49:28 - INFO - Best Result:
2024-08-05 19:49:28 - INFO - 	Hit5: 24.4881	MRR5: 14.9609	Recall5: 24.4881	Precision5: 4.8976	Epoch: 10, 8, 10, 10
2024-08-05 19:49:28 - INFO - Current Result:
2024-08-05 19:49:28 - INFO - \Hit10: 33.3618	MRR10: 15.8285	Recall10: 33.3618	Precision10: 3.3362
2024-08-05 19:49:28 - INFO - Best Result:
2024-08-05 19:49:28 - INFO - 	Hit10: 33.3618	MRR10: 16.0754	Recall10: 33.3618	Precision10: 3.3362	Epoch: 11, 8, 11, 11
2024-08-05 19:49:28 - INFO - Current Result:
2024-08-05 19:49:28 - INFO - \Hit15: 38.1826	MRR15: 16.2073	Recall15: 38.1826	Precision15: 2.5455
2024-08-05 19:49:28 - INFO - Best Result:
2024-08-05 19:49:28 - INFO - 	Hit15: 38.3106	MRR15: 16.5087	Recall15: 38.3106	Precision15: 2.5540	Epoch: 8, 8, 8, 8
2024-08-05 19:49:28 - INFO - Current Result:
2024-08-05 19:49:28 - INFO - \Hit20: 42.0648	MRR20: 16.4292	Recall20: 42.0648	Precision20: 2.1032
2024-08-05 19:49:28 - INFO - Best Result:
2024-08-05 19:49:28 - INFO - 	Hit20: 42.3208	MRR20: 16.7304	Recall20: 42.3208	Precision20: 2.1160	Epoch: 7, 8, 7, 7
2024-08-05 19:49:28 - INFO - EPOCH:12
2024-08-05 19:49:28 - INFO - Time:2024/08/05 19:49:28
2024-08-05 19:49:44 - INFO - loss: 91.77898406982422; rec_loss: 91.77898406982422; intent_loss: 0.0 
2024-08-05 19:49:44 - INFO - Current Result:
2024-08-05 19:49:44 - INFO - \Hit5: 24.4027	MRR5: 14.6871	Recall5: 24.4027	Precision5: 4.8805
2024-08-05 19:49:44 - INFO - Best Result:
2024-08-05 19:49:44 - INFO - 	Hit5: 24.4881	MRR5: 14.9609	Recall5: 24.4881	Precision5: 4.8976	Epoch: 10, 8, 10, 10
2024-08-05 19:49:44 - INFO - Current Result:
2024-08-05 19:49:44 - INFO - \Hit10: 33.4044	MRR10: 15.8858	Recall10: 33.4044	Precision10: 3.3404
2024-08-05 19:49:44 - INFO - Best Result:
2024-08-05 19:49:44 - INFO - 	Hit10: 33.4044	MRR10: 16.0754	Recall10: 33.4044	Precision10: 3.3404	Epoch: 12, 8, 12, 12
2024-08-05 19:49:44 - INFO - Current Result:
2024-08-05 19:49:44 - INFO - \Hit15: 38.1826	MRR15: 16.2634	Recall15: 38.1826	Precision15: 2.5455
2024-08-05 19:49:44 - INFO - Best Result:
2024-08-05 19:49:44 - INFO - 	Hit15: 38.3106	MRR15: 16.5087	Recall15: 38.3106	Precision15: 2.5540	Epoch: 8, 8, 8, 8
2024-08-05 19:49:44 - INFO - Current Result:
2024-08-05 19:49:44 - INFO - \Hit20: 42.3208	MRR20: 16.4987	Recall20: 42.3208	Precision20: 2.1160
2024-08-05 19:49:44 - INFO - Best Result:
2024-08-05 19:49:44 - INFO - 	Hit20: 42.3208	MRR20: 16.7304	Recall20: 42.3208	Precision20: 2.1160	Epoch: 7, 8, 7, 7
2024-08-05 19:49:44 - INFO - EPOCH:13
2024-08-05 19:49:44 - INFO - Time:2024/08/05 19:49:44
2024-08-05 19:50:00 - INFO - loss: 91.43557739257812; rec_loss: 91.43557739257812; intent_loss: 0.0 
2024-08-05 19:50:00 - INFO - Current Result:
2024-08-05 19:50:00 - INFO - \Hit5: 24.3601	MRR5: 14.5897	Recall5: 24.3601	Precision5: 4.8720
2024-08-05 19:50:00 - INFO - Best Result:
2024-08-05 19:50:00 - INFO - 	Hit5: 24.4881	MRR5: 14.9609	Recall5: 24.4881	Precision5: 4.8976	Epoch: 10, 8, 10, 10
2024-08-05 19:50:00 - INFO - Current Result:
2024-08-05 19:50:00 - INFO - \Hit10: 32.9778	MRR10: 15.7451	Recall10: 32.9778	Precision10: 3.2978
2024-08-05 19:50:00 - INFO - Best Result:
2024-08-05 19:50:00 - INFO - 	Hit10: 33.4044	MRR10: 16.0754	Recall10: 33.4044	Precision10: 3.3404	Epoch: 12, 8, 12, 12
2024-08-05 19:50:00 - INFO - Current Result:
2024-08-05 19:50:00 - INFO - \Hit15: 38.1399	MRR15: 16.1541	Recall15: 38.1399	Precision15: 2.5427
2024-08-05 19:50:00 - INFO - Best Result:
2024-08-05 19:50:00 - INFO - 	Hit15: 38.3106	MRR15: 16.5087	Recall15: 38.3106	Precision15: 2.5540	Epoch: 8, 8, 8, 8
2024-08-05 19:50:00 - INFO - Current Result:
2024-08-05 19:50:00 - INFO - \Hit20: 42.3208	MRR20: 16.3902	Recall20: 42.3208	Precision20: 2.1160
2024-08-05 19:50:00 - INFO - Best Result:
2024-08-05 19:50:00 - INFO - 	Hit20: 42.3208	MRR20: 16.7304	Recall20: 42.3208	Precision20: 2.1160	Epoch: 7, 8, 7, 7
2024-08-05 19:50:00 - INFO - EPOCH:14
2024-08-05 19:50:00 - INFO - Time:2024/08/05 19:50:00
2024-08-05 19:50:18 - INFO - loss: 91.37400817871094; rec_loss: 91.37400817871094; intent_loss: 0.0 
2024-08-05 19:50:18 - INFO - Current Result:
2024-08-05 19:50:18 - INFO - \Hit5: 24.3174	MRR5: 14.6658	Recall5: 24.3174	Precision5: 4.8635
2024-08-05 19:50:18 - INFO - Best Result:
2024-08-05 19:50:18 - INFO - 	Hit5: 24.4881	MRR5: 14.9609	Recall5: 24.4881	Precision5: 4.8976	Epoch: 10, 8, 10, 10
2024-08-05 19:50:18 - INFO - Current Result:
2024-08-05 19:50:18 - INFO - \Hit10: 33.1911	MRR10: 15.8539	Recall10: 33.1911	Precision10: 3.3191
2024-08-05 19:50:18 - INFO - Best Result:
2024-08-05 19:50:18 - INFO - 	Hit10: 33.4044	MRR10: 16.0754	Recall10: 33.4044	Precision10: 3.3404	Epoch: 12, 8, 12, 12
2024-08-05 19:50:18 - INFO - Current Result:
2024-08-05 19:50:18 - INFO - \Hit15: 38.1826	MRR15: 16.2427	Recall15: 38.1826	Precision15: 2.5455
2024-08-05 19:50:18 - INFO - Best Result:
2024-08-05 19:50:18 - INFO - 	Hit15: 38.3106	MRR15: 16.5087	Recall15: 38.3106	Precision15: 2.5540	Epoch: 8, 8, 8, 8
2024-08-05 19:50:18 - INFO - Current Result:
2024-08-05 19:50:18 - INFO - \Hit20: 42.4488	MRR20: 16.4847	Recall20: 42.4488	Precision20: 2.1224
2024-08-05 19:50:18 - INFO - Best Result:
2024-08-05 19:50:18 - INFO - 	Hit20: 42.4488	MRR20: 16.7304	Recall20: 42.4488	Precision20: 2.1224	Epoch: 14, 8, 14, 14
2024-08-05 19:50:18 - INFO - EPOCH:15
2024-08-05 19:50:18 - INFO - Time:2024/08/05 19:50:18
2024-08-05 19:50:35 - INFO - loss: 91.25524139404297; rec_loss: 91.25524139404297; intent_loss: 0.0 
2024-08-05 19:50:35 - INFO - Current Result:
2024-08-05 19:50:35 - INFO - \Hit5: 24.4881	MRR5: 14.7668	Recall5: 24.4881	Precision5: 4.8976
2024-08-05 19:50:35 - INFO - Best Result:
2024-08-05 19:50:35 - INFO - 	Hit5: 24.4881	MRR5: 14.9609	Recall5: 24.4881	Precision5: 4.8976	Epoch: 10, 8, 10, 10
2024-08-05 19:50:35 - INFO - Current Result:
2024-08-05 19:50:35 - INFO - \Hit10: 33.1911	MRR10: 15.9253	Recall10: 33.1911	Precision10: 3.3191
2024-08-05 19:50:35 - INFO - Best Result:
2024-08-05 19:50:35 - INFO - 	Hit10: 33.4044	MRR10: 16.0754	Recall10: 33.4044	Precision10: 3.3404	Epoch: 12, 8, 12, 12
2024-08-05 19:50:35 - INFO - Current Result:
2024-08-05 19:50:35 - INFO - \Hit15: 38.3532	MRR15: 16.3313	Recall15: 38.3532	Precision15: 2.5569
2024-08-05 19:50:35 - INFO - Best Result:
2024-08-05 19:50:35 - INFO - 	Hit15: 38.3532	MRR15: 16.5087	Recall15: 38.3532	Precision15: 2.5569	Epoch: 15, 8, 15, 15
2024-08-05 19:50:35 - INFO - Current Result:
2024-08-05 19:50:35 - INFO - \Hit20: 42.6621	MRR20: 16.5756	Recall20: 42.6621	Precision20: 2.1331
2024-08-05 19:50:35 - INFO - Best Result:
2024-08-05 19:50:35 - INFO - 	Hit20: 42.6621	MRR20: 16.7304	Recall20: 42.6621	Precision20: 2.1331	Epoch: 15, 8, 15, 15
2024-08-05 19:50:35 - INFO - EPOCH:16
2024-08-05 19:50:35 - INFO - Time:2024/08/05 19:50:35
2024-08-05 19:50:52 - INFO - loss: 91.12548828125; rec_loss: 91.12548828125; intent_loss: 0.0 
2024-08-05 19:50:52 - INFO - Current Result:
2024-08-05 19:50:52 - INFO - \Hit5: 24.4454	MRR5: 14.7938	Recall5: 24.4454	Precision5: 4.8891
2024-08-05 19:50:52 - INFO - Best Result:
2024-08-05 19:50:52 - INFO - 	Hit5: 24.4881	MRR5: 14.9609	Recall5: 24.4881	Precision5: 4.8976	Epoch: 10, 8, 10, 10
2024-08-05 19:50:52 - INFO - Current Result:
2024-08-05 19:50:52 - INFO - \Hit10: 33.1911	MRR10: 15.9672	Recall10: 33.1911	Precision10: 3.3191
2024-08-05 19:50:52 - INFO - Best Result:
2024-08-05 19:50:52 - INFO - 	Hit10: 33.4044	MRR10: 16.0754	Recall10: 33.4044	Precision10: 3.3404	Epoch: 12, 8, 12, 12
2024-08-05 19:50:52 - INFO - Current Result:
2024-08-05 19:50:52 - INFO - \Hit15: 38.1399	MRR15: 16.3586	Recall15: 38.1399	Precision15: 2.5427
2024-08-05 19:50:52 - INFO - Best Result:
2024-08-05 19:50:52 - INFO - 	Hit15: 38.3532	MRR15: 16.5087	Recall15: 38.3532	Precision15: 2.5569	Epoch: 15, 8, 15, 15
2024-08-05 19:50:52 - INFO - Current Result:
2024-08-05 19:50:52 - INFO - \Hit20: 42.5341	MRR20: 16.6075	Recall20: 42.5341	Precision20: 2.1267
2024-08-05 19:50:52 - INFO - Best Result:
2024-08-05 19:50:52 - INFO - 	Hit20: 42.6621	MRR20: 16.7304	Recall20: 42.6621	Precision20: 2.1331	Epoch: 15, 8, 15, 15
2024-08-05 19:50:52 - INFO - EPOCH:17
2024-08-05 19:50:52 - INFO - Time:2024/08/05 19:50:52
2024-08-05 19:51:11 - INFO - loss: 90.93157958984375; rec_loss: 90.93157958984375; intent_loss: 0.0 
2024-08-05 19:51:11 - INFO - Current Result:
2024-08-05 19:51:11 - INFO - \Hit5: 24.4881	MRR5: 14.7966	Recall5: 24.4881	Precision5: 4.8976
2024-08-05 19:51:11 - INFO - Best Result:
2024-08-05 19:51:11 - INFO - 	Hit5: 24.4881	MRR5: 14.9609	Recall5: 24.4881	Precision5: 4.8976	Epoch: 10, 8, 10, 10
2024-08-05 19:51:11 - INFO - Current Result:
2024-08-05 19:51:11 - INFO - \Hit10: 33.3618	MRR10: 15.9853	Recall10: 33.3618	Precision10: 3.3362
2024-08-05 19:51:11 - INFO - Best Result:
2024-08-05 19:51:11 - INFO - 	Hit10: 33.4044	MRR10: 16.0754	Recall10: 33.4044	Precision10: 3.3404	Epoch: 12, 8, 12, 12
2024-08-05 19:51:11 - INFO - Current Result:
2024-08-05 19:51:11 - INFO - \Hit15: 38.2679	MRR15: 16.3687	Recall15: 38.2679	Precision15: 2.5512
2024-08-05 19:51:11 - INFO - Best Result:
2024-08-05 19:51:11 - INFO - 	Hit15: 38.3532	MRR15: 16.5087	Recall15: 38.3532	Precision15: 2.5569	Epoch: 15, 8, 15, 15
2024-08-05 19:51:11 - INFO - Current Result:
2024-08-05 19:51:11 - INFO - \Hit20: 42.2782	MRR20: 16.5972	Recall20: 42.2782	Precision20: 2.1139
2024-08-05 19:51:11 - INFO - Best Result:
2024-08-05 19:51:11 - INFO - 	Hit20: 42.6621	MRR20: 16.7304	Recall20: 42.6621	Precision20: 2.1331	Epoch: 15, 8, 15, 15
2024-08-05 19:51:11 - INFO - EPOCH:18
2024-08-05 19:51:11 - INFO - Time:2024/08/05 19:51:11
2024-08-05 19:51:28 - INFO - loss: 91.02472686767578; rec_loss: 91.02472686767578; intent_loss: 0.0 
2024-08-05 19:51:28 - INFO - Current Result:
2024-08-05 19:51:28 - INFO - \Hit5: 24.4454	MRR5: 14.7405	Recall5: 24.4454	Precision5: 4.8891
2024-08-05 19:51:28 - INFO - Best Result:
2024-08-05 19:51:28 - INFO - 	Hit5: 24.4881	MRR5: 14.9609	Recall5: 24.4881	Precision5: 4.8976	Epoch: 10, 8, 10, 10
2024-08-05 19:51:28 - INFO - Current Result:
2024-08-05 19:51:28 - INFO - \Hit10: 33.3191	MRR10: 15.9269	Recall10: 33.3191	Precision10: 3.3319
2024-08-05 19:51:28 - INFO - Best Result:
2024-08-05 19:51:28 - INFO - 	Hit10: 33.4044	MRR10: 16.0754	Recall10: 33.4044	Precision10: 3.3404	Epoch: 12, 8, 12, 12
2024-08-05 19:51:28 - INFO - Current Result:
2024-08-05 19:51:28 - INFO - \Hit15: 38.3106	MRR15: 16.3174	Recall15: 38.3106	Precision15: 2.5540
2024-08-05 19:51:28 - INFO - Best Result:
2024-08-05 19:51:28 - INFO - 	Hit15: 38.3532	MRR15: 16.5087	Recall15: 38.3532	Precision15: 2.5569	Epoch: 15, 8, 15, 15
2024-08-05 19:51:28 - INFO - Current Result:
2024-08-05 19:51:28 - INFO - \Hit20: 42.4915	MRR20: 16.5531	Recall20: 42.4915	Precision20: 2.1246
2024-08-05 19:51:28 - INFO - Best Result:
2024-08-05 19:51:28 - INFO - 	Hit20: 42.6621	MRR20: 16.7304	Recall20: 42.6621	Precision20: 2.1331	Epoch: 15, 8, 15, 15
2024-08-05 19:51:28 - INFO - EPOCH:19
2024-08-05 19:51:28 - INFO - Time:2024/08/05 19:51:28
2024-08-05 19:51:48 - INFO - loss: 91.02593231201172; rec_loss: 91.02593231201172; intent_loss: 0.0 
2024-08-05 19:51:48 - INFO - Current Result:
2024-08-05 19:51:48 - INFO - \Hit5: 24.3601	MRR5: 14.7789	Recall5: 24.3601	Precision5: 4.8720
2024-08-05 19:51:48 - INFO - Best Result:
2024-08-05 19:51:48 - INFO - 	Hit5: 24.4881	MRR5: 14.9609	Recall5: 24.4881	Precision5: 4.8976	Epoch: 10, 8, 10, 10
2024-08-05 19:51:48 - INFO - Current Result:
2024-08-05 19:51:48 - INFO - \Hit10: 33.2765	MRR10: 15.9750	Recall10: 33.2765	Precision10: 3.3276
2024-08-05 19:51:48 - INFO - Best Result:
2024-08-05 19:51:48 - INFO - 	Hit10: 33.4044	MRR10: 16.0754	Recall10: 33.4044	Precision10: 3.3404	Epoch: 12, 8, 12, 12
2024-08-05 19:51:48 - INFO - Current Result:
2024-08-05 19:51:48 - INFO - \Hit15: 38.1399	MRR15: 16.3600	Recall15: 38.1399	Precision15: 2.5427
2024-08-05 19:51:48 - INFO - Best Result:
2024-08-05 19:51:48 - INFO - 	Hit15: 38.3532	MRR15: 16.5087	Recall15: 38.3532	Precision15: 2.5569	Epoch: 15, 8, 15, 15
2024-08-05 19:51:48 - INFO - Current Result:
2024-08-05 19:51:48 - INFO - \Hit20: 42.4915	MRR20: 16.6065	Recall20: 42.4915	Precision20: 2.1246
2024-08-05 19:51:48 - INFO - Best Result:
2024-08-05 19:51:48 - INFO - 	Hit20: 42.6621	MRR20: 16.7304	Recall20: 42.6621	Precision20: 2.1331	Epoch: 15, 8, 15, 15
2024-08-05 19:51:48 - INFO - EPOCH:20
2024-08-05 19:51:48 - INFO - Time:2024/08/05 19:51:48
2024-08-05 19:52:05 - INFO - loss: 90.98834991455078; rec_loss: 90.98834991455078; intent_loss: 0.0 
2024-08-05 19:52:05 - INFO - Current Result:
2024-08-05 19:52:05 - INFO - \Hit5: 24.3601	MRR5: 14.7981	Recall5: 24.3601	Precision5: 4.8720
2024-08-05 19:52:05 - INFO - Best Result:
2024-08-05 19:52:05 - INFO - 	Hit5: 24.4881	MRR5: 14.9609	Recall5: 24.4881	Precision5: 4.8976	Epoch: 10, 8, 10, 10
2024-08-05 19:52:05 - INFO - Current Result:
2024-08-05 19:52:05 - INFO - \Hit10: 33.3191	MRR10: 15.9948	Recall10: 33.3191	Precision10: 3.3319
2024-08-05 19:52:05 - INFO - Best Result:
2024-08-05 19:52:05 - INFO - 	Hit10: 33.4044	MRR10: 16.0754	Recall10: 33.4044	Precision10: 3.3404	Epoch: 12, 8, 12, 12
2024-08-05 19:52:05 - INFO - Current Result:
2024-08-05 19:52:05 - INFO - \Hit15: 38.1826	MRR15: 16.3791	Recall15: 38.1826	Precision15: 2.5455
2024-08-05 19:52:05 - INFO - Best Result:
2024-08-05 19:52:05 - INFO - 	Hit15: 38.3532	MRR15: 16.5087	Recall15: 38.3532	Precision15: 2.5569	Epoch: 15, 8, 15, 15
2024-08-05 19:52:05 - INFO - Current Result:
2024-08-05 19:52:05 - INFO - \Hit20: 42.4061	MRR20: 16.6193	Recall20: 42.4061	Precision20: 2.1203
2024-08-05 19:52:05 - INFO - Best Result:
2024-08-05 19:52:05 - INFO - 	Hit20: 42.6621	MRR20: 16.7304	Recall20: 42.6621	Precision20: 2.1331	Epoch: 15, 8, 15, 15
2024-08-05 19:52:05 - INFO - EPOCH:21
2024-08-05 19:52:05 - INFO - Time:2024/08/05 19:52:05
2024-08-05 19:52:24 - INFO - loss: 90.88563537597656; rec_loss: 90.88563537597656; intent_loss: 0.0 
2024-08-05 19:52:24 - INFO - Current Result:
2024-08-05 19:52:24 - INFO - \Hit5: 24.3601	MRR5: 14.7533	Recall5: 24.3601	Precision5: 4.8720
2024-08-05 19:52:24 - INFO - Best Result:
2024-08-05 19:52:24 - INFO - 	Hit5: 24.4881	MRR5: 14.9609	Recall5: 24.4881	Precision5: 4.8976	Epoch: 10, 8, 10, 10
2024-08-05 19:52:24 - INFO - Current Result:
2024-08-05 19:52:24 - INFO - \Hit10: 33.3191	MRR10: 15.9522	Recall10: 33.3191	Precision10: 3.3319
2024-08-05 19:52:24 - INFO - Best Result:
2024-08-05 19:52:24 - INFO - 	Hit10: 33.4044	MRR10: 16.0754	Recall10: 33.4044	Precision10: 3.3404	Epoch: 12, 8, 12, 12
2024-08-05 19:52:24 - INFO - Current Result:
2024-08-05 19:52:24 - INFO - \Hit15: 38.0973	MRR15: 16.3313	Recall15: 38.0973	Precision15: 2.5398
2024-08-05 19:52:24 - INFO - Best Result:
2024-08-05 19:52:24 - INFO - 	Hit15: 38.3532	MRR15: 16.5087	Recall15: 38.3532	Precision15: 2.5569	Epoch: 15, 8, 15, 15
2024-08-05 19:52:24 - INFO - Current Result:
2024-08-05 19:52:24 - INFO - \Hit20: 42.3635	MRR20: 16.5740	Recall20: 42.3635	Precision20: 2.1182
2024-08-05 19:52:24 - INFO - Best Result:
2024-08-05 19:52:24 - INFO - 	Hit20: 42.6621	MRR20: 16.7304	Recall20: 42.6621	Precision20: 2.1331	Epoch: 15, 8, 15, 15
2024-08-05 19:52:24 - INFO - EPOCH:22
2024-08-05 19:52:24 - INFO - Time:2024/08/05 19:52:24
2024-08-05 19:52:42 - INFO - loss: 90.95781707763672; rec_loss: 90.95781707763672; intent_loss: 0.0 
2024-08-05 19:52:42 - INFO - Current Result:
2024-08-05 19:52:42 - INFO - \Hit5: 24.3601	MRR5: 14.7732	Recall5: 24.3601	Precision5: 4.8720
2024-08-05 19:52:42 - INFO - Best Result:
2024-08-05 19:52:42 - INFO - 	Hit5: 24.4881	MRR5: 14.9609	Recall5: 24.4881	Precision5: 4.8976	Epoch: 10, 8, 10, 10
2024-08-05 19:52:42 - INFO - Current Result:
2024-08-05 19:52:42 - INFO - \Hit10: 33.3618	MRR10: 15.9767	Recall10: 33.3618	Precision10: 3.3362
2024-08-05 19:52:42 - INFO - Best Result:
2024-08-05 19:52:42 - INFO - 	Hit10: 33.4044	MRR10: 16.0754	Recall10: 33.4044	Precision10: 3.3404	Epoch: 12, 8, 12, 12
2024-08-05 19:52:42 - INFO - Current Result:
2024-08-05 19:52:42 - INFO - \Hit15: 38.0973	MRR15: 16.3507	Recall15: 38.0973	Precision15: 2.5398
2024-08-05 19:52:42 - INFO - Best Result:
2024-08-05 19:52:42 - INFO - 	Hit15: 38.3532	MRR15: 16.5087	Recall15: 38.3532	Precision15: 2.5569	Epoch: 15, 8, 15, 15
2024-08-05 19:52:42 - INFO - Current Result:
2024-08-05 19:52:42 - INFO - \Hit20: 42.4915	MRR20: 16.5999	Recall20: 42.4915	Precision20: 2.1246
2024-08-05 19:52:42 - INFO - Best Result:
2024-08-05 19:52:42 - INFO - 	Hit20: 42.6621	MRR20: 16.7304	Recall20: 42.6621	Precision20: 2.1331	Epoch: 15, 8, 15, 15
2024-08-05 19:52:42 - INFO - EPOCH:23
2024-08-05 19:52:42 - INFO - Time:2024/08/05 19:52:42
2024-08-05 19:52:59 - INFO - loss: 90.95413970947266; rec_loss: 90.95413970947266; intent_loss: 0.0 
2024-08-05 19:52:59 - INFO - Current Result:
2024-08-05 19:52:59 - INFO - \Hit5: 24.3601	MRR5: 14.7625	Recall5: 24.3601	Precision5: 4.8720
2024-08-05 19:52:59 - INFO - Best Result:
2024-08-05 19:52:59 - INFO - 	Hit5: 24.4881	MRR5: 14.9609	Recall5: 24.4881	Precision5: 4.8976	Epoch: 10, 8, 10, 10
2024-08-05 19:52:59 - INFO - Current Result:
2024-08-05 19:52:59 - INFO - \Hit10: 33.3191	MRR10: 15.9606	Recall10: 33.3191	Precision10: 3.3319
2024-08-05 19:52:59 - INFO - Best Result:
2024-08-05 19:52:59 - INFO - 	Hit10: 33.4044	MRR10: 16.0754	Recall10: 33.4044	Precision10: 3.3404	Epoch: 12, 8, 12, 12
2024-08-05 19:52:59 - INFO - Current Result:
2024-08-05 19:52:59 - INFO - \Hit15: 38.1399	MRR15: 16.3414	Recall15: 38.1399	Precision15: 2.5427
2024-08-05 19:52:59 - INFO - Best Result:
2024-08-05 19:52:59 - INFO - 	Hit15: 38.3532	MRR15: 16.5087	Recall15: 38.3532	Precision15: 2.5569	Epoch: 15, 8, 15, 15
2024-08-05 19:52:59 - INFO - Current Result:
2024-08-05 19:52:59 - INFO - \Hit20: 42.4061	MRR20: 16.5836	Recall20: 42.4061	Precision20: 2.1203
2024-08-05 19:52:59 - INFO - Best Result:
2024-08-05 19:52:59 - INFO - 	Hit20: 42.6621	MRR20: 16.7304	Recall20: 42.6621	Precision20: 2.1331	Epoch: 15, 8, 15, 15
2024-08-05 19:52:59 - INFO - EPOCH:24
2024-08-05 19:52:59 - INFO - Time:2024/08/05 19:52:59
2024-08-05 19:53:17 - INFO - loss: 90.87451171875; rec_loss: 90.87451171875; intent_loss: 0.0 
2024-08-05 19:53:17 - INFO - Current Result:
2024-08-05 19:53:17 - INFO - \Hit5: 24.3601	MRR5: 14.7703	Recall5: 24.3601	Precision5: 4.8720
2024-08-05 19:53:17 - INFO - Best Result:
2024-08-05 19:53:17 - INFO - 	Hit5: 24.4881	MRR5: 14.9609	Recall5: 24.4881	Precision5: 4.8976	Epoch: 10, 8, 10, 10
2024-08-05 19:53:17 - INFO - Current Result:
2024-08-05 19:53:17 - INFO - \Hit10: 33.3618	MRR10: 15.9700	Recall10: 33.3618	Precision10: 3.3362
2024-08-05 19:53:17 - INFO - Best Result:
2024-08-05 19:53:17 - INFO - 	Hit10: 33.4044	MRR10: 16.0754	Recall10: 33.4044	Precision10: 3.3404	Epoch: 12, 8, 12, 12
2024-08-05 19:53:17 - INFO - Current Result:
2024-08-05 19:53:17 - INFO - \Hit15: 38.1399	MRR15: 16.3474	Recall15: 38.1399	Precision15: 2.5427
2024-08-05 19:53:17 - INFO - Best Result:
2024-08-05 19:53:17 - INFO - 	Hit15: 38.3532	MRR15: 16.5087	Recall15: 38.3532	Precision15: 2.5569	Epoch: 15, 8, 15, 15
2024-08-05 19:53:17 - INFO - Current Result:
2024-08-05 19:53:17 - INFO - \Hit20: 42.3635	MRR20: 16.5881	Recall20: 42.3635	Precision20: 2.1182
2024-08-05 19:53:17 - INFO - Best Result:
2024-08-05 19:53:17 - INFO - 	Hit20: 42.6621	MRR20: 16.7304	Recall20: 42.6621	Precision20: 2.1331	Epoch: 15, 8, 15, 15
2024-08-05 19:53:17 - INFO - EPOCH:25
2024-08-05 19:53:17 - INFO - Time:2024/08/05 19:53:17
2024-08-05 19:53:36 - INFO - loss: 90.8769302368164; rec_loss: 90.8769302368164; intent_loss: 0.0 
2024-08-05 19:53:36 - INFO - Current Result:
2024-08-05 19:53:36 - INFO - \Hit5: 24.4027	MRR5: 14.7789	Recall5: 24.4027	Precision5: 4.8805
2024-08-05 19:53:36 - INFO - Best Result:
2024-08-05 19:53:36 - INFO - 	Hit5: 24.4881	MRR5: 14.9609	Recall5: 24.4881	Precision5: 4.8976	Epoch: 10, 8, 10, 10
2024-08-05 19:53:36 - INFO - Current Result:
2024-08-05 19:53:36 - INFO - \Hit10: 33.3618	MRR10: 15.9732	Recall10: 33.3618	Precision10: 3.3362
2024-08-05 19:53:36 - INFO - Best Result:
2024-08-05 19:53:36 - INFO - 	Hit10: 33.4044	MRR10: 16.0754	Recall10: 33.4044	Precision10: 3.3404	Epoch: 12, 8, 12, 12
2024-08-05 19:53:36 - INFO - Current Result:
2024-08-05 19:53:36 - INFO - \Hit15: 38.1826	MRR15: 16.3535	Recall15: 38.1826	Precision15: 2.5455
2024-08-05 19:53:36 - INFO - Best Result:
2024-08-05 19:53:36 - INFO - 	Hit15: 38.3532	MRR15: 16.5087	Recall15: 38.3532	Precision15: 2.5569	Epoch: 15, 8, 15, 15
2024-08-05 19:53:36 - INFO - Current Result:
2024-08-05 19:53:36 - INFO - \Hit20: 42.3635	MRR20: 16.5914	Recall20: 42.3635	Precision20: 2.1182
2024-08-05 19:53:36 - INFO - Best Result:
2024-08-05 19:53:36 - INFO - 	Hit20: 42.6621	MRR20: 16.7304	Recall20: 42.6621	Precision20: 2.1331	Epoch: 15, 8, 15, 15
2024-08-05 19:53:36 - INFO - EPOCH:26
2024-08-05 19:53:36 - INFO - Time:2024/08/05 19:53:36
2024-08-05 19:53:51 - INFO - loss: 90.97189331054688; rec_loss: 90.97189331054688; intent_loss: 0.0 
2024-08-05 19:53:51 - INFO - Current Result:
2024-08-05 19:53:51 - INFO - \Hit5: 24.3601	MRR5: 14.7739	Recall5: 24.3601	Precision5: 4.8720
2024-08-05 19:53:51 - INFO - Best Result:
2024-08-05 19:53:51 - INFO - 	Hit5: 24.4881	MRR5: 14.9609	Recall5: 24.4881	Precision5: 4.8976	Epoch: 10, 8, 10, 10
2024-08-05 19:53:51 - INFO - Current Result:
2024-08-05 19:53:51 - INFO - \Hit10: 33.3618	MRR10: 15.9761	Recall10: 33.3618	Precision10: 3.3362
2024-08-05 19:53:51 - INFO - Best Result:
2024-08-05 19:53:51 - INFO - 	Hit10: 33.4044	MRR10: 16.0754	Recall10: 33.4044	Precision10: 3.3404	Epoch: 12, 8, 12, 12
2024-08-05 19:53:51 - INFO - Current Result:
2024-08-05 19:53:51 - INFO - \Hit15: 38.1826	MRR15: 16.3564	Recall15: 38.1826	Precision15: 2.5455
2024-08-05 19:53:51 - INFO - Best Result:
2024-08-05 19:53:51 - INFO - 	Hit15: 38.3532	MRR15: 16.5087	Recall15: 38.3532	Precision15: 2.5569	Epoch: 15, 8, 15, 15
2024-08-05 19:53:51 - INFO - Current Result:
2024-08-05 19:53:51 - INFO - \Hit20: 42.3635	MRR20: 16.5944	Recall20: 42.3635	Precision20: 2.1182
2024-08-05 19:53:51 - INFO - Best Result:
2024-08-05 19:53:51 - INFO - 	Hit20: 42.6621	MRR20: 16.7304	Recall20: 42.6621	Precision20: 2.1331	Epoch: 15, 8, 15, 15
2024-08-05 19:53:51 - INFO - EPOCH:27
2024-08-05 19:53:51 - INFO - Time:2024/08/05 19:53:51
2024-08-05 19:54:11 - INFO - loss: 90.9374008178711; rec_loss: 90.9374008178711; intent_loss: 0.0 
2024-08-05 19:54:11 - INFO - Current Result:
2024-08-05 19:54:11 - INFO - \Hit5: 24.4027	MRR5: 14.7789	Recall5: 24.4027	Precision5: 4.8805
2024-08-05 19:54:11 - INFO - Best Result:
2024-08-05 19:54:11 - INFO - 	Hit5: 24.4881	MRR5: 14.9609	Recall5: 24.4881	Precision5: 4.8976	Epoch: 10, 8, 10, 10
2024-08-05 19:54:11 - INFO - Current Result:
2024-08-05 19:54:11 - INFO - \Hit10: 33.3618	MRR10: 15.9744	Recall10: 33.3618	Precision10: 3.3362
2024-08-05 19:54:11 - INFO - Best Result:
2024-08-05 19:54:11 - INFO - 	Hit10: 33.4044	MRR10: 16.0754	Recall10: 33.4044	Precision10: 3.3404	Epoch: 12, 8, 12, 12
2024-08-05 19:54:11 - INFO - Current Result:
2024-08-05 19:54:11 - INFO - \Hit15: 38.1826	MRR15: 16.3546	Recall15: 38.1826	Precision15: 2.5455
2024-08-05 19:54:11 - INFO - Best Result:
2024-08-05 19:54:11 - INFO - 	Hit15: 38.3532	MRR15: 16.5087	Recall15: 38.3532	Precision15: 2.5569	Epoch: 15, 8, 15, 15
2024-08-05 19:54:11 - INFO - Current Result:
2024-08-05 19:54:11 - INFO - \Hit20: 42.4061	MRR20: 16.5943	Recall20: 42.4061	Precision20: 2.1203
2024-08-05 19:54:11 - INFO - Best Result:
2024-08-05 19:54:11 - INFO - 	Hit20: 42.6621	MRR20: 16.7304	Recall20: 42.6621	Precision20: 2.1331	Epoch: 15, 8, 15, 15
2024-08-05 19:54:11 - INFO - EPOCH:28
2024-08-05 19:54:11 - INFO - Time:2024/08/05 19:54:11
2024-08-05 19:54:28 - INFO - loss: 90.89867401123047; rec_loss: 90.89867401123047; intent_loss: 0.0 
2024-08-05 19:54:28 - INFO - Current Result:
2024-08-05 19:54:28 - INFO - \Hit5: 24.4027	MRR5: 14.7966	Recall5: 24.4027	Precision5: 4.8805
2024-08-05 19:54:28 - INFO - Best Result:
2024-08-05 19:54:28 - INFO - 	Hit5: 24.4881	MRR5: 14.9609	Recall5: 24.4881	Precision5: 4.8976	Epoch: 10, 8, 10, 10
2024-08-05 19:54:28 - INFO - Current Result:
2024-08-05 19:54:28 - INFO - \Hit10: 33.3618	MRR10: 15.9933	Recall10: 33.3618	Precision10: 3.3362
2024-08-05 19:54:28 - INFO - Best Result:
2024-08-05 19:54:28 - INFO - 	Hit10: 33.4044	MRR10: 16.0754	Recall10: 33.4044	Precision10: 3.3404	Epoch: 12, 8, 12, 12
2024-08-05 19:54:28 - INFO - Current Result:
2024-08-05 19:54:28 - INFO - \Hit15: 38.1826	MRR15: 16.3735	Recall15: 38.1826	Precision15: 2.5455
2024-08-05 19:54:28 - INFO - Best Result:
2024-08-05 19:54:28 - INFO - 	Hit15: 38.3532	MRR15: 16.5087	Recall15: 38.3532	Precision15: 2.5569	Epoch: 15, 8, 15, 15
2024-08-05 19:54:28 - INFO - Current Result:
2024-08-05 19:54:28 - INFO - \Hit20: 42.3635	MRR20: 16.6106	Recall20: 42.3635	Precision20: 2.1182
2024-08-05 19:54:28 - INFO - Best Result:
2024-08-05 19:54:28 - INFO - 	Hit20: 42.6621	MRR20: 16.7304	Recall20: 42.6621	Precision20: 2.1331	Epoch: 15, 8, 15, 15
2024-08-05 19:54:28 - INFO - EPOCH:29
2024-08-05 19:54:28 - INFO - Time:2024/08/05 19:54:28
2024-08-05 19:54:45 - INFO - loss: 91.11433410644531; rec_loss: 91.11433410644531; intent_loss: 0.0 
2024-08-05 19:54:45 - INFO - Current Result:
2024-08-05 19:54:45 - INFO - \Hit5: 24.4027	MRR5: 14.8038	Recall5: 24.4027	Precision5: 4.8805
2024-08-05 19:54:45 - INFO - Best Result:
2024-08-05 19:54:45 - INFO - 	Hit5: 24.4881	MRR5: 14.9609	Recall5: 24.4881	Precision5: 4.8976	Epoch: 10, 8, 10, 10
2024-08-05 19:54:45 - INFO - Current Result:
2024-08-05 19:54:45 - INFO - \Hit10: 33.3618	MRR10: 15.9994	Recall10: 33.3618	Precision10: 3.3362
2024-08-05 19:54:45 - INFO - Best Result:
2024-08-05 19:54:45 - INFO - 	Hit10: 33.4044	MRR10: 16.0754	Recall10: 33.4044	Precision10: 3.3404	Epoch: 12, 8, 12, 12
2024-08-05 19:54:45 - INFO - Current Result:
2024-08-05 19:54:45 - INFO - \Hit15: 38.1826	MRR15: 16.3793	Recall15: 38.1826	Precision15: 2.5455
2024-08-05 19:54:45 - INFO - Best Result:
2024-08-05 19:54:45 - INFO - 	Hit15: 38.3532	MRR15: 16.5087	Recall15: 38.3532	Precision15: 2.5569	Epoch: 15, 8, 15, 15
2024-08-05 19:54:45 - INFO - Current Result:
2024-08-05 19:54:45 - INFO - \Hit20: 42.3635	MRR20: 16.6165	Recall20: 42.3635	Precision20: 2.1182
2024-08-05 19:54:45 - INFO - Best Result:
2024-08-05 19:54:45 - INFO - 	Hit20: 42.6621	MRR20: 16.7304	Recall20: 42.6621	Precision20: 2.1331	Epoch: 15, 8, 15, 15
2024-08-05 19:54:45 - INFO - EPOCH:30
2024-08-05 19:54:45 - INFO - Time:2024/08/05 19:54:45
2024-08-05 19:55:02 - INFO - loss: 90.93315887451172; rec_loss: 90.93315887451172; intent_loss: 0.0 
2024-08-05 19:55:02 - INFO - Current Result:
2024-08-05 19:55:02 - INFO - \Hit5: 24.4027	MRR5: 14.7966	Recall5: 24.4027	Precision5: 4.8805
2024-08-05 19:55:02 - INFO - Best Result:
2024-08-05 19:55:02 - INFO - 	Hit5: 24.4881	MRR5: 14.9609	Recall5: 24.4881	Precision5: 4.8976	Epoch: 10, 8, 10, 10
2024-08-05 19:55:02 - INFO - Current Result:
2024-08-05 19:55:02 - INFO - \Hit10: 33.3618	MRR10: 15.9933	Recall10: 33.3618	Precision10: 3.3362
2024-08-05 19:55:02 - INFO - Best Result:
2024-08-05 19:55:02 - INFO - 	Hit10: 33.4044	MRR10: 16.0754	Recall10: 33.4044	Precision10: 3.3404	Epoch: 12, 8, 12, 12
2024-08-05 19:55:02 - INFO - Current Result:
2024-08-05 19:55:02 - INFO - \Hit15: 38.1826	MRR15: 16.3732	Recall15: 38.1826	Precision15: 2.5455
2024-08-05 19:55:02 - INFO - Best Result:
2024-08-05 19:55:02 - INFO - 	Hit15: 38.3532	MRR15: 16.5087	Recall15: 38.3532	Precision15: 2.5569	Epoch: 15, 8, 15, 15
2024-08-05 19:55:02 - INFO - Current Result:
2024-08-05 19:55:02 - INFO - \Hit20: 42.3635	MRR20: 16.6104	Recall20: 42.3635	Precision20: 2.1182
2024-08-05 19:55:02 - INFO - Best Result:
2024-08-05 19:55:02 - INFO - 	Hit20: 42.6621	MRR20: 16.7304	Recall20: 42.6621	Precision20: 2.1331	Epoch: 15, 8, 15, 15
2024-08-05 19:55:02 - INFO - EPOCH:31
2024-08-05 19:55:02 - INFO - Time:2024/08/05 19:55:02
2024-08-05 19:55:18 - INFO - loss: 91.02713775634766; rec_loss: 91.02713775634766; intent_loss: 0.0 
2024-08-05 19:55:18 - INFO - Current Result:
2024-08-05 19:55:18 - INFO - \Hit5: 24.4027	MRR5: 14.8038	Recall5: 24.4027	Precision5: 4.8805
2024-08-05 19:55:18 - INFO - Best Result:
2024-08-05 19:55:18 - INFO - 	Hit5: 24.4881	MRR5: 14.9609	Recall5: 24.4881	Precision5: 4.8976	Epoch: 10, 8, 10, 10
2024-08-05 19:55:18 - INFO - Current Result:
2024-08-05 19:55:18 - INFO - \Hit10: 33.3618	MRR10: 16.0004	Recall10: 33.3618	Precision10: 3.3362
2024-08-05 19:55:18 - INFO - Best Result:
2024-08-05 19:55:18 - INFO - 	Hit10: 33.4044	MRR10: 16.0754	Recall10: 33.4044	Precision10: 3.3404	Epoch: 12, 8, 12, 12
2024-08-05 19:55:18 - INFO - Current Result:
2024-08-05 19:55:18 - INFO - \Hit15: 38.1399	MRR15: 16.3777	Recall15: 38.1399	Precision15: 2.5427
2024-08-05 19:55:18 - INFO - Best Result:
2024-08-05 19:55:18 - INFO - 	Hit15: 38.3532	MRR15: 16.5087	Recall15: 38.3532	Precision15: 2.5569	Epoch: 15, 8, 15, 15
2024-08-05 19:55:18 - INFO - Current Result:
2024-08-05 19:55:18 - INFO - \Hit20: 42.3635	MRR20: 16.6176	Recall20: 42.3635	Precision20: 2.1182
2024-08-05 19:55:18 - INFO - Best Result:
2024-08-05 19:55:18 - INFO - 	Hit20: 42.6621	MRR20: 16.7304	Recall20: 42.6621	Precision20: 2.1331	Epoch: 15, 8, 15, 15
2024-08-05 19:55:18 - INFO - EPOCH:32
2024-08-05 19:55:18 - INFO - Time:2024/08/05 19:55:18
2024-08-05 19:55:35 - INFO - loss: 90.95521545410156; rec_loss: 90.95521545410156; intent_loss: 0.0 
2024-08-05 19:55:35 - INFO - Current Result:
2024-08-05 19:55:35 - INFO - \Hit5: 24.4027	MRR5: 14.7966	Recall5: 24.4027	Precision5: 4.8805
2024-08-05 19:55:35 - INFO - Best Result:
2024-08-05 19:55:35 - INFO - 	Hit5: 24.4881	MRR5: 14.9609	Recall5: 24.4881	Precision5: 4.8976	Epoch: 10, 8, 10, 10
2024-08-05 19:55:35 - INFO - Current Result:
2024-08-05 19:55:35 - INFO - \Hit10: 33.3618	MRR10: 15.9933	Recall10: 33.3618	Precision10: 3.3362
2024-08-05 19:55:35 - INFO - Best Result:
2024-08-05 19:55:35 - INFO - 	Hit10: 33.4044	MRR10: 16.0754	Recall10: 33.4044	Precision10: 3.3404	Epoch: 12, 8, 12, 12
2024-08-05 19:55:35 - INFO - Current Result:
2024-08-05 19:55:35 - INFO - \Hit15: 38.1399	MRR15: 16.3706	Recall15: 38.1399	Precision15: 2.5427
2024-08-05 19:55:35 - INFO - Best Result:
2024-08-05 19:55:35 - INFO - 	Hit15: 38.3532	MRR15: 16.5087	Recall15: 38.3532	Precision15: 2.5569	Epoch: 15, 8, 15, 15
2024-08-05 19:55:35 - INFO - Current Result:
2024-08-05 19:55:35 - INFO - \Hit20: 42.3635	MRR20: 16.6105	Recall20: 42.3635	Precision20: 2.1182
2024-08-05 19:55:35 - INFO - Best Result:
2024-08-05 19:55:35 - INFO - 	Hit20: 42.6621	MRR20: 16.7304	Recall20: 42.6621	Precision20: 2.1331	Epoch: 15, 8, 15, 15
2024-08-05 19:55:35 - INFO - EPOCH:33
2024-08-05 19:55:35 - INFO - Time:2024/08/05 19:55:35
2024-08-05 19:55:53 - INFO - loss: 90.90855407714844; rec_loss: 90.90855407714844; intent_loss: 0.0 
2024-08-05 19:55:53 - INFO - Current Result:
2024-08-05 19:55:53 - INFO - \Hit5: 24.4027	MRR5: 14.8038	Recall5: 24.4027	Precision5: 4.8805
2024-08-05 19:55:53 - INFO - Best Result:
2024-08-05 19:55:53 - INFO - 	Hit5: 24.4881	MRR5: 14.9609	Recall5: 24.4881	Precision5: 4.8976	Epoch: 10, 8, 10, 10
2024-08-05 19:55:53 - INFO - Current Result:
2024-08-05 19:55:53 - INFO - \Hit10: 33.3618	MRR10: 16.0004	Recall10: 33.3618	Precision10: 3.3362
2024-08-05 19:55:53 - INFO - Best Result:
2024-08-05 19:55:53 - INFO - 	Hit10: 33.4044	MRR10: 16.0754	Recall10: 33.4044	Precision10: 3.3404	Epoch: 12, 8, 12, 12
2024-08-05 19:55:53 - INFO - Current Result:
2024-08-05 19:55:53 - INFO - \Hit15: 38.1399	MRR15: 16.3777	Recall15: 38.1399	Precision15: 2.5427
2024-08-05 19:55:53 - INFO - Best Result:
2024-08-05 19:55:53 - INFO - 	Hit15: 38.3532	MRR15: 16.5087	Recall15: 38.3532	Precision15: 2.5569	Epoch: 15, 8, 15, 15
2024-08-05 19:55:53 - INFO - Current Result:
2024-08-05 19:55:53 - INFO - \Hit20: 42.3635	MRR20: 16.6176	Recall20: 42.3635	Precision20: 2.1182
2024-08-05 19:55:53 - INFO - Best Result:
2024-08-05 19:55:53 - INFO - 	Hit20: 42.6621	MRR20: 16.7304	Recall20: 42.6621	Precision20: 2.1331	Epoch: 15, 8, 15, 15
2024-08-05 19:55:53 - INFO - EPOCH:34
2024-08-05 19:55:53 - INFO - Time:2024/08/05 19:55:53
2024-08-05 19:56:08 - INFO - loss: 91.0331039428711; rec_loss: 91.0331039428711; intent_loss: 0.0 
2024-08-05 19:56:08 - INFO - Current Result:
2024-08-05 19:56:08 - INFO - \Hit5: 24.4027	MRR5: 14.7966	Recall5: 24.4027	Precision5: 4.8805
2024-08-05 19:56:08 - INFO - Best Result:
2024-08-05 19:56:08 - INFO - 	Hit5: 24.4881	MRR5: 14.9609	Recall5: 24.4881	Precision5: 4.8976	Epoch: 10, 8, 10, 10
2024-08-05 19:56:08 - INFO - Current Result:
2024-08-05 19:56:08 - INFO - \Hit10: 33.3618	MRR10: 15.9939	Recall10: 33.3618	Precision10: 3.3362
2024-08-05 19:56:08 - INFO - Best Result:
2024-08-05 19:56:08 - INFO - 	Hit10: 33.4044	MRR10: 16.0754	Recall10: 33.4044	Precision10: 3.3404	Epoch: 12, 8, 12, 12
2024-08-05 19:56:08 - INFO - Current Result:
2024-08-05 19:56:08 - INFO - \Hit15: 38.1399	MRR15: 16.3712	Recall15: 38.1399	Precision15: 2.5427
2024-08-05 19:56:08 - INFO - Best Result:
2024-08-05 19:56:08 - INFO - 	Hit15: 38.3532	MRR15: 16.5087	Recall15: 38.3532	Precision15: 2.5569	Epoch: 15, 8, 15, 15
2024-08-05 19:56:08 - INFO - Current Result:
2024-08-05 19:56:08 - INFO - \Hit20: 42.3635	MRR20: 16.6111	Recall20: 42.3635	Precision20: 2.1182
2024-08-05 19:56:08 - INFO - Best Result:
2024-08-05 19:56:08 - INFO - 	Hit20: 42.6621	MRR20: 16.7304	Recall20: 42.6621	Precision20: 2.1331	Epoch: 15, 8, 15, 15
2024-08-05 19:56:08 - INFO - EPOCH:35
2024-08-05 19:56:08 - INFO - Time:2024/08/05 19:56:08
2024-08-05 19:56:26 - INFO - loss: 90.96551513671875; rec_loss: 90.96551513671875; intent_loss: 0.0 
2024-08-05 19:56:26 - INFO - Current Result:
2024-08-05 19:56:26 - INFO - \Hit5: 24.4027	MRR5: 14.8002	Recall5: 24.4027	Precision5: 4.8805
2024-08-05 19:56:26 - INFO - Best Result:
2024-08-05 19:56:26 - INFO - 	Hit5: 24.4881	MRR5: 14.9609	Recall5: 24.4881	Precision5: 4.8976	Epoch: 10, 8, 10, 10
2024-08-05 19:56:26 - INFO - Current Result:
2024-08-05 19:56:26 - INFO - \Hit10: 33.3618	MRR10: 15.9974	Recall10: 33.3618	Precision10: 3.3362
2024-08-05 19:56:26 - INFO - Best Result:
2024-08-05 19:56:26 - INFO - 	Hit10: 33.4044	MRR10: 16.0754	Recall10: 33.4044	Precision10: 3.3404	Epoch: 12, 8, 12, 12
2024-08-05 19:56:26 - INFO - Current Result:
2024-08-05 19:56:26 - INFO - \Hit15: 38.1399	MRR15: 16.3748	Recall15: 38.1399	Precision15: 2.5427
2024-08-05 19:56:26 - INFO - Best Result:
2024-08-05 19:56:26 - INFO - 	Hit15: 38.3532	MRR15: 16.5087	Recall15: 38.3532	Precision15: 2.5569	Epoch: 15, 8, 15, 15
2024-08-05 19:56:26 - INFO - Current Result:
2024-08-05 19:56:26 - INFO - \Hit20: 42.3635	MRR20: 16.6146	Recall20: 42.3635	Precision20: 2.1182
2024-08-05 19:56:26 - INFO - Best Result:
2024-08-05 19:56:26 - INFO - 	Hit20: 42.6621	MRR20: 16.7304	Recall20: 42.6621	Precision20: 2.1331	Epoch: 15, 8, 15, 15
2024-08-05 19:56:26 - INFO - EPOCH:36
2024-08-05 19:56:26 - INFO - Time:2024/08/05 19:56:26
2024-08-05 19:56:42 - INFO - loss: 90.80716705322266; rec_loss: 90.80716705322266; intent_loss: 0.0 
2024-08-05 19:56:42 - INFO - Current Result:
2024-08-05 19:56:42 - INFO - \Hit5: 24.4027	MRR5: 14.8002	Recall5: 24.4027	Precision5: 4.8805
2024-08-05 19:56:42 - INFO - Best Result:
2024-08-05 19:56:42 - INFO - 	Hit5: 24.4881	MRR5: 14.9609	Recall5: 24.4881	Precision5: 4.8976	Epoch: 10, 8, 10, 10
2024-08-05 19:56:42 - INFO - Current Result:
2024-08-05 19:56:42 - INFO - \Hit10: 33.3618	MRR10: 15.9974	Recall10: 33.3618	Precision10: 3.3362
2024-08-05 19:56:42 - INFO - Best Result:
2024-08-05 19:56:42 - INFO - 	Hit10: 33.4044	MRR10: 16.0754	Recall10: 33.4044	Precision10: 3.3404	Epoch: 12, 8, 12, 12
2024-08-05 19:56:42 - INFO - Current Result:
2024-08-05 19:56:42 - INFO - \Hit15: 38.1399	MRR15: 16.3748	Recall15: 38.1399	Precision15: 2.5427
2024-08-05 19:56:42 - INFO - Best Result:
2024-08-05 19:56:42 - INFO - 	Hit15: 38.3532	MRR15: 16.5087	Recall15: 38.3532	Precision15: 2.5569	Epoch: 15, 8, 15, 15
2024-08-05 19:56:42 - INFO - Current Result:
2024-08-05 19:56:42 - INFO - \Hit20: 42.3635	MRR20: 16.6146	Recall20: 42.3635	Precision20: 2.1182
2024-08-05 19:56:42 - INFO - Best Result:
2024-08-05 19:56:42 - INFO - 	Hit20: 42.6621	MRR20: 16.7304	Recall20: 42.6621	Precision20: 2.1331	Epoch: 15, 8, 15, 15
2024-08-05 19:56:42 - INFO - EPOCH:37
2024-08-05 19:56:42 - INFO - Time:2024/08/05 19:56:42
2024-08-05 19:56:58 - INFO - loss: 90.87162780761719; rec_loss: 90.87162780761719; intent_loss: 0.0 
2024-08-05 19:56:58 - INFO - Current Result:
2024-08-05 19:56:58 - INFO - \Hit5: 24.4027	MRR5: 14.8002	Recall5: 24.4027	Precision5: 4.8805
2024-08-05 19:56:58 - INFO - Best Result:
2024-08-05 19:56:58 - INFO - 	Hit5: 24.4881	MRR5: 14.9609	Recall5: 24.4881	Precision5: 4.8976	Epoch: 10, 8, 10, 10
2024-08-05 19:56:58 - INFO - Current Result:
2024-08-05 19:56:58 - INFO - \Hit10: 33.3618	MRR10: 15.9974	Recall10: 33.3618	Precision10: 3.3362
2024-08-05 19:56:58 - INFO - Best Result:
2024-08-05 19:56:58 - INFO - 	Hit10: 33.4044	MRR10: 16.0754	Recall10: 33.4044	Precision10: 3.3404	Epoch: 12, 8, 12, 12
2024-08-05 19:56:58 - INFO - Current Result:
2024-08-05 19:56:58 - INFO - \Hit15: 38.1399	MRR15: 16.3748	Recall15: 38.1399	Precision15: 2.5427
2024-08-05 19:56:58 - INFO - Best Result:
2024-08-05 19:56:58 - INFO - 	Hit15: 38.3532	MRR15: 16.5087	Recall15: 38.3532	Precision15: 2.5569	Epoch: 15, 8, 15, 15
2024-08-05 19:56:58 - INFO - Current Result:
2024-08-05 19:56:58 - INFO - \Hit20: 42.3635	MRR20: 16.6146	Recall20: 42.3635	Precision20: 2.1182
2024-08-05 19:56:58 - INFO - Best Result:
2024-08-05 19:56:58 - INFO - 	Hit20: 42.6621	MRR20: 16.7304	Recall20: 42.6621	Precision20: 2.1331	Epoch: 15, 8, 15, 15
2024-08-05 19:56:58 - INFO - EPOCH:38
2024-08-05 19:56:58 - INFO - Time:2024/08/05 19:56:58
2024-08-05 19:57:15 - INFO - loss: 90.99492645263672; rec_loss: 90.99492645263672; intent_loss: 0.0 
2024-08-05 19:57:15 - INFO - Current Result:
2024-08-05 19:57:15 - INFO - \Hit5: 24.4027	MRR5: 14.7966	Recall5: 24.4027	Precision5: 4.8805
2024-08-05 19:57:15 - INFO - Best Result:
2024-08-05 19:57:15 - INFO - 	Hit5: 24.4881	MRR5: 14.9609	Recall5: 24.4881	Precision5: 4.8976	Epoch: 10, 8, 10, 10
2024-08-05 19:57:15 - INFO - Current Result:
2024-08-05 19:57:15 - INFO - \Hit10: 33.3618	MRR10: 15.9939	Recall10: 33.3618	Precision10: 3.3362
2024-08-05 19:57:15 - INFO - Best Result:
2024-08-05 19:57:15 - INFO - 	Hit10: 33.4044	MRR10: 16.0754	Recall10: 33.4044	Precision10: 3.3404	Epoch: 12, 8, 12, 12
2024-08-05 19:57:15 - INFO - Current Result:
2024-08-05 19:57:15 - INFO - \Hit15: 38.1399	MRR15: 16.3712	Recall15: 38.1399	Precision15: 2.5427
2024-08-05 19:57:15 - INFO - Best Result:
2024-08-05 19:57:15 - INFO - 	Hit15: 38.3532	MRR15: 16.5087	Recall15: 38.3532	Precision15: 2.5569	Epoch: 15, 8, 15, 15
2024-08-05 19:57:15 - INFO - Current Result:
2024-08-05 19:57:15 - INFO - \Hit20: 42.3635	MRR20: 16.6111	Recall20: 42.3635	Precision20: 2.1182
2024-08-05 19:57:15 - INFO - Best Result:
2024-08-05 19:57:15 - INFO - 	Hit20: 42.6621	MRR20: 16.7304	Recall20: 42.6621	Precision20: 2.1331	Epoch: 15, 8, 15, 15
2024-08-05 19:57:15 - INFO - EPOCH:39
2024-08-05 19:57:15 - INFO - Time:2024/08/05 19:57:15
2024-08-05 19:57:32 - INFO - loss: 90.64575958251953; rec_loss: 90.64575958251953; intent_loss: 0.0 
2024-08-05 19:57:32 - INFO - Current Result:
2024-08-05 19:57:32 - INFO - \Hit5: 24.4027	MRR5: 14.8002	Recall5: 24.4027	Precision5: 4.8805
2024-08-05 19:57:32 - INFO - Best Result:
2024-08-05 19:57:32 - INFO - 	Hit5: 24.4881	MRR5: 14.9609	Recall5: 24.4881	Precision5: 4.8976	Epoch: 10, 8, 10, 10
2024-08-05 19:57:32 - INFO - Current Result:
2024-08-05 19:57:32 - INFO - \Hit10: 33.3618	MRR10: 15.9974	Recall10: 33.3618	Precision10: 3.3362
2024-08-05 19:57:32 - INFO - Best Result:
2024-08-05 19:57:32 - INFO - 	Hit10: 33.4044	MRR10: 16.0754	Recall10: 33.4044	Precision10: 3.3404	Epoch: 12, 8, 12, 12
2024-08-05 19:57:32 - INFO - Current Result:
2024-08-05 19:57:32 - INFO - \Hit15: 38.1399	MRR15: 16.3748	Recall15: 38.1399	Precision15: 2.5427
2024-08-05 19:57:32 - INFO - Best Result:
2024-08-05 19:57:32 - INFO - 	Hit15: 38.3532	MRR15: 16.5087	Recall15: 38.3532	Precision15: 2.5569	Epoch: 15, 8, 15, 15
2024-08-05 19:57:32 - INFO - Current Result:
2024-08-05 19:57:32 - INFO - \Hit20: 42.3635	MRR20: 16.6146	Recall20: 42.3635	Precision20: 2.1182
2024-08-05 19:57:32 - INFO - Best Result:
2024-08-05 19:57:32 - INFO - 	Hit20: 42.6621	MRR20: 16.7304	Recall20: 42.6621	Precision20: 2.1331	Epoch: 15, 8, 15, 15
2024-08-05 19:57:32 - INFO - EPOCH:40
2024-08-05 19:57:32 - INFO - Time:2024/08/05 19:57:32
2024-08-05 19:57:49 - INFO - loss: 90.74191284179688; rec_loss: 90.74191284179688; intent_loss: 0.0 
2024-08-05 19:57:49 - INFO - Current Result:
2024-08-05 19:57:49 - INFO - \Hit5: 24.4027	MRR5: 14.8002	Recall5: 24.4027	Precision5: 4.8805
2024-08-05 19:57:49 - INFO - Best Result:
2024-08-05 19:57:49 - INFO - 	Hit5: 24.4881	MRR5: 14.9609	Recall5: 24.4881	Precision5: 4.8976	Epoch: 10, 8, 10, 10
2024-08-05 19:57:49 - INFO - Current Result:
2024-08-05 19:57:49 - INFO - \Hit10: 33.3618	MRR10: 15.9974	Recall10: 33.3618	Precision10: 3.3362
2024-08-05 19:57:49 - INFO - Best Result:
2024-08-05 19:57:49 - INFO - 	Hit10: 33.4044	MRR10: 16.0754	Recall10: 33.4044	Precision10: 3.3404	Epoch: 12, 8, 12, 12
2024-08-05 19:57:49 - INFO - Current Result:
2024-08-05 19:57:49 - INFO - \Hit15: 38.1399	MRR15: 16.3748	Recall15: 38.1399	Precision15: 2.5427
2024-08-05 19:57:49 - INFO - Best Result:
2024-08-05 19:57:49 - INFO - 	Hit15: 38.3532	MRR15: 16.5087	Recall15: 38.3532	Precision15: 2.5569	Epoch: 15, 8, 15, 15
2024-08-05 19:57:49 - INFO - Current Result:
2024-08-05 19:57:49 - INFO - \Hit20: 42.3635	MRR20: 16.6146	Recall20: 42.3635	Precision20: 2.1182
2024-08-05 19:57:49 - INFO - Best Result:
2024-08-05 19:57:49 - INFO - 	Hit20: 42.6621	MRR20: 16.7304	Recall20: 42.6621	Precision20: 2.1331	Epoch: 15, 8, 15, 15
2024-08-05 19:57:49 - INFO - EPOCH:41
2024-08-05 19:57:49 - INFO - Time:2024/08/05 19:57:49
2024-08-05 19:58:07 - INFO - loss: 91.1220474243164; rec_loss: 91.1220474243164; intent_loss: 0.0 
2024-08-05 19:58:07 - INFO - Current Result:
2024-08-05 19:58:07 - INFO - \Hit5: 24.4027	MRR5: 14.8073	Recall5: 24.4027	Precision5: 4.8805
2024-08-05 19:58:07 - INFO - Best Result:
2024-08-05 19:58:07 - INFO - 	Hit5: 24.4881	MRR5: 14.9609	Recall5: 24.4881	Precision5: 4.8976	Epoch: 10, 8, 10, 10
2024-08-05 19:58:07 - INFO - Current Result:
2024-08-05 19:58:07 - INFO - \Hit10: 33.3618	MRR10: 16.0045	Recall10: 33.3618	Precision10: 3.3362
2024-08-05 19:58:07 - INFO - Best Result:
2024-08-05 19:58:07 - INFO - 	Hit10: 33.4044	MRR10: 16.0754	Recall10: 33.4044	Precision10: 3.3404	Epoch: 12, 8, 12, 12
2024-08-05 19:58:07 - INFO - Current Result:
2024-08-05 19:58:07 - INFO - \Hit15: 38.1399	MRR15: 16.3819	Recall15: 38.1399	Precision15: 2.5427
2024-08-05 19:58:07 - INFO - Best Result:
2024-08-05 19:58:07 - INFO - 	Hit15: 38.3532	MRR15: 16.5087	Recall15: 38.3532	Precision15: 2.5569	Epoch: 15, 8, 15, 15
2024-08-05 19:58:07 - INFO - Current Result:
2024-08-05 19:58:07 - INFO - \Hit20: 42.3635	MRR20: 16.6217	Recall20: 42.3635	Precision20: 2.1182
2024-08-05 19:58:07 - INFO - Best Result:
2024-08-05 19:58:07 - INFO - 	Hit20: 42.6621	MRR20: 16.7304	Recall20: 42.6621	Precision20: 2.1331	Epoch: 15, 8, 15, 15
2024-08-05 19:58:07 - INFO - EPOCH:42
2024-08-05 19:58:07 - INFO - Time:2024/08/05 19:58:07
2024-08-05 19:58:24 - INFO - loss: 91.1327133178711; rec_loss: 91.1327133178711; intent_loss: 0.0 
2024-08-05 19:58:24 - INFO - Current Result:
2024-08-05 19:58:24 - INFO - \Hit5: 24.4027	MRR5: 14.8073	Recall5: 24.4027	Precision5: 4.8805
2024-08-05 19:58:24 - INFO - Best Result:
2024-08-05 19:58:24 - INFO - 	Hit5: 24.4881	MRR5: 14.9609	Recall5: 24.4881	Precision5: 4.8976	Epoch: 10, 8, 10, 10
2024-08-05 19:58:24 - INFO - Current Result:
2024-08-05 19:58:24 - INFO - \Hit10: 33.3618	MRR10: 16.0045	Recall10: 33.3618	Precision10: 3.3362
2024-08-05 19:58:24 - INFO - Best Result:
2024-08-05 19:58:24 - INFO - 	Hit10: 33.4044	MRR10: 16.0754	Recall10: 33.4044	Precision10: 3.3404	Epoch: 12, 8, 12, 12
2024-08-05 19:58:24 - INFO - Current Result:
2024-08-05 19:58:24 - INFO - \Hit15: 38.1399	MRR15: 16.3819	Recall15: 38.1399	Precision15: 2.5427
2024-08-05 19:58:24 - INFO - Best Result:
2024-08-05 19:58:24 - INFO - 	Hit15: 38.3532	MRR15: 16.5087	Recall15: 38.3532	Precision15: 2.5569	Epoch: 15, 8, 15, 15
2024-08-05 19:58:24 - INFO - Current Result:
2024-08-05 19:58:24 - INFO - \Hit20: 42.3635	MRR20: 16.6217	Recall20: 42.3635	Precision20: 2.1182
2024-08-05 19:58:24 - INFO - Best Result:
2024-08-05 19:58:24 - INFO - 	Hit20: 42.6621	MRR20: 16.7304	Recall20: 42.6621	Precision20: 2.1331	Epoch: 15, 8, 15, 15
2024-08-05 19:58:24 - INFO - EPOCH:43
2024-08-05 19:58:24 - INFO - Time:2024/08/05 19:58:24
2024-08-05 19:58:42 - INFO - loss: 90.88081359863281; rec_loss: 90.88081359863281; intent_loss: 0.0 
2024-08-05 19:58:42 - INFO - Current Result:
2024-08-05 19:58:42 - INFO - \Hit5: 24.4027	MRR5: 14.8073	Recall5: 24.4027	Precision5: 4.8805
2024-08-05 19:58:42 - INFO - Best Result:
2024-08-05 19:58:42 - INFO - 	Hit5: 24.4881	MRR5: 14.9609	Recall5: 24.4881	Precision5: 4.8976	Epoch: 10, 8, 10, 10
2024-08-05 19:58:42 - INFO - Current Result:
2024-08-05 19:58:42 - INFO - \Hit10: 33.3618	MRR10: 16.0045	Recall10: 33.3618	Precision10: 3.3362
2024-08-05 19:58:42 - INFO - Best Result:
2024-08-05 19:58:42 - INFO - 	Hit10: 33.4044	MRR10: 16.0754	Recall10: 33.4044	Precision10: 3.3404	Epoch: 12, 8, 12, 12
2024-08-05 19:58:42 - INFO - Current Result:
2024-08-05 19:58:42 - INFO - \Hit15: 38.1399	MRR15: 16.3819	Recall15: 38.1399	Precision15: 2.5427
2024-08-05 19:58:42 - INFO - Best Result:
2024-08-05 19:58:42 - INFO - 	Hit15: 38.3532	MRR15: 16.5087	Recall15: 38.3532	Precision15: 2.5569	Epoch: 15, 8, 15, 15
2024-08-05 19:58:42 - INFO - Current Result:
2024-08-05 19:58:42 - INFO - \Hit20: 42.3635	MRR20: 16.6217	Recall20: 42.3635	Precision20: 2.1182
2024-08-05 19:58:42 - INFO - Best Result:
2024-08-05 19:58:42 - INFO - 	Hit20: 42.6621	MRR20: 16.7304	Recall20: 42.6621	Precision20: 2.1331	Epoch: 15, 8, 15, 15
2024-08-05 19:58:42 - INFO - EPOCH:44
2024-08-05 19:58:42 - INFO - Time:2024/08/05 19:58:42
2024-08-05 19:59:04 - INFO - loss: 91.0639419555664; rec_loss: 91.0639419555664; intent_loss: 0.0 
2024-08-05 19:59:04 - INFO - Current Result:
2024-08-05 19:59:04 - INFO - \Hit5: 24.4027	MRR5: 14.8073	Recall5: 24.4027	Precision5: 4.8805
2024-08-05 19:59:04 - INFO - Best Result:
2024-08-05 19:59:04 - INFO - 	Hit5: 24.4881	MRR5: 14.9609	Recall5: 24.4881	Precision5: 4.8976	Epoch: 10, 8, 10, 10
2024-08-05 19:59:04 - INFO - Current Result:
2024-08-05 19:59:04 - INFO - \Hit10: 33.3618	MRR10: 16.0045	Recall10: 33.3618	Precision10: 3.3362
2024-08-05 19:59:04 - INFO - Best Result:
2024-08-05 19:59:04 - INFO - 	Hit10: 33.4044	MRR10: 16.0754	Recall10: 33.4044	Precision10: 3.3404	Epoch: 12, 8, 12, 12
2024-08-05 19:59:04 - INFO - Current Result:
2024-08-05 19:59:04 - INFO - \Hit15: 38.1399	MRR15: 16.3819	Recall15: 38.1399	Precision15: 2.5427
2024-08-05 19:59:04 - INFO - Best Result:
2024-08-05 19:59:04 - INFO - 	Hit15: 38.3532	MRR15: 16.5087	Recall15: 38.3532	Precision15: 2.5569	Epoch: 15, 8, 15, 15
2024-08-05 19:59:04 - INFO - Current Result:
2024-08-05 19:59:04 - INFO - \Hit20: 42.3635	MRR20: 16.6217	Recall20: 42.3635	Precision20: 2.1182
2024-08-05 19:59:04 - INFO - Best Result:
2024-08-05 19:59:04 - INFO - 	Hit20: 42.6621	MRR20: 16.7304	Recall20: 42.6621	Precision20: 2.1331	Epoch: 15, 8, 15, 15
2024-08-05 19:59:04 - INFO - EPOCH:45
2024-08-05 19:59:04 - INFO - Time:2024/08/05 19:59:04
2024-08-05 19:59:25 - INFO - loss: 90.91775512695312; rec_loss: 90.91775512695312; intent_loss: 0.0 
2024-08-05 19:59:25 - INFO - Current Result:
2024-08-05 19:59:25 - INFO - \Hit5: 24.4027	MRR5: 14.8073	Recall5: 24.4027	Precision5: 4.8805
2024-08-05 19:59:25 - INFO - Best Result:
2024-08-05 19:59:25 - INFO - 	Hit5: 24.4881	MRR5: 14.9609	Recall5: 24.4881	Precision5: 4.8976	Epoch: 10, 8, 10, 10
2024-08-05 19:59:25 - INFO - Current Result:
2024-08-05 19:59:25 - INFO - \Hit10: 33.3618	MRR10: 16.0045	Recall10: 33.3618	Precision10: 3.3362
2024-08-05 19:59:25 - INFO - Best Result:
2024-08-05 19:59:25 - INFO - 	Hit10: 33.4044	MRR10: 16.0754	Recall10: 33.4044	Precision10: 3.3404	Epoch: 12, 8, 12, 12
2024-08-05 19:59:25 - INFO - Current Result:
2024-08-05 19:59:25 - INFO - \Hit15: 38.1399	MRR15: 16.3819	Recall15: 38.1399	Precision15: 2.5427
2024-08-05 19:59:25 - INFO - Best Result:
2024-08-05 19:59:25 - INFO - 	Hit15: 38.3532	MRR15: 16.5087	Recall15: 38.3532	Precision15: 2.5569	Epoch: 15, 8, 15, 15
2024-08-05 19:59:25 - INFO - Current Result:
2024-08-05 19:59:25 - INFO - \Hit20: 42.3635	MRR20: 16.6217	Recall20: 42.3635	Precision20: 2.1182
2024-08-05 19:59:25 - INFO - Best Result:
2024-08-05 19:59:25 - INFO - 	Hit20: 42.6621	MRR20: 16.7304	Recall20: 42.6621	Precision20: 2.1331	Epoch: 15, 8, 15, 15
2024-08-05 19:59:25 - INFO - EPOCH:46
2024-08-05 19:59:25 - INFO - Time:2024/08/05 19:59:25
2024-08-05 19:59:44 - INFO - loss: 90.78370666503906; rec_loss: 90.78370666503906; intent_loss: 0.0 
2024-08-05 19:59:44 - INFO - Current Result:
2024-08-05 19:59:44 - INFO - \Hit5: 24.4027	MRR5: 14.8073	Recall5: 24.4027	Precision5: 4.8805
2024-08-05 19:59:44 - INFO - Best Result:
2024-08-05 19:59:44 - INFO - 	Hit5: 24.4881	MRR5: 14.9609	Recall5: 24.4881	Precision5: 4.8976	Epoch: 10, 8, 10, 10
2024-08-05 19:59:44 - INFO - Current Result:
2024-08-05 19:59:44 - INFO - \Hit10: 33.3618	MRR10: 16.0045	Recall10: 33.3618	Precision10: 3.3362
2024-08-05 19:59:44 - INFO - Best Result:
2024-08-05 19:59:44 - INFO - 	Hit10: 33.4044	MRR10: 16.0754	Recall10: 33.4044	Precision10: 3.3404	Epoch: 12, 8, 12, 12
2024-08-05 19:59:44 - INFO - Current Result:
2024-08-05 19:59:44 - INFO - \Hit15: 38.1399	MRR15: 16.3819	Recall15: 38.1399	Precision15: 2.5427
2024-08-05 19:59:44 - INFO - Best Result:
2024-08-05 19:59:44 - INFO - 	Hit15: 38.3532	MRR15: 16.5087	Recall15: 38.3532	Precision15: 2.5569	Epoch: 15, 8, 15, 15
2024-08-05 19:59:44 - INFO - Current Result:
2024-08-05 19:59:44 - INFO - \Hit20: 42.3635	MRR20: 16.6217	Recall20: 42.3635	Precision20: 2.1182
2024-08-05 19:59:44 - INFO - Best Result:
2024-08-05 19:59:44 - INFO - 	Hit20: 42.6621	MRR20: 16.7304	Recall20: 42.6621	Precision20: 2.1331	Epoch: 15, 8, 15, 15
2024-08-05 19:59:44 - INFO - EPOCH:47
2024-08-05 19:59:44 - INFO - Time:2024/08/05 19:59:44
2024-08-05 20:00:05 - INFO - loss: 90.70284271240234; rec_loss: 90.70284271240234; intent_loss: 0.0 
2024-08-05 20:00:05 - INFO - Current Result:
2024-08-05 20:00:05 - INFO - \Hit5: 24.4027	MRR5: 14.8073	Recall5: 24.4027	Precision5: 4.8805
2024-08-05 20:00:05 - INFO - Best Result:
2024-08-05 20:00:05 - INFO - 	Hit5: 24.4881	MRR5: 14.9609	Recall5: 24.4881	Precision5: 4.8976	Epoch: 10, 8, 10, 10
2024-08-05 20:00:05 - INFO - Current Result:
2024-08-05 20:00:05 - INFO - \Hit10: 33.3618	MRR10: 16.0045	Recall10: 33.3618	Precision10: 3.3362
2024-08-05 20:00:05 - INFO - Best Result:
2024-08-05 20:00:05 - INFO - 	Hit10: 33.4044	MRR10: 16.0754	Recall10: 33.4044	Precision10: 3.3404	Epoch: 12, 8, 12, 12
2024-08-05 20:00:05 - INFO - Current Result:
2024-08-05 20:00:05 - INFO - \Hit15: 38.1399	MRR15: 16.3819	Recall15: 38.1399	Precision15: 2.5427
2024-08-05 20:00:05 - INFO - Best Result:
2024-08-05 20:00:05 - INFO - 	Hit15: 38.3532	MRR15: 16.5087	Recall15: 38.3532	Precision15: 2.5569	Epoch: 15, 8, 15, 15
2024-08-05 20:00:05 - INFO - Current Result:
2024-08-05 20:00:05 - INFO - \Hit20: 42.3635	MRR20: 16.6217	Recall20: 42.3635	Precision20: 2.1182
2024-08-05 20:00:05 - INFO - Best Result:
2024-08-05 20:00:05 - INFO - 	Hit20: 42.6621	MRR20: 16.7304	Recall20: 42.6621	Precision20: 2.1331	Epoch: 15, 8, 15, 15
2024-08-05 20:00:05 - INFO - EPOCH:48
2024-08-05 20:00:05 - INFO - Time:2024/08/05 20:00:05
2024-08-05 20:00:23 - INFO - loss: 90.95405578613281; rec_loss: 90.95405578613281; intent_loss: 0.0 
2024-08-05 20:00:23 - INFO - Current Result:
2024-08-05 20:00:23 - INFO - \Hit5: 24.4027	MRR5: 14.8073	Recall5: 24.4027	Precision5: 4.8805
2024-08-05 20:00:23 - INFO - Best Result:
2024-08-05 20:00:23 - INFO - 	Hit5: 24.4881	MRR5: 14.9609	Recall5: 24.4881	Precision5: 4.8976	Epoch: 10, 8, 10, 10
2024-08-05 20:00:23 - INFO - Current Result:
2024-08-05 20:00:23 - INFO - \Hit10: 33.3618	MRR10: 16.0045	Recall10: 33.3618	Precision10: 3.3362
2024-08-05 20:00:23 - INFO - Best Result:
2024-08-05 20:00:23 - INFO - 	Hit10: 33.4044	MRR10: 16.0754	Recall10: 33.4044	Precision10: 3.3404	Epoch: 12, 8, 12, 12
2024-08-05 20:00:23 - INFO - Current Result:
2024-08-05 20:00:23 - INFO - \Hit15: 38.1399	MRR15: 16.3819	Recall15: 38.1399	Precision15: 2.5427
2024-08-05 20:00:23 - INFO - Best Result:
2024-08-05 20:00:23 - INFO - 	Hit15: 38.3532	MRR15: 16.5087	Recall15: 38.3532	Precision15: 2.5569	Epoch: 15, 8, 15, 15
2024-08-05 20:00:23 - INFO - Current Result:
2024-08-05 20:00:23 - INFO - \Hit20: 42.3635	MRR20: 16.6217	Recall20: 42.3635	Precision20: 2.1182
2024-08-05 20:00:23 - INFO - Best Result:
2024-08-05 20:00:23 - INFO - 	Hit20: 42.6621	MRR20: 16.7304	Recall20: 42.6621	Precision20: 2.1331	Epoch: 15, 8, 15, 15
2024-08-05 20:00:23 - INFO - EPOCH:49
2024-08-05 20:00:23 - INFO - Time:2024/08/05 20:00:23
2024-08-05 20:00:45 - INFO - loss: 90.8449478149414; rec_loss: 90.8449478149414; intent_loss: 0.0 
2024-08-05 20:00:45 - INFO - Current Result:
2024-08-05 20:00:45 - INFO - \Hit5: 24.4027	MRR5: 14.8073	Recall5: 24.4027	Precision5: 4.8805
2024-08-05 20:00:45 - INFO - Best Result:
2024-08-05 20:00:45 - INFO - 	Hit5: 24.4881	MRR5: 14.9609	Recall5: 24.4881	Precision5: 4.8976	Epoch: 10, 8, 10, 10
2024-08-05 20:00:45 - INFO - Current Result:
2024-08-05 20:00:45 - INFO - \Hit10: 33.3618	MRR10: 16.0045	Recall10: 33.3618	Precision10: 3.3362
2024-08-05 20:00:45 - INFO - Best Result:
2024-08-05 20:00:45 - INFO - 	Hit10: 33.4044	MRR10: 16.0754	Recall10: 33.4044	Precision10: 3.3404	Epoch: 12, 8, 12, 12
2024-08-05 20:00:45 - INFO - Current Result:
2024-08-05 20:00:45 - INFO - \Hit15: 38.1399	MRR15: 16.3819	Recall15: 38.1399	Precision15: 2.5427
2024-08-05 20:00:45 - INFO - Best Result:
2024-08-05 20:00:45 - INFO - 	Hit15: 38.3532	MRR15: 16.5087	Recall15: 38.3532	Precision15: 2.5569	Epoch: 15, 8, 15, 15
2024-08-05 20:00:45 - INFO - Current Result:
2024-08-05 20:00:45 - INFO - \Hit20: 42.3635	MRR20: 16.6217	Recall20: 42.3635	Precision20: 2.1182
2024-08-05 20:00:45 - INFO - Best Result:
2024-08-05 20:00:45 - INFO - 	Hit20: 42.6621	MRR20: 16.7304	Recall20: 42.6621	Precision20: 2.1331	Epoch: 15, 8, 15, 15
2024-08-05 20:00:45 - INFO - -------------------------------------------------------
2024-08-05 20:00:45 - INFO - Run time: 793.866848 s
