2024-08-06 15:45:17 - INFO - *******start1***********
2024-08-06 15:45:17 - INFO - start time: 2024-08-06 15:45:17
2024-08-06 15:45:17 - INFO - 文本内容 + 文本处理方式:title_vecs.npy
2024-08-06 15:45:17 - INFO - >>SEED:2024
2024-08-06 15:45:17 - INFO - ===========config================
2024-08-06 15:45:17 - INFO - model:Intent_UniGCNII
2024-08-06 15:45:17 - INFO - if_gcn:True
2024-08-06 15:45:17 - INFO - dataset:dblp
2024-08-06 15:45:17 - INFO - gpu:0
2024-08-06 15:45:17 - INFO - Disentangle:True
2024-08-06 15:45:17 - INFO - Intent factors:7
2024-08-06 15:45:17 - INFO - journal vec:True
2024-08-06 15:45:17 - INFO - title vec:True
2024-08-06 15:45:17 - INFO - Test Topks[5, 10, 15, 20]:
2024-08-06 15:45:17 - INFO - hiddenSize:448
2024-08-06 15:45:17 - INFO - n_factor:7
2024-08-06 15:45:17 - INFO - lr:0.005
2024-08-06 15:45:17 - INFO - batch_size:512
2024-08-06 15:45:17 - INFO - lamda_1:0.85
2024-08-06 15:45:17 - INFO - if co_show:False
2024-08-06 15:45:17 - INFO - if citation:True
2024-08-06 15:45:17 - INFO - integrate_model:transformer
2024-08-06 15:45:17 - INFO - select relative paper for intent:0.4
2024-08-06 15:45:17 - INFO - Hidden number for GNN:256
2024-08-06 15:45:17 - INFO - aux loss weight:1e-05
2024-08-06 15:45:17 - INFO - ===========end===================
2024-08-06 15:45:21 - INFO - EPOCH:0
2024-08-06 15:45:21 - INFO - Time:2024/08/06 15:45:21
2024-08-06 15:45:35 - INFO - loss: 116.00682067871094; rec_loss: 116.00682067871094; intent_loss: 0.00031871660030446947 
2024-08-06 15:45:35 - INFO - Current Result:
2024-08-06 15:45:35 - INFO - \Hit5: 18.9696	MRR5: 10.2537	Recall5: 18.9696	Precision5: 3.7939
2024-08-06 15:45:35 - INFO - Best Result:
2024-08-06 15:45:35 - INFO - 	Hit5: 18.9696	MRR5: 10.2537	Recall5: 18.9696	Precision5: 3.7939	Epoch: 0, 0, 0, 0
2024-08-06 15:45:35 - INFO - Current Result:
2024-08-06 15:45:35 - INFO - \Hit10: 28.5246	MRR10: 11.5197	Recall10: 28.5246	Precision10: 2.8525
2024-08-06 15:45:35 - INFO - Best Result:
2024-08-06 15:45:35 - INFO - 	Hit10: 28.5246	MRR10: 11.5197	Recall10: 28.5246	Precision10: 2.8525	Epoch: 0, 0, 0, 0
2024-08-06 15:45:35 - INFO - Current Result:
2024-08-06 15:45:35 - INFO - \Hit15: 34.6136	MRR15: 12.0004	Recall15: 34.6136	Precision15: 2.3076
2024-08-06 15:45:35 - INFO - Best Result:
2024-08-06 15:45:35 - INFO - 	Hit15: 34.6136	MRR15: 12.0004	Recall15: 34.6136	Precision15: 2.3076	Epoch: 0, 0, 0, 0
2024-08-06 15:45:35 - INFO - Current Result:
2024-08-06 15:45:35 - INFO - \Hit20: 38.5012	MRR20: 12.2197	Recall20: 38.5012	Precision20: 1.9251
2024-08-06 15:45:35 - INFO - Best Result:
2024-08-06 15:45:35 - INFO - 	Hit20: 38.5012	MRR20: 12.2197	Recall20: 38.5012	Precision20: 1.9251	Epoch: 0, 0, 0, 0
2024-08-06 15:45:35 - INFO - EPOCH:1
2024-08-06 15:45:35 - INFO - Time:2024/08/06 15:45:35
2024-08-06 15:45:48 - INFO - loss: 85.69771575927734; rec_loss: 85.69771575927734; intent_loss: 0.00029152940260246396 
2024-08-06 15:45:48 - INFO - Current Result:
2024-08-06 15:45:48 - INFO - \Hit5: 22.1077	MRR5: 12.8931	Recall5: 22.1077	Precision5: 4.4215
2024-08-06 15:45:48 - INFO - Best Result:
2024-08-06 15:45:48 - INFO - 	Hit5: 22.1077	MRR5: 12.8931	Recall5: 22.1077	Precision5: 4.4215	Epoch: 1, 1, 1, 1
2024-08-06 15:45:48 - INFO - Current Result:
2024-08-06 15:45:48 - INFO - \Hit10: 29.9297	MRR10: 13.9450	Recall10: 29.9297	Precision10: 2.9930
2024-08-06 15:45:48 - INFO - Best Result:
2024-08-06 15:45:48 - INFO - 	Hit10: 29.9297	MRR10: 13.9450	Recall10: 29.9297	Precision10: 2.9930	Epoch: 1, 1, 1, 1
2024-08-06 15:45:48 - INFO - Current Result:
2024-08-06 15:45:48 - INFO - \Hit15: 35.4567	MRR15: 14.3791	Recall15: 35.4567	Precision15: 2.3638
2024-08-06 15:45:48 - INFO - Best Result:
2024-08-06 15:45:48 - INFO - 	Hit15: 35.4567	MRR15: 14.3791	Recall15: 35.4567	Precision15: 2.3638	Epoch: 1, 1, 1, 1
2024-08-06 15:45:48 - INFO - Current Result:
2024-08-06 15:45:48 - INFO - \Hit20: 39.0164	MRR20: 14.5786	Recall20: 39.0164	Precision20: 1.9508
2024-08-06 15:45:48 - INFO - Best Result:
2024-08-06 15:45:48 - INFO - 	Hit20: 39.0164	MRR20: 14.5786	Recall20: 39.0164	Precision20: 1.9508	Epoch: 1, 1, 1, 1
2024-08-06 15:45:48 - INFO - EPOCH:2
2024-08-06 15:45:48 - INFO - Time:2024/08/06 15:45:48
2024-08-06 15:46:02 - INFO - loss: 80.7922592163086; rec_loss: 80.7922592163086; intent_loss: 0.00027460404089652 
2024-08-06 15:46:02 - INFO - Current Result:
2024-08-06 15:46:02 - INFO - \Hit5: 23.3255	MRR5: 12.6862	Recall5: 23.3255	Precision5: 4.6651
2024-08-06 15:46:02 - INFO - Best Result:
2024-08-06 15:46:02 - INFO - 	Hit5: 23.3255	MRR5: 12.8931	Recall5: 23.3255	Precision5: 4.6651	Epoch: 2, 1, 2, 2
2024-08-06 15:46:02 - INFO - Current Result:
2024-08-06 15:46:02 - INFO - \Hit10: 31.4286	MRR10: 13.7521	Recall10: 31.4286	Precision10: 3.1429
2024-08-06 15:46:02 - INFO - Best Result:
2024-08-06 15:46:02 - INFO - 	Hit10: 31.4286	MRR10: 13.9450	Recall10: 31.4286	Precision10: 3.1429	Epoch: 2, 1, 2, 2
2024-08-06 15:46:02 - INFO - Current Result:
2024-08-06 15:46:02 - INFO - \Hit15: 36.2529	MRR15: 14.1349	Recall15: 36.2529	Precision15: 2.4169
2024-08-06 15:46:02 - INFO - Best Result:
2024-08-06 15:46:02 - INFO - 	Hit15: 36.2529	MRR15: 14.3791	Recall15: 36.2529	Precision15: 2.4169	Epoch: 2, 1, 2, 2
2024-08-06 15:46:02 - INFO - Current Result:
2024-08-06 15:46:02 - INFO - \Hit20: 39.2037	MRR20: 14.3017	Recall20: 39.2037	Precision20: 1.9602
2024-08-06 15:46:02 - INFO - Best Result:
2024-08-06 15:46:02 - INFO - 	Hit20: 39.2037	MRR20: 14.5786	Recall20: 39.2037	Precision20: 1.9602	Epoch: 2, 1, 2, 2
2024-08-06 15:46:02 - INFO - EPOCH:3
2024-08-06 15:46:02 - INFO - Time:2024/08/06 15:46:02
2024-08-06 15:46:16 - INFO - loss: 77.97706604003906; rec_loss: 77.97706604003906; intent_loss: 0.0002558071573730558 
2024-08-06 15:46:16 - INFO - Current Result:
2024-08-06 15:46:16 - INFO - \Hit5: 23.6066	MRR5: 13.3021	Recall5: 23.6066	Precision5: 4.7213
2024-08-06 15:46:16 - INFO - Best Result:
2024-08-06 15:46:16 - INFO - 	Hit5: 23.6066	MRR5: 13.3021	Recall5: 23.6066	Precision5: 4.7213	Epoch: 3, 3, 3, 3
2024-08-06 15:46:16 - INFO - Current Result:
2024-08-06 15:46:16 - INFO - \Hit10: 31.4286	MRR10: 14.3460	Recall10: 31.4286	Precision10: 3.1429
2024-08-06 15:46:16 - INFO - Best Result:
2024-08-06 15:46:16 - INFO - 	Hit10: 31.4286	MRR10: 14.3460	Recall10: 31.4286	Precision10: 3.1429	Epoch: 2, 3, 2, 3
2024-08-06 15:46:16 - INFO - Current Result:
2024-08-06 15:46:16 - INFO - \Hit15: 34.9883	MRR15: 14.6236	Recall15: 34.9883	Precision15: 2.3326
2024-08-06 15:46:16 - INFO - Best Result:
2024-08-06 15:46:16 - INFO - 	Hit15: 36.2529	MRR15: 14.6236	Recall15: 36.2529	Precision15: 2.4169	Epoch: 2, 3, 2, 2
2024-08-06 15:46:16 - INFO - Current Result:
2024-08-06 15:46:16 - INFO - \Hit20: 39.0164	MRR20: 14.8516	Recall20: 39.0164	Precision20: 1.9508
2024-08-06 15:46:16 - INFO - Best Result:
2024-08-06 15:46:16 - INFO - 	Hit20: 39.2037	MRR20: 14.8516	Recall20: 39.2037	Precision20: 1.9602	Epoch: 2, 3, 2, 2
2024-08-06 15:46:16 - INFO - EPOCH:4
2024-08-06 15:46:16 - INFO - Time:2024/08/06 15:46:16
2024-08-06 15:46:31 - INFO - loss: 75.6238784790039; rec_loss: 75.6238784790039; intent_loss: 0.00017229608783964068 
2024-08-06 15:46:31 - INFO - Current Result:
2024-08-06 15:46:31 - INFO - \Hit5: 24.6838	MRR5: 14.1928	Recall5: 24.6838	Precision5: 4.9368
2024-08-06 15:46:31 - INFO - Best Result:
2024-08-06 15:46:31 - INFO - 	Hit5: 24.6838	MRR5: 14.1928	Recall5: 24.6838	Precision5: 4.9368	Epoch: 4, 4, 4, 4
2024-08-06 15:46:31 - INFO - Current Result:
2024-08-06 15:46:31 - INFO - \Hit10: 32.5995	MRR10: 15.2306	Recall10: 32.5995	Precision10: 3.2600
2024-08-06 15:46:31 - INFO - Best Result:
2024-08-06 15:46:31 - INFO - 	Hit10: 32.5995	MRR10: 15.2306	Recall10: 32.5995	Precision10: 3.2600	Epoch: 4, 4, 4, 4
2024-08-06 15:46:31 - INFO - Current Result:
2024-08-06 15:46:31 - INFO - \Hit15: 38.1265	MRR15: 15.6656	Recall15: 38.1265	Precision15: 2.5418
2024-08-06 15:46:31 - INFO - Best Result:
2024-08-06 15:46:31 - INFO - 	Hit15: 38.1265	MRR15: 15.6656	Recall15: 38.1265	Precision15: 2.5418	Epoch: 4, 4, 4, 4
2024-08-06 15:46:31 - INFO - Current Result:
2024-08-06 15:46:31 - INFO - \Hit20: 41.0304	MRR20: 15.8304	Recall20: 41.0304	Precision20: 2.0515
2024-08-06 15:46:31 - INFO - Best Result:
2024-08-06 15:46:31 - INFO - 	Hit20: 41.0304	MRR20: 15.8304	Recall20: 41.0304	Precision20: 2.0515	Epoch: 4, 4, 4, 4
2024-08-06 15:46:31 - INFO - EPOCH:5
2024-08-06 15:46:31 - INFO - Time:2024/08/06 15:46:31
2024-08-06 15:46:45 - INFO - loss: 70.52079010009766; rec_loss: 70.52079010009766; intent_loss: 0.00012379132385831326 
2024-08-06 15:46:45 - INFO - Current Result:
2024-08-06 15:46:45 - INFO - \Hit5: 26.5574	MRR5: 15.6058	Recall5: 26.5574	Precision5: 5.3115
2024-08-06 15:46:45 - INFO - Best Result:
2024-08-06 15:46:45 - INFO - 	Hit5: 26.5574	MRR5: 15.6058	Recall5: 26.5574	Precision5: 5.3115	Epoch: 5, 5, 5, 5
2024-08-06 15:46:45 - INFO - Current Result:
2024-08-06 15:46:45 - INFO - \Hit10: 34.5199	MRR10: 16.6569	Recall10: 34.5199	Precision10: 3.4520
2024-08-06 15:46:45 - INFO - Best Result:
2024-08-06 15:46:45 - INFO - 	Hit10: 34.5199	MRR10: 16.6569	Recall10: 34.5199	Precision10: 3.4520	Epoch: 5, 5, 5, 5
2024-08-06 15:46:45 - INFO - Current Result:
2024-08-06 15:46:45 - INFO - \Hit15: 39.8126	MRR15: 17.0755	Recall15: 39.8126	Precision15: 2.6542
2024-08-06 15:46:45 - INFO - Best Result:
2024-08-06 15:46:45 - INFO - 	Hit15: 39.8126	MRR15: 17.0755	Recall15: 39.8126	Precision15: 2.6542	Epoch: 5, 5, 5, 5
2024-08-06 15:46:45 - INFO - Current Result:
2024-08-06 15:46:45 - INFO - \Hit20: 43.9813	MRR20: 17.3108	Recall20: 43.9813	Precision20: 2.1991
2024-08-06 15:46:45 - INFO - Best Result:
2024-08-06 15:46:45 - INFO - 	Hit20: 43.9813	MRR20: 17.3108	Recall20: 43.9813	Precision20: 2.1991	Epoch: 5, 5, 5, 5
2024-08-06 15:46:45 - INFO - EPOCH:6
2024-08-06 15:46:45 - INFO - Time:2024/08/06 15:46:45
2024-08-06 15:46:58 - INFO - loss: 68.49793243408203; rec_loss: 68.49793243408203; intent_loss: 0.00012658238119911402 
2024-08-06 15:46:58 - INFO - Current Result:
2024-08-06 15:46:58 - INFO - \Hit5: 26.7447	MRR5: 15.7564	Recall5: 26.7447	Precision5: 5.3489
2024-08-06 15:46:58 - INFO - Best Result:
2024-08-06 15:46:58 - INFO - 	Hit5: 26.7447	MRR5: 15.7564	Recall5: 26.7447	Precision5: 5.3489	Epoch: 6, 6, 6, 6
2024-08-06 15:46:58 - INFO - Current Result:
2024-08-06 15:46:58 - INFO - \Hit10: 34.9415	MRR10: 16.8500	Recall10: 34.9415	Precision10: 3.4941
2024-08-06 15:46:58 - INFO - Best Result:
2024-08-06 15:46:58 - INFO - 	Hit10: 34.9415	MRR10: 16.8500	Recall10: 34.9415	Precision10: 3.4941	Epoch: 6, 6, 6, 6
2024-08-06 15:46:58 - INFO - Current Result:
2024-08-06 15:46:58 - INFO - \Hit15: 40.6089	MRR15: 17.2976	Recall15: 40.6089	Precision15: 2.7073
2024-08-06 15:46:58 - INFO - Best Result:
2024-08-06 15:46:58 - INFO - 	Hit15: 40.6089	MRR15: 17.2976	Recall15: 40.6089	Precision15: 2.7073	Epoch: 6, 6, 6, 6
2024-08-06 15:46:58 - INFO - Current Result:
2024-08-06 15:46:58 - INFO - \Hit20: 44.7307	MRR20: 17.5327	Recall20: 44.7307	Precision20: 2.2365
2024-08-06 15:46:58 - INFO - Best Result:
2024-08-06 15:46:58 - INFO - 	Hit20: 44.7307	MRR20: 17.5327	Recall20: 44.7307	Precision20: 2.2365	Epoch: 6, 6, 6, 6
2024-08-06 15:46:58 - INFO - EPOCH:7
2024-08-06 15:46:58 - INFO - Time:2024/08/06 15:46:58
2024-08-06 15:47:12 - INFO - loss: 67.90653228759766; rec_loss: 67.90653228759766; intent_loss: 0.000129008200019598 
2024-08-06 15:47:12 - INFO - Current Result:
2024-08-06 15:47:12 - INFO - \Hit5: 27.0726	MRR5: 16.0156	Recall5: 27.0726	Precision5: 5.4145
2024-08-06 15:47:12 - INFO - Best Result:
2024-08-06 15:47:12 - INFO - 	Hit5: 27.0726	MRR5: 16.0156	Recall5: 27.0726	Precision5: 5.4145	Epoch: 7, 7, 7, 7
2024-08-06 15:47:12 - INFO - Current Result:
2024-08-06 15:47:12 - INFO - \Hit10: 34.4262	MRR10: 16.9942	Recall10: 34.4262	Precision10: 3.4426
2024-08-06 15:47:12 - INFO - Best Result:
2024-08-06 15:47:12 - INFO - 	Hit10: 34.9415	MRR10: 16.9942	Recall10: 34.9415	Precision10: 3.4941	Epoch: 6, 7, 6, 6
2024-08-06 15:47:12 - INFO - Current Result:
2024-08-06 15:47:12 - INFO - \Hit15: 39.8126	MRR15: 17.4212	Recall15: 39.8126	Precision15: 2.6542
2024-08-06 15:47:12 - INFO - Best Result:
2024-08-06 15:47:12 - INFO - 	Hit15: 40.6089	MRR15: 17.4212	Recall15: 40.6089	Precision15: 2.7073	Epoch: 6, 7, 6, 6
2024-08-06 15:47:12 - INFO - Current Result:
2024-08-06 15:47:12 - INFO - \Hit20: 44.0749	MRR20: 17.6596	Recall20: 44.0749	Precision20: 2.2037
2024-08-06 15:47:12 - INFO - Best Result:
2024-08-06 15:47:12 - INFO - 	Hit20: 44.7307	MRR20: 17.6596	Recall20: 44.7307	Precision20: 2.2365	Epoch: 6, 7, 6, 6
2024-08-06 15:47:12 - INFO - EPOCH:8
2024-08-06 15:47:12 - INFO - Time:2024/08/06 15:47:12
2024-08-06 15:47:26 - INFO - loss: 67.5601806640625; rec_loss: 67.5601806640625; intent_loss: 0.00013145653065294027 
2024-08-06 15:47:26 - INFO - Current Result:
2024-08-06 15:47:26 - INFO - \Hit5: 27.3536	MRR5: 15.8813	Recall5: 27.3536	Precision5: 5.4707
2024-08-06 15:47:26 - INFO - Best Result:
2024-08-06 15:47:26 - INFO - 	Hit5: 27.3536	MRR5: 16.0156	Recall5: 27.3536	Precision5: 5.4707	Epoch: 8, 7, 8, 8
2024-08-06 15:47:26 - INFO - Current Result:
2024-08-06 15:47:26 - INFO - \Hit10: 35.1288	MRR10: 16.9076	Recall10: 35.1288	Precision10: 3.5129
2024-08-06 15:47:26 - INFO - Best Result:
2024-08-06 15:47:26 - INFO - 	Hit10: 35.1288	MRR10: 16.9942	Recall10: 35.1288	Precision10: 3.5129	Epoch: 8, 7, 8, 8
2024-08-06 15:47:26 - INFO - Current Result:
2024-08-06 15:47:26 - INFO - \Hit15: 39.7658	MRR15: 17.2728	Recall15: 39.7658	Precision15: 2.6511
2024-08-06 15:47:26 - INFO - Best Result:
2024-08-06 15:47:26 - INFO - 	Hit15: 40.6089	MRR15: 17.4212	Recall15: 40.6089	Precision15: 2.7073	Epoch: 6, 7, 6, 6
2024-08-06 15:47:26 - INFO - Current Result:
2024-08-06 15:47:26 - INFO - \Hit20: 44.2155	MRR20: 17.5240	Recall20: 44.2155	Precision20: 2.2108
2024-08-06 15:47:26 - INFO - Best Result:
2024-08-06 15:47:26 - INFO - 	Hit20: 44.7307	MRR20: 17.6596	Recall20: 44.7307	Precision20: 2.2365	Epoch: 6, 7, 6, 6
2024-08-06 15:47:26 - INFO - EPOCH:9
2024-08-06 15:47:26 - INFO - Time:2024/08/06 15:47:26
2024-08-06 15:47:40 - INFO - loss: 67.3353042602539; rec_loss: 67.3353042602539; intent_loss: 0.00014741298218723387 
2024-08-06 15:47:40 - INFO - Current Result:
2024-08-06 15:47:40 - INFO - \Hit5: 27.0258	MRR5: 15.8080	Recall5: 27.0258	Precision5: 5.4052
2024-08-06 15:47:40 - INFO - Best Result:
2024-08-06 15:47:40 - INFO - 	Hit5: 27.3536	MRR5: 16.0156	Recall5: 27.3536	Precision5: 5.4707	Epoch: 8, 7, 8, 8
2024-08-06 15:47:40 - INFO - Current Result:
2024-08-06 15:47:40 - INFO - \Hit10: 34.5667	MRR10: 16.8301	Recall10: 34.5667	Precision10: 3.4567
2024-08-06 15:47:40 - INFO - Best Result:
2024-08-06 15:47:40 - INFO - 	Hit10: 35.1288	MRR10: 16.9942	Recall10: 35.1288	Precision10: 3.5129	Epoch: 8, 7, 8, 8
2024-08-06 15:47:40 - INFO - Current Result:
2024-08-06 15:47:40 - INFO - \Hit15: 39.6253	MRR15: 17.2290	Recall15: 39.6253	Precision15: 2.6417
2024-08-06 15:47:40 - INFO - Best Result:
2024-08-06 15:47:40 - INFO - 	Hit15: 40.6089	MRR15: 17.4212	Recall15: 40.6089	Precision15: 2.7073	Epoch: 6, 7, 6, 6
2024-08-06 15:47:40 - INFO - Current Result:
2024-08-06 15:47:40 - INFO - \Hit20: 44.4028	MRR20: 17.4985	Recall20: 44.4028	Precision20: 2.2201
2024-08-06 15:47:40 - INFO - Best Result:
2024-08-06 15:47:40 - INFO - 	Hit20: 44.7307	MRR20: 17.6596	Recall20: 44.7307	Precision20: 2.2365	Epoch: 6, 7, 6, 6
2024-08-06 15:47:40 - INFO - EPOCH:10
2024-08-06 15:47:40 - INFO - Time:2024/08/06 15:47:40
2024-08-06 15:47:52 - INFO - loss: 65.97962188720703; rec_loss: 65.97962188720703; intent_loss: 0.0001547785068396479 
2024-08-06 15:47:52 - INFO - Current Result:
2024-08-06 15:47:52 - INFO - \Hit5: 27.7283	MRR5: 16.2186	Recall5: 27.7283	Precision5: 5.5457
2024-08-06 15:47:52 - INFO - Best Result:
2024-08-06 15:47:52 - INFO - 	Hit5: 27.7283	MRR5: 16.2186	Recall5: 27.7283	Precision5: 5.5457	Epoch: 10, 10, 10, 10
2024-08-06 15:47:52 - INFO - Current Result:
2024-08-06 15:47:52 - INFO - \Hit10: 35.5035	MRR10: 17.2507	Recall10: 35.5035	Precision10: 3.5504
2024-08-06 15:47:52 - INFO - Best Result:
2024-08-06 15:47:52 - INFO - 	Hit10: 35.5035	MRR10: 17.2507	Recall10: 35.5035	Precision10: 3.5504	Epoch: 10, 10, 10, 10
2024-08-06 15:47:52 - INFO - Current Result:
2024-08-06 15:47:52 - INFO - \Hit15: 40.5621	MRR15: 17.6496	Recall15: 40.5621	Precision15: 2.7041
2024-08-06 15:47:52 - INFO - Best Result:
2024-08-06 15:47:52 - INFO - 	Hit15: 40.6089	MRR15: 17.6496	Recall15: 40.6089	Precision15: 2.7073	Epoch: 6, 10, 6, 6
2024-08-06 15:47:52 - INFO - Current Result:
2024-08-06 15:47:52 - INFO - \Hit20: 44.3091	MRR20: 17.8572	Recall20: 44.3091	Precision20: 2.2155
2024-08-06 15:47:52 - INFO - Best Result:
2024-08-06 15:47:52 - INFO - 	Hit20: 44.7307	MRR20: 17.8572	Recall20: 44.7307	Precision20: 2.2365	Epoch: 6, 10, 6, 6
2024-08-06 15:47:52 - INFO - EPOCH:11
2024-08-06 15:47:52 - INFO - Time:2024/08/06 15:47:52
2024-08-06 15:48:03 - INFO - loss: 65.7740249633789; rec_loss: 65.7740249633789; intent_loss: 0.00016105984104797244 
2024-08-06 15:48:03 - INFO - Current Result:
2024-08-06 15:48:03 - INFO - \Hit5: 27.6347	MRR5: 16.2654	Recall5: 27.6347	Precision5: 5.5269
2024-08-06 15:48:03 - INFO - Best Result:
2024-08-06 15:48:03 - INFO - 	Hit5: 27.7283	MRR5: 16.2654	Recall5: 27.7283	Precision5: 5.5457	Epoch: 10, 11, 10, 10
2024-08-06 15:48:03 - INFO - Current Result:
2024-08-06 15:48:03 - INFO - \Hit10: 35.7845	MRR10: 17.3513	Recall10: 35.7845	Precision10: 3.5785
2024-08-06 15:48:03 - INFO - Best Result:
2024-08-06 15:48:03 - INFO - 	Hit10: 35.7845	MRR10: 17.3513	Recall10: 35.7845	Precision10: 3.5785	Epoch: 11, 11, 11, 11
2024-08-06 15:48:03 - INFO - Current Result:
2024-08-06 15:48:03 - INFO - \Hit15: 40.5621	MRR15: 17.7273	Recall15: 40.5621	Precision15: 2.7041
2024-08-06 15:48:03 - INFO - Best Result:
2024-08-06 15:48:03 - INFO - 	Hit15: 40.6089	MRR15: 17.7273	Recall15: 40.6089	Precision15: 2.7073	Epoch: 6, 11, 6, 6
2024-08-06 15:48:03 - INFO - Current Result:
2024-08-06 15:48:03 - INFO - \Hit20: 44.3560	MRR20: 17.9399	Recall20: 44.3560	Precision20: 2.2178
2024-08-06 15:48:03 - INFO - Best Result:
2024-08-06 15:48:03 - INFO - 	Hit20: 44.7307	MRR20: 17.9399	Recall20: 44.7307	Precision20: 2.2365	Epoch: 6, 11, 6, 6
2024-08-06 15:48:03 - INFO - EPOCH:12
2024-08-06 15:48:03 - INFO - Time:2024/08/06 15:48:03
2024-08-06 15:48:14 - INFO - loss: 65.67200469970703; rec_loss: 65.67200469970703; intent_loss: 0.0001626667071832344 
2024-08-06 15:48:14 - INFO - Current Result:
2024-08-06 15:48:14 - INFO - \Hit5: 27.6815	MRR5: 16.4270	Recall5: 27.6815	Precision5: 5.5363
2024-08-06 15:48:14 - INFO - Best Result:
2024-08-06 15:48:14 - INFO - 	Hit5: 27.7283	MRR5: 16.4270	Recall5: 27.7283	Precision5: 5.5457	Epoch: 10, 12, 10, 10
2024-08-06 15:48:14 - INFO - Current Result:
2024-08-06 15:48:14 - INFO - \Hit10: 35.5504	MRR10: 17.4764	Recall10: 35.5504	Precision10: 3.5550
2024-08-06 15:48:14 - INFO - Best Result:
2024-08-06 15:48:14 - INFO - 	Hit10: 35.7845	MRR10: 17.4764	Recall10: 35.7845	Precision10: 3.5785	Epoch: 11, 12, 11, 11
2024-08-06 15:48:14 - INFO - Current Result:
2024-08-06 15:48:14 - INFO - \Hit15: 40.6557	MRR15: 17.8780	Recall15: 40.6557	Precision15: 2.7104
2024-08-06 15:48:14 - INFO - Best Result:
2024-08-06 15:48:14 - INFO - 	Hit15: 40.6557	MRR15: 17.8780	Recall15: 40.6557	Precision15: 2.7104	Epoch: 12, 12, 12, 12
2024-08-06 15:48:14 - INFO - Current Result:
2024-08-06 15:48:14 - INFO - \Hit20: 44.4965	MRR20: 18.0917	Recall20: 44.4965	Precision20: 2.2248
2024-08-06 15:48:14 - INFO - Best Result:
2024-08-06 15:48:14 - INFO - 	Hit20: 44.7307	MRR20: 18.0917	Recall20: 44.7307	Precision20: 2.2365	Epoch: 6, 12, 6, 6
2024-08-06 15:48:14 - INFO - EPOCH:13
2024-08-06 15:48:14 - INFO - Time:2024/08/06 15:48:14
2024-08-06 15:48:25 - INFO - loss: 65.59872436523438; rec_loss: 65.59872436523438; intent_loss: 0.00016441686602775007 
2024-08-06 15:48:25 - INFO - Current Result:
2024-08-06 15:48:25 - INFO - \Hit5: 27.7752	MRR5: 16.3021	Recall5: 27.7752	Precision5: 5.5550
2024-08-06 15:48:25 - INFO - Best Result:
2024-08-06 15:48:25 - INFO - 	Hit5: 27.7752	MRR5: 16.4270	Recall5: 27.7752	Precision5: 5.5550	Epoch: 13, 12, 13, 13
2024-08-06 15:48:25 - INFO - Current Result:
2024-08-06 15:48:25 - INFO - \Hit10: 35.7845	MRR10: 17.3531	Recall10: 35.7845	Precision10: 3.5785
2024-08-06 15:48:25 - INFO - Best Result:
2024-08-06 15:48:25 - INFO - 	Hit10: 35.7845	MRR10: 17.4764	Recall10: 35.7845	Precision10: 3.5785	Epoch: 11, 12, 11, 11
2024-08-06 15:48:25 - INFO - Current Result:
2024-08-06 15:48:25 - INFO - \Hit15: 40.5152	MRR15: 17.7230	Recall15: 40.5152	Precision15: 2.7010
2024-08-06 15:48:25 - INFO - Best Result:
2024-08-06 15:48:25 - INFO - 	Hit15: 40.6557	MRR15: 17.8780	Recall15: 40.6557	Precision15: 2.7104	Epoch: 12, 12, 12, 12
2024-08-06 15:48:25 - INFO - Current Result:
2024-08-06 15:48:25 - INFO - \Hit20: 44.2623	MRR20: 17.9342	Recall20: 44.2623	Precision20: 2.2131
2024-08-06 15:48:25 - INFO - Best Result:
2024-08-06 15:48:25 - INFO - 	Hit20: 44.7307	MRR20: 18.0917	Recall20: 44.7307	Precision20: 2.2365	Epoch: 6, 12, 6, 6
2024-08-06 15:48:25 - INFO - EPOCH:14
2024-08-06 15:48:25 - INFO - Time:2024/08/06 15:48:25
2024-08-06 15:48:36 - INFO - loss: 65.54386138916016; rec_loss: 65.54386138916016; intent_loss: 0.0001667855103733018 
2024-08-06 15:48:36 - INFO - Current Result:
2024-08-06 15:48:36 - INFO - \Hit5: 27.9157	MRR5: 16.3825	Recall5: 27.9157	Precision5: 5.5831
2024-08-06 15:48:36 - INFO - Best Result:
2024-08-06 15:48:36 - INFO - 	Hit5: 27.9157	MRR5: 16.4270	Recall5: 27.9157	Precision5: 5.5831	Epoch: 14, 12, 14, 14
2024-08-06 15:48:36 - INFO - Current Result:
2024-08-06 15:48:36 - INFO - \Hit10: 35.7377	MRR10: 17.4113	Recall10: 35.7377	Precision10: 3.5738
2024-08-06 15:48:36 - INFO - Best Result:
2024-08-06 15:48:36 - INFO - 	Hit10: 35.7845	MRR10: 17.4764	Recall10: 35.7845	Precision10: 3.5785	Epoch: 11, 12, 11, 11
2024-08-06 15:48:36 - INFO - Current Result:
2024-08-06 15:48:36 - INFO - \Hit15: 40.7963	MRR15: 17.8090	Recall15: 40.7963	Precision15: 2.7198
2024-08-06 15:48:36 - INFO - Best Result:
2024-08-06 15:48:36 - INFO - 	Hit15: 40.7963	MRR15: 17.8780	Recall15: 40.7963	Precision15: 2.7198	Epoch: 14, 12, 14, 14
2024-08-06 15:48:36 - INFO - Current Result:
2024-08-06 15:48:36 - INFO - \Hit20: 44.6838	MRR20: 18.0248	Recall20: 44.6838	Precision20: 2.2342
2024-08-06 15:48:36 - INFO - Best Result:
2024-08-06 15:48:36 - INFO - 	Hit20: 44.7307	MRR20: 18.0917	Recall20: 44.7307	Precision20: 2.2365	Epoch: 6, 12, 6, 6
2024-08-06 15:48:36 - INFO - EPOCH:15
2024-08-06 15:48:36 - INFO - Time:2024/08/06 15:48:36
2024-08-06 15:48:48 - INFO - loss: 65.20445251464844; rec_loss: 65.20445251464844; intent_loss: 0.00016979998326860368 
2024-08-06 15:48:48 - INFO - Current Result:
2024-08-06 15:48:48 - INFO - \Hit5: 27.7752	MRR5: 16.3560	Recall5: 27.7752	Precision5: 5.5550
2024-08-06 15:48:48 - INFO - Best Result:
2024-08-06 15:48:48 - INFO - 	Hit5: 27.9157	MRR5: 16.4270	Recall5: 27.9157	Precision5: 5.5831	Epoch: 14, 12, 14, 14
2024-08-06 15:48:48 - INFO - Current Result:
2024-08-06 15:48:48 - INFO - \Hit10: 35.7377	MRR10: 17.4086	Recall10: 35.7377	Precision10: 3.5738
2024-08-06 15:48:48 - INFO - Best Result:
2024-08-06 15:48:48 - INFO - 	Hit10: 35.7845	MRR10: 17.4764	Recall10: 35.7845	Precision10: 3.5785	Epoch: 11, 12, 11, 11
2024-08-06 15:48:48 - INFO - Current Result:
2024-08-06 15:48:48 - INFO - \Hit15: 40.7963	MRR15: 17.8040	Recall15: 40.7963	Precision15: 2.7198
2024-08-06 15:48:48 - INFO - Best Result:
2024-08-06 15:48:48 - INFO - 	Hit15: 40.7963	MRR15: 17.8780	Recall15: 40.7963	Precision15: 2.7198	Epoch: 14, 12, 14, 14
2024-08-06 15:48:48 - INFO - Current Result:
2024-08-06 15:48:48 - INFO - \Hit20: 44.5902	MRR20: 18.0145	Recall20: 44.5902	Precision20: 2.2295
2024-08-06 15:48:48 - INFO - Best Result:
2024-08-06 15:48:48 - INFO - 	Hit20: 44.7307	MRR20: 18.0917	Recall20: 44.7307	Precision20: 2.2365	Epoch: 6, 12, 6, 6
2024-08-06 15:48:48 - INFO - EPOCH:16
2024-08-06 15:48:48 - INFO - Time:2024/08/06 15:48:48
2024-08-06 15:48:58 - INFO - loss: 65.21145629882812; rec_loss: 65.21145629882812; intent_loss: 0.00017109863983932883 
2024-08-06 15:48:58 - INFO - Current Result:
2024-08-06 15:48:58 - INFO - \Hit5: 27.6815	MRR5: 16.3497	Recall5: 27.6815	Precision5: 5.5363
2024-08-06 15:48:58 - INFO - Best Result:
2024-08-06 15:48:58 - INFO - 	Hit5: 27.9157	MRR5: 16.4270	Recall5: 27.9157	Precision5: 5.5831	Epoch: 14, 12, 14, 14
2024-08-06 15:48:58 - INFO - Current Result:
2024-08-06 15:48:58 - INFO - \Hit10: 35.8314	MRR10: 17.4366	Recall10: 35.8314	Precision10: 3.5831
2024-08-06 15:48:58 - INFO - Best Result:
2024-08-06 15:48:58 - INFO - 	Hit10: 35.8314	MRR10: 17.4764	Recall10: 35.8314	Precision10: 3.5831	Epoch: 16, 12, 16, 16
2024-08-06 15:48:58 - INFO - Current Result:
2024-08-06 15:48:58 - INFO - \Hit15: 40.7494	MRR15: 17.8184	Recall15: 40.7494	Precision15: 2.7166
2024-08-06 15:48:58 - INFO - Best Result:
2024-08-06 15:48:58 - INFO - 	Hit15: 40.7963	MRR15: 17.8780	Recall15: 40.7963	Precision15: 2.7198	Epoch: 14, 12, 14, 14
2024-08-06 15:48:58 - INFO - Current Result:
2024-08-06 15:48:58 - INFO - \Hit20: 44.6838	MRR20: 18.0362	Recall20: 44.6838	Precision20: 2.2342
2024-08-06 15:48:58 - INFO - Best Result:
2024-08-06 15:48:58 - INFO - 	Hit20: 44.7307	MRR20: 18.0917	Recall20: 44.7307	Precision20: 2.2365	Epoch: 6, 12, 6, 6
2024-08-06 15:48:58 - INFO - EPOCH:17
2024-08-06 15:48:58 - INFO - Time:2024/08/06 15:48:58
2024-08-06 15:49:09 - INFO - loss: 65.24044799804688; rec_loss: 65.24044799804688; intent_loss: 0.0001719670690363273 
2024-08-06 15:49:09 - INFO - Current Result:
2024-08-06 15:49:09 - INFO - \Hit5: 27.7283	MRR5: 16.3724	Recall5: 27.7283	Precision5: 5.5457
2024-08-06 15:49:09 - INFO - Best Result:
2024-08-06 15:49:09 - INFO - 	Hit5: 27.9157	MRR5: 16.4270	Recall5: 27.9157	Precision5: 5.5831	Epoch: 14, 12, 14, 14
2024-08-06 15:49:09 - INFO - Current Result:
2024-08-06 15:49:09 - INFO - \Hit10: 35.6440	MRR10: 17.4280	Recall10: 35.6440	Precision10: 3.5644
2024-08-06 15:49:09 - INFO - Best Result:
2024-08-06 15:49:09 - INFO - 	Hit10: 35.8314	MRR10: 17.4764	Recall10: 35.8314	Precision10: 3.5831	Epoch: 16, 12, 16, 16
2024-08-06 15:49:09 - INFO - Current Result:
2024-08-06 15:49:09 - INFO - \Hit15: 40.7494	MRR15: 17.8262	Recall15: 40.7494	Precision15: 2.7166
2024-08-06 15:49:09 - INFO - Best Result:
2024-08-06 15:49:09 - INFO - 	Hit15: 40.7963	MRR15: 17.8780	Recall15: 40.7963	Precision15: 2.7198	Epoch: 14, 12, 14, 14
2024-08-06 15:49:09 - INFO - Current Result:
2024-08-06 15:49:09 - INFO - \Hit20: 44.4965	MRR20: 18.0353	Recall20: 44.4965	Precision20: 2.2248
2024-08-06 15:49:09 - INFO - Best Result:
2024-08-06 15:49:09 - INFO - 	Hit20: 44.7307	MRR20: 18.0917	Recall20: 44.7307	Precision20: 2.2365	Epoch: 6, 12, 6, 6
2024-08-06 15:49:09 - INFO - EPOCH:18
2024-08-06 15:49:09 - INFO - Time:2024/08/06 15:49:09
2024-08-06 15:49:20 - INFO - loss: 65.1742935180664; rec_loss: 65.1742935180664; intent_loss: 0.0001730772783048451 
2024-08-06 15:49:20 - INFO - Current Result:
2024-08-06 15:49:20 - INFO - \Hit5: 27.6815	MRR5: 16.3755	Recall5: 27.6815	Precision5: 5.5363
2024-08-06 15:49:20 - INFO - Best Result:
2024-08-06 15:49:20 - INFO - 	Hit5: 27.9157	MRR5: 16.4270	Recall5: 27.9157	Precision5: 5.5831	Epoch: 14, 12, 14, 14
2024-08-06 15:49:20 - INFO - Current Result:
2024-08-06 15:49:20 - INFO - \Hit10: 35.6909	MRR10: 17.4462	Recall10: 35.6909	Precision10: 3.5691
2024-08-06 15:49:20 - INFO - Best Result:
2024-08-06 15:49:20 - INFO - 	Hit10: 35.8314	MRR10: 17.4764	Recall10: 35.8314	Precision10: 3.5831	Epoch: 16, 12, 16, 16
2024-08-06 15:49:20 - INFO - Current Result:
2024-08-06 15:49:20 - INFO - \Hit15: 40.7963	MRR15: 17.8446	Recall15: 40.7963	Precision15: 2.7198
2024-08-06 15:49:20 - INFO - Best Result:
2024-08-06 15:49:20 - INFO - 	Hit15: 40.7963	MRR15: 17.8780	Recall15: 40.7963	Precision15: 2.7198	Epoch: 14, 12, 14, 14
2024-08-06 15:49:20 - INFO - Current Result:
2024-08-06 15:49:20 - INFO - \Hit20: 44.4965	MRR20: 18.0501	Recall20: 44.4965	Precision20: 2.2248
2024-08-06 15:49:20 - INFO - Best Result:
2024-08-06 15:49:20 - INFO - 	Hit20: 44.7307	MRR20: 18.0917	Recall20: 44.7307	Precision20: 2.2365	Epoch: 6, 12, 6, 6
2024-08-06 15:49:20 - INFO - EPOCH:19
2024-08-06 15:49:20 - INFO - Time:2024/08/06 15:49:20
2024-08-06 15:49:31 - INFO - loss: 65.18583679199219; rec_loss: 65.18583679199219; intent_loss: 0.00017446682613808662 
2024-08-06 15:49:31 - INFO - Current Result:
2024-08-06 15:49:31 - INFO - \Hit5: 27.6347	MRR5: 16.3084	Recall5: 27.6347	Precision5: 5.5269
2024-08-06 15:49:31 - INFO - Best Result:
2024-08-06 15:49:31 - INFO - 	Hit5: 27.9157	MRR5: 16.4270	Recall5: 27.9157	Precision5: 5.5831	Epoch: 14, 12, 14, 14
2024-08-06 15:49:31 - INFO - Current Result:
2024-08-06 15:49:31 - INFO - \Hit10: 35.7845	MRR10: 17.3962	Recall10: 35.7845	Precision10: 3.5785
2024-08-06 15:49:31 - INFO - Best Result:
2024-08-06 15:49:31 - INFO - 	Hit10: 35.8314	MRR10: 17.4764	Recall10: 35.8314	Precision10: 3.5831	Epoch: 16, 12, 16, 16
2024-08-06 15:49:31 - INFO - Current Result:
2024-08-06 15:49:31 - INFO - \Hit15: 40.6557	MRR15: 17.7771	Recall15: 40.6557	Precision15: 2.7104
2024-08-06 15:49:31 - INFO - Best Result:
2024-08-06 15:49:31 - INFO - 	Hit15: 40.7963	MRR15: 17.8780	Recall15: 40.7963	Precision15: 2.7198	Epoch: 14, 12, 14, 14
2024-08-06 15:49:31 - INFO - Current Result:
2024-08-06 15:49:31 - INFO - \Hit20: 44.4965	MRR20: 17.9914	Recall20: 44.4965	Precision20: 2.2248
2024-08-06 15:49:31 - INFO - Best Result:
2024-08-06 15:49:31 - INFO - 	Hit20: 44.7307	MRR20: 18.0917	Recall20: 44.7307	Precision20: 2.2365	Epoch: 6, 12, 6, 6
2024-08-06 15:49:31 - INFO - EPOCH:20
2024-08-06 15:49:31 - INFO - Time:2024/08/06 15:49:31
2024-08-06 15:49:42 - INFO - loss: 65.13636016845703; rec_loss: 65.13636016845703; intent_loss: 0.0001748536160448566 
2024-08-06 15:49:42 - INFO - Current Result:
2024-08-06 15:49:42 - INFO - \Hit5: 27.6815	MRR5: 16.3286	Recall5: 27.6815	Precision5: 5.5363
2024-08-06 15:49:42 - INFO - Best Result:
2024-08-06 15:49:42 - INFO - 	Hit5: 27.9157	MRR5: 16.4270	Recall5: 27.9157	Precision5: 5.5831	Epoch: 14, 12, 14, 14
2024-08-06 15:49:42 - INFO - Current Result:
2024-08-06 15:49:42 - INFO - \Hit10: 35.7845	MRR10: 17.4096	Recall10: 35.7845	Precision10: 3.5785
2024-08-06 15:49:42 - INFO - Best Result:
2024-08-06 15:49:42 - INFO - 	Hit10: 35.8314	MRR10: 17.4764	Recall10: 35.8314	Precision10: 3.5831	Epoch: 16, 12, 16, 16
2024-08-06 15:49:42 - INFO - Current Result:
2024-08-06 15:49:42 - INFO - \Hit15: 40.6557	MRR15: 17.7906	Recall15: 40.6557	Precision15: 2.7104
2024-08-06 15:49:42 - INFO - Best Result:
2024-08-06 15:49:42 - INFO - 	Hit15: 40.7963	MRR15: 17.8780	Recall15: 40.7963	Precision15: 2.7198	Epoch: 14, 12, 14, 14
2024-08-06 15:49:42 - INFO - Current Result:
2024-08-06 15:49:42 - INFO - \Hit20: 44.4028	MRR20: 18.0003	Recall20: 44.4028	Precision20: 2.2201
2024-08-06 15:49:42 - INFO - Best Result:
2024-08-06 15:49:42 - INFO - 	Hit20: 44.7307	MRR20: 18.0917	Recall20: 44.7307	Precision20: 2.2365	Epoch: 6, 12, 6, 6
2024-08-06 15:49:42 - INFO - EPOCH:21
2024-08-06 15:49:42 - INFO - Time:2024/08/06 15:49:42
2024-08-06 15:49:53 - INFO - loss: 65.10159301757812; rec_loss: 65.10159301757812; intent_loss: 0.00017452269094064832 
2024-08-06 15:49:53 - INFO - Current Result:
2024-08-06 15:49:53 - INFO - \Hit5: 27.6815	MRR5: 16.3365	Recall5: 27.6815	Precision5: 5.5363
2024-08-06 15:49:53 - INFO - Best Result:
2024-08-06 15:49:53 - INFO - 	Hit5: 27.9157	MRR5: 16.4270	Recall5: 27.9157	Precision5: 5.5831	Epoch: 14, 12, 14, 14
2024-08-06 15:49:53 - INFO - Current Result:
2024-08-06 15:49:53 - INFO - \Hit10: 35.7377	MRR10: 17.4120	Recall10: 35.7377	Precision10: 3.5738
2024-08-06 15:49:53 - INFO - Best Result:
2024-08-06 15:49:53 - INFO - 	Hit10: 35.8314	MRR10: 17.4764	Recall10: 35.8314	Precision10: 3.5831	Epoch: 16, 12, 16, 16
2024-08-06 15:49:53 - INFO - Current Result:
2024-08-06 15:49:53 - INFO - \Hit15: 40.7026	MRR15: 17.8005	Recall15: 40.7026	Precision15: 2.7135
2024-08-06 15:49:53 - INFO - Best Result:
2024-08-06 15:49:53 - INFO - 	Hit15: 40.7963	MRR15: 17.8780	Recall15: 40.7963	Precision15: 2.7198	Epoch: 14, 12, 14, 14
2024-08-06 15:49:53 - INFO - Current Result:
2024-08-06 15:49:53 - INFO - \Hit20: 44.4496	MRR20: 18.0100	Recall20: 44.4496	Precision20: 2.2225
2024-08-06 15:49:53 - INFO - Best Result:
2024-08-06 15:49:53 - INFO - 	Hit20: 44.7307	MRR20: 18.0917	Recall20: 44.7307	Precision20: 2.2365	Epoch: 6, 12, 6, 6
2024-08-06 15:49:53 - INFO - EPOCH:22
2024-08-06 15:49:53 - INFO - Time:2024/08/06 15:49:53
2024-08-06 15:50:08 - INFO - loss: 65.10122680664062; rec_loss: 65.10122680664062; intent_loss: 0.00017435685731470585 
2024-08-06 15:50:08 - INFO - Current Result:
2024-08-06 15:50:08 - INFO - \Hit5: 27.6815	MRR5: 16.3286	Recall5: 27.6815	Precision5: 5.5363
2024-08-06 15:50:08 - INFO - Best Result:
2024-08-06 15:50:08 - INFO - 	Hit5: 27.9157	MRR5: 16.4270	Recall5: 27.9157	Precision5: 5.5831	Epoch: 14, 12, 14, 14
2024-08-06 15:50:08 - INFO - Current Result:
2024-08-06 15:50:08 - INFO - \Hit10: 35.7845	MRR10: 17.4097	Recall10: 35.7845	Precision10: 3.5785
2024-08-06 15:50:08 - INFO - Best Result:
2024-08-06 15:50:08 - INFO - 	Hit10: 35.8314	MRR10: 17.4764	Recall10: 35.8314	Precision10: 3.5831	Epoch: 16, 12, 16, 16
2024-08-06 15:50:08 - INFO - Current Result:
2024-08-06 15:50:08 - INFO - \Hit15: 40.6557	MRR15: 17.7909	Recall15: 40.6557	Precision15: 2.7104
2024-08-06 15:50:08 - INFO - Best Result:
2024-08-06 15:50:08 - INFO - 	Hit15: 40.7963	MRR15: 17.8780	Recall15: 40.7963	Precision15: 2.7198	Epoch: 14, 12, 14, 14
2024-08-06 15:50:08 - INFO - Current Result:
2024-08-06 15:50:08 - INFO - \Hit20: 44.4496	MRR20: 18.0032	Recall20: 44.4496	Precision20: 2.2225
2024-08-06 15:50:08 - INFO - Best Result:
2024-08-06 15:50:08 - INFO - 	Hit20: 44.7307	MRR20: 18.0917	Recall20: 44.7307	Precision20: 2.2365	Epoch: 6, 12, 6, 6
2024-08-06 15:50:08 - INFO - EPOCH:23
2024-08-06 15:50:08 - INFO - Time:2024/08/06 15:50:08
2024-08-06 15:50:24 - INFO - loss: 65.10425567626953; rec_loss: 65.10425567626953; intent_loss: 0.00017440816736780107 
2024-08-06 15:50:24 - INFO - Current Result:
2024-08-06 15:50:24 - INFO - \Hit5: 27.6815	MRR5: 16.3521	Recall5: 27.6815	Precision5: 5.5363
2024-08-06 15:50:24 - INFO - Best Result:
2024-08-06 15:50:24 - INFO - 	Hit5: 27.9157	MRR5: 16.4270	Recall5: 27.9157	Precision5: 5.5831	Epoch: 14, 12, 14, 14
2024-08-06 15:50:24 - INFO - Current Result:
2024-08-06 15:50:24 - INFO - \Hit10: 35.7377	MRR10: 17.4260	Recall10: 35.7377	Precision10: 3.5738
2024-08-06 15:50:24 - INFO - Best Result:
2024-08-06 15:50:24 - INFO - 	Hit10: 35.8314	MRR10: 17.4764	Recall10: 35.8314	Precision10: 3.5831	Epoch: 16, 12, 16, 16
2024-08-06 15:50:24 - INFO - Current Result:
2024-08-06 15:50:24 - INFO - \Hit15: 40.7494	MRR15: 17.8171	Recall15: 40.7494	Precision15: 2.7166
2024-08-06 15:50:24 - INFO - Best Result:
2024-08-06 15:50:24 - INFO - 	Hit15: 40.7963	MRR15: 17.8780	Recall15: 40.7963	Precision15: 2.7198	Epoch: 14, 12, 14, 14
2024-08-06 15:50:24 - INFO - Current Result:
2024-08-06 15:50:24 - INFO - \Hit20: 44.4496	MRR20: 18.0236	Recall20: 44.4496	Precision20: 2.2225
2024-08-06 15:50:24 - INFO - Best Result:
2024-08-06 15:50:24 - INFO - 	Hit20: 44.7307	MRR20: 18.0917	Recall20: 44.7307	Precision20: 2.2365	Epoch: 6, 12, 6, 6
2024-08-06 15:50:24 - INFO - EPOCH:24
2024-08-06 15:50:24 - INFO - Time:2024/08/06 15:50:24
2024-08-06 15:50:39 - INFO - loss: 65.10980224609375; rec_loss: 65.10980224609375; intent_loss: 0.00017455995839554816 
2024-08-06 15:50:39 - INFO - Current Result:
2024-08-06 15:50:39 - INFO - \Hit5: 27.6347	MRR5: 16.3341	Recall5: 27.6347	Precision5: 5.5269
2024-08-06 15:50:39 - INFO - Best Result:
2024-08-06 15:50:39 - INFO - 	Hit5: 27.9157	MRR5: 16.4270	Recall5: 27.9157	Precision5: 5.5831	Epoch: 14, 12, 14, 14
2024-08-06 15:50:39 - INFO - Current Result:
2024-08-06 15:50:39 - INFO - \Hit10: 35.7845	MRR10: 17.4228	Recall10: 35.7845	Precision10: 3.5785
2024-08-06 15:50:39 - INFO - Best Result:
2024-08-06 15:50:39 - INFO - 	Hit10: 35.8314	MRR10: 17.4764	Recall10: 35.8314	Precision10: 3.5831	Epoch: 16, 12, 16, 16
2024-08-06 15:50:39 - INFO - Current Result:
2024-08-06 15:50:39 - INFO - \Hit15: 40.7494	MRR15: 17.8100	Recall15: 40.7494	Precision15: 2.7166
2024-08-06 15:50:39 - INFO - Best Result:
2024-08-06 15:50:39 - INFO - 	Hit15: 40.7963	MRR15: 17.8780	Recall15: 40.7963	Precision15: 2.7198	Epoch: 14, 12, 14, 14
2024-08-06 15:50:39 - INFO - Current Result:
2024-08-06 15:50:39 - INFO - \Hit20: 44.4965	MRR20: 18.0187	Recall20: 44.4965	Precision20: 2.2248
2024-08-06 15:50:39 - INFO - Best Result:
2024-08-06 15:50:39 - INFO - 	Hit20: 44.7307	MRR20: 18.0917	Recall20: 44.7307	Precision20: 2.2365	Epoch: 6, 12, 6, 6
2024-08-06 15:50:39 - INFO - EPOCH:25
2024-08-06 15:50:39 - INFO - Time:2024/08/06 15:50:39
2024-08-06 15:50:55 - INFO - loss: 65.03569793701172; rec_loss: 65.03569793701172; intent_loss: 0.00017469871090725064 
2024-08-06 15:50:55 - INFO - Current Result:
2024-08-06 15:50:55 - INFO - \Hit5: 27.7283	MRR5: 16.3528	Recall5: 27.7283	Precision5: 5.5457
2024-08-06 15:50:55 - INFO - Best Result:
2024-08-06 15:50:55 - INFO - 	Hit5: 27.9157	MRR5: 16.4270	Recall5: 27.9157	Precision5: 5.5831	Epoch: 14, 12, 14, 14
2024-08-06 15:50:55 - INFO - Current Result:
2024-08-06 15:50:55 - INFO - \Hit10: 35.7845	MRR10: 17.4259	Recall10: 35.7845	Precision10: 3.5785
2024-08-06 15:50:55 - INFO - Best Result:
2024-08-06 15:50:55 - INFO - 	Hit10: 35.8314	MRR10: 17.4764	Recall10: 35.8314	Precision10: 3.5831	Epoch: 16, 12, 16, 16
2024-08-06 15:50:55 - INFO - Current Result:
2024-08-06 15:50:55 - INFO - \Hit15: 40.7494	MRR15: 17.8131	Recall15: 40.7494	Precision15: 2.7166
2024-08-06 15:50:55 - INFO - Best Result:
2024-08-06 15:50:55 - INFO - 	Hit15: 40.7963	MRR15: 17.8780	Recall15: 40.7963	Precision15: 2.7198	Epoch: 14, 12, 14, 14
2024-08-06 15:50:55 - INFO - Current Result:
2024-08-06 15:50:55 - INFO - \Hit20: 44.4965	MRR20: 18.0218	Recall20: 44.4965	Precision20: 2.2248
2024-08-06 15:50:55 - INFO - Best Result:
2024-08-06 15:50:55 - INFO - 	Hit20: 44.7307	MRR20: 18.0917	Recall20: 44.7307	Precision20: 2.2365	Epoch: 6, 12, 6, 6
2024-08-06 15:50:55 - INFO - EPOCH:26
2024-08-06 15:50:55 - INFO - Time:2024/08/06 15:50:55
2024-08-06 15:51:10 - INFO - loss: 65.11255645751953; rec_loss: 65.11255645751953; intent_loss: 0.0001747592759784311 
2024-08-06 15:51:10 - INFO - Current Result:
2024-08-06 15:51:10 - INFO - \Hit5: 27.6815	MRR5: 16.3435	Recall5: 27.6815	Precision5: 5.5363
2024-08-06 15:51:10 - INFO - Best Result:
2024-08-06 15:51:10 - INFO - 	Hit5: 27.9157	MRR5: 16.4270	Recall5: 27.9157	Precision5: 5.5831	Epoch: 14, 12, 14, 14
2024-08-06 15:51:10 - INFO - Current Result:
2024-08-06 15:51:10 - INFO - \Hit10: 35.7845	MRR10: 17.4244	Recall10: 35.7845	Precision10: 3.5785
2024-08-06 15:51:10 - INFO - Best Result:
2024-08-06 15:51:10 - INFO - 	Hit10: 35.8314	MRR10: 17.4764	Recall10: 35.8314	Precision10: 3.5831	Epoch: 16, 12, 16, 16
2024-08-06 15:51:10 - INFO - Current Result:
2024-08-06 15:51:10 - INFO - \Hit15: 40.7494	MRR15: 17.8120	Recall15: 40.7494	Precision15: 2.7166
2024-08-06 15:51:10 - INFO - Best Result:
2024-08-06 15:51:10 - INFO - 	Hit15: 40.7963	MRR15: 17.8780	Recall15: 40.7963	Precision15: 2.7198	Epoch: 14, 12, 14, 14
2024-08-06 15:51:10 - INFO - Current Result:
2024-08-06 15:51:10 - INFO - \Hit20: 44.4965	MRR20: 18.0207	Recall20: 44.4965	Precision20: 2.2248
2024-08-06 15:51:10 - INFO - Best Result:
2024-08-06 15:51:10 - INFO - 	Hit20: 44.7307	MRR20: 18.0917	Recall20: 44.7307	Precision20: 2.2365	Epoch: 6, 12, 6, 6
2024-08-06 15:51:10 - INFO - EPOCH:27
2024-08-06 15:51:10 - INFO - Time:2024/08/06 15:51:10
2024-08-06 15:51:25 - INFO - loss: 65.04297637939453; rec_loss: 65.04297637939453; intent_loss: 0.00017480002134107053 
2024-08-06 15:51:25 - INFO - Current Result:
2024-08-06 15:51:25 - INFO - \Hit5: 27.7752	MRR5: 16.3622	Recall5: 27.7752	Precision5: 5.5550
2024-08-06 15:51:25 - INFO - Best Result:
2024-08-06 15:51:25 - INFO - 	Hit5: 27.9157	MRR5: 16.4270	Recall5: 27.9157	Precision5: 5.5831	Epoch: 14, 12, 14, 14
2024-08-06 15:51:25 - INFO - Current Result:
2024-08-06 15:51:25 - INFO - \Hit10: 35.7845	MRR10: 17.4267	Recall10: 35.7845	Precision10: 3.5785
2024-08-06 15:51:25 - INFO - Best Result:
2024-08-06 15:51:25 - INFO - 	Hit10: 35.8314	MRR10: 17.4764	Recall10: 35.8314	Precision10: 3.5831	Epoch: 16, 12, 16, 16
2024-08-06 15:51:25 - INFO - Current Result:
2024-08-06 15:51:25 - INFO - \Hit15: 40.7494	MRR15: 17.8146	Recall15: 40.7494	Precision15: 2.7166
2024-08-06 15:51:25 - INFO - Best Result:
2024-08-06 15:51:25 - INFO - 	Hit15: 40.7963	MRR15: 17.8780	Recall15: 40.7963	Precision15: 2.7198	Epoch: 14, 12, 14, 14
2024-08-06 15:51:25 - INFO - Current Result:
2024-08-06 15:51:25 - INFO - \Hit20: 44.4965	MRR20: 18.0232	Recall20: 44.4965	Precision20: 2.2248
2024-08-06 15:51:25 - INFO - Best Result:
2024-08-06 15:51:25 - INFO - 	Hit20: 44.7307	MRR20: 18.0917	Recall20: 44.7307	Precision20: 2.2365	Epoch: 6, 12, 6, 6
2024-08-06 15:51:25 - INFO - EPOCH:28
2024-08-06 15:51:25 - INFO - Time:2024/08/06 15:51:25
2024-08-06 15:51:41 - INFO - loss: 65.1124038696289; rec_loss: 65.1124038696289; intent_loss: 0.00017480901442468166 
2024-08-06 15:51:41 - INFO - Current Result:
2024-08-06 15:51:41 - INFO - \Hit5: 27.7283	MRR5: 16.3528	Recall5: 27.7283	Precision5: 5.5457
2024-08-06 15:51:41 - INFO - Best Result:
2024-08-06 15:51:41 - INFO - 	Hit5: 27.9157	MRR5: 16.4270	Recall5: 27.9157	Precision5: 5.5831	Epoch: 14, 12, 14, 14
2024-08-06 15:51:41 - INFO - Current Result:
2024-08-06 15:51:41 - INFO - \Hit10: 35.7845	MRR10: 17.4259	Recall10: 35.7845	Precision10: 3.5785
2024-08-06 15:51:41 - INFO - Best Result:
2024-08-06 15:51:41 - INFO - 	Hit10: 35.8314	MRR10: 17.4764	Recall10: 35.8314	Precision10: 3.5831	Epoch: 16, 12, 16, 16
2024-08-06 15:51:41 - INFO - Current Result:
2024-08-06 15:51:41 - INFO - \Hit15: 40.7494	MRR15: 17.8134	Recall15: 40.7494	Precision15: 2.7166
2024-08-06 15:51:41 - INFO - Best Result:
2024-08-06 15:51:41 - INFO - 	Hit15: 40.7963	MRR15: 17.8780	Recall15: 40.7963	Precision15: 2.7198	Epoch: 14, 12, 14, 14
2024-08-06 15:51:41 - INFO - Current Result:
2024-08-06 15:51:41 - INFO - \Hit20: 44.4965	MRR20: 18.0220	Recall20: 44.4965	Precision20: 2.2248
2024-08-06 15:51:41 - INFO - Best Result:
2024-08-06 15:51:41 - INFO - 	Hit20: 44.7307	MRR20: 18.0917	Recall20: 44.7307	Precision20: 2.2365	Epoch: 6, 12, 6, 6
2024-08-06 15:51:41 - INFO - EPOCH:29
2024-08-06 15:51:41 - INFO - Time:2024/08/06 15:51:41
2024-08-06 15:51:56 - INFO - loss: 65.06581115722656; rec_loss: 65.06581115722656; intent_loss: 0.00017482427938375622 
2024-08-06 15:51:56 - INFO - Current Result:
2024-08-06 15:51:56 - INFO - \Hit5: 27.7283	MRR5: 16.3528	Recall5: 27.7283	Precision5: 5.5457
2024-08-06 15:51:56 - INFO - Best Result:
2024-08-06 15:51:56 - INFO - 	Hit5: 27.9157	MRR5: 16.4270	Recall5: 27.9157	Precision5: 5.5831	Epoch: 14, 12, 14, 14
2024-08-06 15:51:56 - INFO - Current Result:
2024-08-06 15:51:56 - INFO - \Hit10: 35.7845	MRR10: 17.4259	Recall10: 35.7845	Precision10: 3.5785
2024-08-06 15:51:56 - INFO - Best Result:
2024-08-06 15:51:56 - INFO - 	Hit10: 35.8314	MRR10: 17.4764	Recall10: 35.8314	Precision10: 3.5831	Epoch: 16, 12, 16, 16
2024-08-06 15:51:56 - INFO - Current Result:
2024-08-06 15:51:56 - INFO - \Hit15: 40.7494	MRR15: 17.8136	Recall15: 40.7494	Precision15: 2.7166
2024-08-06 15:51:56 - INFO - Best Result:
2024-08-06 15:51:56 - INFO - 	Hit15: 40.7963	MRR15: 17.8780	Recall15: 40.7963	Precision15: 2.7198	Epoch: 14, 12, 14, 14
2024-08-06 15:51:56 - INFO - Current Result:
2024-08-06 15:51:56 - INFO - \Hit20: 44.4965	MRR20: 18.0224	Recall20: 44.4965	Precision20: 2.2248
2024-08-06 15:51:56 - INFO - Best Result:
2024-08-06 15:51:56 - INFO - 	Hit20: 44.7307	MRR20: 18.0917	Recall20: 44.7307	Precision20: 2.2365	Epoch: 6, 12, 6, 6
2024-08-06 15:51:56 - INFO - EPOCH:30
2024-08-06 15:51:56 - INFO - Time:2024/08/06 15:51:56
2024-08-06 15:52:11 - INFO - loss: 65.0944595336914; rec_loss: 65.0944595336914; intent_loss: 0.0001748420763760805 
2024-08-06 15:52:11 - INFO - Current Result:
2024-08-06 15:52:11 - INFO - \Hit5: 27.7752	MRR5: 16.3622	Recall5: 27.7752	Precision5: 5.5550
2024-08-06 15:52:11 - INFO - Best Result:
2024-08-06 15:52:11 - INFO - 	Hit5: 27.9157	MRR5: 16.4270	Recall5: 27.9157	Precision5: 5.5831	Epoch: 14, 12, 14, 14
2024-08-06 15:52:11 - INFO - Current Result:
2024-08-06 15:52:11 - INFO - \Hit10: 35.7845	MRR10: 17.4275	Recall10: 35.7845	Precision10: 3.5785
2024-08-06 15:52:11 - INFO - Best Result:
2024-08-06 15:52:11 - INFO - 	Hit10: 35.8314	MRR10: 17.4764	Recall10: 35.8314	Precision10: 3.5831	Epoch: 16, 12, 16, 16
2024-08-06 15:52:11 - INFO - Current Result:
2024-08-06 15:52:11 - INFO - \Hit15: 40.7494	MRR15: 17.8152	Recall15: 40.7494	Precision15: 2.7166
2024-08-06 15:52:11 - INFO - Best Result:
2024-08-06 15:52:11 - INFO - 	Hit15: 40.7963	MRR15: 17.8780	Recall15: 40.7963	Precision15: 2.7198	Epoch: 14, 12, 14, 14
2024-08-06 15:52:11 - INFO - Current Result:
2024-08-06 15:52:11 - INFO - \Hit20: 44.4965	MRR20: 18.0240	Recall20: 44.4965	Precision20: 2.2248
2024-08-06 15:52:11 - INFO - Best Result:
2024-08-06 15:52:11 - INFO - 	Hit20: 44.7307	MRR20: 18.0917	Recall20: 44.7307	Precision20: 2.2365	Epoch: 6, 12, 6, 6
2024-08-06 15:52:11 - INFO - EPOCH:31
2024-08-06 15:52:11 - INFO - Time:2024/08/06 15:52:11
2024-08-06 15:52:28 - INFO - loss: 65.07105255126953; rec_loss: 65.07105255126953; intent_loss: 0.00017485408170614392 
2024-08-06 15:52:28 - INFO - Current Result:
2024-08-06 15:52:28 - INFO - \Hit5: 27.7752	MRR5: 16.3622	Recall5: 27.7752	Precision5: 5.5550
2024-08-06 15:52:28 - INFO - Best Result:
2024-08-06 15:52:28 - INFO - 	Hit5: 27.9157	MRR5: 16.4270	Recall5: 27.9157	Precision5: 5.5831	Epoch: 14, 12, 14, 14
2024-08-06 15:52:28 - INFO - Current Result:
2024-08-06 15:52:28 - INFO - \Hit10: 35.7845	MRR10: 17.4275	Recall10: 35.7845	Precision10: 3.5785
2024-08-06 15:52:28 - INFO - Best Result:
2024-08-06 15:52:28 - INFO - 	Hit10: 35.8314	MRR10: 17.4764	Recall10: 35.8314	Precision10: 3.5831	Epoch: 16, 12, 16, 16
2024-08-06 15:52:28 - INFO - Current Result:
2024-08-06 15:52:28 - INFO - \Hit15: 40.7494	MRR15: 17.8152	Recall15: 40.7494	Precision15: 2.7166
2024-08-06 15:52:28 - INFO - Best Result:
2024-08-06 15:52:28 - INFO - 	Hit15: 40.7963	MRR15: 17.8780	Recall15: 40.7963	Precision15: 2.7198	Epoch: 14, 12, 14, 14
2024-08-06 15:52:28 - INFO - Current Result:
2024-08-06 15:52:28 - INFO - \Hit20: 44.4965	MRR20: 18.0240	Recall20: 44.4965	Precision20: 2.2248
2024-08-06 15:52:28 - INFO - Best Result:
2024-08-06 15:52:28 - INFO - 	Hit20: 44.7307	MRR20: 18.0917	Recall20: 44.7307	Precision20: 2.2365	Epoch: 6, 12, 6, 6
2024-08-06 15:52:28 - INFO - EPOCH:32
2024-08-06 15:52:28 - INFO - Time:2024/08/06 15:52:28
2024-08-06 15:52:44 - INFO - loss: 65.0532455444336; rec_loss: 65.0532455444336; intent_loss: 0.00017484075215179473 
2024-08-06 15:52:44 - INFO - Current Result:
2024-08-06 15:52:44 - INFO - \Hit5: 27.7752	MRR5: 16.3622	Recall5: 27.7752	Precision5: 5.5550
2024-08-06 15:52:44 - INFO - Best Result:
2024-08-06 15:52:44 - INFO - 	Hit5: 27.9157	MRR5: 16.4270	Recall5: 27.9157	Precision5: 5.5831	Epoch: 14, 12, 14, 14
2024-08-06 15:52:44 - INFO - Current Result:
2024-08-06 15:52:44 - INFO - \Hit10: 35.7845	MRR10: 17.4275	Recall10: 35.7845	Precision10: 3.5785
2024-08-06 15:52:44 - INFO - Best Result:
2024-08-06 15:52:44 - INFO - 	Hit10: 35.8314	MRR10: 17.4764	Recall10: 35.8314	Precision10: 3.5831	Epoch: 16, 12, 16, 16
2024-08-06 15:52:44 - INFO - Current Result:
2024-08-06 15:52:44 - INFO - \Hit15: 40.7494	MRR15: 17.8152	Recall15: 40.7494	Precision15: 2.7166
2024-08-06 15:52:44 - INFO - Best Result:
2024-08-06 15:52:44 - INFO - 	Hit15: 40.7963	MRR15: 17.8780	Recall15: 40.7963	Precision15: 2.7198	Epoch: 14, 12, 14, 14
2024-08-06 15:52:44 - INFO - Current Result:
2024-08-06 15:52:44 - INFO - \Hit20: 44.4965	MRR20: 18.0240	Recall20: 44.4965	Precision20: 2.2248
2024-08-06 15:52:44 - INFO - Best Result:
2024-08-06 15:52:44 - INFO - 	Hit20: 44.7307	MRR20: 18.0917	Recall20: 44.7307	Precision20: 2.2365	Epoch: 6, 12, 6, 6
2024-08-06 15:52:44 - INFO - EPOCH:33
2024-08-06 15:52:44 - INFO - Time:2024/08/06 15:52:44
2024-08-06 15:53:00 - INFO - loss: 65.03890228271484; rec_loss: 65.03890228271484; intent_loss: 0.0001748458162182942 
2024-08-06 15:53:00 - INFO - Current Result:
2024-08-06 15:53:00 - INFO - \Hit5: 27.7752	MRR5: 16.3622	Recall5: 27.7752	Precision5: 5.5550
2024-08-06 15:53:00 - INFO - Best Result:
2024-08-06 15:53:00 - INFO - 	Hit5: 27.9157	MRR5: 16.4270	Recall5: 27.9157	Precision5: 5.5831	Epoch: 14, 12, 14, 14
2024-08-06 15:53:00 - INFO - Current Result:
2024-08-06 15:53:00 - INFO - \Hit10: 35.7845	MRR10: 17.4275	Recall10: 35.7845	Precision10: 3.5785
2024-08-06 15:53:00 - INFO - Best Result:
2024-08-06 15:53:00 - INFO - 	Hit10: 35.8314	MRR10: 17.4764	Recall10: 35.8314	Precision10: 3.5831	Epoch: 16, 12, 16, 16
2024-08-06 15:53:00 - INFO - Current Result:
2024-08-06 15:53:00 - INFO - \Hit15: 40.7494	MRR15: 17.8152	Recall15: 40.7494	Precision15: 2.7166
2024-08-06 15:53:00 - INFO - Best Result:
2024-08-06 15:53:00 - INFO - 	Hit15: 40.7963	MRR15: 17.8780	Recall15: 40.7963	Precision15: 2.7198	Epoch: 14, 12, 14, 14
2024-08-06 15:53:00 - INFO - Current Result:
2024-08-06 15:53:00 - INFO - \Hit20: 44.4965	MRR20: 18.0240	Recall20: 44.4965	Precision20: 2.2248
2024-08-06 15:53:00 - INFO - Best Result:
2024-08-06 15:53:00 - INFO - 	Hit20: 44.7307	MRR20: 18.0917	Recall20: 44.7307	Precision20: 2.2365	Epoch: 6, 12, 6, 6
2024-08-06 15:53:00 - INFO - EPOCH:34
2024-08-06 15:53:00 - INFO - Time:2024/08/06 15:53:00
2024-08-06 15:53:15 - INFO - loss: 65.11149597167969; rec_loss: 65.11149597167969; intent_loss: 0.00017485336866229773 
2024-08-06 15:53:15 - INFO - Current Result:
2024-08-06 15:53:15 - INFO - \Hit5: 27.7752	MRR5: 16.3622	Recall5: 27.7752	Precision5: 5.5550
2024-08-06 15:53:15 - INFO - Best Result:
2024-08-06 15:53:15 - INFO - 	Hit5: 27.9157	MRR5: 16.4270	Recall5: 27.9157	Precision5: 5.5831	Epoch: 14, 12, 14, 14
2024-08-06 15:53:15 - INFO - Current Result:
2024-08-06 15:53:15 - INFO - \Hit10: 35.7845	MRR10: 17.4275	Recall10: 35.7845	Precision10: 3.5785
2024-08-06 15:53:15 - INFO - Best Result:
2024-08-06 15:53:15 - INFO - 	Hit10: 35.8314	MRR10: 17.4764	Recall10: 35.8314	Precision10: 3.5831	Epoch: 16, 12, 16, 16
2024-08-06 15:53:15 - INFO - Current Result:
2024-08-06 15:53:15 - INFO - \Hit15: 40.7494	MRR15: 17.8152	Recall15: 40.7494	Precision15: 2.7166
2024-08-06 15:53:15 - INFO - Best Result:
2024-08-06 15:53:15 - INFO - 	Hit15: 40.7963	MRR15: 17.8780	Recall15: 40.7963	Precision15: 2.7198	Epoch: 14, 12, 14, 14
2024-08-06 15:53:15 - INFO - Current Result:
2024-08-06 15:53:15 - INFO - \Hit20: 44.4965	MRR20: 18.0240	Recall20: 44.4965	Precision20: 2.2248
2024-08-06 15:53:15 - INFO - Best Result:
2024-08-06 15:53:15 - INFO - 	Hit20: 44.7307	MRR20: 18.0917	Recall20: 44.7307	Precision20: 2.2365	Epoch: 6, 12, 6, 6
2024-08-06 15:53:15 - INFO - EPOCH:35
2024-08-06 15:53:15 - INFO - Time:2024/08/06 15:53:15
2024-08-06 15:53:31 - INFO - loss: 65.03147888183594; rec_loss: 65.03147888183594; intent_loss: 0.0001748579234117642 
2024-08-06 15:53:31 - INFO - Current Result:
2024-08-06 15:53:31 - INFO - \Hit5: 27.7752	MRR5: 16.3622	Recall5: 27.7752	Precision5: 5.5550
2024-08-06 15:53:31 - INFO - Best Result:
2024-08-06 15:53:31 - INFO - 	Hit5: 27.9157	MRR5: 16.4270	Recall5: 27.9157	Precision5: 5.5831	Epoch: 14, 12, 14, 14
2024-08-06 15:53:31 - INFO - Current Result:
2024-08-06 15:53:31 - INFO - \Hit10: 35.7845	MRR10: 17.4275	Recall10: 35.7845	Precision10: 3.5785
2024-08-06 15:53:31 - INFO - Best Result:
2024-08-06 15:53:31 - INFO - 	Hit10: 35.8314	MRR10: 17.4764	Recall10: 35.8314	Precision10: 3.5831	Epoch: 16, 12, 16, 16
2024-08-06 15:53:31 - INFO - Current Result:
2024-08-06 15:53:31 - INFO - \Hit15: 40.7494	MRR15: 17.8152	Recall15: 40.7494	Precision15: 2.7166
2024-08-06 15:53:31 - INFO - Best Result:
2024-08-06 15:53:31 - INFO - 	Hit15: 40.7963	MRR15: 17.8780	Recall15: 40.7963	Precision15: 2.7198	Epoch: 14, 12, 14, 14
2024-08-06 15:53:31 - INFO - Current Result:
2024-08-06 15:53:31 - INFO - \Hit20: 44.4965	MRR20: 18.0240	Recall20: 44.4965	Precision20: 2.2248
2024-08-06 15:53:31 - INFO - Best Result:
2024-08-06 15:53:31 - INFO - 	Hit20: 44.7307	MRR20: 18.0917	Recall20: 44.7307	Precision20: 2.2365	Epoch: 6, 12, 6, 6
2024-08-06 15:53:31 - INFO - EPOCH:36
2024-08-06 15:53:31 - INFO - Time:2024/08/06 15:53:31
2024-08-06 15:53:48 - INFO - loss: 65.0163803100586; rec_loss: 65.0163803100586; intent_loss: 0.00017485783610027283 
2024-08-06 15:53:48 - INFO - Current Result:
2024-08-06 15:53:48 - INFO - \Hit5: 27.7752	MRR5: 16.3622	Recall5: 27.7752	Precision5: 5.5550
2024-08-06 15:53:48 - INFO - Best Result:
2024-08-06 15:53:48 - INFO - 	Hit5: 27.9157	MRR5: 16.4270	Recall5: 27.9157	Precision5: 5.5831	Epoch: 14, 12, 14, 14
2024-08-06 15:53:48 - INFO - Current Result:
2024-08-06 15:53:48 - INFO - \Hit10: 35.7845	MRR10: 17.4275	Recall10: 35.7845	Precision10: 3.5785
2024-08-06 15:53:48 - INFO - Best Result:
2024-08-06 15:53:48 - INFO - 	Hit10: 35.8314	MRR10: 17.4764	Recall10: 35.8314	Precision10: 3.5831	Epoch: 16, 12, 16, 16
2024-08-06 15:53:48 - INFO - Current Result:
2024-08-06 15:53:48 - INFO - \Hit15: 40.7494	MRR15: 17.8152	Recall15: 40.7494	Precision15: 2.7166
2024-08-06 15:53:48 - INFO - Best Result:
2024-08-06 15:53:48 - INFO - 	Hit15: 40.7963	MRR15: 17.8780	Recall15: 40.7963	Precision15: 2.7198	Epoch: 14, 12, 14, 14
2024-08-06 15:53:48 - INFO - Current Result:
2024-08-06 15:53:48 - INFO - \Hit20: 44.4965	MRR20: 18.0240	Recall20: 44.4965	Precision20: 2.2248
2024-08-06 15:53:48 - INFO - Best Result:
2024-08-06 15:53:48 - INFO - 	Hit20: 44.7307	MRR20: 18.0917	Recall20: 44.7307	Precision20: 2.2365	Epoch: 6, 12, 6, 6
2024-08-06 15:53:48 - INFO - EPOCH:37
2024-08-06 15:53:48 - INFO - Time:2024/08/06 15:53:48
2024-08-06 15:54:04 - INFO - loss: 65.0915756225586; rec_loss: 65.0915756225586; intent_loss: 0.00017485926218796521 
2024-08-06 15:54:04 - INFO - Current Result:
2024-08-06 15:54:04 - INFO - \Hit5: 27.7752	MRR5: 16.3622	Recall5: 27.7752	Precision5: 5.5550
2024-08-06 15:54:04 - INFO - Best Result:
2024-08-06 15:54:04 - INFO - 	Hit5: 27.9157	MRR5: 16.4270	Recall5: 27.9157	Precision5: 5.5831	Epoch: 14, 12, 14, 14
2024-08-06 15:54:04 - INFO - Current Result:
2024-08-06 15:54:04 - INFO - \Hit10: 35.7845	MRR10: 17.4275	Recall10: 35.7845	Precision10: 3.5785
2024-08-06 15:54:04 - INFO - Best Result:
2024-08-06 15:54:04 - INFO - 	Hit10: 35.8314	MRR10: 17.4764	Recall10: 35.8314	Precision10: 3.5831	Epoch: 16, 12, 16, 16
2024-08-06 15:54:04 - INFO - Current Result:
2024-08-06 15:54:04 - INFO - \Hit15: 40.7494	MRR15: 17.8152	Recall15: 40.7494	Precision15: 2.7166
2024-08-06 15:54:04 - INFO - Best Result:
2024-08-06 15:54:04 - INFO - 	Hit15: 40.7963	MRR15: 17.8780	Recall15: 40.7963	Precision15: 2.7198	Epoch: 14, 12, 14, 14
2024-08-06 15:54:04 - INFO - Current Result:
2024-08-06 15:54:04 - INFO - \Hit20: 44.4965	MRR20: 18.0240	Recall20: 44.4965	Precision20: 2.2248
2024-08-06 15:54:04 - INFO - Best Result:
2024-08-06 15:54:04 - INFO - 	Hit20: 44.7307	MRR20: 18.0917	Recall20: 44.7307	Precision20: 2.2365	Epoch: 6, 12, 6, 6
2024-08-06 15:54:04 - INFO - EPOCH:38
2024-08-06 15:54:04 - INFO - Time:2024/08/06 15:54:04
2024-08-06 15:54:20 - INFO - loss: 65.08692932128906; rec_loss: 65.08692932128906; intent_loss: 0.00017486004799138755 
2024-08-06 15:54:20 - INFO - Current Result:
2024-08-06 15:54:20 - INFO - \Hit5: 27.7752	MRR5: 16.3622	Recall5: 27.7752	Precision5: 5.5550
2024-08-06 15:54:20 - INFO - Best Result:
2024-08-06 15:54:20 - INFO - 	Hit5: 27.9157	MRR5: 16.4270	Recall5: 27.9157	Precision5: 5.5831	Epoch: 14, 12, 14, 14
2024-08-06 15:54:20 - INFO - Current Result:
2024-08-06 15:54:20 - INFO - \Hit10: 35.7845	MRR10: 17.4275	Recall10: 35.7845	Precision10: 3.5785
2024-08-06 15:54:20 - INFO - Best Result:
2024-08-06 15:54:20 - INFO - 	Hit10: 35.8314	MRR10: 17.4764	Recall10: 35.8314	Precision10: 3.5831	Epoch: 16, 12, 16, 16
2024-08-06 15:54:20 - INFO - Current Result:
2024-08-06 15:54:20 - INFO - \Hit15: 40.7494	MRR15: 17.8152	Recall15: 40.7494	Precision15: 2.7166
2024-08-06 15:54:20 - INFO - Best Result:
2024-08-06 15:54:20 - INFO - 	Hit15: 40.7963	MRR15: 17.8780	Recall15: 40.7963	Precision15: 2.7198	Epoch: 14, 12, 14, 14
2024-08-06 15:54:20 - INFO - Current Result:
2024-08-06 15:54:20 - INFO - \Hit20: 44.4965	MRR20: 18.0240	Recall20: 44.4965	Precision20: 2.2248
2024-08-06 15:54:20 - INFO - Best Result:
2024-08-06 15:54:20 - INFO - 	Hit20: 44.7307	MRR20: 18.0917	Recall20: 44.7307	Precision20: 2.2365	Epoch: 6, 12, 6, 6
2024-08-06 15:54:20 - INFO - EPOCH:39
2024-08-06 15:54:20 - INFO - Time:2024/08/06 15:54:20
2024-08-06 15:54:36 - INFO - loss: 65.05775451660156; rec_loss: 65.05775451660156; intent_loss: 0.0001748607464833185 
2024-08-06 15:54:36 - INFO - Current Result:
2024-08-06 15:54:36 - INFO - \Hit5: 27.7752	MRR5: 16.3622	Recall5: 27.7752	Precision5: 5.5550
2024-08-06 15:54:36 - INFO - Best Result:
2024-08-06 15:54:36 - INFO - 	Hit5: 27.9157	MRR5: 16.4270	Recall5: 27.9157	Precision5: 5.5831	Epoch: 14, 12, 14, 14
2024-08-06 15:54:36 - INFO - Current Result:
2024-08-06 15:54:36 - INFO - \Hit10: 35.7845	MRR10: 17.4275	Recall10: 35.7845	Precision10: 3.5785
2024-08-06 15:54:36 - INFO - Best Result:
2024-08-06 15:54:36 - INFO - 	Hit10: 35.8314	MRR10: 17.4764	Recall10: 35.8314	Precision10: 3.5831	Epoch: 16, 12, 16, 16
2024-08-06 15:54:36 - INFO - Current Result:
2024-08-06 15:54:36 - INFO - \Hit15: 40.7494	MRR15: 17.8152	Recall15: 40.7494	Precision15: 2.7166
2024-08-06 15:54:36 - INFO - Best Result:
2024-08-06 15:54:36 - INFO - 	Hit15: 40.7963	MRR15: 17.8780	Recall15: 40.7963	Precision15: 2.7198	Epoch: 14, 12, 14, 14
2024-08-06 15:54:36 - INFO - Current Result:
2024-08-06 15:54:36 - INFO - \Hit20: 44.4965	MRR20: 18.0240	Recall20: 44.4965	Precision20: 2.2248
2024-08-06 15:54:36 - INFO - Best Result:
2024-08-06 15:54:36 - INFO - 	Hit20: 44.7307	MRR20: 18.0917	Recall20: 44.7307	Precision20: 2.2365	Epoch: 6, 12, 6, 6
2024-08-06 15:54:36 - INFO - EPOCH:40
2024-08-06 15:54:36 - INFO - Time:2024/08/06 15:54:36
2024-08-06 15:54:53 - INFO - loss: 65.05364227294922; rec_loss: 65.05364227294922; intent_loss: 0.0001748612558003515 
2024-08-06 15:54:53 - INFO - Current Result:
2024-08-06 15:54:53 - INFO - \Hit5: 27.7752	MRR5: 16.3622	Recall5: 27.7752	Precision5: 5.5550
2024-08-06 15:54:53 - INFO - Best Result:
2024-08-06 15:54:53 - INFO - 	Hit5: 27.9157	MRR5: 16.4270	Recall5: 27.9157	Precision5: 5.5831	Epoch: 14, 12, 14, 14
2024-08-06 15:54:53 - INFO - Current Result:
2024-08-06 15:54:53 - INFO - \Hit10: 35.7845	MRR10: 17.4275	Recall10: 35.7845	Precision10: 3.5785
2024-08-06 15:54:53 - INFO - Best Result:
2024-08-06 15:54:53 - INFO - 	Hit10: 35.8314	MRR10: 17.4764	Recall10: 35.8314	Precision10: 3.5831	Epoch: 16, 12, 16, 16
2024-08-06 15:54:53 - INFO - Current Result:
2024-08-06 15:54:53 - INFO - \Hit15: 40.7494	MRR15: 17.8152	Recall15: 40.7494	Precision15: 2.7166
2024-08-06 15:54:53 - INFO - Best Result:
2024-08-06 15:54:53 - INFO - 	Hit15: 40.7963	MRR15: 17.8780	Recall15: 40.7963	Precision15: 2.7198	Epoch: 14, 12, 14, 14
2024-08-06 15:54:53 - INFO - Current Result:
2024-08-06 15:54:53 - INFO - \Hit20: 44.4965	MRR20: 18.0240	Recall20: 44.4965	Precision20: 2.2248
2024-08-06 15:54:53 - INFO - Best Result:
2024-08-06 15:54:53 - INFO - 	Hit20: 44.7307	MRR20: 18.0917	Recall20: 44.7307	Precision20: 2.2365	Epoch: 6, 12, 6, 6
2024-08-06 15:54:53 - INFO - EPOCH:41
2024-08-06 15:54:53 - INFO - Time:2024/08/06 15:54:53
2024-08-06 15:55:07 - INFO - loss: 65.01067352294922; rec_loss: 65.01067352294922; intent_loss: 0.00017486137221567333 
2024-08-06 15:55:07 - INFO - Current Result:
2024-08-06 15:55:07 - INFO - \Hit5: 27.7752	MRR5: 16.3622	Recall5: 27.7752	Precision5: 5.5550
2024-08-06 15:55:07 - INFO - Best Result:
2024-08-06 15:55:07 - INFO - 	Hit5: 27.9157	MRR5: 16.4270	Recall5: 27.9157	Precision5: 5.5831	Epoch: 14, 12, 14, 14
2024-08-06 15:55:07 - INFO - Current Result:
2024-08-06 15:55:07 - INFO - \Hit10: 35.7845	MRR10: 17.4275	Recall10: 35.7845	Precision10: 3.5785
2024-08-06 15:55:07 - INFO - Best Result:
2024-08-06 15:55:07 - INFO - 	Hit10: 35.8314	MRR10: 17.4764	Recall10: 35.8314	Precision10: 3.5831	Epoch: 16, 12, 16, 16
2024-08-06 15:55:07 - INFO - Current Result:
2024-08-06 15:55:07 - INFO - \Hit15: 40.7494	MRR15: 17.8152	Recall15: 40.7494	Precision15: 2.7166
2024-08-06 15:55:07 - INFO - Best Result:
2024-08-06 15:55:07 - INFO - 	Hit15: 40.7963	MRR15: 17.8780	Recall15: 40.7963	Precision15: 2.7198	Epoch: 14, 12, 14, 14
2024-08-06 15:55:07 - INFO - Current Result:
2024-08-06 15:55:07 - INFO - \Hit20: 44.4965	MRR20: 18.0240	Recall20: 44.4965	Precision20: 2.2248
2024-08-06 15:55:07 - INFO - Best Result:
2024-08-06 15:55:07 - INFO - 	Hit20: 44.7307	MRR20: 18.0917	Recall20: 44.7307	Precision20: 2.2365	Epoch: 6, 12, 6, 6
2024-08-06 15:55:07 - INFO - EPOCH:42
2024-08-06 15:55:07 - INFO - Time:2024/08/06 15:55:07
2024-08-06 15:55:19 - INFO - loss: 65.06427764892578; rec_loss: 65.06427764892578; intent_loss: 0.00017486160504631698 
2024-08-06 15:55:19 - INFO - Current Result:
2024-08-06 15:55:19 - INFO - \Hit5: 27.7752	MRR5: 16.3622	Recall5: 27.7752	Precision5: 5.5550
2024-08-06 15:55:19 - INFO - Best Result:
2024-08-06 15:55:19 - INFO - 	Hit5: 27.9157	MRR5: 16.4270	Recall5: 27.9157	Precision5: 5.5831	Epoch: 14, 12, 14, 14
2024-08-06 15:55:19 - INFO - Current Result:
2024-08-06 15:55:19 - INFO - \Hit10: 35.7845	MRR10: 17.4275	Recall10: 35.7845	Precision10: 3.5785
2024-08-06 15:55:19 - INFO - Best Result:
2024-08-06 15:55:19 - INFO - 	Hit10: 35.8314	MRR10: 17.4764	Recall10: 35.8314	Precision10: 3.5831	Epoch: 16, 12, 16, 16
2024-08-06 15:55:19 - INFO - Current Result:
2024-08-06 15:55:19 - INFO - \Hit15: 40.7494	MRR15: 17.8152	Recall15: 40.7494	Precision15: 2.7166
2024-08-06 15:55:19 - INFO - Best Result:
2024-08-06 15:55:19 - INFO - 	Hit15: 40.7963	MRR15: 17.8780	Recall15: 40.7963	Precision15: 2.7198	Epoch: 14, 12, 14, 14
2024-08-06 15:55:19 - INFO - Current Result:
2024-08-06 15:55:19 - INFO - \Hit20: 44.4965	MRR20: 18.0240	Recall20: 44.4965	Precision20: 2.2248
2024-08-06 15:55:19 - INFO - Best Result:
2024-08-06 15:55:19 - INFO - 	Hit20: 44.7307	MRR20: 18.0917	Recall20: 44.7307	Precision20: 2.2365	Epoch: 6, 12, 6, 6
2024-08-06 15:55:19 - INFO - EPOCH:43
2024-08-06 15:55:19 - INFO - Time:2024/08/06 15:55:19
2024-08-06 15:55:31 - INFO - loss: 65.04068756103516; rec_loss: 65.04068756103516; intent_loss: 0.00017486188153270632 
2024-08-06 15:55:31 - INFO - Current Result:
2024-08-06 15:55:31 - INFO - \Hit5: 27.7752	MRR5: 16.3622	Recall5: 27.7752	Precision5: 5.5550
2024-08-06 15:55:31 - INFO - Best Result:
2024-08-06 15:55:31 - INFO - 	Hit5: 27.9157	MRR5: 16.4270	Recall5: 27.9157	Precision5: 5.5831	Epoch: 14, 12, 14, 14
2024-08-06 15:55:31 - INFO - Current Result:
2024-08-06 15:55:31 - INFO - \Hit10: 35.7845	MRR10: 17.4275	Recall10: 35.7845	Precision10: 3.5785
2024-08-06 15:55:31 - INFO - Best Result:
2024-08-06 15:55:31 - INFO - 	Hit10: 35.8314	MRR10: 17.4764	Recall10: 35.8314	Precision10: 3.5831	Epoch: 16, 12, 16, 16
2024-08-06 15:55:31 - INFO - Current Result:
2024-08-06 15:55:31 - INFO - \Hit15: 40.7494	MRR15: 17.8152	Recall15: 40.7494	Precision15: 2.7166
2024-08-06 15:55:31 - INFO - Best Result:
2024-08-06 15:55:31 - INFO - 	Hit15: 40.7963	MRR15: 17.8780	Recall15: 40.7963	Precision15: 2.7198	Epoch: 14, 12, 14, 14
2024-08-06 15:55:31 - INFO - Current Result:
2024-08-06 15:55:31 - INFO - \Hit20: 44.4965	MRR20: 18.0240	Recall20: 44.4965	Precision20: 2.2248
2024-08-06 15:55:31 - INFO - Best Result:
2024-08-06 15:55:31 - INFO - 	Hit20: 44.7307	MRR20: 18.0917	Recall20: 44.7307	Precision20: 2.2365	Epoch: 6, 12, 6, 6
2024-08-06 15:55:31 - INFO - EPOCH:44
2024-08-06 15:55:31 - INFO - Time:2024/08/06 15:55:31
2024-08-06 15:55:44 - INFO - loss: 65.09273529052734; rec_loss: 65.09273529052734; intent_loss: 0.00017486209981143475 
2024-08-06 15:55:44 - INFO - Current Result:
2024-08-06 15:55:44 - INFO - \Hit5: 27.7752	MRR5: 16.3622	Recall5: 27.7752	Precision5: 5.5550
2024-08-06 15:55:44 - INFO - Best Result:
2024-08-06 15:55:44 - INFO - 	Hit5: 27.9157	MRR5: 16.4270	Recall5: 27.9157	Precision5: 5.5831	Epoch: 14, 12, 14, 14
2024-08-06 15:55:44 - INFO - Current Result:
2024-08-06 15:55:44 - INFO - \Hit10: 35.7845	MRR10: 17.4275	Recall10: 35.7845	Precision10: 3.5785
2024-08-06 15:55:44 - INFO - Best Result:
2024-08-06 15:55:44 - INFO - 	Hit10: 35.8314	MRR10: 17.4764	Recall10: 35.8314	Precision10: 3.5831	Epoch: 16, 12, 16, 16
2024-08-06 15:55:44 - INFO - Current Result:
2024-08-06 15:55:44 - INFO - \Hit15: 40.7494	MRR15: 17.8152	Recall15: 40.7494	Precision15: 2.7166
2024-08-06 15:55:44 - INFO - Best Result:
2024-08-06 15:55:44 - INFO - 	Hit15: 40.7963	MRR15: 17.8780	Recall15: 40.7963	Precision15: 2.7198	Epoch: 14, 12, 14, 14
2024-08-06 15:55:44 - INFO - Current Result:
2024-08-06 15:55:44 - INFO - \Hit20: 44.4965	MRR20: 18.0240	Recall20: 44.4965	Precision20: 2.2248
2024-08-06 15:55:44 - INFO - Best Result:
2024-08-06 15:55:44 - INFO - 	Hit20: 44.7307	MRR20: 18.0917	Recall20: 44.7307	Precision20: 2.2365	Epoch: 6, 12, 6, 6
2024-08-06 15:55:44 - INFO - EPOCH:45
2024-08-06 15:55:44 - INFO - Time:2024/08/06 15:55:44
2024-08-06 15:55:56 - INFO - loss: 65.04586791992188; rec_loss: 65.04586791992188; intent_loss: 0.0001748621725710109 
2024-08-06 15:55:56 - INFO - Current Result:
2024-08-06 15:55:56 - INFO - \Hit5: 27.7752	MRR5: 16.3622	Recall5: 27.7752	Precision5: 5.5550
2024-08-06 15:55:56 - INFO - Best Result:
2024-08-06 15:55:56 - INFO - 	Hit5: 27.9157	MRR5: 16.4270	Recall5: 27.9157	Precision5: 5.5831	Epoch: 14, 12, 14, 14
2024-08-06 15:55:56 - INFO - Current Result:
2024-08-06 15:55:56 - INFO - \Hit10: 35.7845	MRR10: 17.4275	Recall10: 35.7845	Precision10: 3.5785
2024-08-06 15:55:56 - INFO - Best Result:
2024-08-06 15:55:56 - INFO - 	Hit10: 35.8314	MRR10: 17.4764	Recall10: 35.8314	Precision10: 3.5831	Epoch: 16, 12, 16, 16
2024-08-06 15:55:56 - INFO - Current Result:
2024-08-06 15:55:56 - INFO - \Hit15: 40.7494	MRR15: 17.8152	Recall15: 40.7494	Precision15: 2.7166
2024-08-06 15:55:56 - INFO - Best Result:
2024-08-06 15:55:56 - INFO - 	Hit15: 40.7963	MRR15: 17.8780	Recall15: 40.7963	Precision15: 2.7198	Epoch: 14, 12, 14, 14
2024-08-06 15:55:56 - INFO - Current Result:
2024-08-06 15:55:56 - INFO - \Hit20: 44.4965	MRR20: 18.0240	Recall20: 44.4965	Precision20: 2.2248
2024-08-06 15:55:56 - INFO - Best Result:
2024-08-06 15:55:56 - INFO - 	Hit20: 44.7307	MRR20: 18.0917	Recall20: 44.7307	Precision20: 2.2365	Epoch: 6, 12, 6, 6
2024-08-06 15:55:56 - INFO - EPOCH:46
2024-08-06 15:55:56 - INFO - Time:2024/08/06 15:55:56
2024-08-06 15:56:07 - INFO - loss: 65.04258728027344; rec_loss: 65.04258728027344; intent_loss: 0.00017486218712292612 
2024-08-06 15:56:07 - INFO - Current Result:
2024-08-06 15:56:07 - INFO - \Hit5: 27.7752	MRR5: 16.3622	Recall5: 27.7752	Precision5: 5.5550
2024-08-06 15:56:07 - INFO - Best Result:
2024-08-06 15:56:07 - INFO - 	Hit5: 27.9157	MRR5: 16.4270	Recall5: 27.9157	Precision5: 5.5831	Epoch: 14, 12, 14, 14
2024-08-06 15:56:07 - INFO - Current Result:
2024-08-06 15:56:07 - INFO - \Hit10: 35.7845	MRR10: 17.4275	Recall10: 35.7845	Precision10: 3.5785
2024-08-06 15:56:07 - INFO - Best Result:
2024-08-06 15:56:07 - INFO - 	Hit10: 35.8314	MRR10: 17.4764	Recall10: 35.8314	Precision10: 3.5831	Epoch: 16, 12, 16, 16
2024-08-06 15:56:07 - INFO - Current Result:
2024-08-06 15:56:07 - INFO - \Hit15: 40.7494	MRR15: 17.8152	Recall15: 40.7494	Precision15: 2.7166
2024-08-06 15:56:07 - INFO - Best Result:
2024-08-06 15:56:07 - INFO - 	Hit15: 40.7963	MRR15: 17.8780	Recall15: 40.7963	Precision15: 2.7198	Epoch: 14, 12, 14, 14
2024-08-06 15:56:07 - INFO - Current Result:
2024-08-06 15:56:07 - INFO - \Hit20: 44.4965	MRR20: 18.0240	Recall20: 44.4965	Precision20: 2.2248
2024-08-06 15:56:07 - INFO - Best Result:
2024-08-06 15:56:07 - INFO - 	Hit20: 44.7307	MRR20: 18.0917	Recall20: 44.7307	Precision20: 2.2365	Epoch: 6, 12, 6, 6
2024-08-06 15:56:07 - INFO - EPOCH:47
2024-08-06 15:56:07 - INFO - Time:2024/08/06 15:56:07
2024-08-06 15:56:20 - INFO - loss: 64.98336791992188; rec_loss: 64.98336791992188; intent_loss: 0.00017486218712292612 
2024-08-06 15:56:20 - INFO - Current Result:
2024-08-06 15:56:20 - INFO - \Hit5: 27.7752	MRR5: 16.3622	Recall5: 27.7752	Precision5: 5.5550
2024-08-06 15:56:20 - INFO - Best Result:
2024-08-06 15:56:20 - INFO - 	Hit5: 27.9157	MRR5: 16.4270	Recall5: 27.9157	Precision5: 5.5831	Epoch: 14, 12, 14, 14
2024-08-06 15:56:20 - INFO - Current Result:
2024-08-06 15:56:20 - INFO - \Hit10: 35.7845	MRR10: 17.4275	Recall10: 35.7845	Precision10: 3.5785
2024-08-06 15:56:20 - INFO - Best Result:
2024-08-06 15:56:20 - INFO - 	Hit10: 35.8314	MRR10: 17.4764	Recall10: 35.8314	Precision10: 3.5831	Epoch: 16, 12, 16, 16
2024-08-06 15:56:20 - INFO - Current Result:
2024-08-06 15:56:20 - INFO - \Hit15: 40.7494	MRR15: 17.8152	Recall15: 40.7494	Precision15: 2.7166
2024-08-06 15:56:20 - INFO - Best Result:
2024-08-06 15:56:20 - INFO - 	Hit15: 40.7963	MRR15: 17.8780	Recall15: 40.7963	Precision15: 2.7198	Epoch: 14, 12, 14, 14
2024-08-06 15:56:20 - INFO - Current Result:
2024-08-06 15:56:20 - INFO - \Hit20: 44.4965	MRR20: 18.0240	Recall20: 44.4965	Precision20: 2.2248
2024-08-06 15:56:20 - INFO - Best Result:
2024-08-06 15:56:20 - INFO - 	Hit20: 44.7307	MRR20: 18.0917	Recall20: 44.7307	Precision20: 2.2365	Epoch: 6, 12, 6, 6
2024-08-06 15:56:20 - INFO - EPOCH:48
2024-08-06 15:56:20 - INFO - Time:2024/08/06 15:56:20
2024-08-06 15:56:32 - INFO - loss: 65.04866027832031; rec_loss: 65.04866027832031; intent_loss: 0.00017486218712292612 
2024-08-06 15:56:32 - INFO - Current Result:
2024-08-06 15:56:32 - INFO - \Hit5: 27.7752	MRR5: 16.3622	Recall5: 27.7752	Precision5: 5.5550
2024-08-06 15:56:32 - INFO - Best Result:
2024-08-06 15:56:32 - INFO - 	Hit5: 27.9157	MRR5: 16.4270	Recall5: 27.9157	Precision5: 5.5831	Epoch: 14, 12, 14, 14
2024-08-06 15:56:32 - INFO - Current Result:
2024-08-06 15:56:32 - INFO - \Hit10: 35.7845	MRR10: 17.4275	Recall10: 35.7845	Precision10: 3.5785
2024-08-06 15:56:32 - INFO - Best Result:
2024-08-06 15:56:32 - INFO - 	Hit10: 35.8314	MRR10: 17.4764	Recall10: 35.8314	Precision10: 3.5831	Epoch: 16, 12, 16, 16
2024-08-06 15:56:32 - INFO - Current Result:
2024-08-06 15:56:32 - INFO - \Hit15: 40.7494	MRR15: 17.8152	Recall15: 40.7494	Precision15: 2.7166
2024-08-06 15:56:32 - INFO - Best Result:
2024-08-06 15:56:32 - INFO - 	Hit15: 40.7963	MRR15: 17.8780	Recall15: 40.7963	Precision15: 2.7198	Epoch: 14, 12, 14, 14
2024-08-06 15:56:32 - INFO - Current Result:
2024-08-06 15:56:32 - INFO - \Hit20: 44.4965	MRR20: 18.0240	Recall20: 44.4965	Precision20: 2.2248
2024-08-06 15:56:32 - INFO - Best Result:
2024-08-06 15:56:32 - INFO - 	Hit20: 44.7307	MRR20: 18.0917	Recall20: 44.7307	Precision20: 2.2365	Epoch: 6, 12, 6, 6
2024-08-06 15:56:32 - INFO - EPOCH:49
2024-08-06 15:56:32 - INFO - Time:2024/08/06 15:56:32
2024-08-06 15:56:44 - INFO - loss: 65.0897445678711; rec_loss: 65.0897445678711; intent_loss: 0.00017486221622675657 
2024-08-06 15:56:44 - INFO - Current Result:
2024-08-06 15:56:44 - INFO - \Hit5: 27.7752	MRR5: 16.3622	Recall5: 27.7752	Precision5: 5.5550
2024-08-06 15:56:44 - INFO - Best Result:
2024-08-06 15:56:44 - INFO - 	Hit5: 27.9157	MRR5: 16.4270	Recall5: 27.9157	Precision5: 5.5831	Epoch: 14, 12, 14, 14
2024-08-06 15:56:44 - INFO - Current Result:
2024-08-06 15:56:44 - INFO - \Hit10: 35.7845	MRR10: 17.4275	Recall10: 35.7845	Precision10: 3.5785
2024-08-06 15:56:44 - INFO - Best Result:
2024-08-06 15:56:44 - INFO - 	Hit10: 35.8314	MRR10: 17.4764	Recall10: 35.8314	Precision10: 3.5831	Epoch: 16, 12, 16, 16
2024-08-06 15:56:44 - INFO - Current Result:
2024-08-06 15:56:44 - INFO - \Hit15: 40.7494	MRR15: 17.8152	Recall15: 40.7494	Precision15: 2.7166
2024-08-06 15:56:44 - INFO - Best Result:
2024-08-06 15:56:44 - INFO - 	Hit15: 40.7963	MRR15: 17.8780	Recall15: 40.7963	Precision15: 2.7198	Epoch: 14, 12, 14, 14
2024-08-06 15:56:44 - INFO - Current Result:
2024-08-06 15:56:44 - INFO - \Hit20: 44.4965	MRR20: 18.0240	Recall20: 44.4965	Precision20: 2.2248
2024-08-06 15:56:44 - INFO - Best Result:
2024-08-06 15:56:44 - INFO - 	Hit20: 44.7307	MRR20: 18.0917	Recall20: 44.7307	Precision20: 2.2365	Epoch: 6, 12, 6, 6
2024-08-06 15:56:44 - INFO - -------------------------------------------------------
2024-08-06 15:56:44 - INFO - Run time: 683.357646 s
