2024-08-05 22:45:42 - INFO - *******start1***********
2024-08-05 22:45:42 - INFO - start time: 2024-08-05 22:45:42
2024-08-05 22:45:42 - INFO - 文本内容 + 文本处理方式:title_vecs.npy
2024-08-05 22:45:42 - INFO - >>SEED:2024
2024-08-05 22:45:42 - INFO - ===========config================
2024-08-05 22:45:42 - INFO - model:Intent_UniGCNII
2024-08-05 22:45:42 - INFO - if_gcn:True
2024-08-05 22:45:42 - INFO - dataset:dblp
2024-08-05 22:45:42 - INFO - gpu:0
2024-08-05 22:45:42 - INFO - Disentangle:True
2024-08-05 22:45:42 - INFO - Intent factors:7
2024-08-05 22:45:42 - INFO - journal vec:True
2024-08-05 22:45:42 - INFO - title vec:True
2024-08-05 22:45:42 - INFO - Test Topks[5, 10, 15, 20]:
2024-08-05 22:45:42 - INFO - hiddenSize:448
2024-08-05 22:45:42 - INFO - n_factor:7
2024-08-05 22:45:42 - INFO - lr:0.005
2024-08-05 22:45:42 - INFO - batch_size:512
2024-08-05 22:45:42 - INFO - lamda_1:0.85
2024-08-05 22:45:42 - INFO - if co_show:False
2024-08-05 22:45:42 - INFO - if citation:True
2024-08-05 22:45:42 - INFO - integrate_model:mean
2024-08-05 22:45:42 - INFO - select relative paper for intent:0.4
2024-08-05 22:45:42 - INFO - Hidden number for GNN:256
2024-08-05 22:45:42 - INFO - aux loss weight:1e-05
2024-08-05 22:45:42 - INFO - ===========end===================
2024-08-05 22:45:45 - INFO - EPOCH:0
2024-08-05 22:45:45 - INFO - Time:2024/08/05 22:45:45
2024-08-05 22:46:16 - INFO - loss: 18573.513671875; rec_loss: 18573.513671875; intent_loss: 0.00032780153560452163 
2024-08-05 22:46:16 - INFO - Current Result:
2024-08-05 22:46:16 - INFO - \Hit5: 0.7026	MRR5: 0.2670	Recall5: 0.7026	Precision5: 0.1405
2024-08-05 22:46:16 - INFO - Best Result:
2024-08-05 22:46:16 - INFO - 	Hit5: 0.7026	MRR5: 0.2670	Recall5: 0.7026	Precision5: 0.1405	Epoch: 0, 0, 0, 0
2024-08-05 22:46:16 - INFO - Current Result:
2024-08-05 22:46:16 - INFO - \Hit10: 1.4052	MRR10: 0.3634	Recall10: 1.4052	Precision10: 0.1405
2024-08-05 22:46:16 - INFO - Best Result:
2024-08-05 22:46:16 - INFO - 	Hit10: 1.4052	MRR10: 0.3634	Recall10: 1.4052	Precision10: 0.1405	Epoch: 0, 0, 0, 0
2024-08-05 22:46:16 - INFO - Current Result:
2024-08-05 22:46:16 - INFO - \Hit15: 1.7799	MRR15: 0.3918	Recall15: 1.7799	Precision15: 0.1187
2024-08-05 22:46:16 - INFO - Best Result:
2024-08-05 22:46:16 - INFO - 	Hit15: 1.7799	MRR15: 0.3918	Recall15: 1.7799	Precision15: 0.1187	Epoch: 0, 0, 0, 0
2024-08-05 22:46:16 - INFO - Current Result:
2024-08-05 22:46:16 - INFO - \Hit20: 1.9672	MRR20: 0.4015	Recall20: 1.9672	Precision20: 0.0984
2024-08-05 22:46:16 - INFO - Best Result:
2024-08-05 22:46:16 - INFO - 	Hit20: 1.9672	MRR20: 0.4015	Recall20: 1.9672	Precision20: 0.0984	Epoch: 0, 0, 0, 0
2024-08-05 22:46:16 - INFO - EPOCH:1
2024-08-05 22:46:16 - INFO - Time:2024/08/05 22:46:16
2024-08-05 22:46:43 - INFO - loss: 21548.298828125; rec_loss: 21548.298828125; intent_loss: 0.0003111388359684497 
2024-08-05 22:46:43 - INFO - Current Result:
2024-08-05 22:46:43 - INFO - \Hit5: 0.7494	MRR5: 0.2756	Recall5: 0.7494	Precision5: 0.1499
2024-08-05 22:46:43 - INFO - Best Result:
2024-08-05 22:46:43 - INFO - 	Hit5: 0.7494	MRR5: 0.2756	Recall5: 0.7494	Precision5: 0.1499	Epoch: 1, 1, 1, 1
2024-08-05 22:46:43 - INFO - Current Result:
2024-08-05 22:46:43 - INFO - \Hit10: 0.9836	MRR10: 0.3050	Recall10: 0.9836	Precision10: 0.0984
2024-08-05 22:46:43 - INFO - Best Result:
2024-08-05 22:46:43 - INFO - 	Hit10: 1.4052	MRR10: 0.3634	Recall10: 1.4052	Precision10: 0.1405	Epoch: 0, 0, 0, 0
2024-08-05 22:46:43 - INFO - Current Result:
2024-08-05 22:46:43 - INFO - \Hit15: 1.3115	MRR15: 0.3285	Recall15: 1.3115	Precision15: 0.0874
2024-08-05 22:46:43 - INFO - Best Result:
2024-08-05 22:46:43 - INFO - 	Hit15: 1.7799	MRR15: 0.3918	Recall15: 1.7799	Precision15: 0.1187	Epoch: 0, 0, 0, 0
2024-08-05 22:46:43 - INFO - Current Result:
2024-08-05 22:46:43 - INFO - \Hit20: 1.7330	MRR20: 0.3507	Recall20: 1.7330	Precision20: 0.0867
2024-08-05 22:46:43 - INFO - Best Result:
2024-08-05 22:46:43 - INFO - 	Hit20: 1.9672	MRR20: 0.4015	Recall20: 1.9672	Precision20: 0.0984	Epoch: 0, 0, 0, 0
2024-08-05 22:46:43 - INFO - EPOCH:2
2024-08-05 22:46:43 - INFO - Time:2024/08/05 22:46:43
2024-08-05 22:47:10 - INFO - loss: 12232.4287109375; rec_loss: 12232.4287109375; intent_loss: 0.0003026690101251006 
2024-08-05 22:47:10 - INFO - Current Result:
2024-08-05 22:47:10 - INFO - \Hit5: 0.4684	MRR5: 0.2365	Recall5: 0.4684	Precision5: 0.0937
2024-08-05 22:47:10 - INFO - Best Result:
2024-08-05 22:47:10 - INFO - 	Hit5: 0.7494	MRR5: 0.2756	Recall5: 0.7494	Precision5: 0.1499	Epoch: 1, 1, 1, 1
2024-08-05 22:47:10 - INFO - Current Result:
2024-08-05 22:47:10 - INFO - \Hit10: 0.7026	MRR10: 0.2635	Recall10: 0.7026	Precision10: 0.0703
2024-08-05 22:47:10 - INFO - Best Result:
2024-08-05 22:47:10 - INFO - 	Hit10: 1.4052	MRR10: 0.3634	Recall10: 1.4052	Precision10: 0.1405	Epoch: 0, 0, 0, 0
2024-08-05 22:47:10 - INFO - Current Result:
2024-08-05 22:47:10 - INFO - \Hit15: 1.3583	MRR15: 0.3135	Recall15: 1.3583	Precision15: 0.0906
2024-08-05 22:47:10 - INFO - Best Result:
2024-08-05 22:47:10 - INFO - 	Hit15: 1.7799	MRR15: 0.3918	Recall15: 1.7799	Precision15: 0.1187	Epoch: 0, 0, 0, 0
2024-08-05 22:47:10 - INFO - Current Result:
2024-08-05 22:47:10 - INFO - \Hit20: 1.7330	MRR20: 0.3339	Recall20: 1.7330	Precision20: 0.0867
2024-08-05 22:47:10 - INFO - Best Result:
2024-08-05 22:47:10 - INFO - 	Hit20: 1.9672	MRR20: 0.4015	Recall20: 1.9672	Precision20: 0.0984	Epoch: 0, 0, 0, 0
2024-08-05 22:47:10 - INFO - EPOCH:3
2024-08-05 22:47:10 - INFO - Time:2024/08/05 22:47:10
2024-08-05 22:47:40 - INFO - loss: 9367.6728515625; rec_loss: 9367.6728515625; intent_loss: 0.0003163888759445399 
2024-08-05 22:47:40 - INFO - Current Result:
2024-08-05 22:47:40 - INFO - \Hit5: 2.1077	MRR5: 1.1077	Recall5: 2.1077	Precision5: 0.4215
2024-08-05 22:47:40 - INFO - Best Result:
2024-08-05 22:47:40 - INFO - 	Hit5: 2.1077	MRR5: 1.1077	Recall5: 2.1077	Precision5: 0.4215	Epoch: 3, 3, 3, 3
2024-08-05 22:47:40 - INFO - Current Result:
2024-08-05 22:47:40 - INFO - \Hit10: 3.0445	MRR10: 1.2322	Recall10: 3.0445	Precision10: 0.3044
2024-08-05 22:47:40 - INFO - Best Result:
2024-08-05 22:47:40 - INFO - 	Hit10: 3.0445	MRR10: 1.2322	Recall10: 3.0445	Precision10: 0.3044	Epoch: 3, 3, 3, 3
2024-08-05 22:47:40 - INFO - Current Result:
2024-08-05 22:47:40 - INFO - \Hit15: 4.0749	MRR15: 1.3133	Recall15: 4.0749	Precision15: 0.2717
2024-08-05 22:47:40 - INFO - Best Result:
2024-08-05 22:47:40 - INFO - 	Hit15: 4.0749	MRR15: 1.3133	Recall15: 4.0749	Precision15: 0.2717	Epoch: 3, 3, 3, 3
2024-08-05 22:47:40 - INFO - Current Result:
2024-08-05 22:47:40 - INFO - \Hit20: 4.6370	MRR20: 1.3443	Recall20: 4.6370	Precision20: 0.2319
2024-08-05 22:47:40 - INFO - Best Result:
2024-08-05 22:47:40 - INFO - 	Hit20: 4.6370	MRR20: 1.3443	Recall20: 4.6370	Precision20: 0.2319	Epoch: 3, 3, 3, 3
2024-08-05 22:47:40 - INFO - EPOCH:4
2024-08-05 22:47:40 - INFO - Time:2024/08/05 22:47:40
2024-08-05 22:48:08 - INFO - loss: 9387.08203125; rec_loss: 9387.08203125; intent_loss: 0.0003249640576541424 
2024-08-05 22:48:08 - INFO - Current Result:
2024-08-05 22:48:08 - INFO - \Hit5: 0.1405	MRR5: 0.0343	Recall5: 0.1405	Precision5: 0.0281
2024-08-05 22:48:08 - INFO - Best Result:
2024-08-05 22:48:08 - INFO - 	Hit5: 2.1077	MRR5: 1.1077	Recall5: 2.1077	Precision5: 0.4215	Epoch: 3, 3, 3, 3
2024-08-05 22:48:08 - INFO - Current Result:
2024-08-05 22:48:08 - INFO - \Hit10: 0.6089	MRR10: 0.0933	Recall10: 0.6089	Precision10: 0.0609
2024-08-05 22:48:08 - INFO - Best Result:
2024-08-05 22:48:08 - INFO - 	Hit10: 3.0445	MRR10: 1.2322	Recall10: 3.0445	Precision10: 0.3044	Epoch: 3, 3, 3, 3
2024-08-05 22:48:08 - INFO - Current Result:
2024-08-05 22:48:08 - INFO - \Hit15: 1.1710	MRR15: 0.1370	Recall15: 1.1710	Precision15: 0.0781
2024-08-05 22:48:08 - INFO - Best Result:
2024-08-05 22:48:08 - INFO - 	Hit15: 4.0749	MRR15: 1.3133	Recall15: 4.0749	Precision15: 0.2717	Epoch: 3, 3, 3, 3
2024-08-05 22:48:08 - INFO - Current Result:
2024-08-05 22:48:08 - INFO - \Hit20: 1.6862	MRR20: 0.1650	Recall20: 1.6862	Precision20: 0.0843
2024-08-05 22:48:08 - INFO - Best Result:
2024-08-05 22:48:08 - INFO - 	Hit20: 4.6370	MRR20: 1.3443	Recall20: 4.6370	Precision20: 0.2319	Epoch: 3, 3, 3, 3
2024-08-05 22:48:08 - INFO - EPOCH:5
2024-08-05 22:48:08 - INFO - Time:2024/08/05 22:48:08
2024-08-05 22:48:37 - INFO - loss: 5172.7080078125; rec_loss: 5172.7080078125; intent_loss: 0.00032754449057392776 
2024-08-05 22:48:37 - INFO - Current Result:
2024-08-05 22:48:37 - INFO - \Hit5: 3.0445	MRR5: 1.7158	Recall5: 3.0445	Precision5: 0.6089
2024-08-05 22:48:37 - INFO - Best Result:
2024-08-05 22:48:37 - INFO - 	Hit5: 3.0445	MRR5: 1.7158	Recall5: 3.0445	Precision5: 0.6089	Epoch: 5, 5, 5, 5
2024-08-05 22:48:37 - INFO - Current Result:
2024-08-05 22:48:37 - INFO - \Hit10: 4.6838	MRR10: 1.9323	Recall10: 4.6838	Precision10: 0.4684
2024-08-05 22:48:37 - INFO - Best Result:
2024-08-05 22:48:37 - INFO - 	Hit10: 4.6838	MRR10: 1.9323	Recall10: 4.6838	Precision10: 0.4684	Epoch: 5, 5, 5, 5
2024-08-05 22:48:37 - INFO - Current Result:
2024-08-05 22:48:37 - INFO - \Hit15: 6.0890	MRR15: 2.0436	Recall15: 6.0890	Precision15: 0.4059
2024-08-05 22:48:37 - INFO - Best Result:
2024-08-05 22:48:37 - INFO - 	Hit15: 6.0890	MRR15: 2.0436	Recall15: 6.0890	Precision15: 0.4059	Epoch: 5, 5, 5, 5
2024-08-05 22:48:37 - INFO - Current Result:
2024-08-05 22:48:37 - INFO - \Hit20: 7.5410	MRR20: 2.1265	Recall20: 7.5410	Precision20: 0.3770
2024-08-05 22:48:37 - INFO - Best Result:
2024-08-05 22:48:37 - INFO - 	Hit20: 7.5410	MRR20: 2.1265	Recall20: 7.5410	Precision20: 0.3770	Epoch: 5, 5, 5, 5
2024-08-05 22:48:37 - INFO - EPOCH:6
2024-08-05 22:48:37 - INFO - Time:2024/08/05 22:48:37
2024-08-05 22:49:03 - INFO - loss: 1916.105224609375; rec_loss: 1916.105224609375; intent_loss: 0.000327970803482458 
2024-08-05 22:49:03 - INFO - Current Result:
2024-08-05 22:49:03 - INFO - \Hit5: 4.9180	MRR5: 2.7994	Recall5: 4.9180	Precision5: 0.9836
2024-08-05 22:49:03 - INFO - Best Result:
2024-08-05 22:49:03 - INFO - 	Hit5: 4.9180	MRR5: 2.7994	Recall5: 4.9180	Precision5: 0.9836	Epoch: 6, 6, 6, 6
2024-08-05 22:49:03 - INFO - Current Result:
2024-08-05 22:49:03 - INFO - \Hit10: 6.6042	MRR10: 3.0179	Recall10: 6.6042	Precision10: 0.6604
2024-08-05 22:49:03 - INFO - Best Result:
2024-08-05 22:49:03 - INFO - 	Hit10: 6.6042	MRR10: 3.0179	Recall10: 6.6042	Precision10: 0.6604	Epoch: 6, 6, 6, 6
2024-08-05 22:49:03 - INFO - Current Result:
2024-08-05 22:49:03 - INFO - \Hit15: 8.0562	MRR15: 3.1290	Recall15: 8.0562	Precision15: 0.5371
2024-08-05 22:49:03 - INFO - Best Result:
2024-08-05 22:49:03 - INFO - 	Hit15: 8.0562	MRR15: 3.1290	Recall15: 8.0562	Precision15: 0.5371	Epoch: 6, 6, 6, 6
2024-08-05 22:49:03 - INFO - Current Result:
2024-08-05 22:49:03 - INFO - \Hit20: 9.8829	MRR20: 3.2310	Recall20: 9.8829	Precision20: 0.4941
2024-08-05 22:49:03 - INFO - Best Result:
2024-08-05 22:49:03 - INFO - 	Hit20: 9.8829	MRR20: 3.2310	Recall20: 9.8829	Precision20: 0.4941	Epoch: 6, 6, 6, 6
2024-08-05 22:49:03 - INFO - EPOCH:7
2024-08-05 22:49:03 - INFO - Time:2024/08/05 22:49:03
2024-08-05 22:49:31 - INFO - loss: 870.8802490234375; rec_loss: 870.8802490234375; intent_loss: 0.00032824240042828023 
2024-08-05 22:49:31 - INFO - Current Result:
2024-08-05 22:49:31 - INFO - \Hit5: 2.3419	MRR5: 1.1304	Recall5: 2.3419	Precision5: 0.4684
2024-08-05 22:49:31 - INFO - Best Result:
2024-08-05 22:49:31 - INFO - 	Hit5: 4.9180	MRR5: 2.7994	Recall5: 4.9180	Precision5: 0.9836	Epoch: 6, 6, 6, 6
2024-08-05 22:49:31 - INFO - Current Result:
2024-08-05 22:49:31 - INFO - \Hit10: 4.2623	MRR10: 1.3832	Recall10: 4.2623	Precision10: 0.4262
2024-08-05 22:49:31 - INFO - Best Result:
2024-08-05 22:49:31 - INFO - 	Hit10: 6.6042	MRR10: 3.0179	Recall10: 6.6042	Precision10: 0.6604	Epoch: 6, 6, 6, 6
2024-08-05 22:49:31 - INFO - Current Result:
2024-08-05 22:49:31 - INFO - \Hit15: 5.9953	MRR15: 1.5139	Recall15: 5.9953	Precision15: 0.3997
2024-08-05 22:49:31 - INFO - Best Result:
2024-08-05 22:49:31 - INFO - 	Hit15: 8.0562	MRR15: 3.1290	Recall15: 8.0562	Precision15: 0.5371	Epoch: 6, 6, 6, 6
2024-08-05 22:49:31 - INFO - Current Result:
2024-08-05 22:49:31 - INFO - \Hit20: 7.7283	MRR20: 1.6110	Recall20: 7.7283	Precision20: 0.3864
2024-08-05 22:49:31 - INFO - Best Result:
2024-08-05 22:49:31 - INFO - 	Hit20: 9.8829	MRR20: 3.2310	Recall20: 9.8829	Precision20: 0.4941	Epoch: 6, 6, 6, 6
2024-08-05 22:49:31 - INFO - EPOCH:8
2024-08-05 22:49:31 - INFO - Time:2024/08/05 22:49:31
2024-08-05 22:49:56 - INFO - loss: 676.4360961914062; rec_loss: 676.4360961914062; intent_loss: 0.0003284107078798115 
2024-08-05 22:49:56 - INFO - Current Result:
2024-08-05 22:49:56 - INFO - \Hit5: 6.1358	MRR5: 3.0273	Recall5: 6.1358	Precision5: 1.2272
2024-08-05 22:49:56 - INFO - Best Result:
2024-08-05 22:49:56 - INFO - 	Hit5: 6.1358	MRR5: 3.0273	Recall5: 6.1358	Precision5: 1.2272	Epoch: 8, 8, 8, 8
2024-08-05 22:49:56 - INFO - Current Result:
2024-08-05 22:49:56 - INFO - \Hit10: 10.0234	MRR10: 3.5375	Recall10: 10.0234	Precision10: 1.0023
2024-08-05 22:49:56 - INFO - Best Result:
2024-08-05 22:49:56 - INFO - 	Hit10: 10.0234	MRR10: 3.5375	Recall10: 10.0234	Precision10: 1.0023	Epoch: 8, 8, 8, 8
2024-08-05 22:49:56 - INFO - Current Result:
2024-08-05 22:49:56 - INFO - \Hit15: 12.4122	MRR15: 3.7297	Recall15: 12.4122	Precision15: 0.8275
2024-08-05 22:49:56 - INFO - Best Result:
2024-08-05 22:49:56 - INFO - 	Hit15: 12.4122	MRR15: 3.7297	Recall15: 12.4122	Precision15: 0.8275	Epoch: 8, 8, 8, 8
2024-08-05 22:49:56 - INFO - Current Result:
2024-08-05 22:49:56 - INFO - \Hit20: 14.5667	MRR20: 3.8514	Recall20: 14.5667	Precision20: 0.7283
2024-08-05 22:49:56 - INFO - Best Result:
2024-08-05 22:49:56 - INFO - 	Hit20: 14.5667	MRR20: 3.8514	Recall20: 14.5667	Precision20: 0.7283	Epoch: 8, 8, 8, 8
2024-08-05 22:49:56 - INFO - EPOCH:9
2024-08-05 22:49:56 - INFO - Time:2024/08/05 22:49:56
2024-08-05 22:50:22 - INFO - loss: 635.4288330078125; rec_loss: 635.4288330078125; intent_loss: 0.00032852572621777654 
2024-08-05 22:50:22 - INFO - Current Result:
2024-08-05 22:50:22 - INFO - \Hit5: 6.0422	MRR5: 2.8603	Recall5: 6.0422	Precision5: 1.2084
2024-08-05 22:50:22 - INFO - Best Result:
2024-08-05 22:50:22 - INFO - 	Hit5: 6.1358	MRR5: 3.0273	Recall5: 6.1358	Precision5: 1.2272	Epoch: 8, 8, 8, 8
2024-08-05 22:50:22 - INFO - Current Result:
2024-08-05 22:50:22 - INFO - \Hit10: 9.1803	MRR10: 3.2792	Recall10: 9.1803	Precision10: 0.9180
2024-08-05 22:50:22 - INFO - Best Result:
2024-08-05 22:50:22 - INFO - 	Hit10: 10.0234	MRR10: 3.5375	Recall10: 10.0234	Precision10: 1.0023	Epoch: 8, 8, 8, 8
2024-08-05 22:50:22 - INFO - Current Result:
2024-08-05 22:50:22 - INFO - \Hit15: 11.6159	MRR15: 3.4693	Recall15: 11.6159	Precision15: 0.7744
2024-08-05 22:50:22 - INFO - Best Result:
2024-08-05 22:50:22 - INFO - 	Hit15: 12.4122	MRR15: 3.7297	Recall15: 12.4122	Precision15: 0.8275	Epoch: 8, 8, 8, 8
2024-08-05 22:50:22 - INFO - Current Result:
2024-08-05 22:50:22 - INFO - \Hit20: 13.4426	MRR20: 3.5721	Recall20: 13.4426	Precision20: 0.6721
2024-08-05 22:50:22 - INFO - Best Result:
2024-08-05 22:50:22 - INFO - 	Hit20: 14.5667	MRR20: 3.8514	Recall20: 14.5667	Precision20: 0.7283	Epoch: 8, 8, 8, 8
2024-08-05 22:50:22 - INFO - EPOCH:10
2024-08-05 22:50:22 - INFO - Time:2024/08/05 22:50:22
2024-08-05 22:50:48 - INFO - loss: 363.9443054199219; rec_loss: 363.9443054199219; intent_loss: 0.00032858210033737123 
2024-08-05 22:50:48 - INFO - Current Result:
2024-08-05 22:50:48 - INFO - \Hit5: 8.4778	MRR5: 4.7237	Recall5: 8.4778	Precision5: 1.6956
2024-08-05 22:50:48 - INFO - Best Result:
2024-08-05 22:50:48 - INFO - 	Hit5: 8.4778	MRR5: 4.7237	Recall5: 8.4778	Precision5: 1.6956	Epoch: 10, 10, 10, 10
2024-08-05 22:50:48 - INFO - Current Result:
2024-08-05 22:50:48 - INFO - \Hit10: 11.8970	MRR10: 5.1736	Recall10: 11.8970	Precision10: 1.1897
2024-08-05 22:50:48 - INFO - Best Result:
2024-08-05 22:50:48 - INFO - 	Hit10: 11.8970	MRR10: 5.1736	Recall10: 11.8970	Precision10: 1.1897	Epoch: 10, 10, 10, 10
2024-08-05 22:50:48 - INFO - Current Result:
2024-08-05 22:50:48 - INFO - \Hit15: 14.4731	MRR15: 5.3762	Recall15: 14.4731	Precision15: 0.9649
2024-08-05 22:50:48 - INFO - Best Result:
2024-08-05 22:50:48 - INFO - 	Hit15: 14.4731	MRR15: 5.3762	Recall15: 14.4731	Precision15: 0.9649	Epoch: 10, 10, 10, 10
2024-08-05 22:50:48 - INFO - Current Result:
2024-08-05 22:50:48 - INFO - \Hit20: 17.3302	MRR20: 5.5387	Recall20: 17.3302	Precision20: 0.8665
2024-08-05 22:50:48 - INFO - Best Result:
2024-08-05 22:50:48 - INFO - 	Hit20: 17.3302	MRR20: 5.5387	Recall20: 17.3302	Precision20: 0.8665	Epoch: 10, 10, 10, 10
2024-08-05 22:50:48 - INFO - EPOCH:11
2024-08-05 22:50:48 - INFO - Time:2024/08/05 22:50:48
2024-08-05 22:51:15 - INFO - loss: 282.5260314941406; rec_loss: 282.5260314941406; intent_loss: 0.00032859283965080976 
2024-08-05 22:51:15 - INFO - Current Result:
2024-08-05 22:51:15 - INFO - \Hit5: 9.6019	MRR5: 4.9391	Recall5: 9.6019	Precision5: 1.9204
2024-08-05 22:51:15 - INFO - Best Result:
2024-08-05 22:51:15 - INFO - 	Hit5: 9.6019	MRR5: 4.9391	Recall5: 9.6019	Precision5: 1.9204	Epoch: 11, 11, 11, 11
2024-08-05 22:51:15 - INFO - Current Result:
2024-08-05 22:51:15 - INFO - \Hit10: 14.0515	MRR10: 5.5174	Recall10: 14.0515	Precision10: 1.4052
2024-08-05 22:51:15 - INFO - Best Result:
2024-08-05 22:51:15 - INFO - 	Hit10: 14.0515	MRR10: 5.5174	Recall10: 14.0515	Precision10: 1.4052	Epoch: 11, 11, 11, 11
2024-08-05 22:51:15 - INFO - Current Result:
2024-08-05 22:51:15 - INFO - \Hit15: 17.2834	MRR15: 5.7693	Recall15: 17.2834	Precision15: 1.1522
2024-08-05 22:51:15 - INFO - Best Result:
2024-08-05 22:51:15 - INFO - 	Hit15: 17.2834	MRR15: 5.7693	Recall15: 17.2834	Precision15: 1.1522	Epoch: 11, 11, 11, 11
2024-08-05 22:51:15 - INFO - Current Result:
2024-08-05 22:51:15 - INFO - \Hit20: 20.0937	MRR20: 5.9264	Recall20: 20.0937	Precision20: 1.0047
2024-08-05 22:51:15 - INFO - Best Result:
2024-08-05 22:51:15 - INFO - 	Hit20: 20.0937	MRR20: 5.9264	Recall20: 20.0937	Precision20: 1.0047	Epoch: 11, 11, 11, 11
2024-08-05 22:51:15 - INFO - EPOCH:12
2024-08-05 22:51:15 - INFO - Time:2024/08/05 22:51:15
2024-08-05 22:51:42 - INFO - loss: 251.6043701171875; rec_loss: 251.6043701171875; intent_loss: 0.00032860375358723104 
2024-08-05 22:51:42 - INFO - Current Result:
2024-08-05 22:51:42 - INFO - \Hit5: 10.3044	MRR5: 5.6120	Recall5: 10.3044	Precision5: 2.0609
2024-08-05 22:51:42 - INFO - Best Result:
2024-08-05 22:51:42 - INFO - 	Hit5: 10.3044	MRR5: 5.6120	Recall5: 10.3044	Precision5: 2.0609	Epoch: 12, 12, 12, 12
2024-08-05 22:51:42 - INFO - Current Result:
2024-08-05 22:51:42 - INFO - \Hit10: 14.8009	MRR10: 6.2078	Recall10: 14.8009	Precision10: 1.4801
2024-08-05 22:51:42 - INFO - Best Result:
2024-08-05 22:51:42 - INFO - 	Hit10: 14.8009	MRR10: 6.2078	Recall10: 14.8009	Precision10: 1.4801	Epoch: 12, 12, 12, 12
2024-08-05 22:51:42 - INFO - Current Result:
2024-08-05 22:51:42 - INFO - \Hit15: 18.6885	MRR15: 6.5154	Recall15: 18.6885	Precision15: 1.2459
2024-08-05 22:51:42 - INFO - Best Result:
2024-08-05 22:51:42 - INFO - 	Hit15: 18.6885	MRR15: 6.5154	Recall15: 18.6885	Precision15: 1.2459	Epoch: 12, 12, 12, 12
2024-08-05 22:51:42 - INFO - Current Result:
2024-08-05 22:51:42 - INFO - \Hit20: 21.0773	MRR20: 6.6476	Recall20: 21.0773	Precision20: 1.0539
2024-08-05 22:51:42 - INFO - Best Result:
2024-08-05 22:51:42 - INFO - 	Hit20: 21.0773	MRR20: 6.6476	Recall20: 21.0773	Precision20: 1.0539	Epoch: 12, 12, 12, 12
2024-08-05 22:51:42 - INFO - EPOCH:13
2024-08-05 22:51:42 - INFO - Time:2024/08/05 22:51:42
2024-08-05 22:52:12 - INFO - loss: 239.91864013671875; rec_loss: 239.91864013671875; intent_loss: 0.0003286146675236523 
2024-08-05 22:52:12 - INFO - Current Result:
2024-08-05 22:52:12 - INFO - \Hit5: 9.6956	MRR5: 5.4941	Recall5: 9.6956	Precision5: 1.9391
2024-08-05 22:52:12 - INFO - Best Result:
2024-08-05 22:52:12 - INFO - 	Hit5: 10.3044	MRR5: 5.6120	Recall5: 10.3044	Precision5: 2.0609	Epoch: 12, 12, 12, 12
2024-08-05 22:52:12 - INFO - Current Result:
2024-08-05 22:52:12 - INFO - \Hit10: 14.4262	MRR10: 6.1255	Recall10: 14.4262	Precision10: 1.4426
2024-08-05 22:52:12 - INFO - Best Result:
2024-08-05 22:52:12 - INFO - 	Hit10: 14.8009	MRR10: 6.2078	Recall10: 14.8009	Precision10: 1.4801	Epoch: 12, 12, 12, 12
2024-08-05 22:52:12 - INFO - Current Result:
2024-08-05 22:52:12 - INFO - \Hit15: 17.1429	MRR15: 6.3424	Recall15: 17.1429	Precision15: 1.1429
2024-08-05 22:52:12 - INFO - Best Result:
2024-08-05 22:52:12 - INFO - 	Hit15: 18.6885	MRR15: 6.5154	Recall15: 18.6885	Precision15: 1.2459	Epoch: 12, 12, 12, 12
2024-08-05 22:52:12 - INFO - Current Result:
2024-08-05 22:52:12 - INFO - \Hit20: 20.0000	MRR20: 6.5021	Recall20: 20.0000	Precision20: 1.0000
2024-08-05 22:52:12 - INFO - Best Result:
2024-08-05 22:52:12 - INFO - 	Hit20: 21.0773	MRR20: 6.6476	Recall20: 21.0773	Precision20: 1.0539	Epoch: 12, 12, 12, 12
2024-08-05 22:52:12 - INFO - EPOCH:14
2024-08-05 22:52:12 - INFO - Time:2024/08/05 22:52:12
2024-08-05 22:52:41 - INFO - loss: 223.13775634765625; rec_loss: 223.13775634765625; intent_loss: 0.00032862485386431217 
2024-08-05 22:52:41 - INFO - Current Result:
2024-08-05 22:52:41 - INFO - \Hit5: 10.8197	MRR5: 5.8407	Recall5: 10.8197	Precision5: 2.1639
2024-08-05 22:52:41 - INFO - Best Result:
2024-08-05 22:52:41 - INFO - 	Hit5: 10.8197	MRR5: 5.8407	Recall5: 10.8197	Precision5: 2.1639	Epoch: 14, 14, 14, 14
2024-08-05 22:52:41 - INFO - Current Result:
2024-08-05 22:52:41 - INFO - \Hit10: 15.7845	MRR10: 6.4958	Recall10: 15.7845	Precision10: 1.5785
2024-08-05 22:52:41 - INFO - Best Result:
2024-08-05 22:52:41 - INFO - 	Hit10: 15.7845	MRR10: 6.4958	Recall10: 15.7845	Precision10: 1.5785	Epoch: 14, 14, 14, 14
2024-08-05 22:52:41 - INFO - Current Result:
2024-08-05 22:52:41 - INFO - \Hit15: 19.4379	MRR15: 6.7828	Recall15: 19.4379	Precision15: 1.2959
2024-08-05 22:52:41 - INFO - Best Result:
2024-08-05 22:52:41 - INFO - 	Hit15: 19.4379	MRR15: 6.7828	Recall15: 19.4379	Precision15: 1.2959	Epoch: 14, 14, 14, 14
2024-08-05 22:52:41 - INFO - Current Result:
2024-08-05 22:52:41 - INFO - \Hit20: 22.5293	MRR20: 6.9582	Recall20: 22.5293	Precision20: 1.1265
2024-08-05 22:52:41 - INFO - Best Result:
2024-08-05 22:52:41 - INFO - 	Hit20: 22.5293	MRR20: 6.9582	Recall20: 22.5293	Precision20: 1.1265	Epoch: 14, 14, 14, 14
2024-08-05 22:52:41 - INFO - EPOCH:15
2024-08-05 22:52:41 - INFO - Time:2024/08/05 22:52:41
2024-08-05 22:53:08 - INFO - loss: 212.48948669433594; rec_loss: 212.48948669433594; intent_loss: 0.0003286306164227426 
2024-08-05 22:53:08 - INFO - Current Result:
2024-08-05 22:53:08 - INFO - \Hit5: 12.0375	MRR5: 6.3341	Recall5: 12.0375	Precision5: 2.4075
2024-08-05 22:53:08 - INFO - Best Result:
2024-08-05 22:53:08 - INFO - 	Hit5: 12.0375	MRR5: 6.3341	Recall5: 12.0375	Precision5: 2.4075	Epoch: 15, 15, 15, 15
2024-08-05 22:53:08 - INFO - Current Result:
2024-08-05 22:53:08 - INFO - \Hit10: 16.4871	MRR10: 6.9101	Recall10: 16.4871	Precision10: 1.6487
2024-08-05 22:53:08 - INFO - Best Result:
2024-08-05 22:53:08 - INFO - 	Hit10: 16.4871	MRR10: 6.9101	Recall10: 16.4871	Precision10: 1.6487	Epoch: 15, 15, 15, 15
2024-08-05 22:53:08 - INFO - Current Result:
2024-08-05 22:53:08 - INFO - \Hit15: 20.0000	MRR15: 7.1881	Recall15: 20.0000	Precision15: 1.3333
2024-08-05 22:53:08 - INFO - Best Result:
2024-08-05 22:53:08 - INFO - 	Hit15: 20.0000	MRR15: 7.1881	Recall15: 20.0000	Precision15: 1.3333	Epoch: 15, 15, 15, 15
2024-08-05 22:53:08 - INFO - Current Result:
2024-08-05 22:53:08 - INFO - \Hit20: 23.0913	MRR20: 7.3609	Recall20: 23.0913	Precision20: 1.1546
2024-08-05 22:53:08 - INFO - Best Result:
2024-08-05 22:53:08 - INFO - 	Hit20: 23.0913	MRR20: 7.3609	Recall20: 23.0913	Precision20: 1.1546	Epoch: 15, 15, 15, 15
2024-08-05 22:53:08 - INFO - EPOCH:16
2024-08-05 22:53:08 - INFO - Time:2024/08/05 22:53:08
2024-08-05 22:53:35 - INFO - loss: 209.82215881347656; rec_loss: 209.82215881347656; intent_loss: 0.00032863259548321366 
2024-08-05 22:53:35 - INFO - Current Result:
2024-08-05 22:53:35 - INFO - \Hit5: 11.7564	MRR5: 6.1624	Recall5: 11.7564	Precision5: 2.3513
2024-08-05 22:53:35 - INFO - Best Result:
2024-08-05 22:53:35 - INFO - 	Hit5: 12.0375	MRR5: 6.3341	Recall5: 12.0375	Precision5: 2.4075	Epoch: 15, 15, 15, 15
2024-08-05 22:53:35 - INFO - Current Result:
2024-08-05 22:53:35 - INFO - \Hit10: 16.2061	MRR10: 6.7631	Recall10: 16.2061	Precision10: 1.6206
2024-08-05 22:53:35 - INFO - Best Result:
2024-08-05 22:53:35 - INFO - 	Hit10: 16.4871	MRR10: 6.9101	Recall10: 16.4871	Precision10: 1.6487	Epoch: 15, 15, 15, 15
2024-08-05 22:53:35 - INFO - Current Result:
2024-08-05 22:53:35 - INFO - \Hit15: 20.2342	MRR15: 7.0794	Recall15: 20.2342	Precision15: 1.3489
2024-08-05 22:53:35 - INFO - Best Result:
2024-08-05 22:53:35 - INFO - 	Hit15: 20.2342	MRR15: 7.1881	Recall15: 20.2342	Precision15: 1.3489	Epoch: 16, 15, 16, 16
2024-08-05 22:53:35 - INFO - Current Result:
2024-08-05 22:53:35 - INFO - \Hit20: 22.5761	MRR20: 7.2098	Recall20: 22.5761	Precision20: 1.1288
2024-08-05 22:53:35 - INFO - Best Result:
2024-08-05 22:53:35 - INFO - 	Hit20: 23.0913	MRR20: 7.3609	Recall20: 23.0913	Precision20: 1.1546	Epoch: 15, 15, 15, 15
2024-08-05 22:53:35 - INFO - EPOCH:17
2024-08-05 22:53:35 - INFO - Time:2024/08/05 22:53:35
2024-08-05 22:54:04 - INFO - loss: 207.8712158203125; rec_loss: 207.8712158203125; intent_loss: 0.0003286344581283629 
2024-08-05 22:54:04 - INFO - Current Result:
2024-08-05 22:54:04 - INFO - \Hit5: 11.9906	MRR5: 6.1179	Recall5: 11.9906	Precision5: 2.3981
2024-08-05 22:54:04 - INFO - Best Result:
2024-08-05 22:54:04 - INFO - 	Hit5: 12.0375	MRR5: 6.3341	Recall5: 12.0375	Precision5: 2.4075	Epoch: 15, 15, 15, 15
2024-08-05 22:54:04 - INFO - Current Result:
2024-08-05 22:54:04 - INFO - \Hit10: 16.1124	MRR10: 6.6345	Recall10: 16.1124	Precision10: 1.6112
2024-08-05 22:54:04 - INFO - Best Result:
2024-08-05 22:54:04 - INFO - 	Hit10: 16.4871	MRR10: 6.9101	Recall10: 16.4871	Precision10: 1.6487	Epoch: 15, 15, 15, 15
2024-08-05 22:54:04 - INFO - Current Result:
2024-08-05 22:54:04 - INFO - \Hit15: 19.5785	MRR15: 6.9085	Recall15: 19.5785	Precision15: 1.3052
2024-08-05 22:54:04 - INFO - Best Result:
2024-08-05 22:54:04 - INFO - 	Hit15: 20.2342	MRR15: 7.1881	Recall15: 20.2342	Precision15: 1.3489	Epoch: 16, 15, 16, 16
2024-08-05 22:54:04 - INFO - Current Result:
2024-08-05 22:54:04 - INFO - \Hit20: 22.6230	MRR20: 7.0799	Recall20: 22.6230	Precision20: 1.1311
2024-08-05 22:54:04 - INFO - Best Result:
2024-08-05 22:54:04 - INFO - 	Hit20: 23.0913	MRR20: 7.3609	Recall20: 23.0913	Precision20: 1.1546	Epoch: 15, 15, 15, 15
2024-08-05 22:54:04 - INFO - EPOCH:18
2024-08-05 22:54:04 - INFO - Time:2024/08/05 22:54:04
2024-08-05 22:54:33 - INFO - loss: 205.75230407714844; rec_loss: 205.75230407714844; intent_loss: 0.00032863637898117304 
2024-08-05 22:54:33 - INFO - Current Result:
2024-08-05 22:54:33 - INFO - \Hit5: 11.9906	MRR5: 6.4645	Recall5: 11.9906	Precision5: 2.3981
2024-08-05 22:54:33 - INFO - Best Result:
2024-08-05 22:54:33 - INFO - 	Hit5: 12.0375	MRR5: 6.4645	Recall5: 12.0375	Precision5: 2.4075	Epoch: 15, 18, 15, 15
2024-08-05 22:54:33 - INFO - Current Result:
2024-08-05 22:54:33 - INFO - \Hit10: 16.7213	MRR10: 7.0975	Recall10: 16.7213	Precision10: 1.6721
2024-08-05 22:54:33 - INFO - Best Result:
2024-08-05 22:54:33 - INFO - 	Hit10: 16.7213	MRR10: 7.0975	Recall10: 16.7213	Precision10: 1.6721	Epoch: 18, 18, 18, 18
2024-08-05 22:54:33 - INFO - Current Result:
2024-08-05 22:54:33 - INFO - \Hit15: 20.0937	MRR15: 7.3670	Recall15: 20.0937	Precision15: 1.3396
2024-08-05 22:54:33 - INFO - Best Result:
2024-08-05 22:54:33 - INFO - 	Hit15: 20.2342	MRR15: 7.3670	Recall15: 20.2342	Precision15: 1.3489	Epoch: 16, 18, 16, 16
2024-08-05 22:54:33 - INFO - Current Result:
2024-08-05 22:54:33 - INFO - \Hit20: 22.7635	MRR20: 7.5186	Recall20: 22.7635	Precision20: 1.1382
2024-08-05 22:54:33 - INFO - Best Result:
2024-08-05 22:54:33 - INFO - 	Hit20: 23.0913	MRR20: 7.5186	Recall20: 23.0913	Precision20: 1.1546	Epoch: 15, 18, 15, 15
2024-08-05 22:54:33 - INFO - EPOCH:19
2024-08-05 22:54:33 - INFO - Time:2024/08/05 22:54:33
2024-08-05 22:54:55 - INFO - loss: 203.91427612304688; rec_loss: 203.91427612304688; intent_loss: 0.00032863824162632227 
2024-08-05 22:54:55 - INFO - Current Result:
2024-08-05 22:54:55 - INFO - \Hit5: 11.7096	MRR5: 6.3388	Recall5: 11.7096	Precision5: 2.3419
2024-08-05 22:54:55 - INFO - Best Result:
2024-08-05 22:54:55 - INFO - 	Hit5: 12.0375	MRR5: 6.4645	Recall5: 12.0375	Precision5: 2.4075	Epoch: 15, 18, 15, 15
2024-08-05 22:54:55 - INFO - Current Result:
2024-08-05 22:54:55 - INFO - \Hit10: 16.4871	MRR10: 6.9689	Recall10: 16.4871	Precision10: 1.6487
2024-08-05 22:54:55 - INFO - Best Result:
2024-08-05 22:54:55 - INFO - 	Hit10: 16.7213	MRR10: 7.0975	Recall10: 16.7213	Precision10: 1.6721	Epoch: 18, 18, 18, 18
2024-08-05 22:54:55 - INFO - Current Result:
2024-08-05 22:54:55 - INFO - \Hit15: 20.1874	MRR15: 7.2546	Recall15: 20.1874	Precision15: 1.3458
2024-08-05 22:54:55 - INFO - Best Result:
2024-08-05 22:54:55 - INFO - 	Hit15: 20.2342	MRR15: 7.3670	Recall15: 20.2342	Precision15: 1.3489	Epoch: 16, 18, 16, 16
2024-08-05 22:54:55 - INFO - Current Result:
2024-08-05 22:54:55 - INFO - \Hit20: 22.9040	MRR20: 7.4063	Recall20: 22.9040	Precision20: 1.1452
2024-08-05 22:54:55 - INFO - Best Result:
2024-08-05 22:54:55 - INFO - 	Hit20: 23.0913	MRR20: 7.5186	Recall20: 23.0913	Precision20: 1.1546	Epoch: 15, 18, 15, 15
2024-08-05 22:54:55 - INFO - EPOCH:20
2024-08-05 22:54:55 - INFO - Time:2024/08/05 22:54:55
2024-08-05 22:55:17 - INFO - loss: 202.04946899414062; rec_loss: 202.04946899414062; intent_loss: 0.00032863946398720145 
2024-08-05 22:55:17 - INFO - Current Result:
2024-08-05 22:55:17 - INFO - \Hit5: 11.8501	MRR5: 6.3255	Recall5: 11.8501	Precision5: 2.3700
2024-08-05 22:55:17 - INFO - Best Result:
2024-08-05 22:55:17 - INFO - 	Hit5: 12.0375	MRR5: 6.4645	Recall5: 12.0375	Precision5: 2.4075	Epoch: 15, 18, 15, 15
2024-08-05 22:55:17 - INFO - Current Result:
2024-08-05 22:55:17 - INFO - \Hit10: 16.5808	MRR10: 6.9499	Recall10: 16.5808	Precision10: 1.6581
2024-08-05 22:55:17 - INFO - Best Result:
2024-08-05 22:55:17 - INFO - 	Hit10: 16.7213	MRR10: 7.0975	Recall10: 16.7213	Precision10: 1.6721	Epoch: 18, 18, 18, 18
2024-08-05 22:55:17 - INFO - Current Result:
2024-08-05 22:55:17 - INFO - \Hit15: 20.0937	MRR15: 7.2229	Recall15: 20.0937	Precision15: 1.3396
2024-08-05 22:55:17 - INFO - Best Result:
2024-08-05 22:55:17 - INFO - 	Hit15: 20.2342	MRR15: 7.3670	Recall15: 20.2342	Precision15: 1.3489	Epoch: 16, 18, 16, 16
2024-08-05 22:55:17 - INFO - Current Result:
2024-08-05 22:55:17 - INFO - \Hit20: 22.9040	MRR20: 7.3794	Recall20: 22.9040	Precision20: 1.1452
2024-08-05 22:55:17 - INFO - Best Result:
2024-08-05 22:55:17 - INFO - 	Hit20: 23.0913	MRR20: 7.5186	Recall20: 23.0913	Precision20: 1.1546	Epoch: 15, 18, 15, 15
2024-08-05 22:55:17 - INFO - EPOCH:21
2024-08-05 22:55:17 - INFO - Time:2024/08/05 22:55:17
2024-08-05 22:55:37 - INFO - loss: 201.62245178222656; rec_loss: 201.62245178222656; intent_loss: 0.000328639755025506 
2024-08-05 22:55:37 - INFO - Current Result:
2024-08-05 22:55:37 - INFO - \Hit5: 11.9906	MRR5: 6.4286	Recall5: 11.9906	Precision5: 2.3981
2024-08-05 22:55:37 - INFO - Best Result:
2024-08-05 22:55:37 - INFO - 	Hit5: 12.0375	MRR5: 6.4645	Recall5: 12.0375	Precision5: 2.4075	Epoch: 15, 18, 15, 15
2024-08-05 22:55:37 - INFO - Current Result:
2024-08-05 22:55:37 - INFO - \Hit10: 17.0023	MRR10: 7.0846	Recall10: 17.0023	Precision10: 1.7002
2024-08-05 22:55:37 - INFO - Best Result:
2024-08-05 22:55:37 - INFO - 	Hit10: 17.0023	MRR10: 7.0975	Recall10: 17.0023	Precision10: 1.7002	Epoch: 21, 18, 21, 21
2024-08-05 22:55:37 - INFO - Current Result:
2024-08-05 22:55:37 - INFO - \Hit15: 20.1405	MRR15: 7.3299	Recall15: 20.1405	Precision15: 1.3427
2024-08-05 22:55:37 - INFO - Best Result:
2024-08-05 22:55:37 - INFO - 	Hit15: 20.2342	MRR15: 7.3670	Recall15: 20.2342	Precision15: 1.3489	Epoch: 16, 18, 16, 16
2024-08-05 22:55:37 - INFO - Current Result:
2024-08-05 22:55:37 - INFO - \Hit20: 22.9508	MRR20: 7.4884	Recall20: 22.9508	Precision20: 1.1475
2024-08-05 22:55:37 - INFO - Best Result:
2024-08-05 22:55:37 - INFO - 	Hit20: 23.0913	MRR20: 7.5186	Recall20: 23.0913	Precision20: 1.1546	Epoch: 15, 18, 15, 15
2024-08-05 22:55:37 - INFO - EPOCH:22
2024-08-05 22:55:37 - INFO - Time:2024/08/05 22:55:37
2024-08-05 22:55:58 - INFO - loss: 201.02664184570312; rec_loss: 201.02664184570312; intent_loss: 0.00032864019158296287 
2024-08-05 22:55:58 - INFO - Current Result:
2024-08-05 22:55:58 - INFO - \Hit5: 12.2248	MRR5: 6.5464	Recall5: 12.2248	Precision5: 2.4450
2024-08-05 22:55:58 - INFO - Best Result:
2024-08-05 22:55:58 - INFO - 	Hit5: 12.2248	MRR5: 6.5464	Recall5: 12.2248	Precision5: 2.4450	Epoch: 22, 22, 22, 22
2024-08-05 22:55:58 - INFO - Current Result:
2024-08-05 22:55:58 - INFO - \Hit10: 17.1897	MRR10: 7.1805	Recall10: 17.1897	Precision10: 1.7190
2024-08-05 22:55:58 - INFO - Best Result:
2024-08-05 22:55:58 - INFO - 	Hit10: 17.1897	MRR10: 7.1805	Recall10: 17.1897	Precision10: 1.7190	Epoch: 22, 22, 22, 22
2024-08-05 22:55:58 - INFO - Current Result:
2024-08-05 22:55:58 - INFO - \Hit15: 20.3747	MRR15: 7.4264	Recall15: 20.3747	Precision15: 1.3583
2024-08-05 22:55:58 - INFO - Best Result:
2024-08-05 22:55:58 - INFO - 	Hit15: 20.3747	MRR15: 7.4264	Recall15: 20.3747	Precision15: 1.3583	Epoch: 22, 22, 22, 22
2024-08-05 22:55:58 - INFO - Current Result:
2024-08-05 22:55:58 - INFO - \Hit20: 22.9508	MRR20: 7.5720	Recall20: 22.9508	Precision20: 1.1475
2024-08-05 22:55:58 - INFO - Best Result:
2024-08-05 22:55:58 - INFO - 	Hit20: 23.0913	MRR20: 7.5720	Recall20: 23.0913	Precision20: 1.1546	Epoch: 15, 22, 15, 15
2024-08-05 22:55:58 - INFO - EPOCH:23
2024-08-05 22:55:58 - INFO - Time:2024/08/05 22:55:58
2024-08-05 22:56:21 - INFO - loss: 200.7867889404297; rec_loss: 200.7867889404297; intent_loss: 0.0003286405699327588 
2024-08-05 22:56:21 - INFO - Current Result:
2024-08-05 22:56:21 - INFO - \Hit5: 12.0843	MRR5: 6.4215	Recall5: 12.0843	Precision5: 2.4169
2024-08-05 22:56:21 - INFO - Best Result:
2024-08-05 22:56:21 - INFO - 	Hit5: 12.2248	MRR5: 6.5464	Recall5: 12.2248	Precision5: 2.4450	Epoch: 22, 22, 22, 22
2024-08-05 22:56:21 - INFO - Current Result:
2024-08-05 22:56:21 - INFO - \Hit10: 16.9087	MRR10: 7.0495	Recall10: 16.9087	Precision10: 1.6909
2024-08-05 22:56:21 - INFO - Best Result:
2024-08-05 22:56:21 - INFO - 	Hit10: 17.1897	MRR10: 7.1805	Recall10: 17.1897	Precision10: 1.7190	Epoch: 22, 22, 22, 22
2024-08-05 22:56:21 - INFO - Current Result:
2024-08-05 22:56:21 - INFO - \Hit15: 20.0937	MRR15: 7.2999	Recall15: 20.0937	Precision15: 1.3396
2024-08-05 22:56:21 - INFO - Best Result:
2024-08-05 22:56:21 - INFO - 	Hit15: 20.3747	MRR15: 7.4264	Recall15: 20.3747	Precision15: 1.3583	Epoch: 22, 22, 22, 22
2024-08-05 22:56:21 - INFO - Current Result:
2024-08-05 22:56:21 - INFO - \Hit20: 23.1850	MRR20: 7.4715	Recall20: 23.1850	Precision20: 1.1593
2024-08-05 22:56:21 - INFO - Best Result:
2024-08-05 22:56:21 - INFO - 	Hit20: 23.1850	MRR20: 7.5720	Recall20: 23.1850	Precision20: 1.1593	Epoch: 23, 22, 23, 23
2024-08-05 22:56:21 - INFO - EPOCH:24
2024-08-05 22:56:21 - INFO - Time:2024/08/05 22:56:21
2024-08-05 22:56:42 - INFO - loss: 200.24559020996094; rec_loss: 200.24559020996094; intent_loss: 0.0003286410355940461 
2024-08-05 22:56:42 - INFO - Current Result:
2024-08-05 22:56:42 - INFO - \Hit5: 12.0375	MRR5: 6.3794	Recall5: 12.0375	Precision5: 2.4075
2024-08-05 22:56:42 - INFO - Best Result:
2024-08-05 22:56:42 - INFO - 	Hit5: 12.2248	MRR5: 6.5464	Recall5: 12.2248	Precision5: 2.4450	Epoch: 22, 22, 22, 22
2024-08-05 22:56:42 - INFO - Current Result:
2024-08-05 22:56:42 - INFO - \Hit10: 16.8150	MRR10: 6.9955	Recall10: 16.8150	Precision10: 1.6815
2024-08-05 22:56:42 - INFO - Best Result:
2024-08-05 22:56:42 - INFO - 	Hit10: 17.1897	MRR10: 7.1805	Recall10: 17.1897	Precision10: 1.7190	Epoch: 22, 22, 22, 22
2024-08-05 22:56:42 - INFO - Current Result:
2024-08-05 22:56:42 - INFO - \Hit15: 20.1405	MRR15: 7.2548	Recall15: 20.1405	Precision15: 1.3427
2024-08-05 22:56:42 - INFO - Best Result:
2024-08-05 22:56:42 - INFO - 	Hit15: 20.3747	MRR15: 7.4264	Recall15: 20.3747	Precision15: 1.3583	Epoch: 22, 22, 22, 22
2024-08-05 22:56:42 - INFO - Current Result:
2024-08-05 22:56:42 - INFO - \Hit20: 23.1850	MRR20: 7.4257	Recall20: 23.1850	Precision20: 1.1593
2024-08-05 22:56:42 - INFO - Best Result:
2024-08-05 22:56:42 - INFO - 	Hit20: 23.1850	MRR20: 7.5720	Recall20: 23.1850	Precision20: 1.1593	Epoch: 23, 22, 23, 23
2024-08-05 22:56:42 - INFO - EPOCH:25
2024-08-05 22:56:42 - INFO - Time:2024/08/05 22:56:42
2024-08-05 22:57:02 - INFO - loss: 199.68408203125; rec_loss: 199.68408203125; intent_loss: 0.0003286412975285202 
2024-08-05 22:57:02 - INFO - Current Result:
2024-08-05 22:57:02 - INFO - \Hit5: 11.8033	MRR5: 6.4223	Recall5: 11.8033	Precision5: 2.3607
2024-08-05 22:57:02 - INFO - Best Result:
2024-08-05 22:57:02 - INFO - 	Hit5: 12.2248	MRR5: 6.5464	Recall5: 12.2248	Precision5: 2.4450	Epoch: 22, 22, 22, 22
2024-08-05 22:57:02 - INFO - Current Result:
2024-08-05 22:57:02 - INFO - \Hit10: 16.7213	MRR10: 7.0706	Recall10: 16.7213	Precision10: 1.6721
2024-08-05 22:57:02 - INFO - Best Result:
2024-08-05 22:57:02 - INFO - 	Hit10: 17.1897	MRR10: 7.1805	Recall10: 17.1897	Precision10: 1.7190	Epoch: 22, 22, 22, 22
2024-08-05 22:57:02 - INFO - Current Result:
2024-08-05 22:57:02 - INFO - \Hit15: 20.0468	MRR15: 7.3334	Recall15: 20.0468	Precision15: 1.3365
2024-08-05 22:57:02 - INFO - Best Result:
2024-08-05 22:57:02 - INFO - 	Hit15: 20.3747	MRR15: 7.4264	Recall15: 20.3747	Precision15: 1.3583	Epoch: 22, 22, 22, 22
2024-08-05 22:57:02 - INFO - Current Result:
2024-08-05 22:57:02 - INFO - \Hit20: 23.1850	MRR20: 7.5089	Recall20: 23.1850	Precision20: 1.1593
2024-08-05 22:57:02 - INFO - Best Result:
2024-08-05 22:57:02 - INFO - 	Hit20: 23.1850	MRR20: 7.5720	Recall20: 23.1850	Precision20: 1.1593	Epoch: 23, 22, 23, 23
2024-08-05 22:57:02 - INFO - EPOCH:26
2024-08-05 22:57:02 - INFO - Time:2024/08/05 22:57:02
2024-08-05 22:57:21 - INFO - loss: 199.75376892089844; rec_loss: 199.75376892089844; intent_loss: 0.0003286413266323507 
2024-08-05 22:57:21 - INFO - Current Result:
2024-08-05 22:57:21 - INFO - \Hit5: 11.8501	MRR5: 6.4106	Recall5: 11.8501	Precision5: 2.3700
2024-08-05 22:57:21 - INFO - Best Result:
2024-08-05 22:57:21 - INFO - 	Hit5: 12.2248	MRR5: 6.5464	Recall5: 12.2248	Precision5: 2.4450	Epoch: 22, 22, 22, 22
2024-08-05 22:57:21 - INFO - Current Result:
2024-08-05 22:57:21 - INFO - \Hit10: 16.8150	MRR10: 7.0612	Recall10: 16.8150	Precision10: 1.6815
2024-08-05 22:57:21 - INFO - Best Result:
2024-08-05 22:57:21 - INFO - 	Hit10: 17.1897	MRR10: 7.1805	Recall10: 17.1897	Precision10: 1.7190	Epoch: 22, 22, 22, 22
2024-08-05 22:57:21 - INFO - Current Result:
2024-08-05 22:57:21 - INFO - \Hit15: 20.1874	MRR15: 7.3252	Recall15: 20.1874	Precision15: 1.3458
2024-08-05 22:57:21 - INFO - Best Result:
2024-08-05 22:57:21 - INFO - 	Hit15: 20.3747	MRR15: 7.4264	Recall15: 20.3747	Precision15: 1.3583	Epoch: 22, 22, 22, 22
2024-08-05 22:57:21 - INFO - Current Result:
2024-08-05 22:57:21 - INFO - \Hit20: 23.1850	MRR20: 7.4929	Recall20: 23.1850	Precision20: 1.1593
2024-08-05 22:57:21 - INFO - Best Result:
2024-08-05 22:57:21 - INFO - 	Hit20: 23.1850	MRR20: 7.5720	Recall20: 23.1850	Precision20: 1.1593	Epoch: 23, 22, 23, 26
2024-08-05 22:57:21 - INFO - EPOCH:27
2024-08-05 22:57:21 - INFO - Time:2024/08/05 22:57:21
2024-08-05 22:57:37 - INFO - loss: 199.44677734375; rec_loss: 199.44677734375; intent_loss: 0.00032864141394384205 
2024-08-05 22:57:37 - INFO - Current Result:
2024-08-05 22:57:37 - INFO - \Hit5: 11.7564	MRR5: 6.3794	Recall5: 11.7564	Precision5: 2.3513
2024-08-05 22:57:37 - INFO - Best Result:
2024-08-05 22:57:37 - INFO - 	Hit5: 12.2248	MRR5: 6.5464	Recall5: 12.2248	Precision5: 2.4450	Epoch: 22, 22, 22, 22
2024-08-05 22:57:37 - INFO - Current Result:
2024-08-05 22:57:37 - INFO - \Hit10: 16.7681	MRR10: 7.0421	Recall10: 16.7681	Precision10: 1.6768
2024-08-05 22:57:37 - INFO - Best Result:
2024-08-05 22:57:37 - INFO - 	Hit10: 17.1897	MRR10: 7.1805	Recall10: 17.1897	Precision10: 1.7190	Epoch: 22, 22, 22, 22
2024-08-05 22:57:37 - INFO - Current Result:
2024-08-05 22:57:37 - INFO - \Hit15: 20.1874	MRR15: 7.3102	Recall15: 20.1874	Precision15: 1.3458
2024-08-05 22:57:37 - INFO - Best Result:
2024-08-05 22:57:37 - INFO - 	Hit15: 20.3747	MRR15: 7.4264	Recall15: 20.3747	Precision15: 1.3583	Epoch: 22, 22, 22, 22
2024-08-05 22:57:37 - INFO - Current Result:
2024-08-05 22:57:37 - INFO - \Hit20: 23.1382	MRR20: 7.4755	Recall20: 23.1382	Precision20: 1.1569
2024-08-05 22:57:37 - INFO - Best Result:
2024-08-05 22:57:37 - INFO - 	Hit20: 23.1850	MRR20: 7.5720	Recall20: 23.1850	Precision20: 1.1593	Epoch: 23, 22, 23, 26
2024-08-05 22:57:37 - INFO - EPOCH:28
2024-08-05 22:57:37 - INFO - Time:2024/08/05 22:57:37
2024-08-05 22:57:56 - INFO - loss: 199.62701416015625; rec_loss: 199.62701416015625; intent_loss: 0.0003286414430476725 
2024-08-05 22:57:56 - INFO - Current Result:
2024-08-05 22:57:56 - INFO - \Hit5: 11.8033	MRR5: 6.4270	Recall5: 11.8033	Precision5: 2.3607
2024-08-05 22:57:56 - INFO - Best Result:
2024-08-05 22:57:56 - INFO - 	Hit5: 12.2248	MRR5: 6.5464	Recall5: 12.2248	Precision5: 2.4450	Epoch: 22, 22, 22, 22
2024-08-05 22:57:56 - INFO - Current Result:
2024-08-05 22:57:56 - INFO - \Hit10: 16.8618	MRR10: 7.0989	Recall10: 16.8618	Precision10: 1.6862
2024-08-05 22:57:56 - INFO - Best Result:
2024-08-05 22:57:56 - INFO - 	Hit10: 17.1897	MRR10: 7.1805	Recall10: 17.1897	Precision10: 1.7190	Epoch: 22, 22, 22, 22
2024-08-05 22:57:56 - INFO - Current Result:
2024-08-05 22:57:56 - INFO - \Hit15: 20.2810	MRR15: 7.3652	Recall15: 20.2810	Precision15: 1.3521
2024-08-05 22:57:56 - INFO - Best Result:
2024-08-05 22:57:56 - INFO - 	Hit15: 20.3747	MRR15: 7.4264	Recall15: 20.3747	Precision15: 1.3583	Epoch: 22, 22, 22, 22
2024-08-05 22:57:56 - INFO - Current Result:
2024-08-05 22:57:56 - INFO - \Hit20: 23.2319	MRR20: 7.5293	Recall20: 23.2319	Precision20: 1.1616
2024-08-05 22:57:56 - INFO - Best Result:
2024-08-05 22:57:56 - INFO - 	Hit20: 23.2319	MRR20: 7.5720	Recall20: 23.2319	Precision20: 1.1616	Epoch: 28, 22, 28, 28
2024-08-05 22:57:56 - INFO - EPOCH:29
2024-08-05 22:57:56 - INFO - Time:2024/08/05 22:57:56
2024-08-05 22:58:17 - INFO - loss: 199.49270629882812; rec_loss: 199.49270629882812; intent_loss: 0.00032864161767065525 
2024-08-05 22:58:17 - INFO - Current Result:
2024-08-05 22:58:17 - INFO - \Hit5: 11.7564	MRR5: 6.3895	Recall5: 11.7564	Precision5: 2.3513
2024-08-05 22:58:17 - INFO - Best Result:
2024-08-05 22:58:17 - INFO - 	Hit5: 12.2248	MRR5: 6.5464	Recall5: 12.2248	Precision5: 2.4450	Epoch: 22, 22, 22, 22
2024-08-05 22:58:17 - INFO - Current Result:
2024-08-05 22:58:17 - INFO - \Hit10: 16.7213	MRR10: 7.0476	Recall10: 16.7213	Precision10: 1.6721
2024-08-05 22:58:17 - INFO - Best Result:
2024-08-05 22:58:17 - INFO - 	Hit10: 17.1897	MRR10: 7.1805	Recall10: 17.1897	Precision10: 1.7190	Epoch: 22, 22, 22, 22
2024-08-05 22:58:17 - INFO - Current Result:
2024-08-05 22:58:17 - INFO - \Hit15: 20.1405	MRR15: 7.3159	Recall15: 20.1405	Precision15: 1.3427
2024-08-05 22:58:17 - INFO - Best Result:
2024-08-05 22:58:17 - INFO - 	Hit15: 20.3747	MRR15: 7.4264	Recall15: 20.3747	Precision15: 1.3583	Epoch: 22, 22, 22, 22
2024-08-05 22:58:17 - INFO - Current Result:
2024-08-05 22:58:17 - INFO - \Hit20: 23.1382	MRR20: 7.4847	Recall20: 23.1382	Precision20: 1.1569
2024-08-05 22:58:17 - INFO - Best Result:
2024-08-05 22:58:17 - INFO - 	Hit20: 23.2319	MRR20: 7.5720	Recall20: 23.2319	Precision20: 1.1616	Epoch: 28, 22, 28, 28
2024-08-05 22:58:17 - INFO - EPOCH:30
2024-08-05 22:58:17 - INFO - Time:2024/08/05 22:58:17
2024-08-05 22:58:37 - INFO - loss: 199.659912109375; rec_loss: 199.659912109375; intent_loss: 0.0003286416467744857 
2024-08-05 22:58:37 - INFO - Current Result:
2024-08-05 22:58:37 - INFO - \Hit5: 11.7564	MRR5: 6.4012	Recall5: 11.7564	Precision5: 2.3513
2024-08-05 22:58:37 - INFO - Best Result:
2024-08-05 22:58:37 - INFO - 	Hit5: 12.2248	MRR5: 6.5464	Recall5: 12.2248	Precision5: 2.4450	Epoch: 22, 22, 22, 22
2024-08-05 22:58:37 - INFO - Current Result:
2024-08-05 22:58:37 - INFO - \Hit10: 16.6745	MRR10: 7.0527	Recall10: 16.6745	Precision10: 1.6674
2024-08-05 22:58:37 - INFO - Best Result:
2024-08-05 22:58:37 - INFO - 	Hit10: 17.1897	MRR10: 7.1805	Recall10: 17.1897	Precision10: 1.7190	Epoch: 22, 22, 22, 22
2024-08-05 22:58:37 - INFO - Current Result:
2024-08-05 22:58:37 - INFO - \Hit15: 20.1405	MRR15: 7.3251	Recall15: 20.1405	Precision15: 1.3427
2024-08-05 22:58:37 - INFO - Best Result:
2024-08-05 22:58:37 - INFO - 	Hit15: 20.3747	MRR15: 7.4264	Recall15: 20.3747	Precision15: 1.3583	Epoch: 22, 22, 22, 22
2024-08-05 22:58:37 - INFO - Current Result:
2024-08-05 22:58:37 - INFO - \Hit20: 23.2319	MRR20: 7.4984	Recall20: 23.2319	Precision20: 1.1616
2024-08-05 22:58:37 - INFO - Best Result:
2024-08-05 22:58:37 - INFO - 	Hit20: 23.2319	MRR20: 7.5720	Recall20: 23.2319	Precision20: 1.1616	Epoch: 28, 22, 28, 28
2024-08-05 22:58:37 - INFO - EPOCH:31
2024-08-05 22:58:37 - INFO - Time:2024/08/05 22:58:37
2024-08-05 22:58:57 - INFO - loss: 199.3444061279297; rec_loss: 199.3444061279297; intent_loss: 0.00032864167587831616 
2024-08-05 22:58:57 - INFO - Current Result:
2024-08-05 22:58:57 - INFO - \Hit5: 11.7564	MRR5: 6.4052	Recall5: 11.7564	Precision5: 2.3513
2024-08-05 22:58:57 - INFO - Best Result:
2024-08-05 22:58:57 - INFO - 	Hit5: 12.2248	MRR5: 6.5464	Recall5: 12.2248	Precision5: 2.4450	Epoch: 22, 22, 22, 22
2024-08-05 22:58:57 - INFO - Current Result:
2024-08-05 22:58:57 - INFO - \Hit10: 16.7213	MRR10: 7.0626	Recall10: 16.7213	Precision10: 1.6721
2024-08-05 22:58:57 - INFO - Best Result:
2024-08-05 22:58:57 - INFO - 	Hit10: 17.1897	MRR10: 7.1805	Recall10: 17.1897	Precision10: 1.7190	Epoch: 22, 22, 22, 22
2024-08-05 22:58:57 - INFO - Current Result:
2024-08-05 22:58:57 - INFO - \Hit15: 20.1405	MRR15: 7.3303	Recall15: 20.1405	Precision15: 1.3427
2024-08-05 22:58:57 - INFO - Best Result:
2024-08-05 22:58:57 - INFO - 	Hit15: 20.3747	MRR15: 7.4264	Recall15: 20.3747	Precision15: 1.3583	Epoch: 22, 22, 22, 22
2024-08-05 22:58:57 - INFO - Current Result:
2024-08-05 22:58:57 - INFO - \Hit20: 23.1850	MRR20: 7.5019	Recall20: 23.1850	Precision20: 1.1593
2024-08-05 22:58:57 - INFO - Best Result:
2024-08-05 22:58:57 - INFO - 	Hit20: 23.2319	MRR20: 7.5720	Recall20: 23.2319	Precision20: 1.1616	Epoch: 28, 22, 28, 28
2024-08-05 22:58:57 - INFO - EPOCH:32
2024-08-05 22:58:57 - INFO - Time:2024/08/05 22:58:57
2024-08-05 22:59:18 - INFO - loss: 199.1005401611328; rec_loss: 199.1005401611328; intent_loss: 0.0003286417340859771 
2024-08-05 22:59:18 - INFO - Current Result:
2024-08-05 22:59:18 - INFO - \Hit5: 11.8033	MRR5: 6.4286	Recall5: 11.8033	Precision5: 2.3607
2024-08-05 22:59:18 - INFO - Best Result:
2024-08-05 22:59:18 - INFO - 	Hit5: 12.2248	MRR5: 6.5464	Recall5: 12.2248	Precision5: 2.4450	Epoch: 22, 22, 22, 22
2024-08-05 22:59:18 - INFO - Current Result:
2024-08-05 22:59:18 - INFO - \Hit10: 16.7213	MRR10: 7.0804	Recall10: 16.7213	Precision10: 1.6721
2024-08-05 22:59:18 - INFO - Best Result:
2024-08-05 22:59:18 - INFO - 	Hit10: 17.1897	MRR10: 7.1805	Recall10: 17.1897	Precision10: 1.7190	Epoch: 22, 22, 22, 22
2024-08-05 22:59:18 - INFO - Current Result:
2024-08-05 22:59:18 - INFO - \Hit15: 20.1405	MRR15: 7.3475	Recall15: 20.1405	Precision15: 1.3427
2024-08-05 22:59:18 - INFO - Best Result:
2024-08-05 22:59:18 - INFO - 	Hit15: 20.3747	MRR15: 7.4264	Recall15: 20.3747	Precision15: 1.3583	Epoch: 22, 22, 22, 22
2024-08-05 22:59:18 - INFO - Current Result:
2024-08-05 22:59:18 - INFO - \Hit20: 23.1382	MRR20: 7.5164	Recall20: 23.1382	Precision20: 1.1569
2024-08-05 22:59:18 - INFO - Best Result:
2024-08-05 22:59:18 - INFO - 	Hit20: 23.2319	MRR20: 7.5720	Recall20: 23.2319	Precision20: 1.1616	Epoch: 28, 22, 28, 28
2024-08-05 22:59:18 - INFO - EPOCH:33
2024-08-05 22:59:18 - INFO - Time:2024/08/05 22:59:18
2024-08-05 22:59:41 - INFO - loss: 199.32334899902344; rec_loss: 199.32334899902344; intent_loss: 0.0003286417340859771 
2024-08-05 22:59:41 - INFO - Current Result:
2024-08-05 22:59:41 - INFO - \Hit5: 11.8033	MRR5: 6.4387	Recall5: 11.8033	Precision5: 2.3607
2024-08-05 22:59:41 - INFO - Best Result:
2024-08-05 22:59:41 - INFO - 	Hit5: 12.2248	MRR5: 6.5464	Recall5: 12.2248	Precision5: 2.4450	Epoch: 22, 22, 22, 22
2024-08-05 22:59:41 - INFO - Current Result:
2024-08-05 22:59:41 - INFO - \Hit10: 16.7213	MRR10: 7.0894	Recall10: 16.7213	Precision10: 1.6721
2024-08-05 22:59:41 - INFO - Best Result:
2024-08-05 22:59:41 - INFO - 	Hit10: 17.1897	MRR10: 7.1805	Recall10: 17.1897	Precision10: 1.7190	Epoch: 22, 22, 22, 22
2024-08-05 22:59:41 - INFO - Current Result:
2024-08-05 22:59:41 - INFO - \Hit15: 20.1874	MRR15: 7.3613	Recall15: 20.1874	Precision15: 1.3458
2024-08-05 22:59:41 - INFO - Best Result:
2024-08-05 22:59:41 - INFO - 	Hit15: 20.3747	MRR15: 7.4264	Recall15: 20.3747	Precision15: 1.3583	Epoch: 22, 22, 22, 22
2024-08-05 22:59:41 - INFO - Current Result:
2024-08-05 22:59:41 - INFO - \Hit20: 23.1850	MRR20: 7.5293	Recall20: 23.1850	Precision20: 1.1593
2024-08-05 22:59:41 - INFO - Best Result:
2024-08-05 22:59:41 - INFO - 	Hit20: 23.2319	MRR20: 7.5720	Recall20: 23.2319	Precision20: 1.1616	Epoch: 28, 22, 28, 28
2024-08-05 22:59:41 - INFO - EPOCH:34
2024-08-05 22:59:41 - INFO - Time:2024/08/05 22:59:41
2024-08-05 23:00:05 - INFO - loss: 199.4575653076172; rec_loss: 199.4575653076172; intent_loss: 0.0003286417340859771 
2024-08-05 23:00:05 - INFO - Current Result:
2024-08-05 23:00:05 - INFO - \Hit5: 11.8033	MRR5: 6.4184	Recall5: 11.8033	Precision5: 2.3607
2024-08-05 23:00:05 - INFO - Best Result:
2024-08-05 23:00:05 - INFO - 	Hit5: 12.2248	MRR5: 6.5464	Recall5: 12.2248	Precision5: 2.4450	Epoch: 22, 22, 22, 22
2024-08-05 23:00:05 - INFO - Current Result:
2024-08-05 23:00:05 - INFO - \Hit10: 16.7681	MRR10: 7.0757	Recall10: 16.7681	Precision10: 1.6768
2024-08-05 23:00:05 - INFO - Best Result:
2024-08-05 23:00:05 - INFO - 	Hit10: 17.1897	MRR10: 7.1805	Recall10: 17.1897	Precision10: 1.7190	Epoch: 22, 22, 22, 22
2024-08-05 23:00:05 - INFO - Current Result:
2024-08-05 23:00:05 - INFO - \Hit15: 20.1874	MRR15: 7.3425	Recall15: 20.1874	Precision15: 1.3458
2024-08-05 23:00:05 - INFO - Best Result:
2024-08-05 23:00:05 - INFO - 	Hit15: 20.3747	MRR15: 7.4264	Recall15: 20.3747	Precision15: 1.3583	Epoch: 22, 22, 22, 22
2024-08-05 23:00:05 - INFO - Current Result:
2024-08-05 23:00:05 - INFO - \Hit20: 23.1382	MRR20: 7.5085	Recall20: 23.1382	Precision20: 1.1569
2024-08-05 23:00:05 - INFO - Best Result:
2024-08-05 23:00:05 - INFO - 	Hit20: 23.2319	MRR20: 7.5720	Recall20: 23.2319	Precision20: 1.1616	Epoch: 28, 22, 28, 28
2024-08-05 23:00:05 - INFO - EPOCH:35
2024-08-05 23:00:05 - INFO - Time:2024/08/05 23:00:05
2024-08-05 23:00:30 - INFO - loss: 199.31597900390625; rec_loss: 199.31597900390625; intent_loss: 0.00032864176318980753 
2024-08-05 23:00:30 - INFO - Current Result:
2024-08-05 23:00:30 - INFO - \Hit5: 11.8033	MRR5: 6.4184	Recall5: 11.8033	Precision5: 2.3607
2024-08-05 23:00:30 - INFO - Best Result:
2024-08-05 23:00:30 - INFO - 	Hit5: 12.2248	MRR5: 6.5464	Recall5: 12.2248	Precision5: 2.4450	Epoch: 22, 22, 22, 22
2024-08-05 23:00:30 - INFO - Current Result:
2024-08-05 23:00:30 - INFO - \Hit10: 16.7681	MRR10: 7.0757	Recall10: 16.7681	Precision10: 1.6768
2024-08-05 23:00:30 - INFO - Best Result:
2024-08-05 23:00:30 - INFO - 	Hit10: 17.1897	MRR10: 7.1805	Recall10: 17.1897	Precision10: 1.7190	Epoch: 22, 22, 22, 22
2024-08-05 23:00:30 - INFO - Current Result:
2024-08-05 23:00:30 - INFO - \Hit15: 20.1874	MRR15: 7.3425	Recall15: 20.1874	Precision15: 1.3458
2024-08-05 23:00:30 - INFO - Best Result:
2024-08-05 23:00:30 - INFO - 	Hit15: 20.3747	MRR15: 7.4264	Recall15: 20.3747	Precision15: 1.3583	Epoch: 22, 22, 22, 22
2024-08-05 23:00:30 - INFO - Current Result:
2024-08-05 23:00:30 - INFO - \Hit20: 23.1382	MRR20: 7.5085	Recall20: 23.1382	Precision20: 1.1569
2024-08-05 23:00:30 - INFO - Best Result:
2024-08-05 23:00:30 - INFO - 	Hit20: 23.2319	MRR20: 7.5720	Recall20: 23.2319	Precision20: 1.1616	Epoch: 28, 22, 28, 28
2024-08-05 23:00:30 - INFO - EPOCH:36
2024-08-05 23:00:30 - INFO - Time:2024/08/05 23:00:30
2024-08-05 23:00:53 - INFO - loss: 199.05381774902344; rec_loss: 199.05381774902344; intent_loss: 0.00032864176318980753 
2024-08-05 23:00:53 - INFO - Current Result:
2024-08-05 23:00:53 - INFO - \Hit5: 11.8033	MRR5: 6.4184	Recall5: 11.8033	Precision5: 2.3607
2024-08-05 23:00:53 - INFO - Best Result:
2024-08-05 23:00:53 - INFO - 	Hit5: 12.2248	MRR5: 6.5464	Recall5: 12.2248	Precision5: 2.4450	Epoch: 22, 22, 22, 22
2024-08-05 23:00:53 - INFO - Current Result:
2024-08-05 23:00:53 - INFO - \Hit10: 16.7213	MRR10: 7.0702	Recall10: 16.7213	Precision10: 1.6721
2024-08-05 23:00:53 - INFO - Best Result:
2024-08-05 23:00:53 - INFO - 	Hit10: 17.1897	MRR10: 7.1805	Recall10: 17.1897	Precision10: 1.7190	Epoch: 22, 22, 22, 22
2024-08-05 23:00:53 - INFO - Current Result:
2024-08-05 23:00:53 - INFO - \Hit15: 20.1874	MRR15: 7.3413	Recall15: 20.1874	Precision15: 1.3458
2024-08-05 23:00:53 - INFO - Best Result:
2024-08-05 23:00:53 - INFO - 	Hit15: 20.3747	MRR15: 7.4264	Recall15: 20.3747	Precision15: 1.3583	Epoch: 22, 22, 22, 22
2024-08-05 23:00:53 - INFO - Current Result:
2024-08-05 23:00:53 - INFO - \Hit20: 23.1382	MRR20: 7.5076	Recall20: 23.1382	Precision20: 1.1569
2024-08-05 23:00:53 - INFO - Best Result:
2024-08-05 23:00:53 - INFO - 	Hit20: 23.2319	MRR20: 7.5720	Recall20: 23.2319	Precision20: 1.1616	Epoch: 28, 22, 28, 28
2024-08-05 23:00:53 - INFO - EPOCH:37
2024-08-05 23:00:53 - INFO - Time:2024/08/05 23:00:53
2024-08-05 23:01:18 - INFO - loss: 198.90480041503906; rec_loss: 198.90480041503906; intent_loss: 0.00032864176318980753 
2024-08-05 23:01:18 - INFO - Current Result:
2024-08-05 23:01:18 - INFO - \Hit5: 11.8033	MRR5: 6.4208	Recall5: 11.8033	Precision5: 2.3607
2024-08-05 23:01:18 - INFO - Best Result:
2024-08-05 23:01:18 - INFO - 	Hit5: 12.2248	MRR5: 6.5464	Recall5: 12.2248	Precision5: 2.4450	Epoch: 22, 22, 22, 22
2024-08-05 23:01:18 - INFO - Current Result:
2024-08-05 23:01:18 - INFO - \Hit10: 16.7681	MRR10: 7.0781	Recall10: 16.7681	Precision10: 1.6768
2024-08-05 23:01:18 - INFO - Best Result:
2024-08-05 23:01:18 - INFO - 	Hit10: 17.1897	MRR10: 7.1805	Recall10: 17.1897	Precision10: 1.7190	Epoch: 22, 22, 22, 22
2024-08-05 23:01:18 - INFO - Current Result:
2024-08-05 23:01:18 - INFO - \Hit15: 20.1874	MRR15: 7.3449	Recall15: 20.1874	Precision15: 1.3458
2024-08-05 23:01:18 - INFO - Best Result:
2024-08-05 23:01:18 - INFO - 	Hit15: 20.3747	MRR15: 7.4264	Recall15: 20.3747	Precision15: 1.3583	Epoch: 22, 22, 22, 22
2024-08-05 23:01:18 - INFO - Current Result:
2024-08-05 23:01:18 - INFO - \Hit20: 23.1382	MRR20: 7.5108	Recall20: 23.1382	Precision20: 1.1569
2024-08-05 23:01:18 - INFO - Best Result:
2024-08-05 23:01:18 - INFO - 	Hit20: 23.2319	MRR20: 7.5720	Recall20: 23.2319	Precision20: 1.1616	Epoch: 28, 22, 28, 28
2024-08-05 23:01:18 - INFO - EPOCH:38
2024-08-05 23:01:18 - INFO - Time:2024/08/05 23:01:18
2024-08-05 23:01:42 - INFO - loss: 199.3546142578125; rec_loss: 199.3546142578125; intent_loss: 0.00032864176318980753 
2024-08-05 23:01:42 - INFO - Current Result:
2024-08-05 23:01:42 - INFO - \Hit5: 11.8033	MRR5: 6.4286	Recall5: 11.8033	Precision5: 2.3607
2024-08-05 23:01:42 - INFO - Best Result:
2024-08-05 23:01:42 - INFO - 	Hit5: 12.2248	MRR5: 6.5464	Recall5: 12.2248	Precision5: 2.4450	Epoch: 22, 22, 22, 22
2024-08-05 23:01:42 - INFO - Current Result:
2024-08-05 23:01:42 - INFO - \Hit10: 16.7213	MRR10: 7.0793	Recall10: 16.7213	Precision10: 1.6721
2024-08-05 23:01:42 - INFO - Best Result:
2024-08-05 23:01:42 - INFO - 	Hit10: 17.1897	MRR10: 7.1805	Recall10: 17.1897	Precision10: 1.7190	Epoch: 22, 22, 22, 22
2024-08-05 23:01:42 - INFO - Current Result:
2024-08-05 23:01:42 - INFO - \Hit15: 20.1874	MRR15: 7.3504	Recall15: 20.1874	Precision15: 1.3458
2024-08-05 23:01:42 - INFO - Best Result:
2024-08-05 23:01:42 - INFO - 	Hit15: 20.3747	MRR15: 7.4264	Recall15: 20.3747	Precision15: 1.3583	Epoch: 22, 22, 22, 22
2024-08-05 23:01:42 - INFO - Current Result:
2024-08-05 23:01:42 - INFO - \Hit20: 23.1382	MRR20: 7.5167	Recall20: 23.1382	Precision20: 1.1569
2024-08-05 23:01:42 - INFO - Best Result:
2024-08-05 23:01:42 - INFO - 	Hit20: 23.2319	MRR20: 7.5720	Recall20: 23.2319	Precision20: 1.1616	Epoch: 28, 22, 28, 28
2024-08-05 23:01:42 - INFO - EPOCH:39
2024-08-05 23:01:42 - INFO - Time:2024/08/05 23:01:42
2024-08-05 23:02:05 - INFO - loss: 199.45736694335938; rec_loss: 199.45736694335938; intent_loss: 0.00032864176318980753 
2024-08-05 23:02:05 - INFO - Current Result:
2024-08-05 23:02:05 - INFO - \Hit5: 11.8033	MRR5: 6.4286	Recall5: 11.8033	Precision5: 2.3607
2024-08-05 23:02:05 - INFO - Best Result:
2024-08-05 23:02:05 - INFO - 	Hit5: 12.2248	MRR5: 6.5464	Recall5: 12.2248	Precision5: 2.4450	Epoch: 22, 22, 22, 22
2024-08-05 23:02:05 - INFO - Current Result:
2024-08-05 23:02:05 - INFO - \Hit10: 16.7213	MRR10: 7.0793	Recall10: 16.7213	Precision10: 1.6721
2024-08-05 23:02:05 - INFO - Best Result:
2024-08-05 23:02:05 - INFO - 	Hit10: 17.1897	MRR10: 7.1805	Recall10: 17.1897	Precision10: 1.7190	Epoch: 22, 22, 22, 22
2024-08-05 23:02:05 - INFO - Current Result:
2024-08-05 23:02:05 - INFO - \Hit15: 20.1405	MRR15: 7.3476	Recall15: 20.1405	Precision15: 1.3427
2024-08-05 23:02:05 - INFO - Best Result:
2024-08-05 23:02:05 - INFO - 	Hit15: 20.3747	MRR15: 7.4264	Recall15: 20.3747	Precision15: 1.3583	Epoch: 22, 22, 22, 22
2024-08-05 23:02:05 - INFO - Current Result:
2024-08-05 23:02:05 - INFO - \Hit20: 23.1850	MRR20: 7.5192	Recall20: 23.1850	Precision20: 1.1593
2024-08-05 23:02:05 - INFO - Best Result:
2024-08-05 23:02:05 - INFO - 	Hit20: 23.2319	MRR20: 7.5720	Recall20: 23.2319	Precision20: 1.1616	Epoch: 28, 22, 28, 28
2024-08-05 23:02:05 - INFO - EPOCH:40
2024-08-05 23:02:05 - INFO - Time:2024/08/05 23:02:05
2024-08-05 23:02:26 - INFO - loss: 199.23443603515625; rec_loss: 199.23443603515625; intent_loss: 0.00032864176318980753 
2024-08-05 23:02:26 - INFO - Current Result:
2024-08-05 23:02:26 - INFO - \Hit5: 11.8033	MRR5: 6.4286	Recall5: 11.8033	Precision5: 2.3607
2024-08-05 23:02:26 - INFO - Best Result:
2024-08-05 23:02:26 - INFO - 	Hit5: 12.2248	MRR5: 6.5464	Recall5: 12.2248	Precision5: 2.4450	Epoch: 22, 22, 22, 22
2024-08-05 23:02:26 - INFO - Current Result:
2024-08-05 23:02:26 - INFO - \Hit10: 16.7213	MRR10: 7.0793	Recall10: 16.7213	Precision10: 1.6721
2024-08-05 23:02:26 - INFO - Best Result:
2024-08-05 23:02:26 - INFO - 	Hit10: 17.1897	MRR10: 7.1805	Recall10: 17.1897	Precision10: 1.7190	Epoch: 22, 22, 22, 22
2024-08-05 23:02:26 - INFO - Current Result:
2024-08-05 23:02:26 - INFO - \Hit15: 20.1405	MRR15: 7.3476	Recall15: 20.1405	Precision15: 1.3427
2024-08-05 23:02:26 - INFO - Best Result:
2024-08-05 23:02:26 - INFO - 	Hit15: 20.3747	MRR15: 7.4264	Recall15: 20.3747	Precision15: 1.3583	Epoch: 22, 22, 22, 22
2024-08-05 23:02:26 - INFO - Current Result:
2024-08-05 23:02:26 - INFO - \Hit20: 23.1850	MRR20: 7.5192	Recall20: 23.1850	Precision20: 1.1593
2024-08-05 23:02:26 - INFO - Best Result:
2024-08-05 23:02:26 - INFO - 	Hit20: 23.2319	MRR20: 7.5720	Recall20: 23.2319	Precision20: 1.1616	Epoch: 28, 22, 28, 28
2024-08-05 23:02:26 - INFO - EPOCH:41
2024-08-05 23:02:26 - INFO - Time:2024/08/05 23:02:26
2024-08-05 23:02:46 - INFO - loss: 199.05763244628906; rec_loss: 199.05763244628906; intent_loss: 0.00032864176318980753 
2024-08-05 23:02:46 - INFO - Current Result:
2024-08-05 23:02:46 - INFO - \Hit5: 11.8033	MRR5: 6.4286	Recall5: 11.8033	Precision5: 2.3607
2024-08-05 23:02:46 - INFO - Best Result:
2024-08-05 23:02:46 - INFO - 	Hit5: 12.2248	MRR5: 6.5464	Recall5: 12.2248	Precision5: 2.4450	Epoch: 22, 22, 22, 22
2024-08-05 23:02:46 - INFO - Current Result:
2024-08-05 23:02:46 - INFO - \Hit10: 16.7213	MRR10: 7.0793	Recall10: 16.7213	Precision10: 1.6721
2024-08-05 23:02:46 - INFO - Best Result:
2024-08-05 23:02:46 - INFO - 	Hit10: 17.1897	MRR10: 7.1805	Recall10: 17.1897	Precision10: 1.7190	Epoch: 22, 22, 22, 22
2024-08-05 23:02:46 - INFO - Current Result:
2024-08-05 23:02:46 - INFO - \Hit15: 20.1405	MRR15: 7.3476	Recall15: 20.1405	Precision15: 1.3427
2024-08-05 23:02:46 - INFO - Best Result:
2024-08-05 23:02:46 - INFO - 	Hit15: 20.3747	MRR15: 7.4264	Recall15: 20.3747	Precision15: 1.3583	Epoch: 22, 22, 22, 22
2024-08-05 23:02:46 - INFO - Current Result:
2024-08-05 23:02:46 - INFO - \Hit20: 23.1850	MRR20: 7.5192	Recall20: 23.1850	Precision20: 1.1593
2024-08-05 23:02:46 - INFO - Best Result:
2024-08-05 23:02:46 - INFO - 	Hit20: 23.2319	MRR20: 7.5720	Recall20: 23.2319	Precision20: 1.1616	Epoch: 28, 22, 28, 28
2024-08-05 23:02:46 - INFO - EPOCH:42
2024-08-05 23:02:46 - INFO - Time:2024/08/05 23:02:46
2024-08-05 23:03:05 - INFO - loss: 199.1450958251953; rec_loss: 199.1450958251953; intent_loss: 0.00032864176318980753 
2024-08-05 23:03:05 - INFO - Current Result:
2024-08-05 23:03:05 - INFO - \Hit5: 11.8033	MRR5: 6.4286	Recall5: 11.8033	Precision5: 2.3607
2024-08-05 23:03:05 - INFO - Best Result:
2024-08-05 23:03:05 - INFO - 	Hit5: 12.2248	MRR5: 6.5464	Recall5: 12.2248	Precision5: 2.4450	Epoch: 22, 22, 22, 22
2024-08-05 23:03:05 - INFO - Current Result:
2024-08-05 23:03:05 - INFO - \Hit10: 16.7213	MRR10: 7.0793	Recall10: 16.7213	Precision10: 1.6721
2024-08-05 23:03:05 - INFO - Best Result:
2024-08-05 23:03:05 - INFO - 	Hit10: 17.1897	MRR10: 7.1805	Recall10: 17.1897	Precision10: 1.7190	Epoch: 22, 22, 22, 22
2024-08-05 23:03:05 - INFO - Current Result:
2024-08-05 23:03:05 - INFO - \Hit15: 20.1405	MRR15: 7.3476	Recall15: 20.1405	Precision15: 1.3427
2024-08-05 23:03:05 - INFO - Best Result:
2024-08-05 23:03:05 - INFO - 	Hit15: 20.3747	MRR15: 7.4264	Recall15: 20.3747	Precision15: 1.3583	Epoch: 22, 22, 22, 22
2024-08-05 23:03:05 - INFO - Current Result:
2024-08-05 23:03:05 - INFO - \Hit20: 23.1850	MRR20: 7.5192	Recall20: 23.1850	Precision20: 1.1593
2024-08-05 23:03:05 - INFO - Best Result:
2024-08-05 23:03:05 - INFO - 	Hit20: 23.2319	MRR20: 7.5720	Recall20: 23.2319	Precision20: 1.1616	Epoch: 28, 22, 28, 28
2024-08-05 23:03:05 - INFO - EPOCH:43
2024-08-05 23:03:05 - INFO - Time:2024/08/05 23:03:05
2024-08-05 23:03:25 - INFO - loss: 198.9482879638672; rec_loss: 198.9482879638672; intent_loss: 0.00032864176318980753 
2024-08-05 23:03:25 - INFO - Current Result:
2024-08-05 23:03:25 - INFO - \Hit5: 11.8033	MRR5: 6.4286	Recall5: 11.8033	Precision5: 2.3607
2024-08-05 23:03:25 - INFO - Best Result:
2024-08-05 23:03:25 - INFO - 	Hit5: 12.2248	MRR5: 6.5464	Recall5: 12.2248	Precision5: 2.4450	Epoch: 22, 22, 22, 22
2024-08-05 23:03:25 - INFO - Current Result:
2024-08-05 23:03:25 - INFO - \Hit10: 16.7213	MRR10: 7.0793	Recall10: 16.7213	Precision10: 1.6721
2024-08-05 23:03:25 - INFO - Best Result:
2024-08-05 23:03:25 - INFO - 	Hit10: 17.1897	MRR10: 7.1805	Recall10: 17.1897	Precision10: 1.7190	Epoch: 22, 22, 22, 22
2024-08-05 23:03:25 - INFO - Current Result:
2024-08-05 23:03:25 - INFO - \Hit15: 20.1405	MRR15: 7.3476	Recall15: 20.1405	Precision15: 1.3427
2024-08-05 23:03:25 - INFO - Best Result:
2024-08-05 23:03:25 - INFO - 	Hit15: 20.3747	MRR15: 7.4264	Recall15: 20.3747	Precision15: 1.3583	Epoch: 22, 22, 22, 22
2024-08-05 23:03:25 - INFO - Current Result:
2024-08-05 23:03:25 - INFO - \Hit20: 23.1850	MRR20: 7.5192	Recall20: 23.1850	Precision20: 1.1593
2024-08-05 23:03:25 - INFO - Best Result:
2024-08-05 23:03:25 - INFO - 	Hit20: 23.2319	MRR20: 7.5720	Recall20: 23.2319	Precision20: 1.1616	Epoch: 28, 22, 28, 28
2024-08-05 23:03:25 - INFO - EPOCH:44
2024-08-05 23:03:25 - INFO - Time:2024/08/05 23:03:25
2024-08-05 23:03:43 - INFO - loss: 199.31927490234375; rec_loss: 199.31927490234375; intent_loss: 0.00032864176318980753 
2024-08-05 23:03:43 - INFO - Current Result:
2024-08-05 23:03:43 - INFO - \Hit5: 11.8033	MRR5: 6.4286	Recall5: 11.8033	Precision5: 2.3607
2024-08-05 23:03:43 - INFO - Best Result:
2024-08-05 23:03:43 - INFO - 	Hit5: 12.2248	MRR5: 6.5464	Recall5: 12.2248	Precision5: 2.4450	Epoch: 22, 22, 22, 22
2024-08-05 23:03:43 - INFO - Current Result:
2024-08-05 23:03:43 - INFO - \Hit10: 16.7213	MRR10: 7.0793	Recall10: 16.7213	Precision10: 1.6721
2024-08-05 23:03:43 - INFO - Best Result:
2024-08-05 23:03:43 - INFO - 	Hit10: 17.1897	MRR10: 7.1805	Recall10: 17.1897	Precision10: 1.7190	Epoch: 22, 22, 22, 22
2024-08-05 23:03:43 - INFO - Current Result:
2024-08-05 23:03:43 - INFO - \Hit15: 20.1405	MRR15: 7.3476	Recall15: 20.1405	Precision15: 1.3427
2024-08-05 23:03:43 - INFO - Best Result:
2024-08-05 23:03:43 - INFO - 	Hit15: 20.3747	MRR15: 7.4264	Recall15: 20.3747	Precision15: 1.3583	Epoch: 22, 22, 22, 22
2024-08-05 23:03:43 - INFO - Current Result:
2024-08-05 23:03:43 - INFO - \Hit20: 23.1850	MRR20: 7.5192	Recall20: 23.1850	Precision20: 1.1593
2024-08-05 23:03:43 - INFO - Best Result:
2024-08-05 23:03:43 - INFO - 	Hit20: 23.2319	MRR20: 7.5720	Recall20: 23.2319	Precision20: 1.1616	Epoch: 28, 22, 28, 28
2024-08-05 23:03:43 - INFO - EPOCH:45
2024-08-05 23:03:43 - INFO - Time:2024/08/05 23:03:43
2024-08-05 23:04:04 - INFO - loss: 199.2400360107422; rec_loss: 199.2400360107422; intent_loss: 0.00032864176318980753 
2024-08-05 23:04:04 - INFO - Current Result:
2024-08-05 23:04:04 - INFO - \Hit5: 11.8033	MRR5: 6.4286	Recall5: 11.8033	Precision5: 2.3607
2024-08-05 23:04:04 - INFO - Best Result:
2024-08-05 23:04:04 - INFO - 	Hit5: 12.2248	MRR5: 6.5464	Recall5: 12.2248	Precision5: 2.4450	Epoch: 22, 22, 22, 22
2024-08-05 23:04:04 - INFO - Current Result:
2024-08-05 23:04:04 - INFO - \Hit10: 16.7213	MRR10: 7.0793	Recall10: 16.7213	Precision10: 1.6721
2024-08-05 23:04:04 - INFO - Best Result:
2024-08-05 23:04:04 - INFO - 	Hit10: 17.1897	MRR10: 7.1805	Recall10: 17.1897	Precision10: 1.7190	Epoch: 22, 22, 22, 22
2024-08-05 23:04:04 - INFO - Current Result:
2024-08-05 23:04:04 - INFO - \Hit15: 20.1405	MRR15: 7.3476	Recall15: 20.1405	Precision15: 1.3427
2024-08-05 23:04:04 - INFO - Best Result:
2024-08-05 23:04:04 - INFO - 	Hit15: 20.3747	MRR15: 7.4264	Recall15: 20.3747	Precision15: 1.3583	Epoch: 22, 22, 22, 22
2024-08-05 23:04:04 - INFO - Current Result:
2024-08-05 23:04:04 - INFO - \Hit20: 23.1850	MRR20: 7.5192	Recall20: 23.1850	Precision20: 1.1593
2024-08-05 23:04:04 - INFO - Best Result:
2024-08-05 23:04:04 - INFO - 	Hit20: 23.2319	MRR20: 7.5720	Recall20: 23.2319	Precision20: 1.1616	Epoch: 28, 22, 28, 28
2024-08-05 23:04:04 - INFO - EPOCH:46
2024-08-05 23:04:04 - INFO - Time:2024/08/05 23:04:04
2024-08-05 23:04:20 - INFO - loss: 199.30841064453125; rec_loss: 199.30841064453125; intent_loss: 0.00032864176318980753 
2024-08-05 23:04:20 - INFO - Current Result:
2024-08-05 23:04:20 - INFO - \Hit5: 11.8033	MRR5: 6.4286	Recall5: 11.8033	Precision5: 2.3607
2024-08-05 23:04:20 - INFO - Best Result:
2024-08-05 23:04:20 - INFO - 	Hit5: 12.2248	MRR5: 6.5464	Recall5: 12.2248	Precision5: 2.4450	Epoch: 22, 22, 22, 22
2024-08-05 23:04:20 - INFO - Current Result:
2024-08-05 23:04:20 - INFO - \Hit10: 16.7213	MRR10: 7.0793	Recall10: 16.7213	Precision10: 1.6721
2024-08-05 23:04:20 - INFO - Best Result:
2024-08-05 23:04:20 - INFO - 	Hit10: 17.1897	MRR10: 7.1805	Recall10: 17.1897	Precision10: 1.7190	Epoch: 22, 22, 22, 22
2024-08-05 23:04:20 - INFO - Current Result:
2024-08-05 23:04:20 - INFO - \Hit15: 20.1405	MRR15: 7.3476	Recall15: 20.1405	Precision15: 1.3427
2024-08-05 23:04:20 - INFO - Best Result:
2024-08-05 23:04:20 - INFO - 	Hit15: 20.3747	MRR15: 7.4264	Recall15: 20.3747	Precision15: 1.3583	Epoch: 22, 22, 22, 22
2024-08-05 23:04:20 - INFO - Current Result:
2024-08-05 23:04:20 - INFO - \Hit20: 23.1850	MRR20: 7.5192	Recall20: 23.1850	Precision20: 1.1593
2024-08-05 23:04:20 - INFO - Best Result:
2024-08-05 23:04:20 - INFO - 	Hit20: 23.2319	MRR20: 7.5720	Recall20: 23.2319	Precision20: 1.1616	Epoch: 28, 22, 28, 28
2024-08-05 23:04:20 - INFO - EPOCH:47
2024-08-05 23:04:20 - INFO - Time:2024/08/05 23:04:20
2024-08-05 23:04:36 - INFO - loss: 199.10641479492188; rec_loss: 199.10641479492188; intent_loss: 0.00032864176318980753 
2024-08-05 23:04:36 - INFO - Current Result:
2024-08-05 23:04:36 - INFO - \Hit5: 11.8033	MRR5: 6.4286	Recall5: 11.8033	Precision5: 2.3607
2024-08-05 23:04:36 - INFO - Best Result:
2024-08-05 23:04:36 - INFO - 	Hit5: 12.2248	MRR5: 6.5464	Recall5: 12.2248	Precision5: 2.4450	Epoch: 22, 22, 22, 22
2024-08-05 23:04:36 - INFO - Current Result:
2024-08-05 23:04:36 - INFO - \Hit10: 16.7213	MRR10: 7.0793	Recall10: 16.7213	Precision10: 1.6721
2024-08-05 23:04:36 - INFO - Best Result:
2024-08-05 23:04:36 - INFO - 	Hit10: 17.1897	MRR10: 7.1805	Recall10: 17.1897	Precision10: 1.7190	Epoch: 22, 22, 22, 22
2024-08-05 23:04:36 - INFO - Current Result:
2024-08-05 23:04:36 - INFO - \Hit15: 20.1405	MRR15: 7.3476	Recall15: 20.1405	Precision15: 1.3427
2024-08-05 23:04:36 - INFO - Best Result:
2024-08-05 23:04:36 - INFO - 	Hit15: 20.3747	MRR15: 7.4264	Recall15: 20.3747	Precision15: 1.3583	Epoch: 22, 22, 22, 22
2024-08-05 23:04:36 - INFO - Current Result:
2024-08-05 23:04:36 - INFO - \Hit20: 23.1850	MRR20: 7.5192	Recall20: 23.1850	Precision20: 1.1593
2024-08-05 23:04:36 - INFO - Best Result:
2024-08-05 23:04:36 - INFO - 	Hit20: 23.2319	MRR20: 7.5720	Recall20: 23.2319	Precision20: 1.1616	Epoch: 28, 22, 28, 28
2024-08-05 23:04:36 - INFO - EPOCH:48
2024-08-05 23:04:36 - INFO - Time:2024/08/05 23:04:36
2024-08-05 23:04:51 - INFO - loss: 199.27316284179688; rec_loss: 199.27316284179688; intent_loss: 0.00032864176318980753 
2024-08-05 23:04:51 - INFO - Current Result:
2024-08-05 23:04:51 - INFO - \Hit5: 11.8033	MRR5: 6.4286	Recall5: 11.8033	Precision5: 2.3607
2024-08-05 23:04:51 - INFO - Best Result:
2024-08-05 23:04:51 - INFO - 	Hit5: 12.2248	MRR5: 6.5464	Recall5: 12.2248	Precision5: 2.4450	Epoch: 22, 22, 22, 22
2024-08-05 23:04:51 - INFO - Current Result:
2024-08-05 23:04:51 - INFO - \Hit10: 16.7213	MRR10: 7.0793	Recall10: 16.7213	Precision10: 1.6721
2024-08-05 23:04:51 - INFO - Best Result:
2024-08-05 23:04:51 - INFO - 	Hit10: 17.1897	MRR10: 7.1805	Recall10: 17.1897	Precision10: 1.7190	Epoch: 22, 22, 22, 22
2024-08-05 23:04:51 - INFO - Current Result:
2024-08-05 23:04:51 - INFO - \Hit15: 20.1405	MRR15: 7.3476	Recall15: 20.1405	Precision15: 1.3427
2024-08-05 23:04:51 - INFO - Best Result:
2024-08-05 23:04:51 - INFO - 	Hit15: 20.3747	MRR15: 7.4264	Recall15: 20.3747	Precision15: 1.3583	Epoch: 22, 22, 22, 22
2024-08-05 23:04:51 - INFO - Current Result:
2024-08-05 23:04:51 - INFO - \Hit20: 23.1850	MRR20: 7.5192	Recall20: 23.1850	Precision20: 1.1593
2024-08-05 23:04:51 - INFO - Best Result:
2024-08-05 23:04:51 - INFO - 	Hit20: 23.2319	MRR20: 7.5720	Recall20: 23.2319	Precision20: 1.1616	Epoch: 28, 22, 28, 28
2024-08-05 23:04:51 - INFO - EPOCH:49
2024-08-05 23:04:51 - INFO - Time:2024/08/05 23:04:51
2024-08-05 23:05:06 - INFO - loss: 199.39825439453125; rec_loss: 199.39825439453125; intent_loss: 0.00032864176318980753 
2024-08-05 23:05:06 - INFO - Current Result:
2024-08-05 23:05:06 - INFO - \Hit5: 11.8033	MRR5: 6.4286	Recall5: 11.8033	Precision5: 2.3607
2024-08-05 23:05:06 - INFO - Best Result:
2024-08-05 23:05:06 - INFO - 	Hit5: 12.2248	MRR5: 6.5464	Recall5: 12.2248	Precision5: 2.4450	Epoch: 22, 22, 22, 22
2024-08-05 23:05:06 - INFO - Current Result:
2024-08-05 23:05:06 - INFO - \Hit10: 16.7213	MRR10: 7.0793	Recall10: 16.7213	Precision10: 1.6721
2024-08-05 23:05:06 - INFO - Best Result:
2024-08-05 23:05:06 - INFO - 	Hit10: 17.1897	MRR10: 7.1805	Recall10: 17.1897	Precision10: 1.7190	Epoch: 22, 22, 22, 22
2024-08-05 23:05:06 - INFO - Current Result:
2024-08-05 23:05:06 - INFO - \Hit15: 20.1405	MRR15: 7.3476	Recall15: 20.1405	Precision15: 1.3427
2024-08-05 23:05:06 - INFO - Best Result:
2024-08-05 23:05:06 - INFO - 	Hit15: 20.3747	MRR15: 7.4264	Recall15: 20.3747	Precision15: 1.3583	Epoch: 22, 22, 22, 22
2024-08-05 23:05:06 - INFO - Current Result:
2024-08-05 23:05:06 - INFO - \Hit20: 23.1850	MRR20: 7.5192	Recall20: 23.1850	Precision20: 1.1593
2024-08-05 23:05:06 - INFO - Best Result:
2024-08-05 23:05:06 - INFO - 	Hit20: 23.2319	MRR20: 7.5720	Recall20: 23.2319	Precision20: 1.1616	Epoch: 28, 22, 28, 28
2024-08-05 23:05:06 - INFO - -------------------------------------------------------
2024-08-05 23:05:06 - INFO - Run time: 1161.309959 s
