2024-08-05 22:44:42 - INFO - *******start1***********
2024-08-05 22:44:42 - INFO - start time: 2024-08-05 22:44:42
2024-08-05 22:44:42 - INFO - 文本内容 + 文本处理方式:title_vecs.npy
2024-08-05 22:44:42 - INFO - >>SEED:2024
2024-08-05 22:44:42 - INFO - ===========config================
2024-08-05 22:44:42 - INFO - model:Intent_UniGCNII
2024-08-05 22:44:42 - INFO - if_gcn:False
2024-08-05 22:44:42 - INFO - dataset:dblp
2024-08-05 22:44:42 - INFO - gpu:0
2024-08-05 22:44:42 - INFO - Disentangle:True
2024-08-05 22:44:42 - INFO - Intent factors:7
2024-08-05 22:44:42 - INFO - journal vec:True
2024-08-05 22:44:42 - INFO - title vec:True
2024-08-05 22:44:42 - INFO - Test Topks[5, 10, 15, 20]:
2024-08-05 22:44:42 - INFO - hiddenSize:448
2024-08-05 22:44:42 - INFO - n_factor:7
2024-08-05 22:44:42 - INFO - lr:0.005
2024-08-05 22:44:42 - INFO - batch_size:512
2024-08-05 22:44:42 - INFO - lamda_1:0.85
2024-08-05 22:44:42 - INFO - if co_show:False
2024-08-05 22:44:42 - INFO - if citation:True
2024-08-05 22:44:42 - INFO - integrate_model:transformer
2024-08-05 22:44:42 - INFO - select relative paper for intent:0.4
2024-08-05 22:44:42 - INFO - Hidden number for GNN:256
2024-08-05 22:44:42 - INFO - aux loss weight:1e-05
2024-08-05 22:44:42 - INFO - ===========end===================
2024-08-05 22:44:45 - INFO - EPOCH:0
2024-08-05 22:44:45 - INFO - Time:2024/08/05 22:44:45
2024-08-05 22:44:54 - INFO - loss: 151.74798583984375; rec_loss: 151.74798583984375; intent_loss: 0.00032158257090486586 
2024-08-05 22:44:54 - INFO - Current Result:
2024-08-05 22:44:54 - INFO - \Hit5: 6.0422	MRR5: 3.6589	Recall5: 6.0422	Precision5: 1.2084
2024-08-05 22:44:54 - INFO - Best Result:
2024-08-05 22:44:54 - INFO - 	Hit5: 6.0422	MRR5: 3.6589	Recall5: 6.0422	Precision5: 1.2084	Epoch: 0, 0, 0, 0
2024-08-05 22:44:54 - INFO - Current Result:
2024-08-05 22:44:54 - INFO - \Hit10: 8.4778	MRR10: 3.9840	Recall10: 8.4778	Precision10: 0.8478
2024-08-05 22:44:54 - INFO - Best Result:
2024-08-05 22:44:54 - INFO - 	Hit10: 8.4778	MRR10: 3.9840	Recall10: 8.4778	Precision10: 0.8478	Epoch: 0, 0, 0, 0
2024-08-05 22:44:54 - INFO - Current Result:
2024-08-05 22:44:54 - INFO - \Hit15: 10.5386	MRR15: 4.1501	Recall15: 10.5386	Precision15: 0.7026
2024-08-05 22:44:54 - INFO - Best Result:
2024-08-05 22:44:54 - INFO - 	Hit15: 10.5386	MRR15: 4.1501	Recall15: 10.5386	Precision15: 0.7026	Epoch: 0, 0, 0, 0
2024-08-05 22:44:54 - INFO - Current Result:
2024-08-05 22:44:54 - INFO - \Hit20: 12.7869	MRR20: 4.2736	Recall20: 12.7869	Precision20: 0.6393
2024-08-05 22:44:54 - INFO - Best Result:
2024-08-05 22:44:54 - INFO - 	Hit20: 12.7869	MRR20: 4.2736	Recall20: 12.7869	Precision20: 0.6393	Epoch: 0, 0, 0, 0
2024-08-05 22:44:54 - INFO - EPOCH:1
2024-08-05 22:44:54 - INFO - Time:2024/08/05 22:44:54
2024-08-05 22:45:03 - INFO - loss: 124.30451965332031; rec_loss: 124.30451965332031; intent_loss: 0.0002984151360578835 
2024-08-05 22:45:03 - INFO - Current Result:
2024-08-05 22:45:03 - INFO - \Hit5: 6.9321	MRR5: 4.3747	Recall5: 6.9321	Precision5: 1.3864
2024-08-05 22:45:03 - INFO - Best Result:
2024-08-05 22:45:03 - INFO - 	Hit5: 6.9321	MRR5: 4.3747	Recall5: 6.9321	Precision5: 1.3864	Epoch: 1, 1, 1, 1
2024-08-05 22:45:03 - INFO - Current Result:
2024-08-05 22:45:03 - INFO - \Hit10: 10.4918	MRR10: 4.8383	Recall10: 10.4918	Precision10: 1.0492
2024-08-05 22:45:03 - INFO - Best Result:
2024-08-05 22:45:03 - INFO - 	Hit10: 10.4918	MRR10: 4.8383	Recall10: 10.4918	Precision10: 1.0492	Epoch: 1, 1, 1, 1
2024-08-05 22:45:03 - INFO - Current Result:
2024-08-05 22:45:03 - INFO - \Hit15: 13.0211	MRR15: 5.0396	Recall15: 13.0211	Precision15: 0.8681
2024-08-05 22:45:03 - INFO - Best Result:
2024-08-05 22:45:03 - INFO - 	Hit15: 13.0211	MRR15: 5.0396	Recall15: 13.0211	Precision15: 0.8681	Epoch: 1, 1, 1, 1
2024-08-05 22:45:03 - INFO - Current Result:
2024-08-05 22:45:03 - INFO - \Hit20: 15.5035	MRR20: 5.1770	Recall20: 15.5035	Precision20: 0.7752
2024-08-05 22:45:03 - INFO - Best Result:
2024-08-05 22:45:03 - INFO - 	Hit20: 15.5035	MRR20: 5.1770	Recall20: 15.5035	Precision20: 0.7752	Epoch: 1, 1, 1, 1
2024-08-05 22:45:03 - INFO - EPOCH:2
2024-08-05 22:45:03 - INFO - Time:2024/08/05 22:45:03
2024-08-05 22:45:18 - INFO - loss: 109.40625762939453; rec_loss: 109.40625762939453; intent_loss: 0.0002779707428999245 
2024-08-05 22:45:18 - INFO - Current Result:
2024-08-05 22:45:18 - INFO - \Hit5: 10.9602	MRR5: 6.3286	Recall5: 10.9602	Precision5: 2.1920
2024-08-05 22:45:18 - INFO - Best Result:
2024-08-05 22:45:18 - INFO - 	Hit5: 10.9602	MRR5: 6.3286	Recall5: 10.9602	Precision5: 2.1920	Epoch: 2, 2, 2, 2
2024-08-05 22:45:18 - INFO - Current Result:
2024-08-05 22:45:18 - INFO - \Hit10: 15.5972	MRR10: 6.9386	Recall10: 15.5972	Precision10: 1.5597
2024-08-05 22:45:18 - INFO - Best Result:
2024-08-05 22:45:18 - INFO - 	Hit10: 15.5972	MRR10: 6.9386	Recall10: 15.5972	Precision10: 1.5597	Epoch: 2, 2, 2, 2
2024-08-05 22:45:18 - INFO - Current Result:
2024-08-05 22:45:18 - INFO - \Hit15: 18.5012	MRR15: 7.1709	Recall15: 18.5012	Precision15: 1.2334
2024-08-05 22:45:18 - INFO - Best Result:
2024-08-05 22:45:18 - INFO - 	Hit15: 18.5012	MRR15: 7.1709	Recall15: 18.5012	Precision15: 1.2334	Epoch: 2, 2, 2, 2
2024-08-05 22:45:18 - INFO - Current Result:
2024-08-05 22:45:18 - INFO - \Hit20: 20.7963	MRR20: 7.2987	Recall20: 20.7963	Precision20: 1.0398
2024-08-05 22:45:18 - INFO - Best Result:
2024-08-05 22:45:18 - INFO - 	Hit20: 20.7963	MRR20: 7.2987	Recall20: 20.7963	Precision20: 1.0398	Epoch: 2, 2, 2, 2
2024-08-05 22:45:18 - INFO - EPOCH:3
2024-08-05 22:45:18 - INFO - Time:2024/08/05 22:45:18
2024-08-05 22:45:31 - INFO - loss: 89.97288513183594; rec_loss: 89.97288513183594; intent_loss: 0.0002765922399703413 
2024-08-05 22:45:31 - INFO - Current Result:
2024-08-05 22:45:31 - INFO - \Hit5: 14.6136	MRR5: 8.5238	Recall5: 14.6136	Precision5: 2.9227
2024-08-05 22:45:31 - INFO - Best Result:
2024-08-05 22:45:31 - INFO - 	Hit5: 14.6136	MRR5: 8.5238	Recall5: 14.6136	Precision5: 2.9227	Epoch: 3, 3, 3, 3
2024-08-05 22:45:31 - INFO - Current Result:
2024-08-05 22:45:31 - INFO - \Hit10: 19.2506	MRR10: 9.1260	Recall10: 19.2506	Precision10: 1.9251
2024-08-05 22:45:31 - INFO - Best Result:
2024-08-05 22:45:31 - INFO - 	Hit10: 19.2506	MRR10: 9.1260	Recall10: 19.2506	Precision10: 1.9251	Epoch: 3, 3, 3, 3
2024-08-05 22:45:31 - INFO - Current Result:
2024-08-05 22:45:31 - INFO - \Hit15: 23.0445	MRR15: 9.4213	Recall15: 23.0445	Precision15: 1.5363
2024-08-05 22:45:31 - INFO - Best Result:
2024-08-05 22:45:31 - INFO - 	Hit15: 23.0445	MRR15: 9.4213	Recall15: 23.0445	Precision15: 1.5363	Epoch: 3, 3, 3, 3
2024-08-05 22:45:31 - INFO - Current Result:
2024-08-05 22:45:31 - INFO - \Hit20: 26.1358	MRR20: 9.5968	Recall20: 26.1358	Precision20: 1.3068
2024-08-05 22:45:31 - INFO - Best Result:
2024-08-05 22:45:31 - INFO - 	Hit20: 26.1358	MRR20: 9.5968	Recall20: 26.1358	Precision20: 1.3068	Epoch: 3, 3, 3, 3
2024-08-05 22:45:31 - INFO - EPOCH:4
2024-08-05 22:45:31 - INFO - Time:2024/08/05 22:45:31
2024-08-05 22:45:46 - INFO - loss: 66.49385833740234; rec_loss: 66.49385833740234; intent_loss: 0.00024977573775686324 
2024-08-05 22:45:46 - INFO - Current Result:
2024-08-05 22:45:46 - INFO - \Hit5: 17.0023	MRR5: 9.9407	Recall5: 17.0023	Precision5: 3.4005
2024-08-05 22:45:46 - INFO - Best Result:
2024-08-05 22:45:46 - INFO - 	Hit5: 17.0023	MRR5: 9.9407	Recall5: 17.0023	Precision5: 3.4005	Epoch: 4, 4, 4, 4
2024-08-05 22:45:46 - INFO - Current Result:
2024-08-05 22:45:46 - INFO - \Hit10: 22.8103	MRR10: 10.7103	Recall10: 22.8103	Precision10: 2.2810
2024-08-05 22:45:46 - INFO - Best Result:
2024-08-05 22:45:46 - INFO - 	Hit10: 22.8103	MRR10: 10.7103	Recall10: 22.8103	Precision10: 2.2810	Epoch: 4, 4, 4, 4
2024-08-05 22:45:46 - INFO - Current Result:
2024-08-05 22:45:46 - INFO - \Hit15: 25.9485	MRR15: 10.9593	Recall15: 25.9485	Precision15: 1.7299
2024-08-05 22:45:46 - INFO - Best Result:
2024-08-05 22:45:46 - INFO - 	Hit15: 25.9485	MRR15: 10.9593	Recall15: 25.9485	Precision15: 1.7299	Epoch: 4, 4, 4, 4
2024-08-05 22:45:46 - INFO - Current Result:
2024-08-05 22:45:46 - INFO - \Hit20: 28.9930	MRR20: 11.1295	Recall20: 28.9930	Precision20: 1.4496
2024-08-05 22:45:46 - INFO - Best Result:
2024-08-05 22:45:46 - INFO - 	Hit20: 28.9930	MRR20: 11.1295	Recall20: 28.9930	Precision20: 1.4496	Epoch: 4, 4, 4, 4
2024-08-05 22:45:46 - INFO - EPOCH:5
2024-08-05 22:45:46 - INFO - Time:2024/08/05 22:45:46
2024-08-05 22:46:17 - INFO - loss: 40.465641021728516; rec_loss: 40.465641021728516; intent_loss: 0.0002168911596527323 
2024-08-05 22:46:17 - INFO - Current Result:
2024-08-05 22:46:17 - INFO - \Hit5: 19.8595	MRR5: 12.3201	Recall5: 19.8595	Precision5: 3.9719
2024-08-05 22:46:17 - INFO - Best Result:
2024-08-05 22:46:17 - INFO - 	Hit5: 19.8595	MRR5: 12.3201	Recall5: 19.8595	Precision5: 3.9719	Epoch: 5, 5, 5, 5
2024-08-05 22:46:17 - INFO - Current Result:
2024-08-05 22:46:17 - INFO - \Hit10: 25.3864	MRR10: 13.0645	Recall10: 25.3864	Precision10: 2.5386
2024-08-05 22:46:17 - INFO - Best Result:
2024-08-05 22:46:17 - INFO - 	Hit10: 25.3864	MRR10: 13.0645	Recall10: 25.3864	Precision10: 2.5386	Epoch: 5, 5, 5, 5
2024-08-05 22:46:17 - INFO - Current Result:
2024-08-05 22:46:17 - INFO - \Hit15: 29.1335	MRR15: 13.3596	Recall15: 29.1335	Precision15: 1.9422
2024-08-05 22:46:17 - INFO - Best Result:
2024-08-05 22:46:17 - INFO - 	Hit15: 29.1335	MRR15: 13.3596	Recall15: 29.1335	Precision15: 1.9422	Epoch: 5, 5, 5, 5
2024-08-05 22:46:17 - INFO - Current Result:
2024-08-05 22:46:17 - INFO - \Hit20: 32.0375	MRR20: 13.5241	Recall20: 32.0375	Precision20: 1.6019
2024-08-05 22:46:17 - INFO - Best Result:
2024-08-05 22:46:17 - INFO - 	Hit20: 32.0375	MRR20: 13.5241	Recall20: 32.0375	Precision20: 1.6019	Epoch: 5, 5, 5, 5
2024-08-05 22:46:17 - INFO - EPOCH:6
2024-08-05 22:46:17 - INFO - Time:2024/08/05 22:46:17
2024-08-05 22:46:43 - INFO - loss: 30.90239906311035; rec_loss: 30.90239906311035; intent_loss: 0.00021401412959676236 
2024-08-05 22:46:43 - INFO - Current Result:
2024-08-05 22:46:43 - INFO - \Hit5: 19.0164	MRR5: 12.7923	Recall5: 19.0164	Precision5: 3.8033
2024-08-05 22:46:43 - INFO - Best Result:
2024-08-05 22:46:43 - INFO - 	Hit5: 19.8595	MRR5: 12.7923	Recall5: 19.8595	Precision5: 3.9719	Epoch: 5, 6, 5, 5
2024-08-05 22:46:43 - INFO - Current Result:
2024-08-05 22:46:43 - INFO - \Hit10: 24.9649	MRR10: 13.5925	Recall10: 24.9649	Precision10: 2.4965
2024-08-05 22:46:43 - INFO - Best Result:
2024-08-05 22:46:43 - INFO - 	Hit10: 25.3864	MRR10: 13.5925	Recall10: 25.3864	Precision10: 2.5386	Epoch: 5, 6, 5, 5
2024-08-05 22:46:43 - INFO - Current Result:
2024-08-05 22:46:43 - INFO - \Hit15: 28.9461	MRR15: 13.9110	Recall15: 28.9461	Precision15: 1.9297
2024-08-05 22:46:43 - INFO - Best Result:
2024-08-05 22:46:43 - INFO - 	Hit15: 29.1335	MRR15: 13.9110	Recall15: 29.1335	Precision15: 1.9422	Epoch: 5, 6, 5, 5
2024-08-05 22:46:43 - INFO - Current Result:
2024-08-05 22:46:43 - INFO - \Hit20: 31.9906	MRR20: 14.0814	Recall20: 31.9906	Precision20: 1.5995
2024-08-05 22:46:43 - INFO - Best Result:
2024-08-05 22:46:43 - INFO - 	Hit20: 32.0375	MRR20: 14.0814	Recall20: 32.0375	Precision20: 1.6019	Epoch: 5, 6, 5, 5
2024-08-05 22:46:43 - INFO - EPOCH:7
2024-08-05 22:46:43 - INFO - Time:2024/08/05 22:46:43
2024-08-05 22:47:12 - INFO - loss: 24.987977981567383; rec_loss: 24.987977981567383; intent_loss: 0.00021081682643853128 
2024-08-05 22:47:12 - INFO - Current Result:
2024-08-05 22:47:12 - INFO - \Hit5: 19.4379	MRR5: 12.3536	Recall5: 19.4379	Precision5: 3.8876
2024-08-05 22:47:12 - INFO - Best Result:
2024-08-05 22:47:12 - INFO - 	Hit5: 19.8595	MRR5: 12.7923	Recall5: 19.8595	Precision5: 3.9719	Epoch: 5, 6, 5, 5
2024-08-05 22:47:12 - INFO - Current Result:
2024-08-05 22:47:12 - INFO - \Hit10: 25.3396	MRR10: 13.1394	Recall10: 25.3396	Precision10: 2.5340
2024-08-05 22:47:12 - INFO - Best Result:
2024-08-05 22:47:12 - INFO - 	Hit10: 25.3864	MRR10: 13.5925	Recall10: 25.3864	Precision10: 2.5386	Epoch: 5, 6, 5, 5
2024-08-05 22:47:12 - INFO - Current Result:
2024-08-05 22:47:12 - INFO - \Hit15: 29.8829	MRR15: 13.4958	Recall15: 29.8829	Precision15: 1.9922
2024-08-05 22:47:12 - INFO - Best Result:
2024-08-05 22:47:12 - INFO - 	Hit15: 29.8829	MRR15: 13.9110	Recall15: 29.8829	Precision15: 1.9922	Epoch: 7, 6, 7, 7
2024-08-05 22:47:12 - INFO - Current Result:
2024-08-05 22:47:12 - INFO - \Hit20: 32.9274	MRR20: 13.6663	Recall20: 32.9274	Precision20: 1.6464
2024-08-05 22:47:12 - INFO - Best Result:
2024-08-05 22:47:12 - INFO - 	Hit20: 32.9274	MRR20: 14.0814	Recall20: 32.9274	Precision20: 1.6464	Epoch: 7, 6, 7, 7
2024-08-05 22:47:12 - INFO - EPOCH:8
2024-08-05 22:47:12 - INFO - Time:2024/08/05 22:47:12
2024-08-05 22:47:41 - INFO - loss: 20.74877166748047; rec_loss: 20.74877166748047; intent_loss: 0.00020608883642125875 
2024-08-05 22:47:41 - INFO - Current Result:
2024-08-05 22:47:41 - INFO - \Hit5: 19.3911	MRR5: 12.6643	Recall5: 19.3911	Precision5: 3.8782
2024-08-05 22:47:41 - INFO - Best Result:
2024-08-05 22:47:41 - INFO - 	Hit5: 19.8595	MRR5: 12.7923	Recall5: 19.8595	Precision5: 3.9719	Epoch: 5, 6, 5, 5
2024-08-05 22:47:41 - INFO - Current Result:
2024-08-05 22:47:41 - INFO - \Hit10: 26.0890	MRR10: 13.5702	Recall10: 26.0890	Precision10: 2.6089
2024-08-05 22:47:41 - INFO - Best Result:
2024-08-05 22:47:41 - INFO - 	Hit10: 26.0890	MRR10: 13.5925	Recall10: 26.0890	Precision10: 2.6089	Epoch: 8, 6, 8, 8
2024-08-05 22:47:41 - INFO - Current Result:
2024-08-05 22:47:41 - INFO - \Hit15: 30.3044	MRR15: 13.8982	Recall15: 30.3044	Precision15: 2.0203
2024-08-05 22:47:41 - INFO - Best Result:
2024-08-05 22:47:41 - INFO - 	Hit15: 30.3044	MRR15: 13.9110	Recall15: 30.3044	Precision15: 2.0203	Epoch: 8, 6, 8, 8
2024-08-05 22:47:41 - INFO - Current Result:
2024-08-05 22:47:41 - INFO - \Hit20: 33.5831	MRR20: 14.0815	Recall20: 33.5831	Precision20: 1.6792
2024-08-05 22:47:41 - INFO - Best Result:
2024-08-05 22:47:41 - INFO - 	Hit20: 33.5831	MRR20: 14.0815	Recall20: 33.5831	Precision20: 1.6792	Epoch: 8, 8, 8, 8
2024-08-05 22:47:41 - INFO - EPOCH:9
2024-08-05 22:47:41 - INFO - Time:2024/08/05 22:47:41
2024-08-05 22:48:09 - INFO - loss: 17.3448486328125; rec_loss: 17.3448486328125; intent_loss: 0.00020534201757982373 
2024-08-05 22:48:09 - INFO - Current Result:
2024-08-05 22:48:09 - INFO - \Hit5: 20.1405	MRR5: 12.7783	Recall5: 20.1405	Precision5: 4.0281
2024-08-05 22:48:09 - INFO - Best Result:
2024-08-05 22:48:09 - INFO - 	Hit5: 20.1405	MRR5: 12.7923	Recall5: 20.1405	Precision5: 4.0281	Epoch: 9, 6, 9, 9
2024-08-05 22:48:09 - INFO - Current Result:
2024-08-05 22:48:09 - INFO - \Hit10: 26.7447	MRR10: 13.6377	Recall10: 26.7447	Precision10: 2.6745
2024-08-05 22:48:09 - INFO - Best Result:
2024-08-05 22:48:09 - INFO - 	Hit10: 26.7447	MRR10: 13.6377	Recall10: 26.7447	Precision10: 2.6745	Epoch: 9, 9, 9, 9
2024-08-05 22:48:09 - INFO - Current Result:
2024-08-05 22:48:09 - INFO - \Hit15: 30.9602	MRR15: 13.9711	Recall15: 30.9602	Precision15: 2.0640
2024-08-05 22:48:09 - INFO - Best Result:
2024-08-05 22:48:09 - INFO - 	Hit15: 30.9602	MRR15: 13.9711	Recall15: 30.9602	Precision15: 2.0640	Epoch: 9, 9, 9, 9
2024-08-05 22:48:09 - INFO - Current Result:
2024-08-05 22:48:09 - INFO - \Hit20: 34.3794	MRR20: 14.1628	Recall20: 34.3794	Precision20: 1.7190
2024-08-05 22:48:09 - INFO - Best Result:
2024-08-05 22:48:09 - INFO - 	Hit20: 34.3794	MRR20: 14.1628	Recall20: 34.3794	Precision20: 1.7190	Epoch: 9, 9, 9, 9
2024-08-05 22:48:09 - INFO - EPOCH:10
2024-08-05 22:48:09 - INFO - Time:2024/08/05 22:48:09
2024-08-05 22:48:39 - INFO - loss: 14.314810752868652; rec_loss: 14.314810752868652; intent_loss: 0.00020497356308624148 
2024-08-05 22:48:39 - INFO - Current Result:
2024-08-05 22:48:39 - INFO - \Hit5: 20.3279	MRR5: 13.0039	Recall5: 20.3279	Precision5: 4.0656
2024-08-05 22:48:39 - INFO - Best Result:
2024-08-05 22:48:39 - INFO - 	Hit5: 20.3279	MRR5: 13.0039	Recall5: 20.3279	Precision5: 4.0656	Epoch: 10, 10, 10, 10
2024-08-05 22:48:39 - INFO - Current Result:
2024-08-05 22:48:39 - INFO - \Hit10: 26.7916	MRR10: 13.8563	Recall10: 26.7916	Precision10: 2.6792
2024-08-05 22:48:39 - INFO - Best Result:
2024-08-05 22:48:39 - INFO - 	Hit10: 26.7916	MRR10: 13.8563	Recall10: 26.7916	Precision10: 2.6792	Epoch: 10, 10, 10, 10
2024-08-05 22:48:39 - INFO - Current Result:
2024-08-05 22:48:39 - INFO - \Hit15: 31.1007	MRR15: 14.1951	Recall15: 31.1007	Precision15: 2.0734
2024-08-05 22:48:39 - INFO - Best Result:
2024-08-05 22:48:39 - INFO - 	Hit15: 31.1007	MRR15: 14.1951	Recall15: 31.1007	Precision15: 2.0734	Epoch: 10, 10, 10, 10
2024-08-05 22:48:39 - INFO - Current Result:
2024-08-05 22:48:39 - INFO - \Hit20: 34.3794	MRR20: 14.3788	Recall20: 34.3794	Precision20: 1.7190
2024-08-05 22:48:39 - INFO - Best Result:
2024-08-05 22:48:39 - INFO - 	Hit20: 34.3794	MRR20: 14.3788	Recall20: 34.3794	Precision20: 1.7190	Epoch: 9, 10, 9, 9
2024-08-05 22:48:39 - INFO - EPOCH:11
2024-08-05 22:48:39 - INFO - Time:2024/08/05 22:48:39
2024-08-05 22:49:05 - INFO - loss: 13.751028060913086; rec_loss: 13.751028060913086; intent_loss: 0.00020483671687543392 
2024-08-05 22:49:05 - INFO - Current Result:
2024-08-05 22:49:05 - INFO - \Hit5: 20.5621	MRR5: 13.0742	Recall5: 20.5621	Precision5: 4.1124
2024-08-05 22:49:05 - INFO - Best Result:
2024-08-05 22:49:05 - INFO - 	Hit5: 20.5621	MRR5: 13.0742	Recall5: 20.5621	Precision5: 4.1124	Epoch: 11, 11, 11, 11
2024-08-05 22:49:05 - INFO - Current Result:
2024-08-05 22:49:05 - INFO - \Hit10: 26.8384	MRR10: 13.8823	Recall10: 26.8384	Precision10: 2.6838
2024-08-05 22:49:05 - INFO - Best Result:
2024-08-05 22:49:05 - INFO - 	Hit10: 26.8384	MRR10: 13.8823	Recall10: 26.8384	Precision10: 2.6838	Epoch: 11, 11, 11, 11
2024-08-05 22:49:05 - INFO - Current Result:
2024-08-05 22:49:05 - INFO - \Hit15: 31.1944	MRR15: 14.2245	Recall15: 31.1944	Precision15: 2.0796
2024-08-05 22:49:05 - INFO - Best Result:
2024-08-05 22:49:05 - INFO - 	Hit15: 31.1944	MRR15: 14.2245	Recall15: 31.1944	Precision15: 2.0796	Epoch: 11, 11, 11, 11
2024-08-05 22:49:05 - INFO - Current Result:
2024-08-05 22:49:05 - INFO - \Hit20: 34.2857	MRR20: 14.3980	Recall20: 34.2857	Precision20: 1.7143
2024-08-05 22:49:05 - INFO - Best Result:
2024-08-05 22:49:05 - INFO - 	Hit20: 34.3794	MRR20: 14.3980	Recall20: 34.3794	Precision20: 1.7190	Epoch: 9, 11, 9, 9
2024-08-05 22:49:05 - INFO - EPOCH:12
2024-08-05 22:49:05 - INFO - Time:2024/08/05 22:49:05
2024-08-05 22:49:34 - INFO - loss: 13.277339935302734; rec_loss: 13.277339935302734; intent_loss: 0.00020466432033572346 
2024-08-05 22:49:34 - INFO - Current Result:
2024-08-05 22:49:34 - INFO - \Hit5: 20.7026	MRR5: 13.2155	Recall5: 20.7026	Precision5: 4.1405
2024-08-05 22:49:34 - INFO - Best Result:
2024-08-05 22:49:34 - INFO - 	Hit5: 20.7026	MRR5: 13.2155	Recall5: 20.7026	Precision5: 4.1405	Epoch: 12, 12, 12, 12
2024-08-05 22:49:34 - INFO - Current Result:
2024-08-05 22:49:34 - INFO - \Hit10: 26.9789	MRR10: 14.0306	Recall10: 26.9789	Precision10: 2.6979
2024-08-05 22:49:34 - INFO - Best Result:
2024-08-05 22:49:34 - INFO - 	Hit10: 26.9789	MRR10: 14.0306	Recall10: 26.9789	Precision10: 2.6979	Epoch: 12, 12, 12, 12
2024-08-05 22:49:34 - INFO - Current Result:
2024-08-05 22:49:34 - INFO - \Hit15: 31.1944	MRR15: 14.3626	Recall15: 31.1944	Precision15: 2.0796
2024-08-05 22:49:34 - INFO - Best Result:
2024-08-05 22:49:34 - INFO - 	Hit15: 31.1944	MRR15: 14.3626	Recall15: 31.1944	Precision15: 2.0796	Epoch: 11, 12, 11, 11
2024-08-05 22:49:34 - INFO - Current Result:
2024-08-05 22:49:34 - INFO - \Hit20: 34.5199	MRR20: 14.5481	Recall20: 34.5199	Precision20: 1.7260
2024-08-05 22:49:34 - INFO - Best Result:
2024-08-05 22:49:34 - INFO - 	Hit20: 34.5199	MRR20: 14.5481	Recall20: 34.5199	Precision20: 1.7260	Epoch: 12, 12, 12, 12
2024-08-05 22:49:34 - INFO - EPOCH:13
2024-08-05 22:49:34 - INFO - Time:2024/08/05 22:49:34
2024-08-05 22:50:02 - INFO - loss: 12.814675331115723; rec_loss: 12.814675331115723; intent_loss: 0.00020422453235369176 
2024-08-05 22:50:02 - INFO - Current Result:
2024-08-05 22:50:02 - INFO - \Hit5: 20.5152	MRR5: 13.1632	Recall5: 20.5152	Precision5: 4.1030
2024-08-05 22:50:02 - INFO - Best Result:
2024-08-05 22:50:02 - INFO - 	Hit5: 20.7026	MRR5: 13.2155	Recall5: 20.7026	Precision5: 4.1405	Epoch: 12, 12, 12, 12
2024-08-05 22:50:02 - INFO - Current Result:
2024-08-05 22:50:02 - INFO - \Hit10: 26.9321	MRR10: 14.0184	Recall10: 26.9321	Precision10: 2.6932
2024-08-05 22:50:02 - INFO - Best Result:
2024-08-05 22:50:02 - INFO - 	Hit10: 26.9789	MRR10: 14.0306	Recall10: 26.9789	Precision10: 2.6979	Epoch: 12, 12, 12, 12
2024-08-05 22:50:02 - INFO - Current Result:
2024-08-05 22:50:02 - INFO - \Hit15: 31.4286	MRR15: 14.3710	Recall15: 31.4286	Precision15: 2.0952
2024-08-05 22:50:02 - INFO - Best Result:
2024-08-05 22:50:02 - INFO - 	Hit15: 31.4286	MRR15: 14.3710	Recall15: 31.4286	Precision15: 2.0952	Epoch: 13, 13, 13, 13
2024-08-05 22:50:02 - INFO - Current Result:
2024-08-05 22:50:02 - INFO - \Hit20: 34.3326	MRR20: 14.5327	Recall20: 34.3326	Precision20: 1.7166
2024-08-05 22:50:02 - INFO - Best Result:
2024-08-05 22:50:02 - INFO - 	Hit20: 34.5199	MRR20: 14.5481	Recall20: 34.5199	Precision20: 1.7260	Epoch: 12, 12, 12, 12
2024-08-05 22:50:02 - INFO - EPOCH:14
2024-08-05 22:50:02 - INFO - Time:2024/08/05 22:50:02
2024-08-05 22:50:31 - INFO - loss: 12.41866397857666; rec_loss: 12.41866397857666; intent_loss: 0.0002039771352428943 
2024-08-05 22:50:31 - INFO - Current Result:
2024-08-05 22:50:31 - INFO - \Hit5: 20.6089	MRR5: 13.1546	Recall5: 20.6089	Precision5: 4.1218
2024-08-05 22:50:31 - INFO - Best Result:
2024-08-05 22:50:31 - INFO - 	Hit5: 20.7026	MRR5: 13.2155	Recall5: 20.7026	Precision5: 4.1405	Epoch: 12, 12, 12, 12
2024-08-05 22:50:31 - INFO - Current Result:
2024-08-05 22:50:31 - INFO - \Hit10: 26.9789	MRR10: 13.9953	Recall10: 26.9789	Precision10: 2.6979
2024-08-05 22:50:31 - INFO - Best Result:
2024-08-05 22:50:31 - INFO - 	Hit10: 26.9789	MRR10: 14.0306	Recall10: 26.9789	Precision10: 2.6979	Epoch: 12, 12, 12, 14
2024-08-05 22:50:31 - INFO - Current Result:
2024-08-05 22:50:31 - INFO - \Hit15: 31.1475	MRR15: 14.3232	Recall15: 31.1475	Precision15: 2.0765
2024-08-05 22:50:31 - INFO - Best Result:
2024-08-05 22:50:31 - INFO - 	Hit15: 31.4286	MRR15: 14.3710	Recall15: 31.4286	Precision15: 2.0952	Epoch: 13, 13, 13, 13
2024-08-05 22:50:31 - INFO - Current Result:
2024-08-05 22:50:31 - INFO - \Hit20: 34.7541	MRR20: 14.5259	Recall20: 34.7541	Precision20: 1.7377
2024-08-05 22:50:31 - INFO - Best Result:
2024-08-05 22:50:31 - INFO - 	Hit20: 34.7541	MRR20: 14.5481	Recall20: 34.7541	Precision20: 1.7377	Epoch: 14, 12, 14, 14
2024-08-05 22:50:31 - INFO - EPOCH:15
2024-08-05 22:50:31 - INFO - Time:2024/08/05 22:50:31
2024-08-05 22:50:55 - INFO - loss: 11.919811248779297; rec_loss: 11.919811248779297; intent_loss: 0.00020391335419844836 
2024-08-05 22:50:55 - INFO - Current Result:
2024-08-05 22:50:55 - INFO - \Hit5: 20.5152	MRR5: 13.1811	Recall5: 20.5152	Precision5: 4.1030
2024-08-05 22:50:55 - INFO - Best Result:
2024-08-05 22:50:55 - INFO - 	Hit5: 20.7026	MRR5: 13.2155	Recall5: 20.7026	Precision5: 4.1405	Epoch: 12, 12, 12, 12
2024-08-05 22:50:55 - INFO - Current Result:
2024-08-05 22:50:55 - INFO - \Hit10: 27.0258	MRR10: 14.0451	Recall10: 27.0258	Precision10: 2.7026
2024-08-05 22:50:55 - INFO - Best Result:
2024-08-05 22:50:55 - INFO - 	Hit10: 27.0258	MRR10: 14.0451	Recall10: 27.0258	Precision10: 2.7026	Epoch: 15, 15, 15, 15
2024-08-05 22:50:55 - INFO - Current Result:
2024-08-05 22:50:55 - INFO - \Hit15: 31.2881	MRR15: 14.3778	Recall15: 31.2881	Precision15: 2.0859
2024-08-05 22:50:55 - INFO - Best Result:
2024-08-05 22:50:55 - INFO - 	Hit15: 31.4286	MRR15: 14.3778	Recall15: 31.4286	Precision15: 2.0952	Epoch: 13, 15, 13, 13
2024-08-05 22:50:55 - INFO - Current Result:
2024-08-05 22:50:55 - INFO - \Hit20: 34.6604	MRR20: 14.5665	Recall20: 34.6604	Precision20: 1.7330
2024-08-05 22:50:55 - INFO - Best Result:
2024-08-05 22:50:55 - INFO - 	Hit20: 34.7541	MRR20: 14.5665	Recall20: 34.7541	Precision20: 1.7377	Epoch: 14, 15, 14, 14
2024-08-05 22:50:55 - INFO - EPOCH:16
2024-08-05 22:50:55 - INFO - Time:2024/08/05 22:50:55
2024-08-05 22:51:22 - INFO - loss: 11.857279777526855; rec_loss: 11.857279777526855; intent_loss: 0.0002038955281022936 
2024-08-05 22:51:22 - INFO - Current Result:
2024-08-05 22:51:22 - INFO - \Hit5: 20.5621	MRR5: 13.1866	Recall5: 20.5621	Precision5: 4.1124
2024-08-05 22:51:22 - INFO - Best Result:
2024-08-05 22:51:22 - INFO - 	Hit5: 20.7026	MRR5: 13.2155	Recall5: 20.7026	Precision5: 4.1405	Epoch: 12, 12, 12, 12
2024-08-05 22:51:22 - INFO - Current Result:
2024-08-05 22:51:22 - INFO - \Hit10: 27.1194	MRR10: 14.0510	Recall10: 27.1194	Precision10: 2.7119
2024-08-05 22:51:22 - INFO - Best Result:
2024-08-05 22:51:22 - INFO - 	Hit10: 27.1194	MRR10: 14.0510	Recall10: 27.1194	Precision10: 2.7119	Epoch: 16, 16, 16, 16
2024-08-05 22:51:22 - INFO - Current Result:
2024-08-05 22:51:22 - INFO - \Hit15: 31.3349	MRR15: 14.3774	Recall15: 31.3349	Precision15: 2.0890
2024-08-05 22:51:22 - INFO - Best Result:
2024-08-05 22:51:22 - INFO - 	Hit15: 31.4286	MRR15: 14.3778	Recall15: 31.4286	Precision15: 2.0952	Epoch: 13, 15, 13, 13
2024-08-05 22:51:22 - INFO - Current Result:
2024-08-05 22:51:22 - INFO - \Hit20: 34.6136	MRR20: 14.5604	Recall20: 34.6136	Precision20: 1.7307
2024-08-05 22:51:22 - INFO - Best Result:
2024-08-05 22:51:22 - INFO - 	Hit20: 34.7541	MRR20: 14.5665	Recall20: 34.7541	Precision20: 1.7377	Epoch: 14, 15, 14, 14
2024-08-05 22:51:22 - INFO - EPOCH:17
2024-08-05 22:51:22 - INFO - Time:2024/08/05 22:51:22
2024-08-05 22:51:47 - INFO - loss: 11.775940895080566; rec_loss: 11.775940895080566; intent_loss: 0.00020383408991619945 
2024-08-05 22:51:47 - INFO - Current Result:
2024-08-05 22:51:47 - INFO - \Hit5: 20.5152	MRR5: 13.1998	Recall5: 20.5152	Precision5: 4.1030
2024-08-05 22:51:47 - INFO - Best Result:
2024-08-05 22:51:47 - INFO - 	Hit5: 20.7026	MRR5: 13.2155	Recall5: 20.7026	Precision5: 4.1405	Epoch: 12, 12, 12, 12
2024-08-05 22:51:47 - INFO - Current Result:
2024-08-05 22:51:47 - INFO - \Hit10: 27.0726	MRR10: 14.0669	Recall10: 27.0726	Precision10: 2.7073
2024-08-05 22:51:47 - INFO - Best Result:
2024-08-05 22:51:47 - INFO - 	Hit10: 27.1194	MRR10: 14.0669	Recall10: 27.1194	Precision10: 2.7119	Epoch: 16, 17, 16, 16
2024-08-05 22:51:47 - INFO - Current Result:
2024-08-05 22:51:47 - INFO - \Hit15: 31.2412	MRR15: 14.3936	Recall15: 31.2412	Precision15: 2.0827
2024-08-05 22:51:47 - INFO - Best Result:
2024-08-05 22:51:47 - INFO - 	Hit15: 31.4286	MRR15: 14.3936	Recall15: 31.4286	Precision15: 2.0952	Epoch: 13, 17, 13, 13
2024-08-05 22:51:47 - INFO - Current Result:
2024-08-05 22:51:47 - INFO - \Hit20: 34.6136	MRR20: 14.5829	Recall20: 34.6136	Precision20: 1.7307
2024-08-05 22:51:47 - INFO - Best Result:
2024-08-05 22:51:47 - INFO - 	Hit20: 34.7541	MRR20: 14.5829	Recall20: 34.7541	Precision20: 1.7377	Epoch: 14, 17, 14, 14
2024-08-05 22:51:47 - INFO - EPOCH:18
2024-08-05 22:51:47 - INFO - Time:2024/08/05 22:51:47
2024-08-05 22:52:16 - INFO - loss: 11.737126350402832; rec_loss: 11.737126350402832; intent_loss: 0.0002038501697825268 
2024-08-05 22:52:16 - INFO - Current Result:
2024-08-05 22:52:16 - INFO - \Hit5: 20.5152	MRR5: 13.1952	Recall5: 20.5152	Precision5: 4.1030
2024-08-05 22:52:16 - INFO - Best Result:
2024-08-05 22:52:16 - INFO - 	Hit5: 20.7026	MRR5: 13.2155	Recall5: 20.7026	Precision5: 4.1405	Epoch: 12, 12, 12, 12
2024-08-05 22:52:16 - INFO - Current Result:
2024-08-05 22:52:16 - INFO - \Hit10: 27.1194	MRR10: 14.0685	Recall10: 27.1194	Precision10: 2.7119
2024-08-05 22:52:16 - INFO - Best Result:
2024-08-05 22:52:16 - INFO - 	Hit10: 27.1194	MRR10: 14.0685	Recall10: 27.1194	Precision10: 2.7119	Epoch: 16, 18, 16, 16
2024-08-05 22:52:16 - INFO - Current Result:
2024-08-05 22:52:16 - INFO - \Hit15: 31.1944	MRR15: 14.3871	Recall15: 31.1944	Precision15: 2.0796
2024-08-05 22:52:16 - INFO - Best Result:
2024-08-05 22:52:16 - INFO - 	Hit15: 31.4286	MRR15: 14.3936	Recall15: 31.4286	Precision15: 2.0952	Epoch: 13, 17, 13, 13
2024-08-05 22:52:16 - INFO - Current Result:
2024-08-05 22:52:16 - INFO - \Hit20: 34.5667	MRR20: 14.5772	Recall20: 34.5667	Precision20: 1.7283
2024-08-05 22:52:16 - INFO - Best Result:
2024-08-05 22:52:16 - INFO - 	Hit20: 34.7541	MRR20: 14.5829	Recall20: 34.7541	Precision20: 1.7377	Epoch: 14, 17, 14, 14
2024-08-05 22:52:16 - INFO - EPOCH:19
2024-08-05 22:52:16 - INFO - Time:2024/08/05 22:52:16
2024-08-05 22:52:42 - INFO - loss: 11.656238555908203; rec_loss: 11.656238555908203; intent_loss: 0.0002038125676335767 
2024-08-05 22:52:42 - INFO - Current Result:
2024-08-05 22:52:42 - INFO - \Hit5: 20.6089	MRR5: 13.2553	Recall5: 20.6089	Precision5: 4.1218
2024-08-05 22:52:42 - INFO - Best Result:
2024-08-05 22:52:42 - INFO - 	Hit5: 20.7026	MRR5: 13.2553	Recall5: 20.7026	Precision5: 4.1405	Epoch: 12, 19, 12, 12
2024-08-05 22:52:42 - INFO - Current Result:
2024-08-05 22:52:42 - INFO - \Hit10: 27.1194	MRR10: 14.1131	Recall10: 27.1194	Precision10: 2.7119
2024-08-05 22:52:42 - INFO - Best Result:
2024-08-05 22:52:42 - INFO - 	Hit10: 27.1194	MRR10: 14.1131	Recall10: 27.1194	Precision10: 2.7119	Epoch: 16, 19, 16, 16
2024-08-05 22:52:42 - INFO - Current Result:
2024-08-05 22:52:42 - INFO - \Hit15: 31.3349	MRR15: 14.4397	Recall15: 31.3349	Precision15: 2.0890
2024-08-05 22:52:42 - INFO - Best Result:
2024-08-05 22:52:42 - INFO - 	Hit15: 31.4286	MRR15: 14.4397	Recall15: 31.4286	Precision15: 2.0952	Epoch: 13, 19, 13, 13
2024-08-05 22:52:42 - INFO - Current Result:
2024-08-05 22:52:42 - INFO - \Hit20: 34.5199	MRR20: 14.6177	Recall20: 34.5199	Precision20: 1.7260
2024-08-05 22:52:42 - INFO - Best Result:
2024-08-05 22:52:42 - INFO - 	Hit20: 34.7541	MRR20: 14.6177	Recall20: 34.7541	Precision20: 1.7377	Epoch: 14, 19, 14, 14
2024-08-05 22:52:42 - INFO - EPOCH:20
2024-08-05 22:52:42 - INFO - Time:2024/08/05 22:52:42
2024-08-05 22:53:10 - INFO - loss: 11.560099601745605; rec_loss: 11.560099601745605; intent_loss: 0.00020381122885737568 
2024-08-05 22:53:11 - INFO - Current Result:
2024-08-05 22:53:11 - INFO - \Hit5: 20.5621	MRR5: 13.2287	Recall5: 20.5621	Precision5: 4.1124
2024-08-05 22:53:11 - INFO - Best Result:
2024-08-05 22:53:11 - INFO - 	Hit5: 20.7026	MRR5: 13.2553	Recall5: 20.7026	Precision5: 4.1405	Epoch: 12, 19, 12, 12
2024-08-05 22:53:11 - INFO - Current Result:
2024-08-05 22:53:11 - INFO - \Hit10: 27.1194	MRR10: 14.0943	Recall10: 27.1194	Precision10: 2.7119
2024-08-05 22:53:11 - INFO - Best Result:
2024-08-05 22:53:11 - INFO - 	Hit10: 27.1194	MRR10: 14.1131	Recall10: 27.1194	Precision10: 2.7119	Epoch: 16, 19, 16, 16
2024-08-05 22:53:11 - INFO - Current Result:
2024-08-05 22:53:11 - INFO - \Hit15: 31.2881	MRR15: 14.4189	Recall15: 31.2881	Precision15: 2.0859
2024-08-05 22:53:11 - INFO - Best Result:
2024-08-05 22:53:11 - INFO - 	Hit15: 31.4286	MRR15: 14.4397	Recall15: 31.4286	Precision15: 2.0952	Epoch: 13, 19, 13, 13
2024-08-05 22:53:11 - INFO - Current Result:
2024-08-05 22:53:11 - INFO - \Hit20: 34.5199	MRR20: 14.5994	Recall20: 34.5199	Precision20: 1.7260
2024-08-05 22:53:11 - INFO - Best Result:
2024-08-05 22:53:11 - INFO - 	Hit20: 34.7541	MRR20: 14.6177	Recall20: 34.7541	Precision20: 1.7377	Epoch: 14, 19, 14, 14
2024-08-05 22:53:11 - INFO - EPOCH:21
2024-08-05 22:53:11 - INFO - Time:2024/08/05 22:53:11
2024-08-05 22:53:37 - INFO - loss: 11.555631637573242; rec_loss: 11.555631637573242; intent_loss: 0.00020380975911393762 
2024-08-05 22:53:37 - INFO - Current Result:
2024-08-05 22:53:37 - INFO - \Hit5: 20.5621	MRR5: 13.2186	Recall5: 20.5621	Precision5: 4.1124
2024-08-05 22:53:37 - INFO - Best Result:
2024-08-05 22:53:37 - INFO - 	Hit5: 20.7026	MRR5: 13.2553	Recall5: 20.7026	Precision5: 4.1405	Epoch: 12, 19, 12, 12
2024-08-05 22:53:37 - INFO - Current Result:
2024-08-05 22:53:37 - INFO - \Hit10: 27.1194	MRR10: 14.0831	Recall10: 27.1194	Precision10: 2.7119
2024-08-05 22:53:37 - INFO - Best Result:
2024-08-05 22:53:37 - INFO - 	Hit10: 27.1194	MRR10: 14.1131	Recall10: 27.1194	Precision10: 2.7119	Epoch: 16, 19, 16, 16
2024-08-05 22:53:37 - INFO - Current Result:
2024-08-05 22:53:37 - INFO - \Hit15: 31.2881	MRR15: 14.4076	Recall15: 31.2881	Precision15: 2.0859
2024-08-05 22:53:37 - INFO - Best Result:
2024-08-05 22:53:37 - INFO - 	Hit15: 31.4286	MRR15: 14.4397	Recall15: 31.4286	Precision15: 2.0952	Epoch: 13, 19, 13, 13
2024-08-05 22:53:37 - INFO - Current Result:
2024-08-05 22:53:37 - INFO - \Hit20: 34.4731	MRR20: 14.5856	Recall20: 34.4731	Precision20: 1.7237
2024-08-05 22:53:37 - INFO - Best Result:
2024-08-05 22:53:37 - INFO - 	Hit20: 34.7541	MRR20: 14.6177	Recall20: 34.7541	Precision20: 1.7377	Epoch: 14, 19, 14, 14
2024-08-05 22:53:37 - INFO - EPOCH:22
2024-08-05 22:53:37 - INFO - Time:2024/08/05 22:53:37
2024-08-05 22:54:05 - INFO - loss: 11.551619529724121; rec_loss: 11.551619529724121; intent_loss: 0.0002038002130575478 
2024-08-05 22:54:05 - INFO - Current Result:
2024-08-05 22:54:05 - INFO - \Hit5: 20.5621	MRR5: 13.2147	Recall5: 20.5621	Precision5: 4.1124
2024-08-05 22:54:05 - INFO - Best Result:
2024-08-05 22:54:05 - INFO - 	Hit5: 20.7026	MRR5: 13.2553	Recall5: 20.7026	Precision5: 4.1405	Epoch: 12, 19, 12, 12
2024-08-05 22:54:05 - INFO - Current Result:
2024-08-05 22:54:05 - INFO - \Hit10: 27.2131	MRR10: 14.0885	Recall10: 27.2131	Precision10: 2.7213
2024-08-05 22:54:05 - INFO - Best Result:
2024-08-05 22:54:05 - INFO - 	Hit10: 27.2131	MRR10: 14.1131	Recall10: 27.2131	Precision10: 2.7213	Epoch: 22, 19, 22, 22
2024-08-05 22:54:05 - INFO - Current Result:
2024-08-05 22:54:05 - INFO - \Hit15: 31.2881	MRR15: 14.4039	Recall15: 31.2881	Precision15: 2.0859
2024-08-05 22:54:05 - INFO - Best Result:
2024-08-05 22:54:05 - INFO - 	Hit15: 31.4286	MRR15: 14.4397	Recall15: 31.4286	Precision15: 2.0952	Epoch: 13, 19, 13, 13
2024-08-05 22:54:05 - INFO - Current Result:
2024-08-05 22:54:05 - INFO - \Hit20: 34.4731	MRR20: 14.5820	Recall20: 34.4731	Precision20: 1.7237
2024-08-05 22:54:05 - INFO - Best Result:
2024-08-05 22:54:05 - INFO - 	Hit20: 34.7541	MRR20: 14.6177	Recall20: 34.7541	Precision20: 1.7377	Epoch: 14, 19, 14, 14
2024-08-05 22:54:05 - INFO - EPOCH:23
2024-08-05 22:54:05 - INFO - Time:2024/08/05 22:54:05
2024-08-05 22:54:33 - INFO - loss: 11.491141319274902; rec_loss: 11.491141319274902; intent_loss: 0.00020379162742756307 
2024-08-05 22:54:33 - INFO - Current Result:
2024-08-05 22:54:33 - INFO - \Hit5: 20.5621	MRR5: 13.2303	Recall5: 20.5621	Precision5: 4.1124
2024-08-05 22:54:33 - INFO - Best Result:
2024-08-05 22:54:33 - INFO - 	Hit5: 20.7026	MRR5: 13.2553	Recall5: 20.7026	Precision5: 4.1405	Epoch: 12, 19, 12, 12
2024-08-05 22:54:33 - INFO - Current Result:
2024-08-05 22:54:33 - INFO - \Hit10: 27.0726	MRR10: 14.0898	Recall10: 27.0726	Precision10: 2.7073
2024-08-05 22:54:33 - INFO - Best Result:
2024-08-05 22:54:33 - INFO - 	Hit10: 27.2131	MRR10: 14.1131	Recall10: 27.2131	Precision10: 2.7213	Epoch: 22, 19, 22, 22
2024-08-05 22:54:33 - INFO - Current Result:
2024-08-05 22:54:33 - INFO - \Hit15: 31.2881	MRR15: 14.4193	Recall15: 31.2881	Precision15: 2.0859
2024-08-05 22:54:33 - INFO - Best Result:
2024-08-05 22:54:33 - INFO - 	Hit15: 31.4286	MRR15: 14.4397	Recall15: 31.4286	Precision15: 2.0952	Epoch: 13, 19, 13, 13
2024-08-05 22:54:33 - INFO - Current Result:
2024-08-05 22:54:33 - INFO - \Hit20: 34.5199	MRR20: 14.5999	Recall20: 34.5199	Precision20: 1.7260
2024-08-05 22:54:33 - INFO - Best Result:
2024-08-05 22:54:33 - INFO - 	Hit20: 34.7541	MRR20: 14.6177	Recall20: 34.7541	Precision20: 1.7377	Epoch: 14, 19, 14, 14
2024-08-05 22:54:33 - INFO - EPOCH:24
2024-08-05 22:54:33 - INFO - Time:2024/08/05 22:54:33
2024-08-05 22:54:55 - INFO - loss: 11.500795364379883; rec_loss: 11.500795364379883; intent_loss: 0.0002037949307123199 
2024-08-05 22:54:55 - INFO - Current Result:
2024-08-05 22:54:55 - INFO - \Hit5: 20.5621	MRR5: 13.2342	Recall5: 20.5621	Precision5: 4.1124
2024-08-05 22:54:55 - INFO - Best Result:
2024-08-05 22:54:55 - INFO - 	Hit5: 20.7026	MRR5: 13.2553	Recall5: 20.7026	Precision5: 4.1405	Epoch: 12, 19, 12, 12
2024-08-05 22:54:55 - INFO - Current Result:
2024-08-05 22:54:55 - INFO - \Hit10: 27.0726	MRR10: 14.0949	Recall10: 27.0726	Precision10: 2.7073
2024-08-05 22:54:55 - INFO - Best Result:
2024-08-05 22:54:55 - INFO - 	Hit10: 27.2131	MRR10: 14.1131	Recall10: 27.2131	Precision10: 2.7213	Epoch: 22, 19, 22, 22
2024-08-05 22:54:55 - INFO - Current Result:
2024-08-05 22:54:55 - INFO - \Hit15: 31.2881	MRR15: 14.4247	Recall15: 31.2881	Precision15: 2.0859
2024-08-05 22:54:55 - INFO - Best Result:
2024-08-05 22:54:55 - INFO - 	Hit15: 31.4286	MRR15: 14.4397	Recall15: 31.4286	Precision15: 2.0952	Epoch: 13, 19, 13, 13
2024-08-05 22:54:55 - INFO - Current Result:
2024-08-05 22:54:55 - INFO - \Hit20: 34.5667	MRR20: 14.6078	Recall20: 34.5667	Precision20: 1.7283
2024-08-05 22:54:55 - INFO - Best Result:
2024-08-05 22:54:55 - INFO - 	Hit20: 34.7541	MRR20: 14.6177	Recall20: 34.7541	Precision20: 1.7377	Epoch: 14, 19, 14, 14
2024-08-05 22:54:55 - INFO - EPOCH:25
2024-08-05 22:54:55 - INFO - Time:2024/08/05 22:54:55
2024-08-05 22:55:17 - INFO - loss: 11.479691505432129; rec_loss: 11.479691505432129; intent_loss: 0.00020379567285999656 
2024-08-05 22:55:17 - INFO - Current Result:
2024-08-05 22:55:17 - INFO - \Hit5: 20.5621	MRR5: 13.2342	Recall5: 20.5621	Precision5: 4.1124
2024-08-05 22:55:17 - INFO - Best Result:
2024-08-05 22:55:17 - INFO - 	Hit5: 20.7026	MRR5: 13.2553	Recall5: 20.7026	Precision5: 4.1405	Epoch: 12, 19, 12, 12
2024-08-05 22:55:17 - INFO - Current Result:
2024-08-05 22:55:17 - INFO - \Hit10: 27.0726	MRR10: 14.0943	Recall10: 27.0726	Precision10: 2.7073
2024-08-05 22:55:17 - INFO - Best Result:
2024-08-05 22:55:17 - INFO - 	Hit10: 27.2131	MRR10: 14.1131	Recall10: 27.2131	Precision10: 2.7213	Epoch: 22, 19, 22, 22
2024-08-05 22:55:17 - INFO - Current Result:
2024-08-05 22:55:17 - INFO - \Hit15: 31.2881	MRR15: 14.4241	Recall15: 31.2881	Precision15: 2.0859
2024-08-05 22:55:17 - INFO - Best Result:
2024-08-05 22:55:17 - INFO - 	Hit15: 31.4286	MRR15: 14.4397	Recall15: 31.4286	Precision15: 2.0952	Epoch: 13, 19, 13, 13
2024-08-05 22:55:17 - INFO - Current Result:
2024-08-05 22:55:17 - INFO - \Hit20: 34.5667	MRR20: 14.6073	Recall20: 34.5667	Precision20: 1.7283
2024-08-05 22:55:17 - INFO - Best Result:
2024-08-05 22:55:17 - INFO - 	Hit20: 34.7541	MRR20: 14.6177	Recall20: 34.7541	Precision20: 1.7377	Epoch: 14, 19, 14, 14
2024-08-05 22:55:17 - INFO - EPOCH:26
2024-08-05 22:55:17 - INFO - Time:2024/08/05 22:55:17
2024-08-05 22:55:38 - INFO - loss: 11.471484184265137; rec_loss: 11.471484184265137; intent_loss: 0.00020379573106765747 
2024-08-05 22:55:38 - INFO - Current Result:
2024-08-05 22:55:38 - INFO - \Hit5: 20.5621	MRR5: 13.2342	Recall5: 20.5621	Precision5: 4.1124
2024-08-05 22:55:38 - INFO - Best Result:
2024-08-05 22:55:38 - INFO - 	Hit5: 20.7026	MRR5: 13.2553	Recall5: 20.7026	Precision5: 4.1405	Epoch: 12, 19, 12, 12
2024-08-05 22:55:38 - INFO - Current Result:
2024-08-05 22:55:38 - INFO - \Hit10: 27.0726	MRR10: 14.0949	Recall10: 27.0726	Precision10: 2.7073
2024-08-05 22:55:38 - INFO - Best Result:
2024-08-05 22:55:38 - INFO - 	Hit10: 27.2131	MRR10: 14.1131	Recall10: 27.2131	Precision10: 2.7213	Epoch: 22, 19, 22, 22
2024-08-05 22:55:38 - INFO - Current Result:
2024-08-05 22:55:38 - INFO - \Hit15: 31.3349	MRR15: 14.4275	Recall15: 31.3349	Precision15: 2.0890
2024-08-05 22:55:38 - INFO - Best Result:
2024-08-05 22:55:38 - INFO - 	Hit15: 31.4286	MRR15: 14.4397	Recall15: 31.4286	Precision15: 2.0952	Epoch: 13, 19, 13, 13
2024-08-05 22:55:38 - INFO - Current Result:
2024-08-05 22:55:38 - INFO - \Hit20: 34.5667	MRR20: 14.6078	Recall20: 34.5667	Precision20: 1.7283
2024-08-05 22:55:38 - INFO - Best Result:
2024-08-05 22:55:38 - INFO - 	Hit20: 34.7541	MRR20: 14.6177	Recall20: 34.7541	Precision20: 1.7377	Epoch: 14, 19, 14, 14
2024-08-05 22:55:38 - INFO - EPOCH:27
2024-08-05 22:55:38 - INFO - Time:2024/08/05 22:55:38
2024-08-05 22:55:59 - INFO - loss: 11.474769592285156; rec_loss: 11.474769592285156; intent_loss: 0.00020379557099658996 
2024-08-05 22:55:59 - INFO - Current Result:
2024-08-05 22:55:59 - INFO - \Hit5: 20.5621	MRR5: 13.2342	Recall5: 20.5621	Precision5: 4.1124
2024-08-05 22:55:59 - INFO - Best Result:
2024-08-05 22:55:59 - INFO - 	Hit5: 20.7026	MRR5: 13.2553	Recall5: 20.7026	Precision5: 4.1405	Epoch: 12, 19, 12, 12
2024-08-05 22:55:59 - INFO - Current Result:
2024-08-05 22:55:59 - INFO - \Hit10: 27.0726	MRR10: 14.0949	Recall10: 27.0726	Precision10: 2.7073
2024-08-05 22:55:59 - INFO - Best Result:
2024-08-05 22:55:59 - INFO - 	Hit10: 27.2131	MRR10: 14.1131	Recall10: 27.2131	Precision10: 2.7213	Epoch: 22, 19, 22, 22
2024-08-05 22:55:59 - INFO - Current Result:
2024-08-05 22:55:59 - INFO - \Hit15: 31.3349	MRR15: 14.4275	Recall15: 31.3349	Precision15: 2.0890
2024-08-05 22:55:59 - INFO - Best Result:
2024-08-05 22:55:59 - INFO - 	Hit15: 31.4286	MRR15: 14.4397	Recall15: 31.4286	Precision15: 2.0952	Epoch: 13, 19, 13, 13
2024-08-05 22:55:59 - INFO - Current Result:
2024-08-05 22:55:59 - INFO - \Hit20: 34.5667	MRR20: 14.6080	Recall20: 34.5667	Precision20: 1.7283
2024-08-05 22:55:59 - INFO - Best Result:
2024-08-05 22:55:59 - INFO - 	Hit20: 34.7541	MRR20: 14.6177	Recall20: 34.7541	Precision20: 1.7377	Epoch: 14, 19, 14, 14
2024-08-05 22:55:59 - INFO - EPOCH:28
2024-08-05 22:55:59 - INFO - Time:2024/08/05 22:55:59
2024-08-05 22:56:23 - INFO - loss: 11.473062515258789; rec_loss: 11.473062515258789; intent_loss: 0.000203795381821692 
2024-08-05 22:56:23 - INFO - Current Result:
2024-08-05 22:56:23 - INFO - \Hit5: 20.5621	MRR5: 13.2342	Recall5: 20.5621	Precision5: 4.1124
2024-08-05 22:56:23 - INFO - Best Result:
2024-08-05 22:56:23 - INFO - 	Hit5: 20.7026	MRR5: 13.2553	Recall5: 20.7026	Precision5: 4.1405	Epoch: 12, 19, 12, 12
2024-08-05 22:56:23 - INFO - Current Result:
2024-08-05 22:56:23 - INFO - \Hit10: 27.0726	MRR10: 14.0943	Recall10: 27.0726	Precision10: 2.7073
2024-08-05 22:56:23 - INFO - Best Result:
2024-08-05 22:56:23 - INFO - 	Hit10: 27.2131	MRR10: 14.1131	Recall10: 27.2131	Precision10: 2.7213	Epoch: 22, 19, 22, 22
2024-08-05 22:56:23 - INFO - Current Result:
2024-08-05 22:56:23 - INFO - \Hit15: 31.3349	MRR15: 14.4268	Recall15: 31.3349	Precision15: 2.0890
2024-08-05 22:56:23 - INFO - Best Result:
2024-08-05 22:56:23 - INFO - 	Hit15: 31.4286	MRR15: 14.4397	Recall15: 31.4286	Precision15: 2.0952	Epoch: 13, 19, 13, 13
2024-08-05 22:56:23 - INFO - Current Result:
2024-08-05 22:56:23 - INFO - \Hit20: 34.5667	MRR20: 14.6070	Recall20: 34.5667	Precision20: 1.7283
2024-08-05 22:56:23 - INFO - Best Result:
2024-08-05 22:56:23 - INFO - 	Hit20: 34.7541	MRR20: 14.6177	Recall20: 34.7541	Precision20: 1.7377	Epoch: 14, 19, 14, 14
2024-08-05 22:56:23 - INFO - EPOCH:29
2024-08-05 22:56:23 - INFO - Time:2024/08/05 22:56:23
2024-08-05 22:56:47 - INFO - loss: 11.443772315979004; rec_loss: 11.443772315979004; intent_loss: 0.0002037934900727123 
2024-08-05 22:56:47 - INFO - Current Result:
2024-08-05 22:56:47 - INFO - \Hit5: 20.5621	MRR5: 13.2576	Recall5: 20.5621	Precision5: 4.1124
2024-08-05 22:56:47 - INFO - Best Result:
2024-08-05 22:56:47 - INFO - 	Hit5: 20.7026	MRR5: 13.2576	Recall5: 20.7026	Precision5: 4.1405	Epoch: 12, 29, 12, 12
2024-08-05 22:56:47 - INFO - Current Result:
2024-08-05 22:56:47 - INFO - \Hit10: 27.0726	MRR10: 14.1183	Recall10: 27.0726	Precision10: 2.7073
2024-08-05 22:56:47 - INFO - Best Result:
2024-08-05 22:56:47 - INFO - 	Hit10: 27.2131	MRR10: 14.1183	Recall10: 27.2131	Precision10: 2.7213	Epoch: 22, 29, 22, 22
2024-08-05 22:56:47 - INFO - Current Result:
2024-08-05 22:56:47 - INFO - \Hit15: 31.3349	MRR15: 14.4509	Recall15: 31.3349	Precision15: 2.0890
2024-08-05 22:56:47 - INFO - Best Result:
2024-08-05 22:56:47 - INFO - 	Hit15: 31.4286	MRR15: 14.4509	Recall15: 31.4286	Precision15: 2.0952	Epoch: 13, 29, 13, 13
2024-08-05 22:56:47 - INFO - Current Result:
2024-08-05 22:56:47 - INFO - \Hit20: 34.5667	MRR20: 14.6314	Recall20: 34.5667	Precision20: 1.7283
2024-08-05 22:56:47 - INFO - Best Result:
2024-08-05 22:56:47 - INFO - 	Hit20: 34.7541	MRR20: 14.6314	Recall20: 34.7541	Precision20: 1.7377	Epoch: 14, 29, 14, 14
2024-08-05 22:56:47 - INFO - EPOCH:30
2024-08-05 22:56:47 - INFO - Time:2024/08/05 22:56:47
2024-08-05 22:57:08 - INFO - loss: 11.465155601501465; rec_loss: 11.465155601501465; intent_loss: 0.0002037930826190859 
2024-08-05 22:57:08 - INFO - Current Result:
2024-08-05 22:57:08 - INFO - \Hit5: 20.5621	MRR5: 13.2576	Recall5: 20.5621	Precision5: 4.1124
2024-08-05 22:57:08 - INFO - Best Result:
2024-08-05 22:57:08 - INFO - 	Hit5: 20.7026	MRR5: 13.2576	Recall5: 20.7026	Precision5: 4.1405	Epoch: 12, 29, 12, 12
2024-08-05 22:57:08 - INFO - Current Result:
2024-08-05 22:57:08 - INFO - \Hit10: 27.0726	MRR10: 14.1183	Recall10: 27.0726	Precision10: 2.7073
2024-08-05 22:57:08 - INFO - Best Result:
2024-08-05 22:57:08 - INFO - 	Hit10: 27.2131	MRR10: 14.1183	Recall10: 27.2131	Precision10: 2.7213	Epoch: 22, 29, 22, 22
2024-08-05 22:57:08 - INFO - Current Result:
2024-08-05 22:57:08 - INFO - \Hit15: 31.3349	MRR15: 14.4509	Recall15: 31.3349	Precision15: 2.0890
2024-08-05 22:57:08 - INFO - Best Result:
2024-08-05 22:57:08 - INFO - 	Hit15: 31.4286	MRR15: 14.4509	Recall15: 31.4286	Precision15: 2.0952	Epoch: 13, 29, 13, 13
2024-08-05 22:57:08 - INFO - Current Result:
2024-08-05 22:57:08 - INFO - \Hit20: 34.5667	MRR20: 14.6314	Recall20: 34.5667	Precision20: 1.7283
2024-08-05 22:57:08 - INFO - Best Result:
2024-08-05 22:57:08 - INFO - 	Hit20: 34.7541	MRR20: 14.6314	Recall20: 34.7541	Precision20: 1.7377	Epoch: 14, 29, 14, 14
2024-08-05 22:57:08 - INFO - EPOCH:31
2024-08-05 22:57:08 - INFO - Time:2024/08/05 22:57:08
2024-08-05 22:57:29 - INFO - loss: 11.464056015014648; rec_loss: 11.464056015014648; intent_loss: 0.00020379314082674682 
2024-08-05 22:57:29 - INFO - Current Result:
2024-08-05 22:57:29 - INFO - \Hit5: 20.5621	MRR5: 13.2576	Recall5: 20.5621	Precision5: 4.1124
2024-08-05 22:57:29 - INFO - Best Result:
2024-08-05 22:57:29 - INFO - 	Hit5: 20.7026	MRR5: 13.2576	Recall5: 20.7026	Precision5: 4.1405	Epoch: 12, 29, 12, 12
2024-08-05 22:57:29 - INFO - Current Result:
2024-08-05 22:57:29 - INFO - \Hit10: 27.0726	MRR10: 14.1183	Recall10: 27.0726	Precision10: 2.7073
2024-08-05 22:57:29 - INFO - Best Result:
2024-08-05 22:57:29 - INFO - 	Hit10: 27.2131	MRR10: 14.1183	Recall10: 27.2131	Precision10: 2.7213	Epoch: 22, 29, 22, 22
2024-08-05 22:57:29 - INFO - Current Result:
2024-08-05 22:57:29 - INFO - \Hit15: 31.3349	MRR15: 14.4509	Recall15: 31.3349	Precision15: 2.0890
2024-08-05 22:57:29 - INFO - Best Result:
2024-08-05 22:57:29 - INFO - 	Hit15: 31.4286	MRR15: 14.4509	Recall15: 31.4286	Precision15: 2.0952	Epoch: 13, 29, 13, 13
2024-08-05 22:57:29 - INFO - Current Result:
2024-08-05 22:57:29 - INFO - \Hit20: 34.5667	MRR20: 14.6314	Recall20: 34.5667	Precision20: 1.7283
2024-08-05 22:57:29 - INFO - Best Result:
2024-08-05 22:57:29 - INFO - 	Hit20: 34.7541	MRR20: 14.6314	Recall20: 34.7541	Precision20: 1.7377	Epoch: 14, 29, 14, 14
2024-08-05 22:57:29 - INFO - EPOCH:32
2024-08-05 22:57:29 - INFO - Time:2024/08/05 22:57:29
2024-08-05 22:57:50 - INFO - loss: 11.463997840881348; rec_loss: 11.463997840881348; intent_loss: 0.00020379306806717068 
2024-08-05 22:57:50 - INFO - Current Result:
2024-08-05 22:57:50 - INFO - \Hit5: 20.5621	MRR5: 13.2576	Recall5: 20.5621	Precision5: 4.1124
2024-08-05 22:57:50 - INFO - Best Result:
2024-08-05 22:57:50 - INFO - 	Hit5: 20.7026	MRR5: 13.2576	Recall5: 20.7026	Precision5: 4.1405	Epoch: 12, 29, 12, 12
2024-08-05 22:57:50 - INFO - Current Result:
2024-08-05 22:57:50 - INFO - \Hit10: 27.0726	MRR10: 14.1183	Recall10: 27.0726	Precision10: 2.7073
2024-08-05 22:57:50 - INFO - Best Result:
2024-08-05 22:57:50 - INFO - 	Hit10: 27.2131	MRR10: 14.1183	Recall10: 27.2131	Precision10: 2.7213	Epoch: 22, 29, 22, 22
2024-08-05 22:57:50 - INFO - Current Result:
2024-08-05 22:57:50 - INFO - \Hit15: 31.3349	MRR15: 14.4509	Recall15: 31.3349	Precision15: 2.0890
2024-08-05 22:57:50 - INFO - Best Result:
2024-08-05 22:57:50 - INFO - 	Hit15: 31.4286	MRR15: 14.4509	Recall15: 31.4286	Precision15: 2.0952	Epoch: 13, 29, 13, 13
2024-08-05 22:57:50 - INFO - Current Result:
2024-08-05 22:57:50 - INFO - \Hit20: 34.5667	MRR20: 14.6314	Recall20: 34.5667	Precision20: 1.7283
2024-08-05 22:57:50 - INFO - Best Result:
2024-08-05 22:57:50 - INFO - 	Hit20: 34.7541	MRR20: 14.6314	Recall20: 34.7541	Precision20: 1.7377	Epoch: 14, 29, 14, 14
2024-08-05 22:57:50 - INFO - EPOCH:33
2024-08-05 22:57:50 - INFO - Time:2024/08/05 22:57:50
2024-08-05 22:58:12 - INFO - loss: 11.49727725982666; rec_loss: 11.49727725982666; intent_loss: 0.000203793024411425 
2024-08-05 22:58:12 - INFO - Current Result:
2024-08-05 22:58:12 - INFO - \Hit5: 20.5621	MRR5: 13.2576	Recall5: 20.5621	Precision5: 4.1124
2024-08-05 22:58:12 - INFO - Best Result:
2024-08-05 22:58:12 - INFO - 	Hit5: 20.7026	MRR5: 13.2576	Recall5: 20.7026	Precision5: 4.1405	Epoch: 12, 29, 12, 12
2024-08-05 22:58:12 - INFO - Current Result:
2024-08-05 22:58:12 - INFO - \Hit10: 27.0726	MRR10: 14.1183	Recall10: 27.0726	Precision10: 2.7073
2024-08-05 22:58:12 - INFO - Best Result:
2024-08-05 22:58:12 - INFO - 	Hit10: 27.2131	MRR10: 14.1183	Recall10: 27.2131	Precision10: 2.7213	Epoch: 22, 29, 22, 22
2024-08-05 22:58:12 - INFO - Current Result:
2024-08-05 22:58:12 - INFO - \Hit15: 31.3349	MRR15: 14.4509	Recall15: 31.3349	Precision15: 2.0890
2024-08-05 22:58:12 - INFO - Best Result:
2024-08-05 22:58:12 - INFO - 	Hit15: 31.4286	MRR15: 14.4509	Recall15: 31.4286	Precision15: 2.0952	Epoch: 13, 29, 13, 13
2024-08-05 22:58:12 - INFO - Current Result:
2024-08-05 22:58:12 - INFO - \Hit20: 34.5667	MRR20: 14.6314	Recall20: 34.5667	Precision20: 1.7283
2024-08-05 22:58:12 - INFO - Best Result:
2024-08-05 22:58:12 - INFO - 	Hit20: 34.7541	MRR20: 14.6314	Recall20: 34.7541	Precision20: 1.7377	Epoch: 14, 29, 14, 14
2024-08-05 22:58:12 - INFO - EPOCH:34
2024-08-05 22:58:12 - INFO - Time:2024/08/05 22:58:12
2024-08-05 22:58:32 - INFO - loss: 11.429780960083008; rec_loss: 11.429780960083008; intent_loss: 0.0002037929807556793 
2024-08-05 22:58:32 - INFO - Current Result:
2024-08-05 22:58:32 - INFO - \Hit5: 20.5621	MRR5: 13.2576	Recall5: 20.5621	Precision5: 4.1124
2024-08-05 22:58:32 - INFO - Best Result:
2024-08-05 22:58:32 - INFO - 	Hit5: 20.7026	MRR5: 13.2576	Recall5: 20.7026	Precision5: 4.1405	Epoch: 12, 29, 12, 12
2024-08-05 22:58:32 - INFO - Current Result:
2024-08-05 22:58:32 - INFO - \Hit10: 27.0726	MRR10: 14.1183	Recall10: 27.0726	Precision10: 2.7073
2024-08-05 22:58:32 - INFO - Best Result:
2024-08-05 22:58:32 - INFO - 	Hit10: 27.2131	MRR10: 14.1183	Recall10: 27.2131	Precision10: 2.7213	Epoch: 22, 29, 22, 22
2024-08-05 22:58:32 - INFO - Current Result:
2024-08-05 22:58:32 - INFO - \Hit15: 31.3349	MRR15: 14.4509	Recall15: 31.3349	Precision15: 2.0890
2024-08-05 22:58:32 - INFO - Best Result:
2024-08-05 22:58:32 - INFO - 	Hit15: 31.4286	MRR15: 14.4509	Recall15: 31.4286	Precision15: 2.0952	Epoch: 13, 29, 13, 13
2024-08-05 22:58:32 - INFO - Current Result:
2024-08-05 22:58:32 - INFO - \Hit20: 34.5667	MRR20: 14.6314	Recall20: 34.5667	Precision20: 1.7283
2024-08-05 22:58:32 - INFO - Best Result:
2024-08-05 22:58:32 - INFO - 	Hit20: 34.7541	MRR20: 14.6314	Recall20: 34.7541	Precision20: 1.7377	Epoch: 14, 29, 14, 14
2024-08-05 22:58:32 - INFO - EPOCH:35
2024-08-05 22:58:32 - INFO - Time:2024/08/05 22:58:32
2024-08-05 22:58:54 - INFO - loss: 11.473427772521973; rec_loss: 11.473427772521973; intent_loss: 0.000203793024411425 
2024-08-05 22:58:54 - INFO - Current Result:
2024-08-05 22:58:54 - INFO - \Hit5: 20.5621	MRR5: 13.2576	Recall5: 20.5621	Precision5: 4.1124
2024-08-05 22:58:54 - INFO - Best Result:
2024-08-05 22:58:54 - INFO - 	Hit5: 20.7026	MRR5: 13.2576	Recall5: 20.7026	Precision5: 4.1405	Epoch: 12, 29, 12, 12
2024-08-05 22:58:54 - INFO - Current Result:
2024-08-05 22:58:54 - INFO - \Hit10: 27.0726	MRR10: 14.1183	Recall10: 27.0726	Precision10: 2.7073
2024-08-05 22:58:54 - INFO - Best Result:
2024-08-05 22:58:54 - INFO - 	Hit10: 27.2131	MRR10: 14.1183	Recall10: 27.2131	Precision10: 2.7213	Epoch: 22, 29, 22, 22
2024-08-05 22:58:54 - INFO - Current Result:
2024-08-05 22:58:54 - INFO - \Hit15: 31.3349	MRR15: 14.4509	Recall15: 31.3349	Precision15: 2.0890
2024-08-05 22:58:54 - INFO - Best Result:
2024-08-05 22:58:54 - INFO - 	Hit15: 31.4286	MRR15: 14.4509	Recall15: 31.4286	Precision15: 2.0952	Epoch: 13, 29, 13, 13
2024-08-05 22:58:54 - INFO - Current Result:
2024-08-05 22:58:54 - INFO - \Hit20: 34.5667	MRR20: 14.6314	Recall20: 34.5667	Precision20: 1.7283
2024-08-05 22:58:54 - INFO - Best Result:
2024-08-05 22:58:54 - INFO - 	Hit20: 34.7541	MRR20: 14.6314	Recall20: 34.7541	Precision20: 1.7377	Epoch: 14, 29, 14, 14
2024-08-05 22:58:54 - INFO - EPOCH:36
2024-08-05 22:58:54 - INFO - Time:2024/08/05 22:58:54
2024-08-05 22:59:16 - INFO - loss: 11.448199272155762; rec_loss: 11.448199272155762; intent_loss: 0.00020379300985950977 
2024-08-05 22:59:16 - INFO - Current Result:
2024-08-05 22:59:16 - INFO - \Hit5: 20.5621	MRR5: 13.2576	Recall5: 20.5621	Precision5: 4.1124
2024-08-05 22:59:16 - INFO - Best Result:
2024-08-05 22:59:16 - INFO - 	Hit5: 20.7026	MRR5: 13.2576	Recall5: 20.7026	Precision5: 4.1405	Epoch: 12, 29, 12, 12
2024-08-05 22:59:16 - INFO - Current Result:
2024-08-05 22:59:16 - INFO - \Hit10: 27.0726	MRR10: 14.1183	Recall10: 27.0726	Precision10: 2.7073
2024-08-05 22:59:16 - INFO - Best Result:
2024-08-05 22:59:16 - INFO - 	Hit10: 27.2131	MRR10: 14.1183	Recall10: 27.2131	Precision10: 2.7213	Epoch: 22, 29, 22, 22
2024-08-05 22:59:16 - INFO - Current Result:
2024-08-05 22:59:16 - INFO - \Hit15: 31.3349	MRR15: 14.4509	Recall15: 31.3349	Precision15: 2.0890
2024-08-05 22:59:16 - INFO - Best Result:
2024-08-05 22:59:16 - INFO - 	Hit15: 31.4286	MRR15: 14.4509	Recall15: 31.4286	Precision15: 2.0952	Epoch: 13, 29, 13, 13
2024-08-05 22:59:16 - INFO - Current Result:
2024-08-05 22:59:16 - INFO - \Hit20: 34.5667	MRR20: 14.6314	Recall20: 34.5667	Precision20: 1.7283
2024-08-05 22:59:16 - INFO - Best Result:
2024-08-05 22:59:16 - INFO - 	Hit20: 34.7541	MRR20: 14.6314	Recall20: 34.7541	Precision20: 1.7377	Epoch: 14, 29, 14, 14
2024-08-05 22:59:16 - INFO - EPOCH:37
2024-08-05 22:59:16 - INFO - Time:2024/08/05 22:59:16
2024-08-05 22:59:40 - INFO - loss: 11.451642036437988; rec_loss: 11.451642036437988; intent_loss: 0.000203793024411425 
2024-08-05 22:59:40 - INFO - Current Result:
2024-08-05 22:59:40 - INFO - \Hit5: 20.5621	MRR5: 13.2576	Recall5: 20.5621	Precision5: 4.1124
2024-08-05 22:59:40 - INFO - Best Result:
2024-08-05 22:59:40 - INFO - 	Hit5: 20.7026	MRR5: 13.2576	Recall5: 20.7026	Precision5: 4.1405	Epoch: 12, 29, 12, 12
2024-08-05 22:59:40 - INFO - Current Result:
2024-08-05 22:59:40 - INFO - \Hit10: 27.0726	MRR10: 14.1183	Recall10: 27.0726	Precision10: 2.7073
2024-08-05 22:59:40 - INFO - Best Result:
2024-08-05 22:59:40 - INFO - 	Hit10: 27.2131	MRR10: 14.1183	Recall10: 27.2131	Precision10: 2.7213	Epoch: 22, 29, 22, 22
2024-08-05 22:59:40 - INFO - Current Result:
2024-08-05 22:59:40 - INFO - \Hit15: 31.3349	MRR15: 14.4509	Recall15: 31.3349	Precision15: 2.0890
2024-08-05 22:59:40 - INFO - Best Result:
2024-08-05 22:59:40 - INFO - 	Hit15: 31.4286	MRR15: 14.4509	Recall15: 31.4286	Precision15: 2.0952	Epoch: 13, 29, 13, 13
2024-08-05 22:59:40 - INFO - Current Result:
2024-08-05 22:59:40 - INFO - \Hit20: 34.5667	MRR20: 14.6314	Recall20: 34.5667	Precision20: 1.7283
2024-08-05 22:59:40 - INFO - Best Result:
2024-08-05 22:59:40 - INFO - 	Hit20: 34.7541	MRR20: 14.6314	Recall20: 34.7541	Precision20: 1.7377	Epoch: 14, 29, 14, 14
2024-08-05 22:59:40 - INFO - EPOCH:38
2024-08-05 22:59:40 - INFO - Time:2024/08/05 22:59:40
2024-08-05 23:00:05 - INFO - loss: 11.458739280700684; rec_loss: 11.458739280700684; intent_loss: 0.000203793024411425 
2024-08-05 23:00:05 - INFO - Current Result:
2024-08-05 23:00:05 - INFO - \Hit5: 20.5621	MRR5: 13.2576	Recall5: 20.5621	Precision5: 4.1124
2024-08-05 23:00:05 - INFO - Best Result:
2024-08-05 23:00:05 - INFO - 	Hit5: 20.7026	MRR5: 13.2576	Recall5: 20.7026	Precision5: 4.1405	Epoch: 12, 29, 12, 12
2024-08-05 23:00:05 - INFO - Current Result:
2024-08-05 23:00:05 - INFO - \Hit10: 27.0726	MRR10: 14.1183	Recall10: 27.0726	Precision10: 2.7073
2024-08-05 23:00:05 - INFO - Best Result:
2024-08-05 23:00:05 - INFO - 	Hit10: 27.2131	MRR10: 14.1183	Recall10: 27.2131	Precision10: 2.7213	Epoch: 22, 29, 22, 22
2024-08-05 23:00:05 - INFO - Current Result:
2024-08-05 23:00:05 - INFO - \Hit15: 31.3349	MRR15: 14.4509	Recall15: 31.3349	Precision15: 2.0890
2024-08-05 23:00:05 - INFO - Best Result:
2024-08-05 23:00:05 - INFO - 	Hit15: 31.4286	MRR15: 14.4509	Recall15: 31.4286	Precision15: 2.0952	Epoch: 13, 29, 13, 13
2024-08-05 23:00:05 - INFO - Current Result:
2024-08-05 23:00:05 - INFO - \Hit20: 34.5667	MRR20: 14.6314	Recall20: 34.5667	Precision20: 1.7283
2024-08-05 23:00:05 - INFO - Best Result:
2024-08-05 23:00:05 - INFO - 	Hit20: 34.7541	MRR20: 14.6314	Recall20: 34.7541	Precision20: 1.7377	Epoch: 14, 29, 14, 14
2024-08-05 23:00:05 - INFO - EPOCH:39
2024-08-05 23:00:05 - INFO - Time:2024/08/05 23:00:05
2024-08-05 23:00:29 - INFO - loss: 11.480233192443848; rec_loss: 11.480233192443848; intent_loss: 0.000203793024411425 
2024-08-05 23:00:29 - INFO - Current Result:
2024-08-05 23:00:29 - INFO - \Hit5: 20.5621	MRR5: 13.2576	Recall5: 20.5621	Precision5: 4.1124
2024-08-05 23:00:29 - INFO - Best Result:
2024-08-05 23:00:29 - INFO - 	Hit5: 20.7026	MRR5: 13.2576	Recall5: 20.7026	Precision5: 4.1405	Epoch: 12, 29, 12, 12
2024-08-05 23:00:29 - INFO - Current Result:
2024-08-05 23:00:29 - INFO - \Hit10: 27.0726	MRR10: 14.1183	Recall10: 27.0726	Precision10: 2.7073
2024-08-05 23:00:29 - INFO - Best Result:
2024-08-05 23:00:29 - INFO - 	Hit10: 27.2131	MRR10: 14.1183	Recall10: 27.2131	Precision10: 2.7213	Epoch: 22, 29, 22, 22
2024-08-05 23:00:29 - INFO - Current Result:
2024-08-05 23:00:29 - INFO - \Hit15: 31.3349	MRR15: 14.4509	Recall15: 31.3349	Precision15: 2.0890
2024-08-05 23:00:29 - INFO - Best Result:
2024-08-05 23:00:29 - INFO - 	Hit15: 31.4286	MRR15: 14.4509	Recall15: 31.4286	Precision15: 2.0952	Epoch: 13, 29, 13, 13
2024-08-05 23:00:29 - INFO - Current Result:
2024-08-05 23:00:29 - INFO - \Hit20: 34.5667	MRR20: 14.6314	Recall20: 34.5667	Precision20: 1.7283
2024-08-05 23:00:29 - INFO - Best Result:
2024-08-05 23:00:29 - INFO - 	Hit20: 34.7541	MRR20: 14.6314	Recall20: 34.7541	Precision20: 1.7377	Epoch: 14, 29, 14, 14
2024-08-05 23:00:29 - INFO - EPOCH:40
2024-08-05 23:00:29 - INFO - Time:2024/08/05 23:00:29
2024-08-05 23:00:53 - INFO - loss: 11.444936752319336; rec_loss: 11.444936752319336; intent_loss: 0.000203793024411425 
2024-08-05 23:00:53 - INFO - Current Result:
2024-08-05 23:00:53 - INFO - \Hit5: 20.5621	MRR5: 13.2576	Recall5: 20.5621	Precision5: 4.1124
2024-08-05 23:00:53 - INFO - Best Result:
2024-08-05 23:00:53 - INFO - 	Hit5: 20.7026	MRR5: 13.2576	Recall5: 20.7026	Precision5: 4.1405	Epoch: 12, 29, 12, 12
2024-08-05 23:00:53 - INFO - Current Result:
2024-08-05 23:00:53 - INFO - \Hit10: 27.0726	MRR10: 14.1183	Recall10: 27.0726	Precision10: 2.7073
2024-08-05 23:00:53 - INFO - Best Result:
2024-08-05 23:00:53 - INFO - 	Hit10: 27.2131	MRR10: 14.1183	Recall10: 27.2131	Precision10: 2.7213	Epoch: 22, 29, 22, 22
2024-08-05 23:00:53 - INFO - Current Result:
2024-08-05 23:00:53 - INFO - \Hit15: 31.3349	MRR15: 14.4509	Recall15: 31.3349	Precision15: 2.0890
2024-08-05 23:00:53 - INFO - Best Result:
2024-08-05 23:00:53 - INFO - 	Hit15: 31.4286	MRR15: 14.4509	Recall15: 31.4286	Precision15: 2.0952	Epoch: 13, 29, 13, 13
2024-08-05 23:00:53 - INFO - Current Result:
2024-08-05 23:00:53 - INFO - \Hit20: 34.5667	MRR20: 14.6314	Recall20: 34.5667	Precision20: 1.7283
2024-08-05 23:00:53 - INFO - Best Result:
2024-08-05 23:00:53 - INFO - 	Hit20: 34.7541	MRR20: 14.6314	Recall20: 34.7541	Precision20: 1.7377	Epoch: 14, 29, 14, 14
2024-08-05 23:00:53 - INFO - EPOCH:41
2024-08-05 23:00:53 - INFO - Time:2024/08/05 23:00:53
2024-08-05 23:01:19 - INFO - loss: 11.484257698059082; rec_loss: 11.484257698059082; intent_loss: 0.000203793024411425 
2024-08-05 23:01:19 - INFO - Current Result:
2024-08-05 23:01:19 - INFO - \Hit5: 20.5621	MRR5: 13.2576	Recall5: 20.5621	Precision5: 4.1124
2024-08-05 23:01:19 - INFO - Best Result:
2024-08-05 23:01:19 - INFO - 	Hit5: 20.7026	MRR5: 13.2576	Recall5: 20.7026	Precision5: 4.1405	Epoch: 12, 29, 12, 12
2024-08-05 23:01:19 - INFO - Current Result:
2024-08-05 23:01:19 - INFO - \Hit10: 27.0726	MRR10: 14.1183	Recall10: 27.0726	Precision10: 2.7073
2024-08-05 23:01:19 - INFO - Best Result:
2024-08-05 23:01:19 - INFO - 	Hit10: 27.2131	MRR10: 14.1183	Recall10: 27.2131	Precision10: 2.7213	Epoch: 22, 29, 22, 22
2024-08-05 23:01:19 - INFO - Current Result:
2024-08-05 23:01:19 - INFO - \Hit15: 31.3349	MRR15: 14.4509	Recall15: 31.3349	Precision15: 2.0890
2024-08-05 23:01:19 - INFO - Best Result:
2024-08-05 23:01:19 - INFO - 	Hit15: 31.4286	MRR15: 14.4509	Recall15: 31.4286	Precision15: 2.0952	Epoch: 13, 29, 13, 13
2024-08-05 23:01:19 - INFO - Current Result:
2024-08-05 23:01:19 - INFO - \Hit20: 34.5667	MRR20: 14.6314	Recall20: 34.5667	Precision20: 1.7283
2024-08-05 23:01:19 - INFO - Best Result:
2024-08-05 23:01:19 - INFO - 	Hit20: 34.7541	MRR20: 14.6314	Recall20: 34.7541	Precision20: 1.7377	Epoch: 14, 29, 14, 14
2024-08-05 23:01:19 - INFO - EPOCH:42
2024-08-05 23:01:19 - INFO - Time:2024/08/05 23:01:19
2024-08-05 23:01:43 - INFO - loss: 11.4417142868042; rec_loss: 11.4417142868042; intent_loss: 0.000203793024411425 
2024-08-05 23:01:43 - INFO - Current Result:
2024-08-05 23:01:43 - INFO - \Hit5: 20.5621	MRR5: 13.2576	Recall5: 20.5621	Precision5: 4.1124
2024-08-05 23:01:43 - INFO - Best Result:
2024-08-05 23:01:43 - INFO - 	Hit5: 20.7026	MRR5: 13.2576	Recall5: 20.7026	Precision5: 4.1405	Epoch: 12, 29, 12, 12
2024-08-05 23:01:43 - INFO - Current Result:
2024-08-05 23:01:43 - INFO - \Hit10: 27.0726	MRR10: 14.1183	Recall10: 27.0726	Precision10: 2.7073
2024-08-05 23:01:43 - INFO - Best Result:
2024-08-05 23:01:43 - INFO - 	Hit10: 27.2131	MRR10: 14.1183	Recall10: 27.2131	Precision10: 2.7213	Epoch: 22, 29, 22, 22
2024-08-05 23:01:43 - INFO - Current Result:
2024-08-05 23:01:43 - INFO - \Hit15: 31.3349	MRR15: 14.4509	Recall15: 31.3349	Precision15: 2.0890
2024-08-05 23:01:43 - INFO - Best Result:
2024-08-05 23:01:43 - INFO - 	Hit15: 31.4286	MRR15: 14.4509	Recall15: 31.4286	Precision15: 2.0952	Epoch: 13, 29, 13, 13
2024-08-05 23:01:43 - INFO - Current Result:
2024-08-05 23:01:43 - INFO - \Hit20: 34.5667	MRR20: 14.6314	Recall20: 34.5667	Precision20: 1.7283
2024-08-05 23:01:43 - INFO - Best Result:
2024-08-05 23:01:43 - INFO - 	Hit20: 34.7541	MRR20: 14.6314	Recall20: 34.7541	Precision20: 1.7377	Epoch: 14, 29, 14, 14
2024-08-05 23:01:43 - INFO - EPOCH:43
2024-08-05 23:01:43 - INFO - Time:2024/08/05 23:01:43
2024-08-05 23:02:07 - INFO - loss: 11.465324401855469; rec_loss: 11.465324401855469; intent_loss: 0.000203793024411425 
2024-08-05 23:02:07 - INFO - Current Result:
2024-08-05 23:02:07 - INFO - \Hit5: 20.5621	MRR5: 13.2576	Recall5: 20.5621	Precision5: 4.1124
2024-08-05 23:02:07 - INFO - Best Result:
2024-08-05 23:02:07 - INFO - 	Hit5: 20.7026	MRR5: 13.2576	Recall5: 20.7026	Precision5: 4.1405	Epoch: 12, 29, 12, 12
2024-08-05 23:02:07 - INFO - Current Result:
2024-08-05 23:02:07 - INFO - \Hit10: 27.0726	MRR10: 14.1183	Recall10: 27.0726	Precision10: 2.7073
2024-08-05 23:02:07 - INFO - Best Result:
2024-08-05 23:02:07 - INFO - 	Hit10: 27.2131	MRR10: 14.1183	Recall10: 27.2131	Precision10: 2.7213	Epoch: 22, 29, 22, 22
2024-08-05 23:02:07 - INFO - Current Result:
2024-08-05 23:02:07 - INFO - \Hit15: 31.3349	MRR15: 14.4509	Recall15: 31.3349	Precision15: 2.0890
2024-08-05 23:02:07 - INFO - Best Result:
2024-08-05 23:02:07 - INFO - 	Hit15: 31.4286	MRR15: 14.4509	Recall15: 31.4286	Precision15: 2.0952	Epoch: 13, 29, 13, 13
2024-08-05 23:02:07 - INFO - Current Result:
2024-08-05 23:02:07 - INFO - \Hit20: 34.5667	MRR20: 14.6314	Recall20: 34.5667	Precision20: 1.7283
2024-08-05 23:02:07 - INFO - Best Result:
2024-08-05 23:02:07 - INFO - 	Hit20: 34.7541	MRR20: 14.6314	Recall20: 34.7541	Precision20: 1.7377	Epoch: 14, 29, 14, 14
2024-08-05 23:02:07 - INFO - EPOCH:44
2024-08-05 23:02:07 - INFO - Time:2024/08/05 23:02:07
2024-08-05 23:02:28 - INFO - loss: 11.447710037231445; rec_loss: 11.447710037231445; intent_loss: 0.000203793024411425 
2024-08-05 23:02:28 - INFO - Current Result:
2024-08-05 23:02:28 - INFO - \Hit5: 20.5621	MRR5: 13.2576	Recall5: 20.5621	Precision5: 4.1124
2024-08-05 23:02:28 - INFO - Best Result:
2024-08-05 23:02:28 - INFO - 	Hit5: 20.7026	MRR5: 13.2576	Recall5: 20.7026	Precision5: 4.1405	Epoch: 12, 29, 12, 12
2024-08-05 23:02:28 - INFO - Current Result:
2024-08-05 23:02:28 - INFO - \Hit10: 27.0726	MRR10: 14.1183	Recall10: 27.0726	Precision10: 2.7073
2024-08-05 23:02:28 - INFO - Best Result:
2024-08-05 23:02:28 - INFO - 	Hit10: 27.2131	MRR10: 14.1183	Recall10: 27.2131	Precision10: 2.7213	Epoch: 22, 29, 22, 22
2024-08-05 23:02:28 - INFO - Current Result:
2024-08-05 23:02:28 - INFO - \Hit15: 31.3349	MRR15: 14.4509	Recall15: 31.3349	Precision15: 2.0890
2024-08-05 23:02:28 - INFO - Best Result:
2024-08-05 23:02:28 - INFO - 	Hit15: 31.4286	MRR15: 14.4509	Recall15: 31.4286	Precision15: 2.0952	Epoch: 13, 29, 13, 13
2024-08-05 23:02:28 - INFO - Current Result:
2024-08-05 23:02:28 - INFO - \Hit20: 34.5667	MRR20: 14.6314	Recall20: 34.5667	Precision20: 1.7283
2024-08-05 23:02:28 - INFO - Best Result:
2024-08-05 23:02:28 - INFO - 	Hit20: 34.7541	MRR20: 14.6314	Recall20: 34.7541	Precision20: 1.7377	Epoch: 14, 29, 14, 14
2024-08-05 23:02:28 - INFO - EPOCH:45
2024-08-05 23:02:28 - INFO - Time:2024/08/05 23:02:28
2024-08-05 23:02:49 - INFO - loss: 11.466316223144531; rec_loss: 11.466316223144531; intent_loss: 0.00020379303896334022 
2024-08-05 23:02:49 - INFO - Current Result:
2024-08-05 23:02:49 - INFO - \Hit5: 20.5621	MRR5: 13.2576	Recall5: 20.5621	Precision5: 4.1124
2024-08-05 23:02:49 - INFO - Best Result:
2024-08-05 23:02:49 - INFO - 	Hit5: 20.7026	MRR5: 13.2576	Recall5: 20.7026	Precision5: 4.1405	Epoch: 12, 29, 12, 12
2024-08-05 23:02:49 - INFO - Current Result:
2024-08-05 23:02:49 - INFO - \Hit10: 27.0726	MRR10: 14.1183	Recall10: 27.0726	Precision10: 2.7073
2024-08-05 23:02:49 - INFO - Best Result:
2024-08-05 23:02:49 - INFO - 	Hit10: 27.2131	MRR10: 14.1183	Recall10: 27.2131	Precision10: 2.7213	Epoch: 22, 29, 22, 22
2024-08-05 23:02:49 - INFO - Current Result:
2024-08-05 23:02:49 - INFO - \Hit15: 31.3349	MRR15: 14.4509	Recall15: 31.3349	Precision15: 2.0890
2024-08-05 23:02:49 - INFO - Best Result:
2024-08-05 23:02:49 - INFO - 	Hit15: 31.4286	MRR15: 14.4509	Recall15: 31.4286	Precision15: 2.0952	Epoch: 13, 29, 13, 13
2024-08-05 23:02:49 - INFO - Current Result:
2024-08-05 23:02:49 - INFO - \Hit20: 34.5667	MRR20: 14.6314	Recall20: 34.5667	Precision20: 1.7283
2024-08-05 23:02:49 - INFO - Best Result:
2024-08-05 23:02:49 - INFO - 	Hit20: 34.7541	MRR20: 14.6314	Recall20: 34.7541	Precision20: 1.7377	Epoch: 14, 29, 14, 14
2024-08-05 23:02:49 - INFO - EPOCH:46
2024-08-05 23:02:49 - INFO - Time:2024/08/05 23:02:49
2024-08-05 23:03:08 - INFO - loss: 11.476736068725586; rec_loss: 11.476736068725586; intent_loss: 0.00020379303896334022 
2024-08-05 23:03:08 - INFO - Current Result:
2024-08-05 23:03:08 - INFO - \Hit5: 20.5621	MRR5: 13.2576	Recall5: 20.5621	Precision5: 4.1124
2024-08-05 23:03:08 - INFO - Best Result:
2024-08-05 23:03:08 - INFO - 	Hit5: 20.7026	MRR5: 13.2576	Recall5: 20.7026	Precision5: 4.1405	Epoch: 12, 29, 12, 12
2024-08-05 23:03:08 - INFO - Current Result:
2024-08-05 23:03:08 - INFO - \Hit10: 27.0726	MRR10: 14.1183	Recall10: 27.0726	Precision10: 2.7073
2024-08-05 23:03:08 - INFO - Best Result:
2024-08-05 23:03:08 - INFO - 	Hit10: 27.2131	MRR10: 14.1183	Recall10: 27.2131	Precision10: 2.7213	Epoch: 22, 29, 22, 22
2024-08-05 23:03:08 - INFO - Current Result:
2024-08-05 23:03:08 - INFO - \Hit15: 31.3349	MRR15: 14.4509	Recall15: 31.3349	Precision15: 2.0890
2024-08-05 23:03:08 - INFO - Best Result:
2024-08-05 23:03:08 - INFO - 	Hit15: 31.4286	MRR15: 14.4509	Recall15: 31.4286	Precision15: 2.0952	Epoch: 13, 29, 13, 13
2024-08-05 23:03:08 - INFO - Current Result:
2024-08-05 23:03:08 - INFO - \Hit20: 34.5667	MRR20: 14.6314	Recall20: 34.5667	Precision20: 1.7283
2024-08-05 23:03:08 - INFO - Best Result:
2024-08-05 23:03:08 - INFO - 	Hit20: 34.7541	MRR20: 14.6314	Recall20: 34.7541	Precision20: 1.7377	Epoch: 14, 29, 14, 14
2024-08-05 23:03:08 - INFO - EPOCH:47
2024-08-05 23:03:08 - INFO - Time:2024/08/05 23:03:08
2024-08-05 23:03:27 - INFO - loss: 11.440348625183105; rec_loss: 11.440348625183105; intent_loss: 0.00020379303896334022 
2024-08-05 23:03:27 - INFO - Current Result:
2024-08-05 23:03:27 - INFO - \Hit5: 20.5621	MRR5: 13.2576	Recall5: 20.5621	Precision5: 4.1124
2024-08-05 23:03:27 - INFO - Best Result:
2024-08-05 23:03:27 - INFO - 	Hit5: 20.7026	MRR5: 13.2576	Recall5: 20.7026	Precision5: 4.1405	Epoch: 12, 29, 12, 12
2024-08-05 23:03:27 - INFO - Current Result:
2024-08-05 23:03:27 - INFO - \Hit10: 27.0726	MRR10: 14.1183	Recall10: 27.0726	Precision10: 2.7073
2024-08-05 23:03:27 - INFO - Best Result:
2024-08-05 23:03:27 - INFO - 	Hit10: 27.2131	MRR10: 14.1183	Recall10: 27.2131	Precision10: 2.7213	Epoch: 22, 29, 22, 22
2024-08-05 23:03:27 - INFO - Current Result:
2024-08-05 23:03:27 - INFO - \Hit15: 31.3349	MRR15: 14.4509	Recall15: 31.3349	Precision15: 2.0890
2024-08-05 23:03:27 - INFO - Best Result:
2024-08-05 23:03:27 - INFO - 	Hit15: 31.4286	MRR15: 14.4509	Recall15: 31.4286	Precision15: 2.0952	Epoch: 13, 29, 13, 13
2024-08-05 23:03:27 - INFO - Current Result:
2024-08-05 23:03:27 - INFO - \Hit20: 34.5667	MRR20: 14.6314	Recall20: 34.5667	Precision20: 1.7283
2024-08-05 23:03:27 - INFO - Best Result:
2024-08-05 23:03:27 - INFO - 	Hit20: 34.7541	MRR20: 14.6314	Recall20: 34.7541	Precision20: 1.7377	Epoch: 14, 29, 14, 14
2024-08-05 23:03:27 - INFO - EPOCH:48
2024-08-05 23:03:27 - INFO - Time:2024/08/05 23:03:27
2024-08-05 23:03:46 - INFO - loss: 11.450764656066895; rec_loss: 11.450764656066895; intent_loss: 0.00020379303896334022 
2024-08-05 23:03:46 - INFO - Current Result:
2024-08-05 23:03:46 - INFO - \Hit5: 20.5621	MRR5: 13.2576	Recall5: 20.5621	Precision5: 4.1124
2024-08-05 23:03:46 - INFO - Best Result:
2024-08-05 23:03:46 - INFO - 	Hit5: 20.7026	MRR5: 13.2576	Recall5: 20.7026	Precision5: 4.1405	Epoch: 12, 29, 12, 12
2024-08-05 23:03:46 - INFO - Current Result:
2024-08-05 23:03:46 - INFO - \Hit10: 27.0726	MRR10: 14.1183	Recall10: 27.0726	Precision10: 2.7073
2024-08-05 23:03:46 - INFO - Best Result:
2024-08-05 23:03:46 - INFO - 	Hit10: 27.2131	MRR10: 14.1183	Recall10: 27.2131	Precision10: 2.7213	Epoch: 22, 29, 22, 22
2024-08-05 23:03:46 - INFO - Current Result:
2024-08-05 23:03:46 - INFO - \Hit15: 31.3349	MRR15: 14.4509	Recall15: 31.3349	Precision15: 2.0890
2024-08-05 23:03:46 - INFO - Best Result:
2024-08-05 23:03:46 - INFO - 	Hit15: 31.4286	MRR15: 14.4509	Recall15: 31.4286	Precision15: 2.0952	Epoch: 13, 29, 13, 13
2024-08-05 23:03:46 - INFO - Current Result:
2024-08-05 23:03:46 - INFO - \Hit20: 34.5667	MRR20: 14.6314	Recall20: 34.5667	Precision20: 1.7283
2024-08-05 23:03:46 - INFO - Best Result:
2024-08-05 23:03:46 - INFO - 	Hit20: 34.7541	MRR20: 14.6314	Recall20: 34.7541	Precision20: 1.7377	Epoch: 14, 29, 14, 14
2024-08-05 23:03:46 - INFO - EPOCH:49
2024-08-05 23:03:46 - INFO - Time:2024/08/05 23:03:46
2024-08-05 23:04:09 - INFO - loss: 11.442916870117188; rec_loss: 11.442916870117188; intent_loss: 0.00020379303896334022 
2024-08-05 23:04:09 - INFO - Current Result:
2024-08-05 23:04:09 - INFO - \Hit5: 20.5621	MRR5: 13.2576	Recall5: 20.5621	Precision5: 4.1124
2024-08-05 23:04:09 - INFO - Best Result:
2024-08-05 23:04:09 - INFO - 	Hit5: 20.7026	MRR5: 13.2576	Recall5: 20.7026	Precision5: 4.1405	Epoch: 12, 29, 12, 12
2024-08-05 23:04:09 - INFO - Current Result:
2024-08-05 23:04:09 - INFO - \Hit10: 27.0726	MRR10: 14.1183	Recall10: 27.0726	Precision10: 2.7073
2024-08-05 23:04:09 - INFO - Best Result:
2024-08-05 23:04:09 - INFO - 	Hit10: 27.2131	MRR10: 14.1183	Recall10: 27.2131	Precision10: 2.7213	Epoch: 22, 29, 22, 22
2024-08-05 23:04:09 - INFO - Current Result:
2024-08-05 23:04:09 - INFO - \Hit15: 31.3349	MRR15: 14.4509	Recall15: 31.3349	Precision15: 2.0890
2024-08-05 23:04:09 - INFO - Best Result:
2024-08-05 23:04:09 - INFO - 	Hit15: 31.4286	MRR15: 14.4509	Recall15: 31.4286	Precision15: 2.0952	Epoch: 13, 29, 13, 13
2024-08-05 23:04:09 - INFO - Current Result:
2024-08-05 23:04:09 - INFO - \Hit20: 34.5667	MRR20: 14.6314	Recall20: 34.5667	Precision20: 1.7283
2024-08-05 23:04:09 - INFO - Best Result:
2024-08-05 23:04:09 - INFO - 	Hit20: 34.7541	MRR20: 14.6314	Recall20: 34.7541	Precision20: 1.7377	Epoch: 14, 29, 14, 14
2024-08-05 23:04:09 - INFO - -------------------------------------------------------
2024-08-05 23:04:09 - INFO - Run time: 1164.878884 s
