2024-08-05 22:44:59 - INFO - *******start1***********
2024-08-05 22:44:59 - INFO - start time: 2024-08-05 22:44:59
2024-08-05 22:44:59 - INFO - 文本内容 + 文本处理方式:title_vecs.npy
2024-08-05 22:44:59 - INFO - >>SEED:2024
2024-08-05 22:44:59 - INFO - ===========config================
2024-08-05 22:44:59 - INFO - model:GCN_rec
2024-08-05 22:44:59 - INFO - if_gcn:True
2024-08-05 22:44:59 - INFO - dataset:dblp
2024-08-05 22:44:59 - INFO - gpu:0
2024-08-05 22:44:59 - INFO - Disentangle:True
2024-08-05 22:44:59 - INFO - Intent factors:7
2024-08-05 22:44:59 - INFO - journal vec:True
2024-08-05 22:44:59 - INFO - title vec:True
2024-08-05 22:44:59 - INFO - Test Topks[5, 10, 15, 20]:
2024-08-05 22:44:59 - INFO - hiddenSize:448
2024-08-05 22:44:59 - INFO - n_factor:7
2024-08-05 22:44:59 - INFO - lr:0.005
2024-08-05 22:44:59 - INFO - batch_size:512
2024-08-05 22:44:59 - INFO - lamda_1:0.85
2024-08-05 22:44:59 - INFO - if co_show:False
2024-08-05 22:44:59 - INFO - if citation:True
2024-08-05 22:44:59 - INFO - integrate_model:transformer
2024-08-05 22:44:59 - INFO - select relative paper for intent:0.4
2024-08-05 22:44:59 - INFO - Hidden number for GNN:256
2024-08-05 22:44:59 - INFO - aux loss weight:1e-05
2024-08-05 22:44:59 - INFO - ===========end===================
2024-08-05 22:45:02 - INFO - EPOCH:0
2024-08-05 22:45:02 - INFO - Time:2024/08/05 22:45:02
2024-08-05 22:45:09 - INFO - loss: 134.3390655517578; rec_loss: 134.3390655517578; intent_loss: 0.0 
2024-08-05 22:45:09 - INFO - Current Result:
2024-08-05 22:45:09 - INFO - \Hit5: 9.6956	MRR5: 5.7416	Recall5: 9.6956	Precision5: 1.9391
2024-08-05 22:45:09 - INFO - Best Result:
2024-08-05 22:45:09 - INFO - 	Hit5: 9.6956	MRR5: 5.7416	Recall5: 9.6956	Precision5: 1.9391	Epoch: 0, 0, 0, 0
2024-08-05 22:45:09 - INFO - Current Result:
2024-08-05 22:45:09 - INFO - \Hit10: 13.4895	MRR10: 6.2118	Recall10: 13.4895	Precision10: 1.3489
2024-08-05 22:45:09 - INFO - Best Result:
2024-08-05 22:45:09 - INFO - 	Hit10: 13.4895	MRR10: 6.2118	Recall10: 13.4895	Precision10: 1.3489	Epoch: 0, 0, 0, 0
2024-08-05 22:45:09 - INFO - Current Result:
2024-08-05 22:45:09 - INFO - \Hit15: 15.6909	MRR15: 6.3815	Recall15: 15.6909	Precision15: 1.0461
2024-08-05 22:45:09 - INFO - Best Result:
2024-08-05 22:45:09 - INFO - 	Hit15: 15.6909	MRR15: 6.3815	Recall15: 15.6909	Precision15: 1.0461	Epoch: 0, 0, 0, 0
2024-08-05 22:45:09 - INFO - Current Result:
2024-08-05 22:45:09 - INFO - \Hit20: 18.1733	MRR20: 6.5238	Recall20: 18.1733	Precision20: 0.9087
2024-08-05 22:45:09 - INFO - Best Result:
2024-08-05 22:45:09 - INFO - 	Hit20: 18.1733	MRR20: 6.5238	Recall20: 18.1733	Precision20: 0.9087	Epoch: 0, 0, 0, 0
2024-08-05 22:45:09 - INFO - EPOCH:1
2024-08-05 22:45:09 - INFO - Time:2024/08/05 22:45:09
2024-08-05 22:45:17 - INFO - loss: 109.63140106201172; rec_loss: 109.63140106201172; intent_loss: 0.0 
2024-08-05 22:45:17 - INFO - Current Result:
2024-08-05 22:45:17 - INFO - \Hit5: 13.8642	MRR5: 7.8657	Recall5: 13.8642	Precision5: 2.7728
2024-08-05 22:45:17 - INFO - Best Result:
2024-08-05 22:45:17 - INFO - 	Hit5: 13.8642	MRR5: 7.8657	Recall5: 13.8642	Precision5: 2.7728	Epoch: 1, 1, 1, 1
2024-08-05 22:45:17 - INFO - Current Result:
2024-08-05 22:45:17 - INFO - \Hit10: 20.3279	MRR10: 8.7059	Recall10: 20.3279	Precision10: 2.0328
2024-08-05 22:45:17 - INFO - Best Result:
2024-08-05 22:45:17 - INFO - 	Hit10: 20.3279	MRR10: 8.7059	Recall10: 20.3279	Precision10: 2.0328	Epoch: 1, 1, 1, 1
2024-08-05 22:45:17 - INFO - Current Result:
2024-08-05 22:45:17 - INFO - \Hit15: 24.7307	MRR15: 9.0526	Recall15: 24.7307	Precision15: 1.6487
2024-08-05 22:45:17 - INFO - Best Result:
2024-08-05 22:45:17 - INFO - 	Hit15: 24.7307	MRR15: 9.0526	Recall15: 24.7307	Precision15: 1.6487	Epoch: 1, 1, 1, 1
2024-08-05 22:45:17 - INFO - Current Result:
2024-08-05 22:45:17 - INFO - \Hit20: 28.0562	MRR20: 9.2395	Recall20: 28.0562	Precision20: 1.4028
2024-08-05 22:45:17 - INFO - Best Result:
2024-08-05 22:45:17 - INFO - 	Hit20: 28.0562	MRR20: 9.2395	Recall20: 28.0562	Precision20: 1.4028	Epoch: 1, 1, 1, 1
2024-08-05 22:45:17 - INFO - EPOCH:2
2024-08-05 22:45:17 - INFO - Time:2024/08/05 22:45:17
2024-08-05 22:45:23 - INFO - loss: 98.57173919677734; rec_loss: 98.57173919677734; intent_loss: 0.0 
2024-08-05 22:45:23 - INFO - Current Result:
2024-08-05 22:45:23 - INFO - \Hit5: 17.1897	MRR5: 9.8884	Recall5: 17.1897	Precision5: 3.4379
2024-08-05 22:45:23 - INFO - Best Result:
2024-08-05 22:45:23 - INFO - 	Hit5: 17.1897	MRR5: 9.8884	Recall5: 17.1897	Precision5: 3.4379	Epoch: 2, 2, 2, 2
2024-08-05 22:45:23 - INFO - Current Result:
2024-08-05 22:45:23 - INFO - \Hit10: 24.2623	MRR10: 10.8149	Recall10: 24.2623	Precision10: 2.4262
2024-08-05 22:45:23 - INFO - Best Result:
2024-08-05 22:45:23 - INFO - 	Hit10: 24.2623	MRR10: 10.8149	Recall10: 24.2623	Precision10: 2.4262	Epoch: 2, 2, 2, 2
2024-08-05 22:45:23 - INFO - Current Result:
2024-08-05 22:45:23 - INFO - \Hit15: 29.6019	MRR15: 11.2329	Recall15: 29.6019	Precision15: 1.9735
2024-08-05 22:45:23 - INFO - Best Result:
2024-08-05 22:45:23 - INFO - 	Hit15: 29.6019	MRR15: 11.2329	Recall15: 29.6019	Precision15: 1.9735	Epoch: 2, 2, 2, 2
2024-08-05 22:45:23 - INFO - Current Result:
2024-08-05 22:45:23 - INFO - \Hit20: 33.2084	MRR20: 11.4361	Recall20: 33.2084	Precision20: 1.6604
2024-08-05 22:45:23 - INFO - Best Result:
2024-08-05 22:45:23 - INFO - 	Hit20: 33.2084	MRR20: 11.4361	Recall20: 33.2084	Precision20: 1.6604	Epoch: 2, 2, 2, 2
2024-08-05 22:45:23 - INFO - EPOCH:3
2024-08-05 22:45:23 - INFO - Time:2024/08/05 22:45:23
2024-08-05 22:45:31 - INFO - loss: 92.24465942382812; rec_loss: 92.24465942382812; intent_loss: 0.0 
2024-08-05 22:45:31 - INFO - Current Result:
2024-08-05 22:45:31 - INFO - \Hit5: 20.3747	MRR5: 11.5121	Recall5: 20.3747	Precision5: 4.0749
2024-08-05 22:45:31 - INFO - Best Result:
2024-08-05 22:45:31 - INFO - 	Hit5: 20.3747	MRR5: 11.5121	Recall5: 20.3747	Precision5: 4.0749	Epoch: 3, 3, 3, 3
2024-08-05 22:45:31 - INFO - Current Result:
2024-08-05 22:45:31 - INFO - \Hit10: 27.8689	MRR10: 12.5083	Recall10: 27.8689	Precision10: 2.7869
2024-08-05 22:45:31 - INFO - Best Result:
2024-08-05 22:45:31 - INFO - 	Hit10: 27.8689	MRR10: 12.5083	Recall10: 27.8689	Precision10: 2.7869	Epoch: 3, 3, 3, 3
2024-08-05 22:45:31 - INFO - Current Result:
2024-08-05 22:45:31 - INFO - \Hit15: 32.0843	MRR15: 12.8348	Recall15: 32.0843	Precision15: 2.1390
2024-08-05 22:45:31 - INFO - Best Result:
2024-08-05 22:45:31 - INFO - 	Hit15: 32.0843	MRR15: 12.8348	Recall15: 32.0843	Precision15: 2.1390	Epoch: 3, 3, 3, 3
2024-08-05 22:45:31 - INFO - Current Result:
2024-08-05 22:45:31 - INFO - \Hit20: 36.0656	MRR20: 13.0579	Recall20: 36.0656	Precision20: 1.8033
2024-08-05 22:45:31 - INFO - Best Result:
2024-08-05 22:45:31 - INFO - 	Hit20: 36.0656	MRR20: 13.0579	Recall20: 36.0656	Precision20: 1.8033	Epoch: 3, 3, 3, 3
2024-08-05 22:45:31 - INFO - EPOCH:4
2024-08-05 22:45:31 - INFO - Time:2024/08/05 22:45:31
2024-08-05 22:45:37 - INFO - loss: 88.2629623413086; rec_loss: 88.2629623413086; intent_loss: 0.0 
2024-08-05 22:45:37 - INFO - Current Result:
2024-08-05 22:45:37 - INFO - \Hit5: 20.3747	MRR5: 11.9945	Recall5: 20.3747	Precision5: 4.0749
2024-08-05 22:45:37 - INFO - Best Result:
2024-08-05 22:45:37 - INFO - 	Hit5: 20.3747	MRR5: 11.9945	Recall5: 20.3747	Precision5: 4.0749	Epoch: 3, 4, 3, 3
2024-08-05 22:45:37 - INFO - Current Result:
2024-08-05 22:45:37 - INFO - \Hit10: 28.8525	MRR10: 13.1285	Recall10: 28.8525	Precision10: 2.8852
2024-08-05 22:45:37 - INFO - Best Result:
2024-08-05 22:45:37 - INFO - 	Hit10: 28.8525	MRR10: 13.1285	Recall10: 28.8525	Precision10: 2.8852	Epoch: 4, 4, 4, 4
2024-08-05 22:45:37 - INFO - Current Result:
2024-08-05 22:45:37 - INFO - \Hit15: 34.0515	MRR15: 13.5330	Recall15: 34.0515	Precision15: 2.2701
2024-08-05 22:45:37 - INFO - Best Result:
2024-08-05 22:45:37 - INFO - 	Hit15: 34.0515	MRR15: 13.5330	Recall15: 34.0515	Precision15: 2.2701	Epoch: 4, 4, 4, 4
2024-08-05 22:45:37 - INFO - Current Result:
2024-08-05 22:45:37 - INFO - \Hit20: 37.7049	MRR20: 13.7340	Recall20: 37.7049	Precision20: 1.8852
2024-08-05 22:45:37 - INFO - Best Result:
2024-08-05 22:45:37 - INFO - 	Hit20: 37.7049	MRR20: 13.7340	Recall20: 37.7049	Precision20: 1.8852	Epoch: 4, 4, 4, 4
2024-08-05 22:45:37 - INFO - EPOCH:5
2024-08-05 22:45:37 - INFO - Time:2024/08/05 22:45:37
2024-08-05 22:45:45 - INFO - loss: 83.16352844238281; rec_loss: 83.16352844238281; intent_loss: 0.0 
2024-08-05 22:45:45 - INFO - Current Result:
2024-08-05 22:45:45 - INFO - \Hit5: 22.6230	MRR5: 12.9454	Recall5: 22.6230	Precision5: 4.5246
2024-08-05 22:45:45 - INFO - Best Result:
2024-08-05 22:45:45 - INFO - 	Hit5: 22.6230	MRR5: 12.9454	Recall5: 22.6230	Precision5: 4.5246	Epoch: 5, 5, 5, 5
2024-08-05 22:45:45 - INFO - Current Result:
2024-08-05 22:45:45 - INFO - \Hit10: 29.1335	MRR10: 13.8080	Recall10: 29.1335	Precision10: 2.9133
2024-08-05 22:45:45 - INFO - Best Result:
2024-08-05 22:45:45 - INFO - 	Hit10: 29.1335	MRR10: 13.8080	Recall10: 29.1335	Precision10: 2.9133	Epoch: 5, 5, 5, 5
2024-08-05 22:45:45 - INFO - Current Result:
2024-08-05 22:45:45 - INFO - \Hit15: 33.9110	MRR15: 14.1891	Recall15: 33.9110	Precision15: 2.2607
2024-08-05 22:45:45 - INFO - Best Result:
2024-08-05 22:45:45 - INFO - 	Hit15: 34.0515	MRR15: 14.1891	Recall15: 34.0515	Precision15: 2.2701	Epoch: 4, 5, 4, 4
2024-08-05 22:45:45 - INFO - Current Result:
2024-08-05 22:45:45 - INFO - \Hit20: 38.3138	MRR20: 14.4355	Recall20: 38.3138	Precision20: 1.9157
2024-08-05 22:45:45 - INFO - Best Result:
2024-08-05 22:45:45 - INFO - 	Hit20: 38.3138	MRR20: 14.4355	Recall20: 38.3138	Precision20: 1.9157	Epoch: 5, 5, 5, 5
2024-08-05 22:45:45 - INFO - EPOCH:6
2024-08-05 22:45:45 - INFO - Time:2024/08/05 22:45:45
2024-08-05 22:45:54 - INFO - loss: 81.73829650878906; rec_loss: 81.73829650878906; intent_loss: 0.0 
2024-08-05 22:45:54 - INFO - Current Result:
2024-08-05 22:45:54 - INFO - \Hit5: 22.7635	MRR5: 13.2451	Recall5: 22.7635	Precision5: 4.5527
2024-08-05 22:45:54 - INFO - Best Result:
2024-08-05 22:45:54 - INFO - 	Hit5: 22.7635	MRR5: 13.2451	Recall5: 22.7635	Precision5: 4.5527	Epoch: 6, 6, 6, 6
2024-08-05 22:45:54 - INFO - Current Result:
2024-08-05 22:45:54 - INFO - \Hit10: 30.1639	MRR10: 14.2372	Recall10: 30.1639	Precision10: 3.0164
2024-08-05 22:45:54 - INFO - Best Result:
2024-08-05 22:45:54 - INFO - 	Hit10: 30.1639	MRR10: 14.2372	Recall10: 30.1639	Precision10: 3.0164	Epoch: 6, 6, 6, 6
2024-08-05 22:45:54 - INFO - Current Result:
2024-08-05 22:45:54 - INFO - \Hit15: 35.5504	MRR15: 14.6559	Recall15: 35.5504	Precision15: 2.3700
2024-08-05 22:45:54 - INFO - Best Result:
2024-08-05 22:45:54 - INFO - 	Hit15: 35.5504	MRR15: 14.6559	Recall15: 35.5504	Precision15: 2.3700	Epoch: 6, 6, 6, 6
2024-08-05 22:45:54 - INFO - Current Result:
2024-08-05 22:45:54 - INFO - \Hit20: 38.6885	MRR20: 14.8326	Recall20: 38.6885	Precision20: 1.9344
2024-08-05 22:45:54 - INFO - Best Result:
2024-08-05 22:45:54 - INFO - 	Hit20: 38.6885	MRR20: 14.8326	Recall20: 38.6885	Precision20: 1.9344	Epoch: 6, 6, 6, 6
2024-08-05 22:45:54 - INFO - EPOCH:7
2024-08-05 22:45:54 - INFO - Time:2024/08/05 22:45:54
2024-08-05 22:46:04 - INFO - loss: 80.91500091552734; rec_loss: 80.91500091552734; intent_loss: 0.0 
2024-08-05 22:46:04 - INFO - Current Result:
2024-08-05 22:46:04 - INFO - \Hit5: 22.8571	MRR5: 13.2787	Recall5: 22.8571	Precision5: 4.5714
2024-08-05 22:46:04 - INFO - Best Result:
2024-08-05 22:46:04 - INFO - 	Hit5: 22.8571	MRR5: 13.2787	Recall5: 22.8571	Precision5: 4.5714	Epoch: 7, 7, 7, 7
2024-08-05 22:46:04 - INFO - Current Result:
2024-08-05 22:46:04 - INFO - \Hit10: 30.6323	MRR10: 14.3076	Recall10: 30.6323	Precision10: 3.0632
2024-08-05 22:46:04 - INFO - Best Result:
2024-08-05 22:46:04 - INFO - 	Hit10: 30.6323	MRR10: 14.3076	Recall10: 30.6323	Precision10: 3.0632	Epoch: 7, 7, 7, 7
2024-08-05 22:46:04 - INFO - Current Result:
2024-08-05 22:46:04 - INFO - \Hit15: 36.1593	MRR15: 14.7328	Recall15: 36.1593	Precision15: 2.4106
2024-08-05 22:46:04 - INFO - Best Result:
2024-08-05 22:46:04 - INFO - 	Hit15: 36.1593	MRR15: 14.7328	Recall15: 36.1593	Precision15: 2.4106	Epoch: 7, 7, 7, 7
2024-08-05 22:46:04 - INFO - Current Result:
2024-08-05 22:46:04 - INFO - \Hit20: 39.9532	MRR20: 14.9430	Recall20: 39.9532	Precision20: 1.9977
2024-08-05 22:46:04 - INFO - Best Result:
2024-08-05 22:46:04 - INFO - 	Hit20: 39.9532	MRR20: 14.9430	Recall20: 39.9532	Precision20: 1.9977	Epoch: 7, 7, 7, 7
2024-08-05 22:46:04 - INFO - EPOCH:8
2024-08-05 22:46:04 - INFO - Time:2024/08/05 22:46:04
2024-08-05 22:46:14 - INFO - loss: 80.213134765625; rec_loss: 80.213134765625; intent_loss: 0.0 
2024-08-05 22:46:14 - INFO - Current Result:
2024-08-05 22:46:14 - INFO - \Hit5: 23.5597	MRR5: 13.4309	Recall5: 23.5597	Precision5: 4.7119
2024-08-05 22:46:14 - INFO - Best Result:
2024-08-05 22:46:14 - INFO - 	Hit5: 23.5597	MRR5: 13.4309	Recall5: 23.5597	Precision5: 4.7119	Epoch: 8, 8, 8, 8
2024-08-05 22:46:14 - INFO - Current Result:
2024-08-05 22:46:14 - INFO - \Hit10: 30.2108	MRR10: 14.3263	Recall10: 30.2108	Precision10: 3.0211
2024-08-05 22:46:14 - INFO - Best Result:
2024-08-05 22:46:14 - INFO - 	Hit10: 30.6323	MRR10: 14.3263	Recall10: 30.6323	Precision10: 3.0632	Epoch: 7, 8, 7, 7
2024-08-05 22:46:14 - INFO - Current Result:
2024-08-05 22:46:14 - INFO - \Hit15: 36.2061	MRR15: 14.7955	Recall15: 36.2061	Precision15: 2.4137
2024-08-05 22:46:14 - INFO - Best Result:
2024-08-05 22:46:14 - INFO - 	Hit15: 36.2061	MRR15: 14.7955	Recall15: 36.2061	Precision15: 2.4137	Epoch: 8, 8, 8, 8
2024-08-05 22:46:14 - INFO - Current Result:
2024-08-05 22:46:14 - INFO - \Hit20: 40.2810	MRR20: 15.0243	Recall20: 40.2810	Precision20: 2.0141
2024-08-05 22:46:14 - INFO - Best Result:
2024-08-05 22:46:14 - INFO - 	Hit20: 40.2810	MRR20: 15.0243	Recall20: 40.2810	Precision20: 2.0141	Epoch: 8, 8, 8, 8
2024-08-05 22:46:14 - INFO - EPOCH:9
2024-08-05 22:46:14 - INFO - Time:2024/08/05 22:46:14
2024-08-05 22:46:24 - INFO - loss: 79.61474609375; rec_loss: 79.61474609375; intent_loss: 0.0 
2024-08-05 22:46:24 - INFO - Current Result:
2024-08-05 22:46:24 - INFO - \Hit5: 23.7939	MRR5: 13.7346	Recall5: 23.7939	Precision5: 4.7588
2024-08-05 22:46:24 - INFO - Best Result:
2024-08-05 22:46:24 - INFO - 	Hit5: 23.7939	MRR5: 13.7346	Recall5: 23.7939	Precision5: 4.7588	Epoch: 9, 9, 9, 9
2024-08-05 22:46:24 - INFO - Current Result:
2024-08-05 22:46:24 - INFO - \Hit10: 31.1475	MRR10: 14.6978	Recall10: 31.1475	Precision10: 3.1148
2024-08-05 22:46:24 - INFO - Best Result:
2024-08-05 22:46:24 - INFO - 	Hit10: 31.1475	MRR10: 14.6978	Recall10: 31.1475	Precision10: 3.1148	Epoch: 9, 9, 9, 9
2024-08-05 22:46:24 - INFO - Current Result:
2024-08-05 22:46:24 - INFO - \Hit15: 36.5808	MRR15: 15.1199	Recall15: 36.5808	Precision15: 2.4387
2024-08-05 22:46:24 - INFO - Best Result:
2024-08-05 22:46:24 - INFO - 	Hit15: 36.5808	MRR15: 15.1199	Recall15: 36.5808	Precision15: 2.4387	Epoch: 9, 9, 9, 9
2024-08-05 22:46:24 - INFO - Current Result:
2024-08-05 22:46:24 - INFO - \Hit20: 39.8595	MRR20: 15.3060	Recall20: 39.8595	Precision20: 1.9930
2024-08-05 22:46:24 - INFO - Best Result:
2024-08-05 22:46:24 - INFO - 	Hit20: 40.2810	MRR20: 15.3060	Recall20: 40.2810	Precision20: 2.0141	Epoch: 8, 9, 8, 8
2024-08-05 22:46:24 - INFO - EPOCH:10
2024-08-05 22:46:24 - INFO - Time:2024/08/05 22:46:24
2024-08-05 22:46:37 - INFO - loss: 78.40127563476562; rec_loss: 78.40127563476562; intent_loss: 0.0 
2024-08-05 22:46:37 - INFO - Current Result:
2024-08-05 22:46:37 - INFO - \Hit5: 23.6066	MRR5: 13.7783	Recall5: 23.6066	Precision5: 4.7213
2024-08-05 22:46:37 - INFO - Best Result:
2024-08-05 22:46:37 - INFO - 	Hit5: 23.7939	MRR5: 13.7783	Recall5: 23.7939	Precision5: 4.7588	Epoch: 9, 10, 9, 9
2024-08-05 22:46:37 - INFO - Current Result:
2024-08-05 22:46:37 - INFO - \Hit10: 31.2881	MRR10: 14.8001	Recall10: 31.2881	Precision10: 3.1288
2024-08-05 22:46:37 - INFO - Best Result:
2024-08-05 22:46:37 - INFO - 	Hit10: 31.2881	MRR10: 14.8001	Recall10: 31.2881	Precision10: 3.1288	Epoch: 10, 10, 10, 10
2024-08-05 22:46:37 - INFO - Current Result:
2024-08-05 22:46:37 - INFO - \Hit15: 36.6276	MRR15: 15.2154	Recall15: 36.6276	Precision15: 2.4418
2024-08-05 22:46:37 - INFO - Best Result:
2024-08-05 22:46:37 - INFO - 	Hit15: 36.6276	MRR15: 15.2154	Recall15: 36.6276	Precision15: 2.4418	Epoch: 10, 10, 10, 10
2024-08-05 22:46:37 - INFO - Current Result:
2024-08-05 22:46:37 - INFO - \Hit20: 39.9532	MRR20: 15.4021	Recall20: 39.9532	Precision20: 1.9977
2024-08-05 22:46:37 - INFO - Best Result:
2024-08-05 22:46:37 - INFO - 	Hit20: 40.2810	MRR20: 15.4021	Recall20: 40.2810	Precision20: 2.0141	Epoch: 8, 10, 8, 8
2024-08-05 22:46:37 - INFO - EPOCH:11
2024-08-05 22:46:37 - INFO - Time:2024/08/05 22:46:37
2024-08-05 22:46:47 - INFO - loss: 78.12022399902344; rec_loss: 78.12022399902344; intent_loss: 0.0 
2024-08-05 22:46:47 - INFO - Current Result:
2024-08-05 22:46:47 - INFO - \Hit5: 23.8876	MRR5: 13.8728	Recall5: 23.8876	Precision5: 4.7775
2024-08-05 22:46:47 - INFO - Best Result:
2024-08-05 22:46:47 - INFO - 	Hit5: 23.8876	MRR5: 13.8728	Recall5: 23.8876	Precision5: 4.7775	Epoch: 11, 11, 11, 11
2024-08-05 22:46:47 - INFO - Current Result:
2024-08-05 22:46:47 - INFO - \Hit10: 31.1944	MRR10: 14.8380	Recall10: 31.1944	Precision10: 3.1194
2024-08-05 22:46:47 - INFO - Best Result:
2024-08-05 22:46:47 - INFO - 	Hit10: 31.2881	MRR10: 14.8380	Recall10: 31.2881	Precision10: 3.1288	Epoch: 10, 11, 10, 10
2024-08-05 22:46:47 - INFO - Current Result:
2024-08-05 22:46:47 - INFO - \Hit15: 36.8150	MRR15: 15.2782	Recall15: 36.8150	Precision15: 2.4543
2024-08-05 22:46:47 - INFO - Best Result:
2024-08-05 22:46:47 - INFO - 	Hit15: 36.8150	MRR15: 15.2782	Recall15: 36.8150	Precision15: 2.4543	Epoch: 11, 11, 11, 11
2024-08-05 22:46:47 - INFO - Current Result:
2024-08-05 22:46:47 - INFO - \Hit20: 40.0468	MRR20: 15.4610	Recall20: 40.0468	Precision20: 2.0023
2024-08-05 22:46:47 - INFO - Best Result:
2024-08-05 22:46:47 - INFO - 	Hit20: 40.2810	MRR20: 15.4610	Recall20: 40.2810	Precision20: 2.0141	Epoch: 8, 11, 8, 8
2024-08-05 22:46:47 - INFO - EPOCH:12
2024-08-05 22:46:47 - INFO - Time:2024/08/05 22:46:47
2024-08-05 22:46:59 - INFO - loss: 77.98263549804688; rec_loss: 77.98263549804688; intent_loss: 0.0 
2024-08-05 22:46:59 - INFO - Current Result:
2024-08-05 22:46:59 - INFO - \Hit5: 23.8876	MRR5: 14.0523	Recall5: 23.8876	Precision5: 4.7775
2024-08-05 22:46:59 - INFO - Best Result:
2024-08-05 22:46:59 - INFO - 	Hit5: 23.8876	MRR5: 14.0523	Recall5: 23.8876	Precision5: 4.7775	Epoch: 11, 12, 11, 11
2024-08-05 22:46:59 - INFO - Current Result:
2024-08-05 22:46:59 - INFO - \Hit10: 31.0070	MRR10: 15.0047	Recall10: 31.0070	Precision10: 3.1007
2024-08-05 22:46:59 - INFO - Best Result:
2024-08-05 22:46:59 - INFO - 	Hit10: 31.2881	MRR10: 15.0047	Recall10: 31.2881	Precision10: 3.1288	Epoch: 10, 12, 10, 10
2024-08-05 22:46:59 - INFO - Current Result:
2024-08-05 22:46:59 - INFO - \Hit15: 37.0023	MRR15: 15.4740	Recall15: 37.0023	Precision15: 2.4668
2024-08-05 22:46:59 - INFO - Best Result:
2024-08-05 22:46:59 - INFO - 	Hit15: 37.0023	MRR15: 15.4740	Recall15: 37.0023	Precision15: 2.4668	Epoch: 12, 12, 12, 12
2024-08-05 22:46:59 - INFO - Current Result:
2024-08-05 22:46:59 - INFO - \Hit20: 40.0468	MRR20: 15.6451	Recall20: 40.0468	Precision20: 2.0023
2024-08-05 22:46:59 - INFO - Best Result:
2024-08-05 22:46:59 - INFO - 	Hit20: 40.2810	MRR20: 15.6451	Recall20: 40.2810	Precision20: 2.0141	Epoch: 8, 12, 8, 8
2024-08-05 22:46:59 - INFO - EPOCH:13
2024-08-05 22:46:59 - INFO - Time:2024/08/05 22:46:59
2024-08-05 22:47:10 - INFO - loss: 77.76411437988281; rec_loss: 77.76411437988281; intent_loss: 0.0 
2024-08-05 22:47:10 - INFO - Current Result:
2024-08-05 22:47:10 - INFO - \Hit5: 23.8407	MRR5: 13.9758	Recall5: 23.8407	Precision5: 4.7681
2024-08-05 22:47:10 - INFO - Best Result:
2024-08-05 22:47:10 - INFO - 	Hit5: 23.8876	MRR5: 14.0523	Recall5: 23.8876	Precision5: 4.7775	Epoch: 11, 12, 11, 11
2024-08-05 22:47:10 - INFO - Current Result:
2024-08-05 22:47:10 - INFO - \Hit10: 31.2881	MRR10: 14.9670	Recall10: 31.2881	Precision10: 3.1288
2024-08-05 22:47:10 - INFO - Best Result:
2024-08-05 22:47:10 - INFO - 	Hit10: 31.2881	MRR10: 15.0047	Recall10: 31.2881	Precision10: 3.1288	Epoch: 10, 12, 10, 10
2024-08-05 22:47:10 - INFO - Current Result:
2024-08-05 22:47:10 - INFO - \Hit15: 36.8618	MRR15: 15.4063	Recall15: 36.8618	Precision15: 2.4575
2024-08-05 22:47:10 - INFO - Best Result:
2024-08-05 22:47:10 - INFO - 	Hit15: 37.0023	MRR15: 15.4740	Recall15: 37.0023	Precision15: 2.4668	Epoch: 12, 12, 12, 12
2024-08-05 22:47:10 - INFO - Current Result:
2024-08-05 22:47:10 - INFO - \Hit20: 39.9532	MRR20: 15.5800	Recall20: 39.9532	Precision20: 1.9977
2024-08-05 22:47:10 - INFO - Best Result:
2024-08-05 22:47:10 - INFO - 	Hit20: 40.2810	MRR20: 15.6451	Recall20: 40.2810	Precision20: 2.0141	Epoch: 8, 12, 8, 8
2024-08-05 22:47:10 - INFO - EPOCH:14
2024-08-05 22:47:10 - INFO - Time:2024/08/05 22:47:10
2024-08-05 22:47:22 - INFO - loss: 77.67440795898438; rec_loss: 77.67440795898438; intent_loss: 0.0 
2024-08-05 22:47:22 - INFO - Current Result:
2024-08-05 22:47:22 - INFO - \Hit5: 24.2623	MRR5: 14.0976	Recall5: 24.2623	Precision5: 4.8525
2024-08-05 22:47:22 - INFO - Best Result:
2024-08-05 22:47:22 - INFO - 	Hit5: 24.2623	MRR5: 14.0976	Recall5: 24.2623	Precision5: 4.8525	Epoch: 14, 14, 14, 14
2024-08-05 22:47:22 - INFO - Current Result:
2024-08-05 22:47:22 - INFO - \Hit10: 31.3817	MRR10: 15.0283	Recall10: 31.3817	Precision10: 3.1382
2024-08-05 22:47:22 - INFO - Best Result:
2024-08-05 22:47:22 - INFO - 	Hit10: 31.3817	MRR10: 15.0283	Recall10: 31.3817	Precision10: 3.1382	Epoch: 14, 14, 14, 14
2024-08-05 22:47:22 - INFO - Current Result:
2024-08-05 22:47:22 - INFO - \Hit15: 37.1429	MRR15: 15.4842	Recall15: 37.1429	Precision15: 2.4762
2024-08-05 22:47:22 - INFO - Best Result:
2024-08-05 22:47:22 - INFO - 	Hit15: 37.1429	MRR15: 15.4842	Recall15: 37.1429	Precision15: 2.4762	Epoch: 14, 14, 14, 14
2024-08-05 22:47:22 - INFO - Current Result:
2024-08-05 22:47:22 - INFO - \Hit20: 40.0000	MRR20: 15.6471	Recall20: 40.0000	Precision20: 2.0000
2024-08-05 22:47:22 - INFO - Best Result:
2024-08-05 22:47:22 - INFO - 	Hit20: 40.2810	MRR20: 15.6471	Recall20: 40.2810	Precision20: 2.0141	Epoch: 8, 14, 8, 8
2024-08-05 22:47:22 - INFO - EPOCH:15
2024-08-05 22:47:22 - INFO - Time:2024/08/05 22:47:22
2024-08-05 22:47:35 - INFO - loss: 77.41329193115234; rec_loss: 77.41329193115234; intent_loss: 0.0 
2024-08-05 22:47:36 - INFO - Current Result:
2024-08-05 22:47:36 - INFO - \Hit5: 24.1686	MRR5: 14.0984	Recall5: 24.1686	Precision5: 4.8337
2024-08-05 22:47:36 - INFO - Best Result:
2024-08-05 22:47:36 - INFO - 	Hit5: 24.2623	MRR5: 14.0984	Recall5: 24.2623	Precision5: 4.8525	Epoch: 14, 15, 14, 14
2024-08-05 22:47:36 - INFO - Current Result:
2024-08-05 22:47:36 - INFO - \Hit10: 31.3817	MRR10: 15.0440	Recall10: 31.3817	Precision10: 3.1382
2024-08-05 22:47:36 - INFO - Best Result:
2024-08-05 22:47:36 - INFO - 	Hit10: 31.3817	MRR10: 15.0440	Recall10: 31.3817	Precision10: 3.1382	Epoch: 14, 15, 14, 14
2024-08-05 22:47:36 - INFO - Current Result:
2024-08-05 22:47:36 - INFO - \Hit15: 37.0492	MRR15: 15.4926	Recall15: 37.0492	Precision15: 2.4699
2024-08-05 22:47:36 - INFO - Best Result:
2024-08-05 22:47:36 - INFO - 	Hit15: 37.1429	MRR15: 15.4926	Recall15: 37.1429	Precision15: 2.4762	Epoch: 14, 15, 14, 14
2024-08-05 22:47:36 - INFO - Current Result:
2024-08-05 22:47:36 - INFO - \Hit20: 40.0468	MRR20: 15.6631	Recall20: 40.0468	Precision20: 2.0023
2024-08-05 22:47:36 - INFO - Best Result:
2024-08-05 22:47:36 - INFO - 	Hit20: 40.2810	MRR20: 15.6631	Recall20: 40.2810	Precision20: 2.0141	Epoch: 8, 15, 8, 8
2024-08-05 22:47:36 - INFO - EPOCH:16
2024-08-05 22:47:36 - INFO - Time:2024/08/05 22:47:36
2024-08-05 22:47:45 - INFO - loss: 77.36641693115234; rec_loss: 77.36641693115234; intent_loss: 0.0 
2024-08-05 22:47:45 - INFO - Current Result:
2024-08-05 22:47:45 - INFO - \Hit5: 24.2155	MRR5: 14.1561	Recall5: 24.2155	Precision5: 4.8431
2024-08-05 22:47:45 - INFO - Best Result:
2024-08-05 22:47:45 - INFO - 	Hit5: 24.2623	MRR5: 14.1561	Recall5: 24.2623	Precision5: 4.8525	Epoch: 14, 16, 14, 14
2024-08-05 22:47:45 - INFO - Current Result:
2024-08-05 22:47:45 - INFO - \Hit10: 31.4754	MRR10: 15.1087	Recall10: 31.4754	Precision10: 3.1475
2024-08-05 22:47:45 - INFO - Best Result:
2024-08-05 22:47:45 - INFO - 	Hit10: 31.4754	MRR10: 15.1087	Recall10: 31.4754	Precision10: 3.1475	Epoch: 16, 16, 16, 16
2024-08-05 22:47:45 - INFO - Current Result:
2024-08-05 22:47:45 - INFO - \Hit15: 37.0960	MRR15: 15.5497	Recall15: 37.0960	Precision15: 2.4731
2024-08-05 22:47:45 - INFO - Best Result:
2024-08-05 22:47:45 - INFO - 	Hit15: 37.1429	MRR15: 15.5497	Recall15: 37.1429	Precision15: 2.4762	Epoch: 14, 16, 14, 14
2024-08-05 22:47:45 - INFO - Current Result:
2024-08-05 22:47:45 - INFO - \Hit20: 40.0937	MRR20: 15.7200	Recall20: 40.0937	Precision20: 2.0047
2024-08-05 22:47:45 - INFO - Best Result:
2024-08-05 22:47:45 - INFO - 	Hit20: 40.2810	MRR20: 15.7200	Recall20: 40.2810	Precision20: 2.0141	Epoch: 8, 16, 8, 8
2024-08-05 22:47:45 - INFO - EPOCH:17
2024-08-05 22:47:45 - INFO - Time:2024/08/05 22:47:45
2024-08-05 22:47:58 - INFO - loss: 77.35110473632812; rec_loss: 77.35110473632812; intent_loss: 0.0 
2024-08-05 22:47:58 - INFO - Current Result:
2024-08-05 22:47:58 - INFO - \Hit5: 24.2155	MRR5: 14.1991	Recall5: 24.2155	Precision5: 4.8431
2024-08-05 22:47:58 - INFO - Best Result:
2024-08-05 22:47:58 - INFO - 	Hit5: 24.2623	MRR5: 14.1991	Recall5: 24.2623	Precision5: 4.8525	Epoch: 14, 17, 14, 14
2024-08-05 22:47:58 - INFO - Current Result:
2024-08-05 22:47:58 - INFO - \Hit10: 31.3817	MRR10: 15.1457	Recall10: 31.3817	Precision10: 3.1382
2024-08-05 22:47:58 - INFO - Best Result:
2024-08-05 22:47:58 - INFO - 	Hit10: 31.4754	MRR10: 15.1457	Recall10: 31.4754	Precision10: 3.1475	Epoch: 16, 17, 16, 16
2024-08-05 22:47:58 - INFO - Current Result:
2024-08-05 22:47:58 - INFO - \Hit15: 37.1897	MRR15: 15.6018	Recall15: 37.1897	Precision15: 2.4793
2024-08-05 22:47:58 - INFO - Best Result:
2024-08-05 22:47:58 - INFO - 	Hit15: 37.1897	MRR15: 15.6018	Recall15: 37.1897	Precision15: 2.4793	Epoch: 17, 17, 17, 17
2024-08-05 22:47:58 - INFO - Current Result:
2024-08-05 22:47:58 - INFO - \Hit20: 40.0937	MRR20: 15.7661	Recall20: 40.0937	Precision20: 2.0047
2024-08-05 22:47:58 - INFO - Best Result:
2024-08-05 22:47:58 - INFO - 	Hit20: 40.2810	MRR20: 15.7661	Recall20: 40.2810	Precision20: 2.0141	Epoch: 8, 17, 8, 8
2024-08-05 22:47:58 - INFO - EPOCH:18
2024-08-05 22:47:58 - INFO - Time:2024/08/05 22:47:58
2024-08-05 22:48:10 - INFO - loss: 77.27096557617188; rec_loss: 77.27096557617188; intent_loss: 0.0 
2024-08-05 22:48:10 - INFO - Current Result:
2024-08-05 22:48:10 - INFO - \Hit5: 24.1218	MRR5: 14.1866	Recall5: 24.1218	Precision5: 4.8244
2024-08-05 22:48:10 - INFO - Best Result:
2024-08-05 22:48:10 - INFO - 	Hit5: 24.2623	MRR5: 14.1991	Recall5: 24.2623	Precision5: 4.8525	Epoch: 14, 17, 14, 14
2024-08-05 22:48:10 - INFO - Current Result:
2024-08-05 22:48:10 - INFO - \Hit10: 31.4286	MRR10: 15.1537	Recall10: 31.4286	Precision10: 3.1429
2024-08-05 22:48:10 - INFO - Best Result:
2024-08-05 22:48:10 - INFO - 	Hit10: 31.4754	MRR10: 15.1537	Recall10: 31.4754	Precision10: 3.1475	Epoch: 16, 18, 16, 16
2024-08-05 22:48:10 - INFO - Current Result:
2024-08-05 22:48:10 - INFO - \Hit15: 37.1897	MRR15: 15.6068	Recall15: 37.1897	Precision15: 2.4793
2024-08-05 22:48:10 - INFO - Best Result:
2024-08-05 22:48:10 - INFO - 	Hit15: 37.1897	MRR15: 15.6068	Recall15: 37.1897	Precision15: 2.4793	Epoch: 17, 18, 17, 17
2024-08-05 22:48:10 - INFO - Current Result:
2024-08-05 22:48:10 - INFO - \Hit20: 40.0937	MRR20: 15.7698	Recall20: 40.0937	Precision20: 2.0047
2024-08-05 22:48:10 - INFO - Best Result:
2024-08-05 22:48:10 - INFO - 	Hit20: 40.2810	MRR20: 15.7698	Recall20: 40.2810	Precision20: 2.0141	Epoch: 8, 18, 8, 8
2024-08-05 22:48:10 - INFO - EPOCH:19
2024-08-05 22:48:10 - INFO - Time:2024/08/05 22:48:10
2024-08-05 22:48:23 - INFO - loss: 77.27977752685547; rec_loss: 77.27977752685547; intent_loss: 0.0 
2024-08-05 22:48:23 - INFO - Current Result:
2024-08-05 22:48:23 - INFO - \Hit5: 24.1218	MRR5: 14.1374	Recall5: 24.1218	Precision5: 4.8244
2024-08-05 22:48:23 - INFO - Best Result:
2024-08-05 22:48:23 - INFO - 	Hit5: 24.2623	MRR5: 14.1991	Recall5: 24.2623	Precision5: 4.8525	Epoch: 14, 17, 14, 14
2024-08-05 22:48:23 - INFO - Current Result:
2024-08-05 22:48:23 - INFO - \Hit10: 31.5691	MRR10: 15.1169	Recall10: 31.5691	Precision10: 3.1569
2024-08-05 22:48:23 - INFO - Best Result:
2024-08-05 22:48:23 - INFO - 	Hit10: 31.5691	MRR10: 15.1537	Recall10: 31.5691	Precision10: 3.1569	Epoch: 19, 18, 19, 19
2024-08-05 22:48:23 - INFO - Current Result:
2024-08-05 22:48:23 - INFO - \Hit15: 37.0960	MRR15: 15.5516	Recall15: 37.0960	Precision15: 2.4731
2024-08-05 22:48:23 - INFO - Best Result:
2024-08-05 22:48:23 - INFO - 	Hit15: 37.1897	MRR15: 15.6068	Recall15: 37.1897	Precision15: 2.4793	Epoch: 17, 18, 17, 17
2024-08-05 22:48:23 - INFO - Current Result:
2024-08-05 22:48:23 - INFO - \Hit20: 40.0937	MRR20: 15.7217	Recall20: 40.0937	Precision20: 2.0047
2024-08-05 22:48:23 - INFO - Best Result:
2024-08-05 22:48:23 - INFO - 	Hit20: 40.2810	MRR20: 15.7698	Recall20: 40.2810	Precision20: 2.0141	Epoch: 8, 18, 8, 8
2024-08-05 22:48:23 - INFO - EPOCH:20
2024-08-05 22:48:23 - INFO - Time:2024/08/05 22:48:23
2024-08-05 22:48:35 - INFO - loss: 77.13361358642578; rec_loss: 77.13361358642578; intent_loss: 0.0 
2024-08-05 22:48:35 - INFO - Current Result:
2024-08-05 22:48:35 - INFO - \Hit5: 24.1218	MRR5: 14.1351	Recall5: 24.1218	Precision5: 4.8244
2024-08-05 22:48:35 - INFO - Best Result:
2024-08-05 22:48:35 - INFO - 	Hit5: 24.2623	MRR5: 14.1991	Recall5: 24.2623	Precision5: 4.8525	Epoch: 14, 17, 14, 14
2024-08-05 22:48:35 - INFO - Current Result:
2024-08-05 22:48:35 - INFO - \Hit10: 31.4754	MRR10: 15.1045	Recall10: 31.4754	Precision10: 3.1475
2024-08-05 22:48:35 - INFO - Best Result:
2024-08-05 22:48:35 - INFO - 	Hit10: 31.5691	MRR10: 15.1537	Recall10: 31.5691	Precision10: 3.1569	Epoch: 19, 18, 19, 19
2024-08-05 22:48:35 - INFO - Current Result:
2024-08-05 22:48:35 - INFO - \Hit15: 37.1429	MRR15: 15.5502	Recall15: 37.1429	Precision15: 2.4762
2024-08-05 22:48:35 - INFO - Best Result:
2024-08-05 22:48:35 - INFO - 	Hit15: 37.1897	MRR15: 15.6068	Recall15: 37.1897	Precision15: 2.4793	Epoch: 17, 18, 17, 17
2024-08-05 22:48:35 - INFO - Current Result:
2024-08-05 22:48:35 - INFO - \Hit20: 40.1405	MRR20: 15.7196	Recall20: 40.1405	Precision20: 2.0070
2024-08-05 22:48:35 - INFO - Best Result:
2024-08-05 22:48:35 - INFO - 	Hit20: 40.2810	MRR20: 15.7698	Recall20: 40.2810	Precision20: 2.0141	Epoch: 8, 18, 8, 8
2024-08-05 22:48:35 - INFO - EPOCH:21
2024-08-05 22:48:35 - INFO - Time:2024/08/05 22:48:35
2024-08-05 22:48:45 - INFO - loss: 77.13521575927734; rec_loss: 77.13521575927734; intent_loss: 0.0 
2024-08-05 22:48:45 - INFO - Current Result:
2024-08-05 22:48:45 - INFO - \Hit5: 24.1686	MRR5: 14.1507	Recall5: 24.1686	Precision5: 4.8337
2024-08-05 22:48:45 - INFO - Best Result:
2024-08-05 22:48:45 - INFO - 	Hit5: 24.2623	MRR5: 14.1991	Recall5: 24.2623	Precision5: 4.8525	Epoch: 14, 17, 14, 14
2024-08-05 22:48:45 - INFO - Current Result:
2024-08-05 22:48:45 - INFO - \Hit10: 31.5222	MRR10: 15.1196	Recall10: 31.5222	Precision10: 3.1522
2024-08-05 22:48:45 - INFO - Best Result:
2024-08-05 22:48:45 - INFO - 	Hit10: 31.5691	MRR10: 15.1537	Recall10: 31.5691	Precision10: 3.1569	Epoch: 19, 18, 19, 19
2024-08-05 22:48:45 - INFO - Current Result:
2024-08-05 22:48:45 - INFO - \Hit15: 37.1429	MRR15: 15.5617	Recall15: 37.1429	Precision15: 2.4762
2024-08-05 22:48:45 - INFO - Best Result:
2024-08-05 22:48:45 - INFO - 	Hit15: 37.1897	MRR15: 15.6068	Recall15: 37.1897	Precision15: 2.4793	Epoch: 17, 18, 17, 17
2024-08-05 22:48:45 - INFO - Current Result:
2024-08-05 22:48:45 - INFO - \Hit20: 40.1874	MRR20: 15.7335	Recall20: 40.1874	Precision20: 2.0094
2024-08-05 22:48:45 - INFO - Best Result:
2024-08-05 22:48:45 - INFO - 	Hit20: 40.2810	MRR20: 15.7698	Recall20: 40.2810	Precision20: 2.0141	Epoch: 8, 18, 8, 8
2024-08-05 22:48:45 - INFO - EPOCH:22
2024-08-05 22:48:45 - INFO - Time:2024/08/05 22:48:45
2024-08-05 22:48:57 - INFO - loss: 77.21771240234375; rec_loss: 77.21771240234375; intent_loss: 0.0 
2024-08-05 22:48:57 - INFO - Current Result:
2024-08-05 22:48:57 - INFO - \Hit5: 24.1218	MRR5: 14.1132	Recall5: 24.1218	Precision5: 4.8244
2024-08-05 22:48:57 - INFO - Best Result:
2024-08-05 22:48:57 - INFO - 	Hit5: 24.2623	MRR5: 14.1991	Recall5: 24.2623	Precision5: 4.8525	Epoch: 14, 17, 14, 14
2024-08-05 22:48:57 - INFO - Current Result:
2024-08-05 22:48:57 - INFO - \Hit10: 31.5222	MRR10: 15.0883	Recall10: 31.5222	Precision10: 3.1522
2024-08-05 22:48:57 - INFO - Best Result:
2024-08-05 22:48:57 - INFO - 	Hit10: 31.5691	MRR10: 15.1537	Recall10: 31.5691	Precision10: 3.1569	Epoch: 19, 18, 19, 19
2024-08-05 22:48:57 - INFO - Current Result:
2024-08-05 22:48:57 - INFO - \Hit15: 37.0960	MRR15: 15.5272	Recall15: 37.0960	Precision15: 2.4731
2024-08-05 22:48:57 - INFO - Best Result:
2024-08-05 22:48:57 - INFO - 	Hit15: 37.1897	MRR15: 15.6068	Recall15: 37.1897	Precision15: 2.4793	Epoch: 17, 18, 17, 17
2024-08-05 22:48:57 - INFO - Current Result:
2024-08-05 22:48:57 - INFO - \Hit20: 40.1874	MRR20: 15.7017	Recall20: 40.1874	Precision20: 2.0094
2024-08-05 22:48:57 - INFO - Best Result:
2024-08-05 22:48:57 - INFO - 	Hit20: 40.2810	MRR20: 15.7698	Recall20: 40.2810	Precision20: 2.0141	Epoch: 8, 18, 8, 8
2024-08-05 22:48:57 - INFO - EPOCH:23
2024-08-05 22:48:57 - INFO - Time:2024/08/05 22:48:57
2024-08-05 22:49:08 - INFO - loss: 77.197021484375; rec_loss: 77.197021484375; intent_loss: 0.0 
2024-08-05 22:49:08 - INFO - Current Result:
2024-08-05 22:49:08 - INFO - \Hit5: 24.1686	MRR5: 14.1780	Recall5: 24.1686	Precision5: 4.8337
2024-08-05 22:49:08 - INFO - Best Result:
2024-08-05 22:49:08 - INFO - 	Hit5: 24.2623	MRR5: 14.1991	Recall5: 24.2623	Precision5: 4.8525	Epoch: 14, 17, 14, 14
2024-08-05 22:49:08 - INFO - Current Result:
2024-08-05 22:49:08 - INFO - \Hit10: 31.5222	MRR10: 15.1463	Recall10: 31.5222	Precision10: 3.1522
2024-08-05 22:49:08 - INFO - Best Result:
2024-08-05 22:49:08 - INFO - 	Hit10: 31.5691	MRR10: 15.1537	Recall10: 31.5691	Precision10: 3.1569	Epoch: 19, 18, 19, 19
2024-08-05 22:49:08 - INFO - Current Result:
2024-08-05 22:49:08 - INFO - \Hit15: 37.1429	MRR15: 15.5884	Recall15: 37.1429	Precision15: 2.4762
2024-08-05 22:49:08 - INFO - Best Result:
2024-08-05 22:49:08 - INFO - 	Hit15: 37.1897	MRR15: 15.6068	Recall15: 37.1897	Precision15: 2.4793	Epoch: 17, 18, 17, 17
2024-08-05 22:49:08 - INFO - Current Result:
2024-08-05 22:49:08 - INFO - \Hit20: 40.1405	MRR20: 15.7572	Recall20: 40.1405	Precision20: 2.0070
2024-08-05 22:49:08 - INFO - Best Result:
2024-08-05 22:49:08 - INFO - 	Hit20: 40.2810	MRR20: 15.7698	Recall20: 40.2810	Precision20: 2.0141	Epoch: 8, 18, 8, 8
2024-08-05 22:49:08 - INFO - EPOCH:24
2024-08-05 22:49:08 - INFO - Time:2024/08/05 22:49:08
2024-08-05 22:49:22 - INFO - loss: 77.13910675048828; rec_loss: 77.13910675048828; intent_loss: 0.0 
2024-08-05 22:49:22 - INFO - Current Result:
2024-08-05 22:49:22 - INFO - \Hit5: 24.1218	MRR5: 14.1366	Recall5: 24.1218	Precision5: 4.8244
2024-08-05 22:49:22 - INFO - Best Result:
2024-08-05 22:49:22 - INFO - 	Hit5: 24.2623	MRR5: 14.1991	Recall5: 24.2623	Precision5: 4.8525	Epoch: 14, 17, 14, 14
2024-08-05 22:49:22 - INFO - Current Result:
2024-08-05 22:49:22 - INFO - \Hit10: 31.5222	MRR10: 15.1127	Recall10: 31.5222	Precision10: 3.1522
2024-08-05 22:49:22 - INFO - Best Result:
2024-08-05 22:49:22 - INFO - 	Hit10: 31.5691	MRR10: 15.1537	Recall10: 31.5691	Precision10: 3.1569	Epoch: 19, 18, 19, 19
2024-08-05 22:49:22 - INFO - Current Result:
2024-08-05 22:49:22 - INFO - \Hit15: 37.1897	MRR15: 15.5578	Recall15: 37.1897	Precision15: 2.4793
2024-08-05 22:49:22 - INFO - Best Result:
2024-08-05 22:49:22 - INFO - 	Hit15: 37.1897	MRR15: 15.6068	Recall15: 37.1897	Precision15: 2.4793	Epoch: 17, 18, 17, 17
2024-08-05 22:49:22 - INFO - Current Result:
2024-08-05 22:49:22 - INFO - \Hit20: 40.1405	MRR20: 15.7242	Recall20: 40.1405	Precision20: 2.0070
2024-08-05 22:49:22 - INFO - Best Result:
2024-08-05 22:49:22 - INFO - 	Hit20: 40.2810	MRR20: 15.7698	Recall20: 40.2810	Precision20: 2.0141	Epoch: 8, 18, 8, 8
2024-08-05 22:49:22 - INFO - EPOCH:25
2024-08-05 22:49:22 - INFO - Time:2024/08/05 22:49:22
2024-08-05 22:49:33 - INFO - loss: 77.16822814941406; rec_loss: 77.16822814941406; intent_loss: 0.0 
2024-08-05 22:49:33 - INFO - Current Result:
2024-08-05 22:49:33 - INFO - \Hit5: 24.1218	MRR5: 14.1366	Recall5: 24.1218	Precision5: 4.8244
2024-08-05 22:49:33 - INFO - Best Result:
2024-08-05 22:49:33 - INFO - 	Hit5: 24.2623	MRR5: 14.1991	Recall5: 24.2623	Precision5: 4.8525	Epoch: 14, 17, 14, 14
2024-08-05 22:49:33 - INFO - Current Result:
2024-08-05 22:49:33 - INFO - \Hit10: 31.5691	MRR10: 15.1174	Recall10: 31.5691	Precision10: 3.1569
2024-08-05 22:49:33 - INFO - Best Result:
2024-08-05 22:49:33 - INFO - 	Hit10: 31.5691	MRR10: 15.1537	Recall10: 31.5691	Precision10: 3.1569	Epoch: 19, 18, 19, 19
2024-08-05 22:49:33 - INFO - Current Result:
2024-08-05 22:49:33 - INFO - \Hit15: 37.1897	MRR15: 15.5583	Recall15: 37.1897	Precision15: 2.4793
2024-08-05 22:49:33 - INFO - Best Result:
2024-08-05 22:49:33 - INFO - 	Hit15: 37.1897	MRR15: 15.6068	Recall15: 37.1897	Precision15: 2.4793	Epoch: 17, 18, 17, 17
2024-08-05 22:49:33 - INFO - Current Result:
2024-08-05 22:49:33 - INFO - \Hit20: 40.1874	MRR20: 15.7271	Recall20: 40.1874	Precision20: 2.0094
2024-08-05 22:49:33 - INFO - Best Result:
2024-08-05 22:49:33 - INFO - 	Hit20: 40.2810	MRR20: 15.7698	Recall20: 40.2810	Precision20: 2.0141	Epoch: 8, 18, 8, 8
2024-08-05 22:49:33 - INFO - EPOCH:26
2024-08-05 22:49:33 - INFO - Time:2024/08/05 22:49:33
2024-08-05 22:49:46 - INFO - loss: 77.12832641601562; rec_loss: 77.12832641601562; intent_loss: 0.0 
2024-08-05 22:49:46 - INFO - Current Result:
2024-08-05 22:49:46 - INFO - \Hit5: 24.1218	MRR5: 14.1382	Recall5: 24.1218	Precision5: 4.8244
2024-08-05 22:49:46 - INFO - Best Result:
2024-08-05 22:49:46 - INFO - 	Hit5: 24.2623	MRR5: 14.1991	Recall5: 24.2623	Precision5: 4.8525	Epoch: 14, 17, 14, 14
2024-08-05 22:49:46 - INFO - Current Result:
2024-08-05 22:49:46 - INFO - \Hit10: 31.5222	MRR10: 15.1143	Recall10: 31.5222	Precision10: 3.1522
2024-08-05 22:49:46 - INFO - Best Result:
2024-08-05 22:49:46 - INFO - 	Hit10: 31.5691	MRR10: 15.1537	Recall10: 31.5691	Precision10: 3.1569	Epoch: 19, 18, 19, 19
2024-08-05 22:49:46 - INFO - Current Result:
2024-08-05 22:49:46 - INFO - \Hit15: 37.1897	MRR15: 15.5596	Recall15: 37.1897	Precision15: 2.4793
2024-08-05 22:49:46 - INFO - Best Result:
2024-08-05 22:49:46 - INFO - 	Hit15: 37.1897	MRR15: 15.6068	Recall15: 37.1897	Precision15: 2.4793	Epoch: 17, 18, 17, 17
2024-08-05 22:49:46 - INFO - Current Result:
2024-08-05 22:49:46 - INFO - \Hit20: 40.1874	MRR20: 15.7285	Recall20: 40.1874	Precision20: 2.0094
2024-08-05 22:49:46 - INFO - Best Result:
2024-08-05 22:49:46 - INFO - 	Hit20: 40.2810	MRR20: 15.7698	Recall20: 40.2810	Precision20: 2.0141	Epoch: 8, 18, 8, 8
2024-08-05 22:49:46 - INFO - EPOCH:27
2024-08-05 22:49:46 - INFO - Time:2024/08/05 22:49:46
2024-08-05 22:50:00 - INFO - loss: 77.14850616455078; rec_loss: 77.14850616455078; intent_loss: 0.0 
2024-08-05 22:50:00 - INFO - Current Result:
2024-08-05 22:50:00 - INFO - \Hit5: 24.1218	MRR5: 14.1343	Recall5: 24.1218	Precision5: 4.8244
2024-08-05 22:50:00 - INFO - Best Result:
2024-08-05 22:50:00 - INFO - 	Hit5: 24.2623	MRR5: 14.1991	Recall5: 24.2623	Precision5: 4.8525	Epoch: 14, 17, 14, 14
2024-08-05 22:50:00 - INFO - Current Result:
2024-08-05 22:50:00 - INFO - \Hit10: 31.5222	MRR10: 15.1104	Recall10: 31.5222	Precision10: 3.1522
2024-08-05 22:50:00 - INFO - Best Result:
2024-08-05 22:50:00 - INFO - 	Hit10: 31.5691	MRR10: 15.1537	Recall10: 31.5691	Precision10: 3.1569	Epoch: 19, 18, 19, 19
2024-08-05 22:50:00 - INFO - Current Result:
2024-08-05 22:50:00 - INFO - \Hit15: 37.1897	MRR15: 15.5557	Recall15: 37.1897	Precision15: 2.4793
2024-08-05 22:50:00 - INFO - Best Result:
2024-08-05 22:50:00 - INFO - 	Hit15: 37.1897	MRR15: 15.6068	Recall15: 37.1897	Precision15: 2.4793	Epoch: 17, 18, 17, 17
2024-08-05 22:50:00 - INFO - Current Result:
2024-08-05 22:50:00 - INFO - \Hit20: 40.2342	MRR20: 15.7269	Recall20: 40.2342	Precision20: 2.0117
2024-08-05 22:50:00 - INFO - Best Result:
2024-08-05 22:50:00 - INFO - 	Hit20: 40.2810	MRR20: 15.7698	Recall20: 40.2810	Precision20: 2.0141	Epoch: 8, 18, 8, 8
2024-08-05 22:50:00 - INFO - EPOCH:28
2024-08-05 22:50:00 - INFO - Time:2024/08/05 22:50:00
2024-08-05 22:50:12 - INFO - loss: 77.19206237792969; rec_loss: 77.19206237792969; intent_loss: 0.0 
2024-08-05 22:50:12 - INFO - Current Result:
2024-08-05 22:50:12 - INFO - \Hit5: 24.1218	MRR5: 14.1382	Recall5: 24.1218	Precision5: 4.8244
2024-08-05 22:50:12 - INFO - Best Result:
2024-08-05 22:50:12 - INFO - 	Hit5: 24.2623	MRR5: 14.1991	Recall5: 24.2623	Precision5: 4.8525	Epoch: 14, 17, 14, 14
2024-08-05 22:50:12 - INFO - Current Result:
2024-08-05 22:50:12 - INFO - \Hit10: 31.5222	MRR10: 15.1143	Recall10: 31.5222	Precision10: 3.1522
2024-08-05 22:50:12 - INFO - Best Result:
2024-08-05 22:50:12 - INFO - 	Hit10: 31.5691	MRR10: 15.1537	Recall10: 31.5691	Precision10: 3.1569	Epoch: 19, 18, 19, 19
2024-08-05 22:50:12 - INFO - Current Result:
2024-08-05 22:50:12 - INFO - \Hit15: 37.1897	MRR15: 15.5596	Recall15: 37.1897	Precision15: 2.4793
2024-08-05 22:50:12 - INFO - Best Result:
2024-08-05 22:50:12 - INFO - 	Hit15: 37.1897	MRR15: 15.6068	Recall15: 37.1897	Precision15: 2.4793	Epoch: 17, 18, 17, 17
2024-08-05 22:50:12 - INFO - Current Result:
2024-08-05 22:50:12 - INFO - \Hit20: 40.2342	MRR20: 15.7308	Recall20: 40.2342	Precision20: 2.0117
2024-08-05 22:50:12 - INFO - Best Result:
2024-08-05 22:50:12 - INFO - 	Hit20: 40.2810	MRR20: 15.7698	Recall20: 40.2810	Precision20: 2.0141	Epoch: 8, 18, 8, 8
2024-08-05 22:50:12 - INFO - EPOCH:29
2024-08-05 22:50:12 - INFO - Time:2024/08/05 22:50:12
2024-08-05 22:50:25 - INFO - loss: 77.19764709472656; rec_loss: 77.19764709472656; intent_loss: 0.0 
2024-08-05 22:50:25 - INFO - Current Result:
2024-08-05 22:50:25 - INFO - \Hit5: 24.1218	MRR5: 14.1382	Recall5: 24.1218	Precision5: 4.8244
2024-08-05 22:50:25 - INFO - Best Result:
2024-08-05 22:50:25 - INFO - 	Hit5: 24.2623	MRR5: 14.1991	Recall5: 24.2623	Precision5: 4.8525	Epoch: 14, 17, 14, 14
2024-08-05 22:50:25 - INFO - Current Result:
2024-08-05 22:50:25 - INFO - \Hit10: 31.5222	MRR10: 15.1149	Recall10: 31.5222	Precision10: 3.1522
2024-08-05 22:50:25 - INFO - Best Result:
2024-08-05 22:50:25 - INFO - 	Hit10: 31.5691	MRR10: 15.1537	Recall10: 31.5691	Precision10: 3.1569	Epoch: 19, 18, 19, 19
2024-08-05 22:50:25 - INFO - Current Result:
2024-08-05 22:50:25 - INFO - \Hit15: 37.1897	MRR15: 15.5600	Recall15: 37.1897	Precision15: 2.4793
2024-08-05 22:50:25 - INFO - Best Result:
2024-08-05 22:50:25 - INFO - 	Hit15: 37.1897	MRR15: 15.6068	Recall15: 37.1897	Precision15: 2.4793	Epoch: 17, 18, 17, 17
2024-08-05 22:50:25 - INFO - Current Result:
2024-08-05 22:50:25 - INFO - \Hit20: 40.2342	MRR20: 15.7312	Recall20: 40.2342	Precision20: 2.0117
2024-08-05 22:50:25 - INFO - Best Result:
2024-08-05 22:50:25 - INFO - 	Hit20: 40.2810	MRR20: 15.7698	Recall20: 40.2810	Precision20: 2.0141	Epoch: 8, 18, 8, 8
2024-08-05 22:50:25 - INFO - EPOCH:30
2024-08-05 22:50:25 - INFO - Time:2024/08/05 22:50:25
2024-08-05 22:50:37 - INFO - loss: 77.12958526611328; rec_loss: 77.12958526611328; intent_loss: 0.0 
2024-08-05 22:50:37 - INFO - Current Result:
2024-08-05 22:50:37 - INFO - \Hit5: 24.1218	MRR5: 14.1382	Recall5: 24.1218	Precision5: 4.8244
2024-08-05 22:50:37 - INFO - Best Result:
2024-08-05 22:50:37 - INFO - 	Hit5: 24.2623	MRR5: 14.1991	Recall5: 24.2623	Precision5: 4.8525	Epoch: 14, 17, 14, 14
2024-08-05 22:50:37 - INFO - Current Result:
2024-08-05 22:50:37 - INFO - \Hit10: 31.5222	MRR10: 15.1149	Recall10: 31.5222	Precision10: 3.1522
2024-08-05 22:50:37 - INFO - Best Result:
2024-08-05 22:50:37 - INFO - 	Hit10: 31.5691	MRR10: 15.1537	Recall10: 31.5691	Precision10: 3.1569	Epoch: 19, 18, 19, 19
2024-08-05 22:50:37 - INFO - Current Result:
2024-08-05 22:50:37 - INFO - \Hit15: 37.1897	MRR15: 15.5600	Recall15: 37.1897	Precision15: 2.4793
2024-08-05 22:50:37 - INFO - Best Result:
2024-08-05 22:50:37 - INFO - 	Hit15: 37.1897	MRR15: 15.6068	Recall15: 37.1897	Precision15: 2.4793	Epoch: 17, 18, 17, 17
2024-08-05 22:50:37 - INFO - Current Result:
2024-08-05 22:50:37 - INFO - \Hit20: 40.2342	MRR20: 15.7312	Recall20: 40.2342	Precision20: 2.0117
2024-08-05 22:50:37 - INFO - Best Result:
2024-08-05 22:50:37 - INFO - 	Hit20: 40.2810	MRR20: 15.7698	Recall20: 40.2810	Precision20: 2.0141	Epoch: 8, 18, 8, 8
2024-08-05 22:50:37 - INFO - EPOCH:31
2024-08-05 22:50:37 - INFO - Time:2024/08/05 22:50:37
2024-08-05 22:50:51 - INFO - loss: 77.16024017333984; rec_loss: 77.16024017333984; intent_loss: 0.0 
2024-08-05 22:50:51 - INFO - Current Result:
2024-08-05 22:50:51 - INFO - \Hit5: 24.1218	MRR5: 14.1382	Recall5: 24.1218	Precision5: 4.8244
2024-08-05 22:50:51 - INFO - Best Result:
2024-08-05 22:50:51 - INFO - 	Hit5: 24.2623	MRR5: 14.1991	Recall5: 24.2623	Precision5: 4.8525	Epoch: 14, 17, 14, 14
2024-08-05 22:50:51 - INFO - Current Result:
2024-08-05 22:50:51 - INFO - \Hit10: 31.5222	MRR10: 15.1149	Recall10: 31.5222	Precision10: 3.1522
2024-08-05 22:50:51 - INFO - Best Result:
2024-08-05 22:50:51 - INFO - 	Hit10: 31.5691	MRR10: 15.1537	Recall10: 31.5691	Precision10: 3.1569	Epoch: 19, 18, 19, 19
2024-08-05 22:50:51 - INFO - Current Result:
2024-08-05 22:50:51 - INFO - \Hit15: 37.1897	MRR15: 15.5600	Recall15: 37.1897	Precision15: 2.4793
2024-08-05 22:50:51 - INFO - Best Result:
2024-08-05 22:50:51 - INFO - 	Hit15: 37.1897	MRR15: 15.6068	Recall15: 37.1897	Precision15: 2.4793	Epoch: 17, 18, 17, 17
2024-08-05 22:50:51 - INFO - Current Result:
2024-08-05 22:50:51 - INFO - \Hit20: 40.2342	MRR20: 15.7312	Recall20: 40.2342	Precision20: 2.0117
2024-08-05 22:50:51 - INFO - Best Result:
2024-08-05 22:50:51 - INFO - 	Hit20: 40.2810	MRR20: 15.7698	Recall20: 40.2810	Precision20: 2.0141	Epoch: 8, 18, 8, 8
2024-08-05 22:50:51 - INFO - EPOCH:32
2024-08-05 22:50:51 - INFO - Time:2024/08/05 22:50:51
2024-08-05 22:51:04 - INFO - loss: 77.17033386230469; rec_loss: 77.17033386230469; intent_loss: 0.0 
2024-08-05 22:51:04 - INFO - Current Result:
2024-08-05 22:51:04 - INFO - \Hit5: 24.1218	MRR5: 14.1382	Recall5: 24.1218	Precision5: 4.8244
2024-08-05 22:51:04 - INFO - Best Result:
2024-08-05 22:51:04 - INFO - 	Hit5: 24.2623	MRR5: 14.1991	Recall5: 24.2623	Precision5: 4.8525	Epoch: 14, 17, 14, 14
2024-08-05 22:51:04 - INFO - Current Result:
2024-08-05 22:51:04 - INFO - \Hit10: 31.5222	MRR10: 15.1149	Recall10: 31.5222	Precision10: 3.1522
2024-08-05 22:51:04 - INFO - Best Result:
2024-08-05 22:51:04 - INFO - 	Hit10: 31.5691	MRR10: 15.1537	Recall10: 31.5691	Precision10: 3.1569	Epoch: 19, 18, 19, 19
2024-08-05 22:51:04 - INFO - Current Result:
2024-08-05 22:51:04 - INFO - \Hit15: 37.1897	MRR15: 15.5600	Recall15: 37.1897	Precision15: 2.4793
2024-08-05 22:51:04 - INFO - Best Result:
2024-08-05 22:51:04 - INFO - 	Hit15: 37.1897	MRR15: 15.6068	Recall15: 37.1897	Precision15: 2.4793	Epoch: 17, 18, 17, 17
2024-08-05 22:51:04 - INFO - Current Result:
2024-08-05 22:51:04 - INFO - \Hit20: 40.2342	MRR20: 15.7312	Recall20: 40.2342	Precision20: 2.0117
2024-08-05 22:51:04 - INFO - Best Result:
2024-08-05 22:51:04 - INFO - 	Hit20: 40.2810	MRR20: 15.7698	Recall20: 40.2810	Precision20: 2.0141	Epoch: 8, 18, 8, 8
2024-08-05 22:51:04 - INFO - EPOCH:33
2024-08-05 22:51:04 - INFO - Time:2024/08/05 22:51:04
2024-08-05 22:51:17 - INFO - loss: 77.16324615478516; rec_loss: 77.16324615478516; intent_loss: 0.0 
2024-08-05 22:51:17 - INFO - Current Result:
2024-08-05 22:51:17 - INFO - \Hit5: 24.1218	MRR5: 14.1382	Recall5: 24.1218	Precision5: 4.8244
2024-08-05 22:51:17 - INFO - Best Result:
2024-08-05 22:51:17 - INFO - 	Hit5: 24.2623	MRR5: 14.1991	Recall5: 24.2623	Precision5: 4.8525	Epoch: 14, 17, 14, 14
2024-08-05 22:51:17 - INFO - Current Result:
2024-08-05 22:51:17 - INFO - \Hit10: 31.5222	MRR10: 15.1149	Recall10: 31.5222	Precision10: 3.1522
2024-08-05 22:51:17 - INFO - Best Result:
2024-08-05 22:51:17 - INFO - 	Hit10: 31.5691	MRR10: 15.1537	Recall10: 31.5691	Precision10: 3.1569	Epoch: 19, 18, 19, 19
2024-08-05 22:51:17 - INFO - Current Result:
2024-08-05 22:51:17 - INFO - \Hit15: 37.1897	MRR15: 15.5600	Recall15: 37.1897	Precision15: 2.4793
2024-08-05 22:51:17 - INFO - Best Result:
2024-08-05 22:51:17 - INFO - 	Hit15: 37.1897	MRR15: 15.6068	Recall15: 37.1897	Precision15: 2.4793	Epoch: 17, 18, 17, 17
2024-08-05 22:51:17 - INFO - Current Result:
2024-08-05 22:51:17 - INFO - \Hit20: 40.2342	MRR20: 15.7312	Recall20: 40.2342	Precision20: 2.0117
2024-08-05 22:51:17 - INFO - Best Result:
2024-08-05 22:51:17 - INFO - 	Hit20: 40.2810	MRR20: 15.7698	Recall20: 40.2810	Precision20: 2.0141	Epoch: 8, 18, 8, 8
2024-08-05 22:51:17 - INFO - EPOCH:34
2024-08-05 22:51:17 - INFO - Time:2024/08/05 22:51:17
2024-08-05 22:51:30 - INFO - loss: 77.25968933105469; rec_loss: 77.25968933105469; intent_loss: 0.0 
2024-08-05 22:51:30 - INFO - Current Result:
2024-08-05 22:51:30 - INFO - \Hit5: 24.1218	MRR5: 14.1382	Recall5: 24.1218	Precision5: 4.8244
2024-08-05 22:51:30 - INFO - Best Result:
2024-08-05 22:51:30 - INFO - 	Hit5: 24.2623	MRR5: 14.1991	Recall5: 24.2623	Precision5: 4.8525	Epoch: 14, 17, 14, 14
2024-08-05 22:51:30 - INFO - Current Result:
2024-08-05 22:51:30 - INFO - \Hit10: 31.5222	MRR10: 15.1149	Recall10: 31.5222	Precision10: 3.1522
2024-08-05 22:51:30 - INFO - Best Result:
2024-08-05 22:51:30 - INFO - 	Hit10: 31.5691	MRR10: 15.1537	Recall10: 31.5691	Precision10: 3.1569	Epoch: 19, 18, 19, 19
2024-08-05 22:51:30 - INFO - Current Result:
2024-08-05 22:51:30 - INFO - \Hit15: 37.1897	MRR15: 15.5600	Recall15: 37.1897	Precision15: 2.4793
2024-08-05 22:51:30 - INFO - Best Result:
2024-08-05 22:51:30 - INFO - 	Hit15: 37.1897	MRR15: 15.6068	Recall15: 37.1897	Precision15: 2.4793	Epoch: 17, 18, 17, 17
2024-08-05 22:51:30 - INFO - Current Result:
2024-08-05 22:51:30 - INFO - \Hit20: 40.2342	MRR20: 15.7312	Recall20: 40.2342	Precision20: 2.0117
2024-08-05 22:51:30 - INFO - Best Result:
2024-08-05 22:51:30 - INFO - 	Hit20: 40.2810	MRR20: 15.7698	Recall20: 40.2810	Precision20: 2.0141	Epoch: 8, 18, 8, 8
2024-08-05 22:51:30 - INFO - EPOCH:35
2024-08-05 22:51:30 - INFO - Time:2024/08/05 22:51:30
2024-08-05 22:51:44 - INFO - loss: 77.20758056640625; rec_loss: 77.20758056640625; intent_loss: 0.0 
2024-08-05 22:51:45 - INFO - Current Result:
2024-08-05 22:51:45 - INFO - \Hit5: 24.1218	MRR5: 14.1382	Recall5: 24.1218	Precision5: 4.8244
2024-08-05 22:51:45 - INFO - Best Result:
2024-08-05 22:51:45 - INFO - 	Hit5: 24.2623	MRR5: 14.1991	Recall5: 24.2623	Precision5: 4.8525	Epoch: 14, 17, 14, 14
2024-08-05 22:51:45 - INFO - Current Result:
2024-08-05 22:51:45 - INFO - \Hit10: 31.5222	MRR10: 15.1149	Recall10: 31.5222	Precision10: 3.1522
2024-08-05 22:51:45 - INFO - Best Result:
2024-08-05 22:51:45 - INFO - 	Hit10: 31.5691	MRR10: 15.1537	Recall10: 31.5691	Precision10: 3.1569	Epoch: 19, 18, 19, 19
2024-08-05 22:51:45 - INFO - Current Result:
2024-08-05 22:51:45 - INFO - \Hit15: 37.1897	MRR15: 15.5600	Recall15: 37.1897	Precision15: 2.4793
2024-08-05 22:51:45 - INFO - Best Result:
2024-08-05 22:51:45 - INFO - 	Hit15: 37.1897	MRR15: 15.6068	Recall15: 37.1897	Precision15: 2.4793	Epoch: 17, 18, 17, 17
2024-08-05 22:51:45 - INFO - Current Result:
2024-08-05 22:51:45 - INFO - \Hit20: 40.2342	MRR20: 15.7312	Recall20: 40.2342	Precision20: 2.0117
2024-08-05 22:51:45 - INFO - Best Result:
2024-08-05 22:51:45 - INFO - 	Hit20: 40.2810	MRR20: 15.7698	Recall20: 40.2810	Precision20: 2.0141	Epoch: 8, 18, 8, 8
2024-08-05 22:51:45 - INFO - EPOCH:36
2024-08-05 22:51:45 - INFO - Time:2024/08/05 22:51:45
2024-08-05 22:51:58 - INFO - loss: 77.1738510131836; rec_loss: 77.1738510131836; intent_loss: 0.0 
2024-08-05 22:51:58 - INFO - Current Result:
2024-08-05 22:51:58 - INFO - \Hit5: 24.1218	MRR5: 14.1382	Recall5: 24.1218	Precision5: 4.8244
2024-08-05 22:51:58 - INFO - Best Result:
2024-08-05 22:51:58 - INFO - 	Hit5: 24.2623	MRR5: 14.1991	Recall5: 24.2623	Precision5: 4.8525	Epoch: 14, 17, 14, 14
2024-08-05 22:51:58 - INFO - Current Result:
2024-08-05 22:51:58 - INFO - \Hit10: 31.5222	MRR10: 15.1149	Recall10: 31.5222	Precision10: 3.1522
2024-08-05 22:51:58 - INFO - Best Result:
2024-08-05 22:51:58 - INFO - 	Hit10: 31.5691	MRR10: 15.1537	Recall10: 31.5691	Precision10: 3.1569	Epoch: 19, 18, 19, 19
2024-08-05 22:51:58 - INFO - Current Result:
2024-08-05 22:51:58 - INFO - \Hit15: 37.1897	MRR15: 15.5600	Recall15: 37.1897	Precision15: 2.4793
2024-08-05 22:51:58 - INFO - Best Result:
2024-08-05 22:51:58 - INFO - 	Hit15: 37.1897	MRR15: 15.6068	Recall15: 37.1897	Precision15: 2.4793	Epoch: 17, 18, 17, 17
2024-08-05 22:51:58 - INFO - Current Result:
2024-08-05 22:51:58 - INFO - \Hit20: 40.2342	MRR20: 15.7312	Recall20: 40.2342	Precision20: 2.0117
2024-08-05 22:51:58 - INFO - Best Result:
2024-08-05 22:51:58 - INFO - 	Hit20: 40.2810	MRR20: 15.7698	Recall20: 40.2810	Precision20: 2.0141	Epoch: 8, 18, 8, 8
2024-08-05 22:51:58 - INFO - EPOCH:37
2024-08-05 22:51:58 - INFO - Time:2024/08/05 22:51:58
2024-08-05 22:52:12 - INFO - loss: 77.14595794677734; rec_loss: 77.14595794677734; intent_loss: 0.0 
2024-08-05 22:52:12 - INFO - Current Result:
2024-08-05 22:52:12 - INFO - \Hit5: 24.1218	MRR5: 14.1382	Recall5: 24.1218	Precision5: 4.8244
2024-08-05 22:52:12 - INFO - Best Result:
2024-08-05 22:52:12 - INFO - 	Hit5: 24.2623	MRR5: 14.1991	Recall5: 24.2623	Precision5: 4.8525	Epoch: 14, 17, 14, 14
2024-08-05 22:52:12 - INFO - Current Result:
2024-08-05 22:52:12 - INFO - \Hit10: 31.5222	MRR10: 15.1149	Recall10: 31.5222	Precision10: 3.1522
2024-08-05 22:52:12 - INFO - Best Result:
2024-08-05 22:52:12 - INFO - 	Hit10: 31.5691	MRR10: 15.1537	Recall10: 31.5691	Precision10: 3.1569	Epoch: 19, 18, 19, 19
2024-08-05 22:52:12 - INFO - Current Result:
2024-08-05 22:52:12 - INFO - \Hit15: 37.1897	MRR15: 15.5600	Recall15: 37.1897	Precision15: 2.4793
2024-08-05 22:52:12 - INFO - Best Result:
2024-08-05 22:52:12 - INFO - 	Hit15: 37.1897	MRR15: 15.6068	Recall15: 37.1897	Precision15: 2.4793	Epoch: 17, 18, 17, 17
2024-08-05 22:52:12 - INFO - Current Result:
2024-08-05 22:52:12 - INFO - \Hit20: 40.2342	MRR20: 15.7312	Recall20: 40.2342	Precision20: 2.0117
2024-08-05 22:52:12 - INFO - Best Result:
2024-08-05 22:52:12 - INFO - 	Hit20: 40.2810	MRR20: 15.7698	Recall20: 40.2810	Precision20: 2.0141	Epoch: 8, 18, 8, 8
2024-08-05 22:52:12 - INFO - EPOCH:38
2024-08-05 22:52:12 - INFO - Time:2024/08/05 22:52:12
2024-08-05 22:52:25 - INFO - loss: 77.19479370117188; rec_loss: 77.19479370117188; intent_loss: 0.0 
2024-08-05 22:52:25 - INFO - Current Result:
2024-08-05 22:52:25 - INFO - \Hit5: 24.1218	MRR5: 14.1382	Recall5: 24.1218	Precision5: 4.8244
2024-08-05 22:52:25 - INFO - Best Result:
2024-08-05 22:52:25 - INFO - 	Hit5: 24.2623	MRR5: 14.1991	Recall5: 24.2623	Precision5: 4.8525	Epoch: 14, 17, 14, 14
2024-08-05 22:52:25 - INFO - Current Result:
2024-08-05 22:52:25 - INFO - \Hit10: 31.5222	MRR10: 15.1149	Recall10: 31.5222	Precision10: 3.1522
2024-08-05 22:52:25 - INFO - Best Result:
2024-08-05 22:52:25 - INFO - 	Hit10: 31.5691	MRR10: 15.1537	Recall10: 31.5691	Precision10: 3.1569	Epoch: 19, 18, 19, 19
2024-08-05 22:52:25 - INFO - Current Result:
2024-08-05 22:52:25 - INFO - \Hit15: 37.1897	MRR15: 15.5600	Recall15: 37.1897	Precision15: 2.4793
2024-08-05 22:52:25 - INFO - Best Result:
2024-08-05 22:52:25 - INFO - 	Hit15: 37.1897	MRR15: 15.6068	Recall15: 37.1897	Precision15: 2.4793	Epoch: 17, 18, 17, 17
2024-08-05 22:52:25 - INFO - Current Result:
2024-08-05 22:52:25 - INFO - \Hit20: 40.2342	MRR20: 15.7312	Recall20: 40.2342	Precision20: 2.0117
2024-08-05 22:52:25 - INFO - Best Result:
2024-08-05 22:52:25 - INFO - 	Hit20: 40.2810	MRR20: 15.7698	Recall20: 40.2810	Precision20: 2.0141	Epoch: 8, 18, 8, 8
2024-08-05 22:52:25 - INFO - EPOCH:39
2024-08-05 22:52:25 - INFO - Time:2024/08/05 22:52:25
2024-08-05 22:52:36 - INFO - loss: 77.22724914550781; rec_loss: 77.22724914550781; intent_loss: 0.0 
2024-08-05 22:52:36 - INFO - Current Result:
2024-08-05 22:52:36 - INFO - \Hit5: 24.1218	MRR5: 14.1382	Recall5: 24.1218	Precision5: 4.8244
2024-08-05 22:52:36 - INFO - Best Result:
2024-08-05 22:52:36 - INFO - 	Hit5: 24.2623	MRR5: 14.1991	Recall5: 24.2623	Precision5: 4.8525	Epoch: 14, 17, 14, 14
2024-08-05 22:52:36 - INFO - Current Result:
2024-08-05 22:52:36 - INFO - \Hit10: 31.5222	MRR10: 15.1149	Recall10: 31.5222	Precision10: 3.1522
2024-08-05 22:52:36 - INFO - Best Result:
2024-08-05 22:52:36 - INFO - 	Hit10: 31.5691	MRR10: 15.1537	Recall10: 31.5691	Precision10: 3.1569	Epoch: 19, 18, 19, 19
2024-08-05 22:52:36 - INFO - Current Result:
2024-08-05 22:52:36 - INFO - \Hit15: 37.1897	MRR15: 15.5600	Recall15: 37.1897	Precision15: 2.4793
2024-08-05 22:52:36 - INFO - Best Result:
2024-08-05 22:52:36 - INFO - 	Hit15: 37.1897	MRR15: 15.6068	Recall15: 37.1897	Precision15: 2.4793	Epoch: 17, 18, 17, 17
2024-08-05 22:52:36 - INFO - Current Result:
2024-08-05 22:52:36 - INFO - \Hit20: 40.2342	MRR20: 15.7312	Recall20: 40.2342	Precision20: 2.0117
2024-08-05 22:52:36 - INFO - Best Result:
2024-08-05 22:52:36 - INFO - 	Hit20: 40.2810	MRR20: 15.7698	Recall20: 40.2810	Precision20: 2.0141	Epoch: 8, 18, 8, 8
2024-08-05 22:52:36 - INFO - EPOCH:40
2024-08-05 22:52:36 - INFO - Time:2024/08/05 22:52:36
2024-08-05 22:52:45 - INFO - loss: 77.12407684326172; rec_loss: 77.12407684326172; intent_loss: 0.0 
2024-08-05 22:52:45 - INFO - Current Result:
2024-08-05 22:52:45 - INFO - \Hit5: 24.1218	MRR5: 14.1382	Recall5: 24.1218	Precision5: 4.8244
2024-08-05 22:52:45 - INFO - Best Result:
2024-08-05 22:52:45 - INFO - 	Hit5: 24.2623	MRR5: 14.1991	Recall5: 24.2623	Precision5: 4.8525	Epoch: 14, 17, 14, 14
2024-08-05 22:52:45 - INFO - Current Result:
2024-08-05 22:52:45 - INFO - \Hit10: 31.5222	MRR10: 15.1149	Recall10: 31.5222	Precision10: 3.1522
2024-08-05 22:52:45 - INFO - Best Result:
2024-08-05 22:52:45 - INFO - 	Hit10: 31.5691	MRR10: 15.1537	Recall10: 31.5691	Precision10: 3.1569	Epoch: 19, 18, 19, 19
2024-08-05 22:52:45 - INFO - Current Result:
2024-08-05 22:52:45 - INFO - \Hit15: 37.1897	MRR15: 15.5600	Recall15: 37.1897	Precision15: 2.4793
2024-08-05 22:52:45 - INFO - Best Result:
2024-08-05 22:52:45 - INFO - 	Hit15: 37.1897	MRR15: 15.6068	Recall15: 37.1897	Precision15: 2.4793	Epoch: 17, 18, 17, 17
2024-08-05 22:52:45 - INFO - Current Result:
2024-08-05 22:52:45 - INFO - \Hit20: 40.2342	MRR20: 15.7312	Recall20: 40.2342	Precision20: 2.0117
2024-08-05 22:52:45 - INFO - Best Result:
2024-08-05 22:52:45 - INFO - 	Hit20: 40.2810	MRR20: 15.7698	Recall20: 40.2810	Precision20: 2.0141	Epoch: 8, 18, 8, 8
2024-08-05 22:52:45 - INFO - EPOCH:41
2024-08-05 22:52:45 - INFO - Time:2024/08/05 22:52:45
2024-08-05 22:52:58 - INFO - loss: 77.19172668457031; rec_loss: 77.19172668457031; intent_loss: 0.0 
2024-08-05 22:52:58 - INFO - Current Result:
2024-08-05 22:52:58 - INFO - \Hit5: 24.1218	MRR5: 14.1382	Recall5: 24.1218	Precision5: 4.8244
2024-08-05 22:52:58 - INFO - Best Result:
2024-08-05 22:52:58 - INFO - 	Hit5: 24.2623	MRR5: 14.1991	Recall5: 24.2623	Precision5: 4.8525	Epoch: 14, 17, 14, 14
2024-08-05 22:52:58 - INFO - Current Result:
2024-08-05 22:52:58 - INFO - \Hit10: 31.5222	MRR10: 15.1149	Recall10: 31.5222	Precision10: 3.1522
2024-08-05 22:52:58 - INFO - Best Result:
2024-08-05 22:52:58 - INFO - 	Hit10: 31.5691	MRR10: 15.1537	Recall10: 31.5691	Precision10: 3.1569	Epoch: 19, 18, 19, 19
2024-08-05 22:52:58 - INFO - Current Result:
2024-08-05 22:52:58 - INFO - \Hit15: 37.1897	MRR15: 15.5600	Recall15: 37.1897	Precision15: 2.4793
2024-08-05 22:52:58 - INFO - Best Result:
2024-08-05 22:52:58 - INFO - 	Hit15: 37.1897	MRR15: 15.6068	Recall15: 37.1897	Precision15: 2.4793	Epoch: 17, 18, 17, 17
2024-08-05 22:52:58 - INFO - Current Result:
2024-08-05 22:52:58 - INFO - \Hit20: 40.2342	MRR20: 15.7312	Recall20: 40.2342	Precision20: 2.0117
2024-08-05 22:52:58 - INFO - Best Result:
2024-08-05 22:52:58 - INFO - 	Hit20: 40.2810	MRR20: 15.7698	Recall20: 40.2810	Precision20: 2.0141	Epoch: 8, 18, 8, 8
2024-08-05 22:52:58 - INFO - EPOCH:42
2024-08-05 22:52:58 - INFO - Time:2024/08/05 22:52:58
2024-08-05 22:53:10 - INFO - loss: 77.13140106201172; rec_loss: 77.13140106201172; intent_loss: 0.0 
2024-08-05 22:53:10 - INFO - Current Result:
2024-08-05 22:53:10 - INFO - \Hit5: 24.1218	MRR5: 14.1382	Recall5: 24.1218	Precision5: 4.8244
2024-08-05 22:53:10 - INFO - Best Result:
2024-08-05 22:53:10 - INFO - 	Hit5: 24.2623	MRR5: 14.1991	Recall5: 24.2623	Precision5: 4.8525	Epoch: 14, 17, 14, 14
2024-08-05 22:53:10 - INFO - Current Result:
2024-08-05 22:53:10 - INFO - \Hit10: 31.5222	MRR10: 15.1149	Recall10: 31.5222	Precision10: 3.1522
2024-08-05 22:53:10 - INFO - Best Result:
2024-08-05 22:53:10 - INFO - 	Hit10: 31.5691	MRR10: 15.1537	Recall10: 31.5691	Precision10: 3.1569	Epoch: 19, 18, 19, 19
2024-08-05 22:53:10 - INFO - Current Result:
2024-08-05 22:53:10 - INFO - \Hit15: 37.1897	MRR15: 15.5600	Recall15: 37.1897	Precision15: 2.4793
2024-08-05 22:53:10 - INFO - Best Result:
2024-08-05 22:53:10 - INFO - 	Hit15: 37.1897	MRR15: 15.6068	Recall15: 37.1897	Precision15: 2.4793	Epoch: 17, 18, 17, 17
2024-08-05 22:53:10 - INFO - Current Result:
2024-08-05 22:53:10 - INFO - \Hit20: 40.2342	MRR20: 15.7312	Recall20: 40.2342	Precision20: 2.0117
2024-08-05 22:53:10 - INFO - Best Result:
2024-08-05 22:53:10 - INFO - 	Hit20: 40.2810	MRR20: 15.7698	Recall20: 40.2810	Precision20: 2.0141	Epoch: 8, 18, 8, 8
2024-08-05 22:53:10 - INFO - EPOCH:43
2024-08-05 22:53:10 - INFO - Time:2024/08/05 22:53:10
2024-08-05 22:53:22 - INFO - loss: 77.15745544433594; rec_loss: 77.15745544433594; intent_loss: 0.0 
2024-08-05 22:53:22 - INFO - Current Result:
2024-08-05 22:53:22 - INFO - \Hit5: 24.1218	MRR5: 14.1382	Recall5: 24.1218	Precision5: 4.8244
2024-08-05 22:53:22 - INFO - Best Result:
2024-08-05 22:53:22 - INFO - 	Hit5: 24.2623	MRR5: 14.1991	Recall5: 24.2623	Precision5: 4.8525	Epoch: 14, 17, 14, 14
2024-08-05 22:53:22 - INFO - Current Result:
2024-08-05 22:53:22 - INFO - \Hit10: 31.5222	MRR10: 15.1149	Recall10: 31.5222	Precision10: 3.1522
2024-08-05 22:53:22 - INFO - Best Result:
2024-08-05 22:53:22 - INFO - 	Hit10: 31.5691	MRR10: 15.1537	Recall10: 31.5691	Precision10: 3.1569	Epoch: 19, 18, 19, 19
2024-08-05 22:53:22 - INFO - Current Result:
2024-08-05 22:53:22 - INFO - \Hit15: 37.1897	MRR15: 15.5600	Recall15: 37.1897	Precision15: 2.4793
2024-08-05 22:53:22 - INFO - Best Result:
2024-08-05 22:53:22 - INFO - 	Hit15: 37.1897	MRR15: 15.6068	Recall15: 37.1897	Precision15: 2.4793	Epoch: 17, 18, 17, 17
2024-08-05 22:53:22 - INFO - Current Result:
2024-08-05 22:53:22 - INFO - \Hit20: 40.2342	MRR20: 15.7312	Recall20: 40.2342	Precision20: 2.0117
2024-08-05 22:53:22 - INFO - Best Result:
2024-08-05 22:53:22 - INFO - 	Hit20: 40.2810	MRR20: 15.7698	Recall20: 40.2810	Precision20: 2.0141	Epoch: 8, 18, 8, 8
2024-08-05 22:53:22 - INFO - EPOCH:44
2024-08-05 22:53:22 - INFO - Time:2024/08/05 22:53:22
2024-08-05 22:53:34 - INFO - loss: 77.16575622558594; rec_loss: 77.16575622558594; intent_loss: 0.0 
2024-08-05 22:53:34 - INFO - Current Result:
2024-08-05 22:53:34 - INFO - \Hit5: 24.1218	MRR5: 14.1382	Recall5: 24.1218	Precision5: 4.8244
2024-08-05 22:53:34 - INFO - Best Result:
2024-08-05 22:53:34 - INFO - 	Hit5: 24.2623	MRR5: 14.1991	Recall5: 24.2623	Precision5: 4.8525	Epoch: 14, 17, 14, 14
2024-08-05 22:53:34 - INFO - Current Result:
2024-08-05 22:53:34 - INFO - \Hit10: 31.5222	MRR10: 15.1149	Recall10: 31.5222	Precision10: 3.1522
2024-08-05 22:53:34 - INFO - Best Result:
2024-08-05 22:53:34 - INFO - 	Hit10: 31.5691	MRR10: 15.1537	Recall10: 31.5691	Precision10: 3.1569	Epoch: 19, 18, 19, 19
2024-08-05 22:53:34 - INFO - Current Result:
2024-08-05 22:53:34 - INFO - \Hit15: 37.1897	MRR15: 15.5600	Recall15: 37.1897	Precision15: 2.4793
2024-08-05 22:53:34 - INFO - Best Result:
2024-08-05 22:53:34 - INFO - 	Hit15: 37.1897	MRR15: 15.6068	Recall15: 37.1897	Precision15: 2.4793	Epoch: 17, 18, 17, 17
2024-08-05 22:53:34 - INFO - Current Result:
2024-08-05 22:53:34 - INFO - \Hit20: 40.2342	MRR20: 15.7312	Recall20: 40.2342	Precision20: 2.0117
2024-08-05 22:53:34 - INFO - Best Result:
2024-08-05 22:53:34 - INFO - 	Hit20: 40.2810	MRR20: 15.7698	Recall20: 40.2810	Precision20: 2.0141	Epoch: 8, 18, 8, 8
2024-08-05 22:53:34 - INFO - EPOCH:45
2024-08-05 22:53:34 - INFO - Time:2024/08/05 22:53:34
2024-08-05 22:53:45 - INFO - loss: 77.15618896484375; rec_loss: 77.15618896484375; intent_loss: 0.0 
2024-08-05 22:53:45 - INFO - Current Result:
2024-08-05 22:53:45 - INFO - \Hit5: 24.1218	MRR5: 14.1382	Recall5: 24.1218	Precision5: 4.8244
2024-08-05 22:53:45 - INFO - Best Result:
2024-08-05 22:53:45 - INFO - 	Hit5: 24.2623	MRR5: 14.1991	Recall5: 24.2623	Precision5: 4.8525	Epoch: 14, 17, 14, 14
2024-08-05 22:53:45 - INFO - Current Result:
2024-08-05 22:53:45 - INFO - \Hit10: 31.5222	MRR10: 15.1149	Recall10: 31.5222	Precision10: 3.1522
2024-08-05 22:53:45 - INFO - Best Result:
2024-08-05 22:53:45 - INFO - 	Hit10: 31.5691	MRR10: 15.1537	Recall10: 31.5691	Precision10: 3.1569	Epoch: 19, 18, 19, 19
2024-08-05 22:53:45 - INFO - Current Result:
2024-08-05 22:53:45 - INFO - \Hit15: 37.1897	MRR15: 15.5600	Recall15: 37.1897	Precision15: 2.4793
2024-08-05 22:53:45 - INFO - Best Result:
2024-08-05 22:53:45 - INFO - 	Hit15: 37.1897	MRR15: 15.6068	Recall15: 37.1897	Precision15: 2.4793	Epoch: 17, 18, 17, 17
2024-08-05 22:53:45 - INFO - Current Result:
2024-08-05 22:53:45 - INFO - \Hit20: 40.2342	MRR20: 15.7312	Recall20: 40.2342	Precision20: 2.0117
2024-08-05 22:53:45 - INFO - Best Result:
2024-08-05 22:53:45 - INFO - 	Hit20: 40.2810	MRR20: 15.7698	Recall20: 40.2810	Precision20: 2.0141	Epoch: 8, 18, 8, 8
2024-08-05 22:53:45 - INFO - EPOCH:46
2024-08-05 22:53:45 - INFO - Time:2024/08/05 22:53:45
2024-08-05 22:53:59 - INFO - loss: 77.20999145507812; rec_loss: 77.20999145507812; intent_loss: 0.0 
2024-08-05 22:53:59 - INFO - Current Result:
2024-08-05 22:53:59 - INFO - \Hit5: 24.1218	MRR5: 14.1382	Recall5: 24.1218	Precision5: 4.8244
2024-08-05 22:53:59 - INFO - Best Result:
2024-08-05 22:53:59 - INFO - 	Hit5: 24.2623	MRR5: 14.1991	Recall5: 24.2623	Precision5: 4.8525	Epoch: 14, 17, 14, 14
2024-08-05 22:53:59 - INFO - Current Result:
2024-08-05 22:53:59 - INFO - \Hit10: 31.5222	MRR10: 15.1149	Recall10: 31.5222	Precision10: 3.1522
2024-08-05 22:53:59 - INFO - Best Result:
2024-08-05 22:53:59 - INFO - 	Hit10: 31.5691	MRR10: 15.1537	Recall10: 31.5691	Precision10: 3.1569	Epoch: 19, 18, 19, 19
2024-08-05 22:53:59 - INFO - Current Result:
2024-08-05 22:53:59 - INFO - \Hit15: 37.1897	MRR15: 15.5600	Recall15: 37.1897	Precision15: 2.4793
2024-08-05 22:53:59 - INFO - Best Result:
2024-08-05 22:53:59 - INFO - 	Hit15: 37.1897	MRR15: 15.6068	Recall15: 37.1897	Precision15: 2.4793	Epoch: 17, 18, 17, 17
2024-08-05 22:53:59 - INFO - Current Result:
2024-08-05 22:53:59 - INFO - \Hit20: 40.2342	MRR20: 15.7312	Recall20: 40.2342	Precision20: 2.0117
2024-08-05 22:53:59 - INFO - Best Result:
2024-08-05 22:53:59 - INFO - 	Hit20: 40.2810	MRR20: 15.7698	Recall20: 40.2810	Precision20: 2.0141	Epoch: 8, 18, 8, 8
2024-08-05 22:53:59 - INFO - EPOCH:47
2024-08-05 22:53:59 - INFO - Time:2024/08/05 22:53:59
2024-08-05 22:54:08 - INFO - loss: 77.24090576171875; rec_loss: 77.24090576171875; intent_loss: 0.0 
2024-08-05 22:54:08 - INFO - Current Result:
2024-08-05 22:54:08 - INFO - \Hit5: 24.1218	MRR5: 14.1382	Recall5: 24.1218	Precision5: 4.8244
2024-08-05 22:54:08 - INFO - Best Result:
2024-08-05 22:54:08 - INFO - 	Hit5: 24.2623	MRR5: 14.1991	Recall5: 24.2623	Precision5: 4.8525	Epoch: 14, 17, 14, 14
2024-08-05 22:54:08 - INFO - Current Result:
2024-08-05 22:54:08 - INFO - \Hit10: 31.5222	MRR10: 15.1149	Recall10: 31.5222	Precision10: 3.1522
2024-08-05 22:54:08 - INFO - Best Result:
2024-08-05 22:54:08 - INFO - 	Hit10: 31.5691	MRR10: 15.1537	Recall10: 31.5691	Precision10: 3.1569	Epoch: 19, 18, 19, 19
2024-08-05 22:54:08 - INFO - Current Result:
2024-08-05 22:54:08 - INFO - \Hit15: 37.1897	MRR15: 15.5600	Recall15: 37.1897	Precision15: 2.4793
2024-08-05 22:54:08 - INFO - Best Result:
2024-08-05 22:54:08 - INFO - 	Hit15: 37.1897	MRR15: 15.6068	Recall15: 37.1897	Precision15: 2.4793	Epoch: 17, 18, 17, 17
2024-08-05 22:54:08 - INFO - Current Result:
2024-08-05 22:54:08 - INFO - \Hit20: 40.2342	MRR20: 15.7312	Recall20: 40.2342	Precision20: 2.0117
2024-08-05 22:54:08 - INFO - Best Result:
2024-08-05 22:54:08 - INFO - 	Hit20: 40.2810	MRR20: 15.7698	Recall20: 40.2810	Precision20: 2.0141	Epoch: 8, 18, 8, 8
2024-08-05 22:54:08 - INFO - EPOCH:48
2024-08-05 22:54:08 - INFO - Time:2024/08/05 22:54:08
2024-08-05 22:54:21 - INFO - loss: 77.16621398925781; rec_loss: 77.16621398925781; intent_loss: 0.0 
2024-08-05 22:54:21 - INFO - Current Result:
2024-08-05 22:54:21 - INFO - \Hit5: 24.1218	MRR5: 14.1382	Recall5: 24.1218	Precision5: 4.8244
2024-08-05 22:54:21 - INFO - Best Result:
2024-08-05 22:54:21 - INFO - 	Hit5: 24.2623	MRR5: 14.1991	Recall5: 24.2623	Precision5: 4.8525	Epoch: 14, 17, 14, 14
2024-08-05 22:54:21 - INFO - Current Result:
2024-08-05 22:54:21 - INFO - \Hit10: 31.5222	MRR10: 15.1149	Recall10: 31.5222	Precision10: 3.1522
2024-08-05 22:54:21 - INFO - Best Result:
2024-08-05 22:54:21 - INFO - 	Hit10: 31.5691	MRR10: 15.1537	Recall10: 31.5691	Precision10: 3.1569	Epoch: 19, 18, 19, 19
2024-08-05 22:54:21 - INFO - Current Result:
2024-08-05 22:54:21 - INFO - \Hit15: 37.1897	MRR15: 15.5600	Recall15: 37.1897	Precision15: 2.4793
2024-08-05 22:54:21 - INFO - Best Result:
2024-08-05 22:54:21 - INFO - 	Hit15: 37.1897	MRR15: 15.6068	Recall15: 37.1897	Precision15: 2.4793	Epoch: 17, 18, 17, 17
2024-08-05 22:54:21 - INFO - Current Result:
2024-08-05 22:54:21 - INFO - \Hit20: 40.2342	MRR20: 15.7312	Recall20: 40.2342	Precision20: 2.0117
2024-08-05 22:54:21 - INFO - Best Result:
2024-08-05 22:54:21 - INFO - 	Hit20: 40.2810	MRR20: 15.7698	Recall20: 40.2810	Precision20: 2.0141	Epoch: 8, 18, 8, 8
2024-08-05 22:54:21 - INFO - EPOCH:49
2024-08-05 22:54:21 - INFO - Time:2024/08/05 22:54:21
2024-08-05 22:54:33 - INFO - loss: 77.2140884399414; rec_loss: 77.2140884399414; intent_loss: 0.0 
2024-08-05 22:54:33 - INFO - Current Result:
2024-08-05 22:54:33 - INFO - \Hit5: 24.1218	MRR5: 14.1382	Recall5: 24.1218	Precision5: 4.8244
2024-08-05 22:54:33 - INFO - Best Result:
2024-08-05 22:54:33 - INFO - 	Hit5: 24.2623	MRR5: 14.1991	Recall5: 24.2623	Precision5: 4.8525	Epoch: 14, 17, 14, 14
2024-08-05 22:54:33 - INFO - Current Result:
2024-08-05 22:54:33 - INFO - \Hit10: 31.5222	MRR10: 15.1149	Recall10: 31.5222	Precision10: 3.1522
2024-08-05 22:54:33 - INFO - Best Result:
2024-08-05 22:54:33 - INFO - 	Hit10: 31.5691	MRR10: 15.1537	Recall10: 31.5691	Precision10: 3.1569	Epoch: 19, 18, 19, 19
2024-08-05 22:54:33 - INFO - Current Result:
2024-08-05 22:54:33 - INFO - \Hit15: 37.1897	MRR15: 15.5600	Recall15: 37.1897	Precision15: 2.4793
2024-08-05 22:54:33 - INFO - Best Result:
2024-08-05 22:54:33 - INFO - 	Hit15: 37.1897	MRR15: 15.6068	Recall15: 37.1897	Precision15: 2.4793	Epoch: 17, 18, 17, 17
2024-08-05 22:54:33 - INFO - Current Result:
2024-08-05 22:54:33 - INFO - \Hit20: 40.2342	MRR20: 15.7312	Recall20: 40.2342	Precision20: 2.0117
2024-08-05 22:54:33 - INFO - Best Result:
2024-08-05 22:54:33 - INFO - 	Hit20: 40.2810	MRR20: 15.7698	Recall20: 40.2810	Precision20: 2.0141	Epoch: 8, 18, 8, 8
2024-08-05 22:54:33 - INFO - -------------------------------------------------------
2024-08-05 22:54:33 - INFO - Run time: 571.115166 s
